[2019-04-22 00:21:52.397][debug][command:null][tid:14][com.facebook.buck.cli.Main] Starting up (build date 1970-01-01 07:29:59 +0730, rev ad23befe7c1a36c999860af0af69e726f1c8e423), args: [build, //BuckTest:BuckTest]
[2019-04-22 00:21:52.403][debug][command:null][tid:14][com.facebook.buck.cli.Main] System properties: {java.vendor=Oracle Corporation, sun.java.launcher=SUN_STANDARD, sun.management.compiler=HotSpot 64-Bit Tiered Compilers, jnidispatch.path=/Users/stevenlee/Downloads/BuckTest 3/.buckd/tmp/buck_run.N9GdaV/jna-1522160945/jna4277195014327309194.tmp, os.name=Mac OS X, buck.enable_objc=true, sun.boot.class.path=/Library/Java/JavaVirtualMachines/jdk1.8.0_201.jdk/Contents/Home/jre/lib/resources.jar:/Library/Java/JavaVirtualMachines/jdk1.8.0_201.jdk/Contents/Home/jre/lib/rt.jar:/Library/Java/JavaVirtualMachines/jdk1.8.0_201.jdk/Contents/Home/jre/lib/sunrsasign.jar:/Library/Java/JavaVirtualMachines/jdk1.8.0_201.jdk/Contents/Home/jre/lib/jsse.jar:/Library/Java/JavaVirtualMachines/jdk1.8.0_201.jdk/Contents/Home/jre/lib/jce.jar:/Library/Java/JavaVirtualMachines/jdk1.8.0_201.jdk/Contents/Home/jre/lib/charsets.jar:/Library/Java/JavaVirtualMachines/jdk1.8.0_201.jdk/Contents/Home/jre/lib/jfr.jar:/Library/Java/JavaVirtualMachines/jdk1.8.0_201.jdk/Contents/Home/jre/classes, user.country.format=SG, buck.module.resources=/Users/stevenlee/Downloads/BuckTest 3/.buckd/resources/ad23befe7c1a36c999860af0af69e726f1c8e423/buck-modules-resources, pf4j.pluginsDir=/Users/stevenlee/Downloads/BuckTest 3/.buckd/resources/ad23befe7c1a36c999860af0af69e726f1c8e423/buck-modules, buck.resource_lock_path=/Users/stevenlee/Downloads/BuckTest 3/.buckd/resources/ad23befe7c1a36c999860af0af69e726f1c8e423/.buck_lock, buck.path_to_isolated_trampoline=/Users/stevenlee/Downloads/BuckTest 3/.buckd/resources/ad23befe7c1a36c999860af0af69e726f1c8e423/path_to_isolated_trampoline, java.vm.specification.vendor=Oracle Corporation, java.runtime.version=1.8.0_201-b09, jna.loaded=true, buck.testrunner_classes=/Users/stevenlee/Downloads/BuckTest 3/.buckd/resources/ad23befe7c1a36c999860af0af69e726f1c8e423/testrunner_classes, buck.logging_config_file=/Users/stevenlee/Downloads/BuckTest 3/.buckd/resources/ad23befe7c1a36c999860af0af69e726f1c8e423/logging_config_file, buck.path_to_sh_binary_template=/Users/stevenlee/Downloads/BuckTest 3/.buckd/resources/ad23befe7c1a36c999860af0af69e726f1c8e423/path_to_sh_binary_template, user.name=stevenlee, com.facebook.nailgun.NGServer.outputPath=/Users/stevenlee/Downloads/BuckTest 3/.buckd/tmp/buck_run.N9GdaV/ngserver-out, buck.path_to_pywatchman=/Users/stevenlee/Downloads/BuckTest 3/.buckd/resources/ad23befe7c1a36c999860af0af69e726f1c8e423/path_to_pywatchman, buck.report_generator_jar=/Users/stevenlee/Downloads/BuckTest 3/.buckd/resources/ad23befe7c1a36c999860af0af69e726f1c8e423/report_generator_jar, buck.git_commit=ad23befe7c1a36c999860af0af69e726f1c8e423, user.language=en, sun.boot.library.path=/Library/Java/JavaVirtualMachines/jdk1.8.0_201.jdk/Contents/Home/jre/lib, jna.nosys=true, java.version=1.8.0_201, user.timezone=Asia/Singapore, buck.test_util_no_tests_dir=true, sun.arch.data.model=64, http.nonProxyHosts=local|*.local|169.254/16|*.169.254/16, java.endorsed.dirs=/Library/Java/JavaVirtualMachines/jdk1.8.0_201.jdk/Contents/Home/jre/lib/endorsed, sun.cpu.isalist=, sun.jnu.encoding=UTF-8, file.encoding.pkg=sun.io, file.separator=/, java.specification.name=Java Platform API Specification, buck.jacoco_agent_jar=/Users/stevenlee/Downloads/BuckTest 3/.buckd/resources/ad23befe7c1a36c999860af0af69e726f1c8e423/jacoco_agent_jar, java.class.version=52.0, user.country=GB, buck.binary_hash=dbcee53f32f7fa760cef191b77064a13, java.home=/Library/Java/JavaVirtualMachines/jdk1.8.0_201.jdk/Contents/Home/jre, buck.fix_script=/Users/stevenlee/Downloads/BuckTest 3/.buckd/resources/ad23befe7c1a36c999860af0af69e726f1c8e423/fix_script, java.vm.info=mixed mode, os.version=10.14.4, buck.version_uid=ad23befe7c1a36c999860af0af69e726f1c8e423, org.eclipse.jetty.util.log.class=org.eclipse.jetty.util.log.JavaUtilLog, path.separator=:, java.vm.version=25.201-b09, java.awt.printerjob=sun.lwawt.macosx.CPrinterJob, sun.io.unicode.encoding=UnicodeBig, awt.toolkit=sun.lwawt.macosx.LWCToolkit, buck.mode=package, buck.buck_build_type_info=/Users/stevenlee/Downloads/BuckTest 3/.buckd/resources/ad23befe7c1a36c999860af0af69e726f1c8e423/buck_build_type_info, socksNonProxyHosts=local|*.local|169.254/16|*.169.254/16, ftp.nonProxyHosts=local|*.local|169.254/16|*.169.254/16, buck.dx=/Users/stevenlee/Downloads/BuckTest 3/.buckd/resources/ad23befe7c1a36c999860af0af69e726f1c8e423/dx, buck.git_commit_timestamp=-1, user.home=/Users/stevenlee, java.specification.vendor=Oracle Corporation, buck.git_dirty=0, java.library.path=/Users/stevenlee/Downloads/BuckTest 3/.buckd/resources/ad23befe7c1a36c999860af0af69e726f1c8e423, java.vendor.url=http://java.oracle.com/, java.vm.vendor=Oracle Corporation, gopherProxySet=false, java.runtime.name=Java(TM) SE Runtime Environment, sun.java.command=com.facebook.buck.cli.bootstrapper.ClassLoaderBootstrapper com.facebook.buck.cli.Main$DaemonBootstrap local:.buckd/sock 180000, java.class.path=/Users/stevenlee/Downloads/BuckTest 3/.buckd/resources/ad23befe7c1a36c999860af0af69e726f1c8e423/bootstrapper_jar, buck.buckd_dir=/Users/stevenlee/Downloads/BuckTest 3/.buckd, buck.path_to_pathlib_py=/Users/stevenlee/Downloads/BuckTest 3/.buckd/resources/ad23befe7c1a36c999860af0af69e726f1c8e423/pathlib.py, buck.buckd_launch_time_nanos=220818289655162, java.vm.specification.name=Java Virtual Machine Specification, java.vm.specification.version=1.8, sun.cpu.endian=little, sun.os.patch.level=unknown, java.awt.headless=true, java.io.tmpdir=/Users/stevenlee/Downloads/BuckTest 3/.buckd/tmp/buck_run.N9GdaV, buck.android_agent_path=/Users/stevenlee/Downloads/BuckTest 3/.buckd/resources/ad23befe7c1a36c999860af0af69e726f1c8e423/android_agent_path, java.vendor.url.bug=http://bugreport.sun.com/bugreport/, buck.path_to_python_dsl=, jna.platform.library.path=/usr/lib:/usr/lib, os.arch=x86_64, java.awt.graphicsenv=sun.awt.CGraphicsEnvironment, java.ext.dirs=/Users/stevenlee/Library/Java/Extensions:/Library/Java/JavaVirtualMachines/jdk1.8.0_201.jdk/Contents/Home/jre/lib/ext:/Library/Java/Extensions:/Network/Library/Java/Extensions:/System/Library/Java/Extensions:/usr/lib/java, java.util.logging.config.class=com.facebook.buck.cli.bootstrapper.LogConfig, buck.path_to_six_py=/Users/stevenlee/Downloads/BuckTest 3/.buckd/resources/ad23befe7c1a36c999860af0af69e726f1c8e423/six.py, user.dir=/Users/stevenlee/Downloads/BuckTest 3, java.nio.file.spi.DefaultFileSystemProvider=com.facebook.buck.cli.bootstrapper.filesystem.BuckFileSystemProvider, line.separator=
, java.vm.name=Java HotSpot(TM) 64-Bit Server VM, buck.path_to_typing=/Users/stevenlee/Downloads/BuckTest 3/.buckd/resources/ad23befe7c1a36c999860af0af69e726f1c8e423/path_to_typing, buck.native_exopackage_fake_path=/Users/stevenlee/Downloads/BuckTest 3/.buckd/resources/ad23befe7c1a36c999860af0af69e726f1c8e423/native_exopackage_fake_path, file.encoding=UTF-8, java.specification.version=1.8}
[2019-04-22 00:21:52.404][debug][command:null][tid:14][com.facebook.buck.util.config.Configs] Loading configuration for /Users/stevenlee/Downloads/BuckTest 3
[2019-04-22 00:21:52.404][debug][command:null][tid:14][com.facebook.buck.util.config.Configs] Loaded project configuration file /Users/stevenlee/Downloads/BuckTest 3/.buckconfig
[2019-04-22 00:21:52.404][debug][command:null][tid:14][com.facebook.buck.util.config.Configs] Adding configuration overrides RawConfig{values={}}
[2019-04-22 00:21:52.406][info ][command:null][tid:14][com.facebook.buck.io.watchman.WatchmanFactory] Creating for: [/Users/stevenlee/Downloads/BuckTest 3]
[2019-04-22 00:21:52.407][debug][command:null][tid:14][com.facebook.buck.io.ExecutableFinder] Executable 'watchman' mapped to 'Optional[/usr/local/bin/watchman]'
[2019-04-22 00:21:52.407][debug][command:null][tid:14][com.facebook.buck.util.ListeningProcessExecutor] Launching process with params ProcessExecutorParams{command=[/usr/local/bin/watchman, --output-encoding=bser, get-sockname]}
[2019-04-22 00:21:52.409][debug][command:null][tid:14][com.facebook.buck.util.ListeningProcessExecutor] Successfully launched process com.zaxxer.nuprocess.osx.OsxProcess@73307f63
[2019-04-22 00:21:52.409][debug][command:null][tid:14][com.facebook.buck.util.ListeningProcessExecutor] Waiting for process com.facebook.buck.util.ListeningProcessExecutor$LaunchedProcessImpl@3d0381bf timeout 1000000000 NANOSECONDS
[2019-04-22 00:21:52.431][debug][command:null][tid:14][com.facebook.buck.util.ListeningProcessExecutor] Wait for process returned 0
[2019-04-22 00:21:52.431][debug][command:null][tid:14][com.facebook.buck.io.watchman.WatchmanFactory] Waited 22 ms for Watchman command get-sockname, exit code 0
[2019-04-22 00:21:52.431][debug][command:null][tid:14][com.facebook.buck.io.watchman.WatchmanFactory] stdout of command: {sockname=/usr/local/var/run/watchman/stevenlee-state/sock, version=4.9.0}
[2019-04-22 00:21:52.431][info ][command:null][tid:14][com.facebook.buck.io.watchman.WatchmanFactory] Connecting to Watchman version 4.9.0 at /usr/local/var/run/watchman/stevenlee-state/sock
[2019-04-22 00:21:52.432][debug][command:null][tid:14][com.facebook.buck.io.watchman.WatchmanTransportClient] Query [version, {required=[cmd-watch-project], optional=[term-dirname, cmd-watch-project, wildmatch, wildmatch_multislash, glob_generator, clock-sync-timeout]}] returned in 0 ms
[2019-04-22 00:21:52.432][info ][command:null][tid:14][com.facebook.buck.io.watchman.WatchmanFactory] Took 0 ms to query capabilities {term-dirname=DIRNAME, cmd-watch-project=SUPPORTS_PROJECT_WATCH, wildmatch=WILDMATCH_GLOB, wildmatch_multislash=WILDMATCH_MULTISLASH, glob_generator=GLOB_GENERATOR, clock-sync-timeout=CLOCK_SYNC_TIMEOUT}
[2019-04-22 00:21:52.432][debug][command:null][tid:14][com.facebook.buck.io.watchman.WatchmanFactory] Got capabilities response: {clock-sync-timeout=true, glob_generator=true, wildmatch_multislash=false, cmd-watch-project=true, wildmatch=true, term-dirname=true}
[2019-04-22 00:21:52.432][debug][command:null][tid:14][com.facebook.buck.io.watchman.WatchmanFactory] Got Watchman capabilities: [CLOCK_SYNC_TIMEOUT, GLOB_GENERATOR, SUPPORTS_PROJECT_WATCH, WILDMATCH_GLOB, DIRNAME]
[2019-04-22 00:21:52.432][info ][command:null][tid:14][com.facebook.buck.io.watchman.WatchmanFactory] Adding watchman root: /Users/stevenlee/Downloads/BuckTest 3
[2019-04-22 00:21:52.433][debug][command:null][tid:14][com.facebook.buck.io.watchman.WatchmanTransportClient] Query [watch-project, /Users/stevenlee/Downloads/BuckTest 3] returned in 0 ms
[2019-04-22 00:21:52.433][debug][command:null][tid:14][com.facebook.buck.io.watchman.WatchmanTransportClient] Query [watch-project, /Users/stevenlee/Downloads/BuckTest 3] returned in 0 ms
[2019-04-22 00:21:52.433][info ][command:null][tid:14][com.facebook.buck.io.watchman.WatchmanFactory] Took 0 ms to add root /Users/stevenlee/Downloads/BuckTest 3
[2019-04-22 00:21:52.441][debug][command:null][tid:14][com.facebook.buck.io.watchman.WatchmanTransportClient] Query [clock, /Users/stevenlee/Downloads/BuckTest 3, {sync_timeout=100}] returned in 7 ms
[2019-04-22 00:21:52.441][info ][command:null][tid:14][com.facebook.buck.io.watchman.WatchmanFactory] Took 7 ms to query for initial clock id Optional[c:1555333328:392:1:4413]
[2019-04-22 00:21:52.441][debug][command:null][tid:14][com.facebook.buck.io.watchman.WatchmanFactory] Connected to Watchman
[2019-04-22 00:21:52.441][debug][command:null][tid:14][com.facebook.buck.io.watchman.WatchmanTransportClient] Closing Watchman transport.
[2019-04-22 00:21:52.442][debug][command:null][tid:14][com.facebook.buck.cli.Main] Watchman capabilities: [CLOCK_SYNC_TIMEOUT, GLOB_GENERATOR, SUPPORTS_PROJECT_WATCH, WILDMATCH_GLOB, DIRNAME] Project watches: {/Users/stevenlee/Downloads/BuckTest 3=ProjectWatch{watchRoot=/Users/stevenlee/Downloads/BuckTest 3}} Glob handler config: PYTHON Query timeout ms config: Optional.empty
[2019-04-22 00:21:52.442][warn ][command:null][tid:14][com.facebook.buck.cli.DaemonLifecycleManager] Shutting down and restarting daemon on config or directory graphBuilder change (ImmutableCell{cellPathResolver=DefaultCellPathResolver{root=/Users/stevenlee/Downloads/BuckTest 3, cellPaths={}}} != ImmutableCell{cellPathResolver=DefaultCellPathResolver{root=/Users/stevenlee/Downloads/BuckTest 3, cellPaths={}}})
[2019-04-22 00:21:52.443][info ][command:null][tid:14][com.facebook.buck.cli.DaemonLifecycleManager] Reusing web server
[2019-04-22 00:21:52.443][info ][command:null][tid:21][com.facebook.buck.support.bgtasks.AsyncBackgroundTaskManager] Scheduler thread interrupted; shutting down manager
[2019-04-22 00:21:52.444][warn ][command:null][tid:14][com.facebook.buck.cli.Daemon] Can't start web server
[2019-04-22 00:21:52.445][debug][command:null][tid:14][com.facebook.buck.cli.Daemon] Using Watchman Cursor: {/Users/stevenlee/Downloads/BuckTest 3=c:1555333328:392:1:4413}
[2019-04-22 00:21:52.447][debug][command:b94bfbfa-807d-4847-9166-c14ce35ab7d2][tid:14][com.facebook.buck.event.listener.RenderingConsole] Starting render scheduler (interval 100 ms)
[2019-04-22 00:21:52.447][debug][command:b94bfbfa-807d-4847-9166-c14ce35ab7d2][tid:14][com.google.common.util.concurrent.ServiceManager] Starting PerfStatsTracking [STARTING].
[2019-04-22 00:21:52.447][debug][command:null][tid:944][com.google.common.util.concurrent.ServiceManager] Started PerfStatsTracking [RUNNING] in 449.5 μs.
[2019-04-22 00:21:52.448][debug][command:null][tid:945][com.facebook.buck.util.perf.ProcessTracker] startUp
[2019-04-22 00:21:52.448][debug][command:b94bfbfa-807d-4847-9166-c14ce35ab7d2][tid:14][com.google.common.util.concurrent.ServiceManager] Starting ProcessTracker [STARTING].
[2019-04-22 00:21:52.448][debug][command:b94bfbfa-807d-4847-9166-c14ce35ab7d2][tid:14][com.facebook.buck.util.environment.MacWifiSsidFinder] Getting current SSID..
[2019-04-22 00:21:52.448][debug][command:null][tid:945][com.google.common.util.concurrent.ServiceManager] Started ProcessTracker [RUNNING] in 948.3 μs.
[2019-04-22 00:21:52.448][debug][command:b94bfbfa-807d-4847-9166-c14ce35ab7d2][tid:14][com.facebook.buck.util.environment.MacWifiSsidFinder] Getting SSID from Wi-Fi interface: <CWInterface: 0x7fb2e1b0e690> [interfaceName=en0]
[2019-04-22 00:21:52.449][debug][command:b94bfbfa-807d-4847-9166-c14ce35ab7d2][tid:14][com.facebook.buck.util.environment.MacWifiSsidFinder] Found SSID: fam_5G
[2019-04-22 00:21:52.449][debug][command:b94bfbfa-807d-4847-9166-c14ce35ab7d2][tid:14][com.facebook.buck.cli.Main] InvocationInfo BuildId=[b94bfbfa-807d-4847-9166-c14ce35ab7d2] Args=[build, //BuckTest:BuckTest]
[2019-04-22 00:21:52.451][debug][command:null][tid:949][com.facebook.buck.util.environment.MacNetworkConfiguration] Determine network service order and extract device names
[2019-04-22 00:21:52.451][warn ][command:null][tid:948][com.facebook.buck.event.listener.PublicAnnouncementManager] Failed to get public announcements. Reason: Failed to establish connection to server.
[2019-04-22 00:21:52.451][debug][command:null][tid:949][com.facebook.buck.util.ListeningProcessExecutor] Launching process with params ProcessExecutorParams{command=[networksetup, -listnetworkserviceorder, ]}
[2019-04-22 00:21:52.455][debug][command:null][tid:949][com.facebook.buck.util.ListeningProcessExecutor] Successfully launched process com.zaxxer.nuprocess.osx.OsxProcess@30dbc168
[2019-04-22 00:21:52.456][debug][command:null][tid:949][com.facebook.buck.util.ListeningProcessExecutor] Waiting for process com.facebook.buck.util.ListeningProcessExecutor$LaunchedProcessImpl@465a22b6 timeout 1000 MILLISECONDS
[2019-04-22 00:21:52.496][debug][command:null][tid:949][com.facebook.buck.util.ListeningProcessExecutor] Wait for process returned 0
[2019-04-22 00:21:52.496][debug][command:null][tid:949][com.facebook.buck.util.ListeningProcessExecutor] Destroying process com.facebook.buck.util.ListeningProcessExecutor$LaunchedProcessImpl@465a22b6 (force true)
[2019-04-22 00:21:52.496][debug][command:null][tid:949][com.facebook.buck.util.environment.MacNetworkConfiguration] Determine active state of media for device
[2019-04-22 00:21:52.496][debug][command:null][tid:949][com.facebook.buck.util.ListeningProcessExecutor] Launching process with params ProcessExecutorParams{command=[networksetup, -getMedia, en7]}
[2019-04-22 00:21:52.497][debug][command:null][tid:949][com.facebook.buck.util.ListeningProcessExecutor] Successfully launched process com.zaxxer.nuprocess.osx.OsxProcess@47ace91d
[2019-04-22 00:21:52.498][debug][command:null][tid:949][com.facebook.buck.util.ListeningProcessExecutor] Waiting for process com.facebook.buck.util.ListeningProcessExecutor$LaunchedProcessImpl@482956a8 timeout 1000 MILLISECONDS
[2019-04-22 00:21:52.528][debug][command:null][tid:949][com.facebook.buck.util.ListeningProcessExecutor] Wait for process returned 4
[2019-04-22 00:21:52.528][debug][command:null][tid:949][com.facebook.buck.util.ListeningProcessExecutor] Destroying process com.facebook.buck.util.ListeningProcessExecutor$LaunchedProcessImpl@482956a8 (force true)
[2019-04-22 00:21:52.528][debug][command:null][tid:949][com.facebook.buck.util.environment.MacNetworkConfiguration] Determine active state of media for device
[2019-04-22 00:21:52.528][debug][command:null][tid:949][com.facebook.buck.util.ListeningProcessExecutor] Launching process with params ProcessExecutorParams{command=[networksetup, -getMedia, en8]}
[2019-04-22 00:21:52.529][debug][command:null][tid:949][com.facebook.buck.util.ListeningProcessExecutor] Successfully launched process com.zaxxer.nuprocess.osx.OsxProcess@76e069c8
[2019-04-22 00:21:52.529][debug][command:null][tid:949][com.facebook.buck.util.ListeningProcessExecutor] Waiting for process com.facebook.buck.util.ListeningProcessExecutor$LaunchedProcessImpl@23d4c33b timeout 1000 MILLISECONDS
[2019-04-22 00:21:52.558][debug][command:null][tid:949][com.facebook.buck.util.ListeningProcessExecutor] Wait for process returned 4
[2019-04-22 00:21:52.559][debug][command:null][tid:949][com.facebook.buck.util.ListeningProcessExecutor] Destroying process com.facebook.buck.util.ListeningProcessExecutor$LaunchedProcessImpl@23d4c33b (force true)
[2019-04-22 00:21:52.559][debug][command:null][tid:949][com.facebook.buck.util.environment.MacNetworkConfiguration] Determine active state of media for device
[2019-04-22 00:21:52.559][debug][command:null][tid:949][com.facebook.buck.util.ListeningProcessExecutor] Launching process with params ProcessExecutorParams{command=[networksetup, -getMedia, en0]}
[2019-04-22 00:21:52.560][debug][command:null][tid:949][com.facebook.buck.util.ListeningProcessExecutor] Successfully launched process com.zaxxer.nuprocess.osx.OsxProcess@547813e8
[2019-04-22 00:21:52.560][debug][command:null][tid:949][com.facebook.buck.util.ListeningProcessExecutor] Waiting for process com.facebook.buck.util.ListeningProcessExecutor$LaunchedProcessImpl@3c0ce122 timeout 1000 MILLISECONDS
[2019-04-22 00:21:52.591][debug][command:null][tid:949][com.facebook.buck.util.ListeningProcessExecutor] Wait for process returned 0
[2019-04-22 00:21:52.591][debug][command:null][tid:949][com.facebook.buck.util.ListeningProcessExecutor] Destroying process com.facebook.buck.util.ListeningProcessExecutor$LaunchedProcessImpl@3c0ce122 (force true)
[2019-04-22 00:21:52.591][debug][command:null][tid:949][com.facebook.buck.util.environment.MacNetworkConfiguration] Determine WiFi SSID of device
[2019-04-22 00:21:52.591][debug][command:null][tid:949][com.facebook.buck.util.ListeningProcessExecutor] Launching process with params ProcessExecutorParams{command=[networksetup, -getairportnetwork, en0]}
[2019-04-22 00:21:52.592][debug][command:null][tid:949][com.facebook.buck.util.ListeningProcessExecutor] Successfully launched process com.zaxxer.nuprocess.osx.OsxProcess@75311fec
[2019-04-22 00:21:52.593][debug][command:null][tid:949][com.facebook.buck.util.ListeningProcessExecutor] Waiting for process com.facebook.buck.util.ListeningProcessExecutor$LaunchedProcessImpl@4a845e6c timeout 1000 MILLISECONDS
[2019-04-22 00:21:52.625][debug][command:null][tid:949][com.facebook.buck.util.ListeningProcessExecutor] Wait for process returned 0
[2019-04-22 00:21:52.625][debug][command:null][tid:949][com.facebook.buck.util.ListeningProcessExecutor] Destroying process com.facebook.buck.util.ListeningProcessExecutor$LaunchedProcessImpl@4a845e6c (force true)
[2019-04-22 00:21:52.643][debug][command:null][tid:955][com.facebook.buck.io.watchman.WatchmanTransportClient] Query [query, /Users/stevenlee/Downloads/BuckTest 3, {since=c:1555333328:392:1:4413, expression=[not, [anyof, [type, d], [dirname, .idea], [dirname, .buckd], [dirname, buck-out/cache], [dirname, tools], [dirname, .git], [dirname, buck-out/.trash], [dirname, buck-out], [match, [build], wholename, {includedotfiles=true}], [match, **/*.pbxproj, wholename, {includedotfiles=true}], [match, **/*.xcscheme, wholename, {includedotfiles=true}], [match, **/*.xcworkspacedata, wholename, {includedotfiles=true}], [match, **/*~, wholename, {includedotfiles=true}], [match, **/#*#, wholename, {includedotfiles=true}], [match, **/.#*, wholename, {includedotfiles=true}], [match, **/*.swo, wholename, {includedotfiles=true}], [match, **/*.swp, wholename, {includedotfiles=true}], [match, **/*.swpx, wholename, {includedotfiles=true}], [match, **/*.un~, wholename, {includedotfiles=true}], [match, **/*.netrhwist, wholename, {includedotfiles=true}], [match, .idea, wholename, {includedotfiles=true}], [match, .iml, wholename, {includedotfiles=true}], [match, **/*.pydevproject, wholename, {includedotfiles=true}], [match, .project, wholename, {includedotfiles=true}], [match, .metadata, wholename, {includedotfiles=true}], [match, **/*.tmp, wholename, {includedotfiles=true}], [match, **/*.bak, wholename, {includedotfiles=true}], [match, **/*.nib, wholename, {includedotfiles=true}], [match, .classpath, wholename, {includedotfiles=true}], [match, .settings, wholename, {includedotfiles=true}], [match, .loadpath, wholename, {includedotfiles=true}], [match, .externalToolBuilders, wholename, {includedotfiles=true}], [match, .cproject, wholename, {includedotfiles=true}], [match, .buildpath, wholename, {includedotfiles=true}], [match, .DS_Store, wholename, {includedotfiles=true}], [match, .AppleDouble, wholename, {includedotfiles=true}], [match, .LSOverride, wholename, {includedotfiles=true}], [match, .Spotlight-V100, wholename, {includedotfiles=true}], [match, .Trashes, wholename, {includedotfiles=true}], [match, $RECYCLE.BIN, wholename, {includedotfiles=true}], [match, **/*.sublime-workspace, wholename, {includedotfiles=true}]]], empty_on_fresh_instance=true, fields=[name, exists, new]}] returned in 10 ms
[2019-04-22 00:21:52.644][debug][command:null][tid:955][com.facebook.buck.io.watchman.WatchmanWatcher] Updating Watchman Cursor from c:1555333328:392:1:4413 to c:1555333328:392:1:4415
[2019-04-22 00:21:52.644][debug][command:null][tid:955][com.facebook.buck.io.watchman.WatchmanWatcher] Posted 0 Watchman events.
[2019-04-22 00:21:52.644][debug][command:null][tid:955][com.facebook.buck.io.watchman.WatchmanTransportClient] Closing Watchman transport.
[2019-04-22 00:21:52.645][info ][command:b94bfbfa-807d-4847-9166-c14ce35ab7d2][tid:953][com.facebook.buck.event.listener.LoggingBuildListener] Build started at 2019-04-22 00:21:52.645
[2019-04-22 00:21:52.645][debug][command:b94bfbfa-807d-4847-9166-c14ce35ab7d2][tid:14][com.facebook.buck.parser.DaemonicParserState] Starting to invalidate caches for /Users/stevenlee/Downloads/BuckTest 3..
[2019-04-22 00:21:52.645][debug][command:b94bfbfa-807d-4847-9166-c14ce35ab7d2][tid:14][com.facebook.buck.parser.DaemonicParserState] Cell caches were empty, no data invalidated.
[2019-04-22 00:21:52.647][debug][command:b94bfbfa-807d-4847-9166-c14ce35ab7d2][tid:14][com.facebook.buck.io.ExecutableFinder] Executable 'python2' mapped to 'Optional[/usr/local/bin/python2]'
[2019-04-22 00:21:52.889][warn ][command:b94bfbfa-807d-4847-9166-c14ce35ab7d2][tid:953][com.facebook.buck.event.listener.LoggingBuildListener] ERROR: /Users/stevenlee/Downloads/BuckTest 3/BuckTest/BUCK:7:13: Traceback (most recent call last):
	File "/Users/stevenlee/Downloads/BuckTest 3/BuckTest/BUCK", line 4
		apple_resource(name = "AppResources", dirs = [], fi..."]))
	File "/Users/stevenlee/Downloads/BuckTest 3/BuckTest/BUCK", line 7, in apple_resource
		glob(["*.png", "*.xib", "./Base.lproj..."])
segment '.' not permitted (in glob pattern './Base.lproj/*.storyboard')
[2019-04-22 00:21:52.890][warn ][command:b94bfbfa-807d-4847-9166-c14ce35ab7d2][tid:953][com.facebook.buck.event.listener.LoggingBuildListener] ERROR: /Users/stevenlee/Downloads/BuckTest 3/BuckTest/BUCK:16:1: Traceback (most recent call last):
	File "/Users/stevenlee/Downloads/BuckTest 3/BuckTest/BUCK", line 16
		apple_library(name = "AppLibrary", configs = lib...(), <2 more arguments>)
	File "/Users/stevenlee/Downloads/BuckTest 3/BuckTest/BUCK", line 18, in apple_library
		library_configs()
	File "/Users/stevenlee/Downloads/BuckTest 3/Config/configs.bzl", line 45, in library_configs
		{"IPHONEOS_DEPLOYMENT_TARGET": "11.0", "SDKROOT": "iphoneos", "GCC_OPTIMIZATION_LEVEL": "0", "SWIFT_OPTIMIZATION_LEVEL": "-Onone", "SWIFT_WHOLE_MODULE_OPTIMIZATION": "YES", "ONLY_ACTIVE_ARCH": "YES", "LD_RUNPATH_SEARCH_PATHS": "@executable_path/Frameworks", "SWIFT_WHOLE_MODULE_OPTIMIZATION": "YES", "SKIP_INSTALL": "YES"}
Duplicated key "SWIFT_WHOLE_MODULE_OPTIMIZATION" when creating dictionary
[2019-04-22 00:21:52.891][warn ][command:b94bfbfa-807d-4847-9166-c14ce35ab7d2][tid:953][com.facebook.buck.event.listener.LoggingBuildListener] ERROR: /Users/stevenlee/Downloads/BuckTest 3/BuckTest/BUCK:61:12: Traceback (most recent call last):
	File "/Users/stevenlee/Downloads/BuckTest 3/BuckTest/BUCK", line 58
		apple_binary(name = "AppBinary", configs = app_..."), <3 more arguments>)
	File "/Users/stevenlee/Downloads/BuckTest 3/BuckTest/BUCK", line 61, in apple_binary
		glob(["./*.swift"])
segment '.' not permitted (in glob pattern './*.swift')
[2019-04-22 00:21:52.892][warn ][command:b94bfbfa-807d-4847-9166-c14ce35ab7d2][tid:953][com.facebook.buck.event.listener.LoggingBuildListener] ERROR: /Users/stevenlee/Downloads/BuckTest 3/BuckTest/BUCK:92:12: Traceback (most recent call last):
	File "/Users/stevenlee/Downloads/BuckTest 3/BuckTest/BUCK", line 89
		apple_test(name = "AppTest", test_host_app = ...", <3 more arguments>)
	File "/Users/stevenlee/Downloads/BuckTest 3/BuckTest/BUCK", line 92, in apple_test
		glob(["./BuckTestTests/*.swift"])
segment '.' not permitted (in glob pattern './BuckTestTests/*.swift')
[2019-04-22 00:21:52.893][info ][command:b94bfbfa-807d-4847-9166-c14ce35ab7d2][tid:953][com.facebook.buck.event.listener.LoggingBuildListener] Build finished at 2019-04-22 00:21:52.893
[2019-04-22 00:21:52.894][debug][command:b94bfbfa-807d-4847-9166-c14ce35ab7d2][tid:945][com.facebook.buck.util.perf.ProcessTracker] shutDown
[2019-04-22 00:21:52.894][debug][command:null][tid:944][com.google.common.util.concurrent.ServiceManager] Service PerfStatsTracking [TERMINATED] has terminated. Previous state was: STOPPING
[2019-04-22 00:21:52.894][debug][command:b94bfbfa-807d-4847-9166-c14ce35ab7d2][tid:14][com.facebook.buck.event.listener.RenderingConsole] Stopping render scheduler
[2019-04-22 00:21:52.895][info ][command:b94bfbfa-807d-4847-9166-c14ce35ab7d2][tid:14][com.facebook.buck.cli.Main] Awaiting termination of PROJECT executor service. Waiting for all jobs to complete, or up to maximum of 60 seconds...
[2019-04-22 00:21:52.895][info ][command:b94bfbfa-807d-4847-9166-c14ce35ab7d2][tid:14][com.facebook.buck.cli.Main] Successfully terminated PROJECT executor service.
[2019-04-22 00:21:52.895][info ][command:b94bfbfa-807d-4847-9166-c14ce35ab7d2][tid:14][com.facebook.buck.cli.Main] Awaiting termination of NETWORK executor service. Waiting for all jobs to complete, or up to maximum of 60 seconds...
[2019-04-22 00:21:52.895][info ][command:b94bfbfa-807d-4847-9166-c14ce35ab7d2][tid:14][com.facebook.buck.cli.Main] Successfully terminated NETWORK executor service.
[2019-04-22 00:21:52.895][info ][command:b94bfbfa-807d-4847-9166-c14ce35ab7d2][tid:14][com.facebook.buck.cli.Main] Awaiting termination of CPU executor service. Waiting for all jobs to complete, or up to maximum of 60 seconds...
[2019-04-22 00:21:52.895][info ][command:b94bfbfa-807d-4847-9166-c14ce35ab7d2][tid:14][com.facebook.buck.cli.Main] Successfully terminated CPU executor service.
[2019-04-22 00:21:52.895][info ][command:b94bfbfa-807d-4847-9166-c14ce35ab7d2][tid:14][com.facebook.buck.cli.Main] Awaiting termination of ScheduledExecutorService executor service. Waiting for all jobs to complete, or up to maximum of 60 seconds...
[2019-04-22 00:21:52.895][info ][command:b94bfbfa-807d-4847-9166-c14ce35ab7d2][tid:14][com.facebook.buck.cli.Main] Successfully terminated ScheduledExecutorService executor service.
[2019-04-22 00:21:52.895][info ][command:b94bfbfa-807d-4847-9166-c14ce35ab7d2][tid:14][com.facebook.buck.cli.Main] Awaiting termination of CounterAggregatorExecutor executor service. Waiting for all jobs to complete, or up to maximum of 20 seconds...
[2019-04-22 00:21:52.895][info ][command:b94bfbfa-807d-4847-9166-c14ce35ab7d2][tid:14][com.facebook.buck.cli.Main] Successfully terminated CounterAggregatorExecutor executor service.
[2019-04-22 00:21:52.895][info ][command:b94bfbfa-807d-4847-9166-c14ce35ab7d2][tid:14][com.facebook.buck.cli.Main] Awaiting termination of HTTP Read executor service. Waiting for all jobs to complete, or up to maximum of 1800 seconds...
[2019-04-22 00:21:52.895][info ][command:b94bfbfa-807d-4847-9166-c14ce35ab7d2][tid:14][com.facebook.buck.cli.Main] Successfully terminated HTTP Read executor service.
[2019-04-22 00:21:52.895][info ][command:b94bfbfa-807d-4847-9166-c14ce35ab7d2][tid:14][com.facebook.buck.cli.Main] Awaiting termination of Download Heavy Build HTTP Read executor service. Waiting for all jobs to complete, or up to maximum of 1800 seconds...
[2019-04-22 00:21:52.896][info ][command:b94bfbfa-807d-4847-9166-c14ce35ab7d2][tid:14][com.facebook.buck.cli.Main] Successfully terminated Download Heavy Build HTTP Read executor service.
[2019-04-22 00:21:52.896][info ][command:b94bfbfa-807d-4847-9166-c14ce35ab7d2][tid:14][com.facebook.buck.cli.Main] Awaiting termination of HTTP Write executor service. Waiting for all jobs to complete, or up to maximum of 1800 seconds...
[2019-04-22 00:21:52.896][info ][command:b94bfbfa-807d-4847-9166-c14ce35ab7d2][tid:14][com.facebook.buck.cli.Main] Successfully terminated HTTP Write executor service.
[2019-04-22 00:21:52.896][info ][command:b94bfbfa-807d-4847-9166-c14ce35ab7d2][tid:14][com.facebook.buck.cli.Main] Awaiting termination of Disk IO executor service. Waiting for all jobs to complete, or up to maximum of 10 seconds...
[2019-04-22 00:21:52.896][info ][command:b94bfbfa-807d-4847-9166-c14ce35ab7d2][tid:14][com.facebook.buck.cli.Main] Successfully terminated Disk IO executor service.
[2019-04-22 00:21:52.896][debug][command:b94bfbfa-807d-4847-9166-c14ce35ab7d2][tid:945][com.google.common.util.concurrent.ServiceManager] Service ProcessTracker [TERMINATED] has terminated. Previous state was: STOPPING
[2019-04-22 00:21:52.896][debug][command:null][tid:77][com.facebook.buck.io.AsynchronousDirectoryContentsCleaner] Starting to clean buck-out/.trash
[2019-04-22 00:21:52.896][debug][command:null][tid:77][com.facebook.buck.io.AsynchronousDirectoryContentsCleaner] Done cleaning buck-out/.trash
[2019-04-22 00:21:52.896][debug][command:null][tid:964][com.facebook.buck.event.listener.ChromeTraceBuildListener] Writing Chrome trace to buck-out/log/2019-04-21_16h21m52s_buildcommand_b94bfbfa-807d-4847-9166-c14ce35ab7d2/build.2019-04-22.00-21-52.b94bfbfa-807d-4847-9166-c14ce35ab7d2.trace
[2019-04-22 00:21:52.901][warn ][command:null][tid:14][com.facebook.buck.cli.Main] Command failed:
com.facebook.buck.parser.exceptions.BuildFileParseException: Cannot evaluate build file /Users/stevenlee/Downloads/BuckTest 3/BuckTest/BUCK
	at com.facebook.buck.parser.exceptions.BuildFileParseException.createForUnknownParseError(BuildFileParseException.java:34)
	at com.facebook.buck.skylark.parser.SkylarkProjectBuildFileParser.parseBuildRules(SkylarkProjectBuildFileParser.java:288)
	at com.facebook.buck.skylark.parser.SkylarkProjectBuildFileParser.parseBuildFile(SkylarkProjectBuildFileParser.java:227)
	at com.facebook.buck.skylark.parser.SkylarkProjectBuildFileParser.getBuildFileManifest(SkylarkProjectBuildFileParser.java:155)
	at com.facebook.buck.json.TargetCountVerificationParserDecorator.getBuildFileManifest(TargetCountVerificationParserDecorator.java:73)
	at com.facebook.buck.parser.decorators.EventReportingProjectBuildFileParser.getBuildFileManifest(EventReportingProjectBuildFileParser.java:69)
	at com.facebook.buck.parser.ProjectBuildFileParserPool.lambda$getBuildFileManifest$1(ProjectBuildFileParserPool.java:96)
	at com.google.common.util.concurrent.TrustedListenableFutureTask$TrustedFutureInterruptibleTask.runInterruptibly(TrustedListenableFutureTask.java:127)
	at com.google.common.util.concurrent.InterruptibleTask.run(InterruptibleTask.java:57)
	at com.google.common.util.concurrent.TrustedListenableFutureTask.run(TrustedListenableFutureTask.java:80)
	at java.util.concurrent.ThreadPoolExecutor.runWorker(ThreadPoolExecutor.java:1149)
	at java.util.concurrent.ThreadPoolExecutor$Worker.run(ThreadPoolExecutor.java:624)
	at java.lang.Thread.run(Thread.java:748)

[2019-04-22 00:21:52.901][warn ][command:null][tid:14][com.facebook.buck.util.Console] Command failure: Cannot evaluate build file /Users/stevenlee/Downloads/BuckTest 3/BuckTest/BUCK
[2019-04-22 00:21:52.901][debug][command:null][tid:14][com.facebook.buck.cli.Main] Done.
[2019-04-22 00:21:52.901][info ][command:null][tid:14][com.facebook.nailgun.NGSession] Nail cleanly exited with status 5
[2019-04-22 00:21:52.901][debug][command:null][tid:14][com.facebook.nailgun.NGCommunicator] Shutting down socket for input
[2019-04-22 00:21:52.901][debug][command:null][tid:14][com.facebook.nailgun.NGCommunicator] Shutting down socket for output
[2019-04-22 00:21:52.902][debug][command:null][tid:14][com.facebook.nailgun.NGCommunicator] Shutting down read ExecutorService
[2019-04-22 00:21:52.902][debug][command:null][tid:937][com.facebook.nailgun.NGCommunicator] Socket is disconnected
[2019-04-22 00:21:52.902][debug][command:null][tid:937][com.facebook.nailgun.NGCommunicator] Nailgun client disconnected
[2019-04-22 00:21:52.902][debug][command:null][tid:14][com.facebook.nailgun.NGCommunicator] Shutting down orchestrator ExecutorService
[2019-04-22 00:21:52.902][debug][command:null][tid:937][com.facebook.nailgun.NGCommunicator] Orchestrator thread finished
[2019-04-22 00:21:52.902][debug][command:null][tid:14][com.facebook.nailgun.NGSession] NGSession 1 is closing client socket
[2019-04-22 00:28:54.827][info ][command:null][tid:12][com.facebook.buck.cli.Main] No recent activity, dumping thread stacks (`tr , '\n'` to decode): Thread [pool-564-thread-1],stack:[sun.misc.Unsafe.park(Native Method), java.util.concurrent.locks.LockSupport.park(LockSupport.java:175), java.util.concurrent.locks.AbstractQueuedSynchronizer$ConditionObject.await(AbstractQueuedSynchronizer.java:2039), java.util.concurrent.LinkedBlockingQueue.take(LinkedBlockingQueue.java:442), java.util.concurrent.ThreadPoolExecutor.getTask(ThreadPoolExecutor.java:1074), java.util.concurrent.ThreadPoolExecutor.runWorker(ThreadPoolExecutor.java:1134), java.util.concurrent.ThreadPoolExecutor$Worker.run(ThreadPoolExecutor.java:624), java.lang.Thread.run(Thread.java:748)],Thread [main],stack:[com.facebook.nailgun.NGUnixDomainSocketLibrary.accept(Native Method), com.facebook.nailgun.NGUnixDomainServerSocket.accept(NGUnixDomainServerSocket.java:149), com.facebook.nailgun.NGServer.run(NGServer.java:384), com.facebook.buck.cli.Main$DaemonBootstrap.main(Main.java:2289), sun.reflect.NativeMethodAccessorImpl.invoke0(Native Method), sun.reflect.NativeMethodAccessorImpl.invoke(NativeMethodAccessorImpl.java:62), sun.reflect.DelegatingMethodAccessorImpl.invoke(DelegatingMethodAccessorImpl.java:43), java.lang.reflect.Method.invoke(Method.java:498), com.facebook.buck.cli.bootstrapper.ClassLoaderBootstrapper.main(ClassLoaderBootstrapper.java:55)],Thread [pool-1-thread-1],stack:[sun.misc.Unsafe.park(Native Method), java.util.concurrent.locks.LockSupport.parkNanos(LockSupport.java:215), java.util.concurrent.locks.AbstractQueuedSynchronizer$ConditionObject.awaitNanos(AbstractQueuedSynchronizer.java:2078), java.util.concurrent.ScheduledThreadPoolExecutor$DelayedWorkQueue.take(ScheduledThreadPoolExecutor.java:1093), java.util.concurrent.ScheduledThreadPoolExecutor$DelayedWorkQueue.take(ScheduledThreadPoolExecutor.java:809), java.util.concurrent.ThreadPoolExecutor.getTask(ThreadPoolExecutor.java:1074), java.util.concurrent.ThreadPoolExecutor.runWorker(ThreadPoolExecutor.java:1134), java.util.concurrent.ThreadPoolExecutor$Worker.run(ThreadPoolExecutor.java:624), java.lang.Thread.run(Thread.java:748)],Thread [pool-565-thread-1],stack:[sun.misc.Unsafe.park(Native Method), java.util.concurrent.locks.LockSupport.park(LockSupport.java:175), java.util.concurrent.locks.AbstractQueuedSynchronizer$ConditionObject.await(AbstractQueuedSynchronizer.java:2039), java.util.concurrent.ScheduledThreadPoolExecutor$DelayedWorkQueue.take(ScheduledThreadPoolExecutor.java:1081), java.util.concurrent.ScheduledThreadPoolExecutor$DelayedWorkQueue.take(ScheduledThreadPoolExecutor.java:809), java.util.concurrent.ThreadPoolExecutor.getTask(ThreadPoolExecutor.java:1074), java.util.concurrent.ThreadPoolExecutor.runWorker(ThreadPoolExecutor.java:1134), java.util.concurrent.ThreadPoolExecutor$Worker.run(ThreadPoolExecutor.java:624), java.lang.Thread.run(Thread.java:748)],Thread [Attach Listener],stack:[],Thread [pool-564-thread-2],stack:[sun.misc.Unsafe.park(Native Method), java.util.concurrent.locks.LockSupport.park(LockSupport.java:175), java.util.concurrent.locks.AbstractQueuedSynchronizer$ConditionObject.await(AbstractQueuedSynchronizer.java:2039), java.util.concurrent.LinkedBlockingQueue.take(LinkedBlockingQueue.java:442), java.util.concurrent.ThreadPoolExecutor.getTask(ThreadPoolExecutor.java:1074), java.util.concurrent.ThreadPoolExecutor.runWorker(ThreadPoolExecutor.java:1134), java.util.concurrent.ThreadPoolExecutor$Worker.run(ThreadPoolExecutor.java:624), java.lang.Thread.run(Thread.java:748)],Thread [pool-564-thread-3],stack:[sun.misc.Unsafe.park(Native Method), java.util.concurrent.locks.LockSupport.park(LockSupport.java:175), java.util.concurrent.locks.AbstractQueuedSynchronizer$ConditionObject.await(AbstractQueuedSynchronizer.java:2039), java.util.concurrent.LinkedBlockingQueue.take(LinkedBlockingQueue.java:442), java.util.concurrent.ThreadPoolExecutor.getTask(ThreadPoolExecutor.java:1074), java.util.concurrent.ThreadPoolExecutor.runWorker(ThreadPoolExecutor.java:1134), java.util.concurrent.ThreadPoolExecutor$Worker.run(ThreadPoolExecutor.java:624), java.lang.Thread.run(Thread.java:748)],Thread [NGSession 1: (idle)],stack:[java.lang.Object.wait(Native Method), java.lang.Object.wait(Object.java:502), com.facebook.nailgun.NGSession.nextSocket(NGSession.java:158), com.facebook.nailgun.NGSession.run(NGSession.java:221)],Thread [AsynchronousDirectoryContentsCleaner],stack:[sun.misc.Unsafe.park(Native Method), java.util.concurrent.locks.LockSupport.park(LockSupport.java:175), java.util.concurrent.locks.AbstractQueuedSynchronizer$ConditionObject.await(AbstractQueuedSynchronizer.java:2039), java.util.concurrent.LinkedBlockingQueue.take(LinkedBlockingQueue.java:442), java.util.concurrent.ThreadPoolExecutor.getTask(ThreadPoolExecutor.java:1074), java.util.concurrent.ThreadPoolExecutor.runWorker(ThreadPoolExecutor.java:1134), java.util.concurrent.ThreadPoolExecutor$Worker.run(ThreadPoolExecutor.java:624), java.lang.Thread.run(Thread.java:748)],Thread [pool-566-thread-1],stack:[java.lang.Object.wait(Native Method), java.lang.Object.wait(Object.java:502), com.facebook.buck.support.bgtasks.AsyncBackgroundTaskManager.scheduleLoop(AsyncBackgroundTaskManager.java:272), com.facebook.buck.support.bgtasks.AsyncBackgroundTaskManager$$Lambda$133/270134790.run(Unknown Source), java.util.concurrent.Executors$RunnableAdapter.call(Executors.java:511), java.util.concurrent.FutureTask.run(FutureTask.java:266), java.util.concurrent.ThreadPoolExecutor.runWorker(ThreadPoolExecutor.java:1149), java.util.concurrent.ThreadPoolExecutor$Worker.run(ThreadPoolExecutor.java:624), java.lang.Thread.run(Thread.java:748)],Thread [Finalizer],stack:[java.lang.Object.wait(Native Method), java.lang.ref.ReferenceQueue.remove(ReferenceQueue.java:144), java.lang.ref.ReferenceQueue.remove(ReferenceQueue.java:165), java.lang.ref.Finalizer$FinalizerThread.run(Finalizer.java:216)],Thread [Reference Handler],stack:[java.lang.Object.wait(Native Method), java.lang.Object.wait(Object.java:502), java.lang.ref.Reference.tryHandlePending(Reference.java:191), java.lang.ref.Reference$ReferenceHandler.run(Reference.java:153)],Thread [NonReentrantSystemExit],stack:[sun.misc.Unsafe.park(Native Method), java.util.concurrent.locks.LockSupport.park(LockSupport.java:175), java.util.concurrent.locks.AbstractQueuedSynchronizer.parkAndCheckInterrupt(AbstractQueuedSynchronizer.java:836), java.util.concurrent.locks.AbstractQueuedSynchronizer.doAcquireSharedInterruptibly(AbstractQueuedSynchronizer.java:997), java.util.concurrent.locks.AbstractQueuedSynchronizer.acquireSharedInterruptibly(AbstractQueuedSynchronizer.java:1304), java.util.concurrent.CountDownLatch.await(CountDownLatch.java:231), com.facebook.buck.util.shutdown.NonReentrantSystemExit$1.run(NonReentrantSystemExit.java:42)],
[2019-04-22 00:31:27.783][debug][command:null][tid:14][com.facebook.nailgun.NGSession] NGSession 1 accepted new connection
[2019-04-22 00:31:27.786][debug][command:null][tid:966][com.facebook.nailgun.NGCommunicator] Orchestrator thread started
[2019-04-22 00:31:27.787][debug][command:null][tid:14][com.facebook.nailgun.NGCommunicator] Shutting down socket for input
[2019-04-22 00:31:27.787][debug][command:null][tid:966][com.facebook.nailgun.NGCommunicator] Socket is disconnected
[2019-04-22 00:31:27.787][debug][command:null][tid:14][com.facebook.nailgun.NGCommunicator] Shutting down socket for output
[2019-04-22 00:31:27.787][debug][command:null][tid:966][com.facebook.nailgun.NGCommunicator] Nailgun client disconnected
[2019-04-22 00:31:27.787][debug][command:null][tid:966][com.facebook.nailgun.NGCommunicator] Orchestrator thread finished
[2019-04-22 00:31:27.787][debug][command:null][tid:14][com.facebook.nailgun.NGCommunicator] Shutting down read ExecutorService
[2019-04-22 00:31:27.787][debug][command:null][tid:14][com.facebook.nailgun.NGCommunicator] Shutting down orchestrator ExecutorService
[2019-04-22 00:31:27.788][debug][command:null][tid:14][com.facebook.nailgun.NGSession] NGSession 1 is closing client socket
[2019-04-22 00:31:27.788][debug][command:null][tid:14][com.facebook.nailgun.NGSession] NGSession 1 stopped
