[2019-04-13 23:18:49.462][debug][command:null][tid:14][com.facebook.buck.cli.Main] Starting up (build date 1970-01-01 07:29:59 +0730, rev ad23befe7c1a36c999860af0af69e726f1c8e423), args: [build, //BuckTest:BuckTest]
[2019-04-13 23:18:49.467][debug][command:null][tid:14][com.facebook.buck.cli.Main] System properties: {java.vendor=Oracle Corporation, sun.java.launcher=SUN_STANDARD, sun.management.compiler=HotSpot 64-Bit Tiered Compilers, jnidispatch.path=/Users/stevenlee/Downloads/BuckTest 3/.buckd/tmp/buck_run.MYLnMR/jna-1522160945/jna7580457604094113883.tmp, os.name=Mac OS X, buck.enable_objc=true, sun.boot.class.path=/Library/Java/JavaVirtualMachines/jdk1.8.0_201.jdk/Contents/Home/jre/lib/resources.jar:/Library/Java/JavaVirtualMachines/jdk1.8.0_201.jdk/Contents/Home/jre/lib/rt.jar:/Library/Java/JavaVirtualMachines/jdk1.8.0_201.jdk/Contents/Home/jre/lib/sunrsasign.jar:/Library/Java/JavaVirtualMachines/jdk1.8.0_201.jdk/Contents/Home/jre/lib/jsse.jar:/Library/Java/JavaVirtualMachines/jdk1.8.0_201.jdk/Contents/Home/jre/lib/jce.jar:/Library/Java/JavaVirtualMachines/jdk1.8.0_201.jdk/Contents/Home/jre/lib/charsets.jar:/Library/Java/JavaVirtualMachines/jdk1.8.0_201.jdk/Contents/Home/jre/lib/jfr.jar:/Library/Java/JavaVirtualMachines/jdk1.8.0_201.jdk/Contents/Home/jre/classes, user.country.format=SG, buck.module.resources=/Users/stevenlee/Downloads/BuckTest 3/.buckd/resources/ad23befe7c1a36c999860af0af69e726f1c8e423/buck-modules-resources, pf4j.pluginsDir=/Users/stevenlee/Downloads/BuckTest 3/.buckd/resources/ad23befe7c1a36c999860af0af69e726f1c8e423/buck-modules, buck.resource_lock_path=/Users/stevenlee/Downloads/BuckTest 3/.buckd/resources/ad23befe7c1a36c999860af0af69e726f1c8e423/.buck_lock, buck.path_to_isolated_trampoline=/Users/stevenlee/Downloads/BuckTest 3/.buckd/resources/ad23befe7c1a36c999860af0af69e726f1c8e423/path_to_isolated_trampoline, java.vm.specification.vendor=Oracle Corporation, java.runtime.version=1.8.0_201-b09, jna.loaded=true, buck.testrunner_classes=/Users/stevenlee/Downloads/BuckTest 3/.buckd/resources/ad23befe7c1a36c999860af0af69e726f1c8e423/testrunner_classes, buck.logging_config_file=/Users/stevenlee/Downloads/BuckTest 3/.buckd/resources/ad23befe7c1a36c999860af0af69e726f1c8e423/logging_config_file, buck.path_to_sh_binary_template=/Users/stevenlee/Downloads/BuckTest 3/.buckd/resources/ad23befe7c1a36c999860af0af69e726f1c8e423/path_to_sh_binary_template, user.name=stevenlee, com.facebook.nailgun.NGServer.outputPath=/Users/stevenlee/Downloads/BuckTest 3/.buckd/tmp/buck_run.MYLnMR/ngserver-out, buck.path_to_pywatchman=/Users/stevenlee/Downloads/BuckTest 3/.buckd/resources/ad23befe7c1a36c999860af0af69e726f1c8e423/path_to_pywatchman, buck.report_generator_jar=/Users/stevenlee/Downloads/BuckTest 3/.buckd/resources/ad23befe7c1a36c999860af0af69e726f1c8e423/report_generator_jar, buck.git_commit=ad23befe7c1a36c999860af0af69e726f1c8e423, user.language=en, sun.boot.library.path=/Library/Java/JavaVirtualMachines/jdk1.8.0_201.jdk/Contents/Home/jre/lib, jna.nosys=true, java.version=1.8.0_201, user.timezone=Asia/Singapore, buck.test_util_no_tests_dir=true, sun.arch.data.model=64, http.nonProxyHosts=local|*.local|169.254/16|*.169.254/16, java.endorsed.dirs=/Library/Java/JavaVirtualMachines/jdk1.8.0_201.jdk/Contents/Home/jre/lib/endorsed, sun.cpu.isalist=, sun.jnu.encoding=UTF-8, file.encoding.pkg=sun.io, file.separator=/, java.specification.name=Java Platform API Specification, buck.jacoco_agent_jar=/Users/stevenlee/Downloads/BuckTest 3/.buckd/resources/ad23befe7c1a36c999860af0af69e726f1c8e423/jacoco_agent_jar, java.class.version=52.0, user.country=GB, buck.binary_hash=dbcee53f32f7fa760cef191b77064a13, java.home=/Library/Java/JavaVirtualMachines/jdk1.8.0_201.jdk/Contents/Home/jre, buck.fix_script=/Users/stevenlee/Downloads/BuckTest 3/.buckd/resources/ad23befe7c1a36c999860af0af69e726f1c8e423/fix_script, java.vm.info=mixed mode, os.version=10.14.4, buck.version_uid=ad23befe7c1a36c999860af0af69e726f1c8e423, org.eclipse.jetty.util.log.class=org.eclipse.jetty.util.log.JavaUtilLog, path.separator=:, java.vm.version=25.201-b09, java.awt.printerjob=sun.lwawt.macosx.CPrinterJob, sun.io.unicode.encoding=UnicodeBig, awt.toolkit=sun.lwawt.macosx.LWCToolkit, buck.mode=package, buck.buck_build_type_info=/Users/stevenlee/Downloads/BuckTest 3/.buckd/resources/ad23befe7c1a36c999860af0af69e726f1c8e423/buck_build_type_info, socksNonProxyHosts=local|*.local|169.254/16|*.169.254/16, ftp.nonProxyHosts=local|*.local|169.254/16|*.169.254/16, buck.dx=/Users/stevenlee/Downloads/BuckTest 3/.buckd/resources/ad23befe7c1a36c999860af0af69e726f1c8e423/dx, buck.git_commit_timestamp=-1, user.home=/Users/stevenlee, java.specification.vendor=Oracle Corporation, buck.git_dirty=0, java.library.path=/Users/stevenlee/Downloads/BuckTest 3/.buckd/resources/ad23befe7c1a36c999860af0af69e726f1c8e423, java.vendor.url=http://java.oracle.com/, java.vm.vendor=Oracle Corporation, gopherProxySet=false, java.runtime.name=Java(TM) SE Runtime Environment, sun.java.command=com.facebook.buck.cli.bootstrapper.ClassLoaderBootstrapper com.facebook.buck.cli.Main$DaemonBootstrap local:.buckd/sock 180000, java.class.path=/Users/stevenlee/Downloads/BuckTest 3/.buckd/resources/ad23befe7c1a36c999860af0af69e726f1c8e423/bootstrapper_jar, buck.buckd_dir=/Users/stevenlee/Downloads/BuckTest 3/.buckd, buck.path_to_pathlib_py=/Users/stevenlee/Downloads/BuckTest 3/.buckd/resources/ad23befe7c1a36c999860af0af69e726f1c8e423/pathlib.py, buck.buckd_launch_time_nanos=253965445725020, java.vm.specification.name=Java Virtual Machine Specification, java.vm.specification.version=1.8, sun.cpu.endian=little, sun.os.patch.level=unknown, java.awt.headless=true, java.io.tmpdir=/Users/stevenlee/Downloads/BuckTest 3/.buckd/tmp/buck_run.MYLnMR, buck.android_agent_path=/Users/stevenlee/Downloads/BuckTest 3/.buckd/resources/ad23befe7c1a36c999860af0af69e726f1c8e423/android_agent_path, java.vendor.url.bug=http://bugreport.sun.com/bugreport/, buck.path_to_python_dsl=, jna.platform.library.path=/usr/lib:/usr/lib, os.arch=x86_64, java.awt.graphicsenv=sun.awt.CGraphicsEnvironment, java.ext.dirs=/Users/stevenlee/Library/Java/Extensions:/Library/Java/JavaVirtualMachines/jdk1.8.0_201.jdk/Contents/Home/jre/lib/ext:/Library/Java/Extensions:/Network/Library/Java/Extensions:/System/Library/Java/Extensions:/usr/lib/java, java.util.logging.config.class=com.facebook.buck.cli.bootstrapper.LogConfig, buck.path_to_six_py=/Users/stevenlee/Downloads/BuckTest 3/.buckd/resources/ad23befe7c1a36c999860af0af69e726f1c8e423/six.py, user.dir=/Users/stevenlee/Downloads/BuckTest 3, java.nio.file.spi.DefaultFileSystemProvider=com.facebook.buck.cli.bootstrapper.filesystem.BuckFileSystemProvider, line.separator=
, java.vm.name=Java HotSpot(TM) 64-Bit Server VM, buck.path_to_typing=/Users/stevenlee/Downloads/BuckTest 3/.buckd/resources/ad23befe7c1a36c999860af0af69e726f1c8e423/path_to_typing, buck.native_exopackage_fake_path=/Users/stevenlee/Downloads/BuckTest 3/.buckd/resources/ad23befe7c1a36c999860af0af69e726f1c8e423/native_exopackage_fake_path, file.encoding=UTF-8, java.specification.version=1.8}
[2019-04-13 23:18:49.467][debug][command:null][tid:14][com.facebook.buck.util.config.Configs] Loading configuration for /Users/stevenlee/Downloads/BuckTest 3
[2019-04-13 23:18:49.467][debug][command:null][tid:14][com.facebook.buck.util.config.Configs] Loaded project configuration file /Users/stevenlee/Downloads/BuckTest 3/.buckconfig
[2019-04-13 23:18:49.467][debug][command:null][tid:14][com.facebook.buck.util.config.Configs] Adding configuration overrides RawConfig{values={}}
[2019-04-13 23:18:49.468][info ][command:null][tid:14][com.facebook.buck.io.watchman.WatchmanFactory] Creating for: [/Users/stevenlee/Downloads/BuckTest 3]
[2019-04-13 23:18:49.468][debug][command:null][tid:14][com.facebook.buck.io.ExecutableFinder] Executable 'watchman' mapped to 'Optional[/usr/local/bin/watchman]'
[2019-04-13 23:18:49.468][debug][command:null][tid:14][com.facebook.buck.util.ListeningProcessExecutor] Launching process with params ProcessExecutorParams{command=[/usr/local/bin/watchman, --output-encoding=bser, get-sockname]}
[2019-04-13 23:18:49.469][debug][command:null][tid:14][com.facebook.buck.util.ListeningProcessExecutor] Successfully launched process com.zaxxer.nuprocess.osx.OsxProcess@1ae2c485
[2019-04-13 23:18:49.469][debug][command:null][tid:14][com.facebook.buck.util.ListeningProcessExecutor] Waiting for process com.facebook.buck.util.ListeningProcessExecutor$LaunchedProcessImpl@4845f241 timeout 1000000000 NANOSECONDS
[2019-04-13 23:18:49.485][debug][command:null][tid:14][com.facebook.buck.util.ListeningProcessExecutor] Wait for process returned 0
[2019-04-13 23:18:49.485][debug][command:null][tid:14][com.facebook.buck.io.watchman.WatchmanFactory] Waited 15 ms for Watchman command get-sockname, exit code 0
[2019-04-13 23:18:49.485][debug][command:null][tid:14][com.facebook.buck.io.watchman.WatchmanFactory] stdout of command: {sockname=/usr/local/var/run/watchman/stevenlee-state/sock, version=4.9.0}
[2019-04-13 23:18:49.485][info ][command:null][tid:14][com.facebook.buck.io.watchman.WatchmanFactory] Connecting to Watchman version 4.9.0 at /usr/local/var/run/watchman/stevenlee-state/sock
[2019-04-13 23:18:49.486][debug][command:null][tid:14][com.facebook.buck.io.watchman.WatchmanTransportClient] Query [version, {required=[cmd-watch-project], optional=[term-dirname, cmd-watch-project, wildmatch, wildmatch_multislash, glob_generator, clock-sync-timeout]}] returned in 0 ms
[2019-04-13 23:18:49.486][info ][command:null][tid:14][com.facebook.buck.io.watchman.WatchmanFactory] Took 0 ms to query capabilities {term-dirname=DIRNAME, cmd-watch-project=SUPPORTS_PROJECT_WATCH, wildmatch=WILDMATCH_GLOB, wildmatch_multislash=WILDMATCH_MULTISLASH, glob_generator=GLOB_GENERATOR, clock-sync-timeout=CLOCK_SYNC_TIMEOUT}
[2019-04-13 23:18:49.486][debug][command:null][tid:14][com.facebook.buck.io.watchman.WatchmanFactory] Got capabilities response: {clock-sync-timeout=true, glob_generator=true, wildmatch_multislash=false, cmd-watch-project=true, wildmatch=true, term-dirname=true}
[2019-04-13 23:18:49.486][debug][command:null][tid:14][com.facebook.buck.io.watchman.WatchmanFactory] Got Watchman capabilities: [CLOCK_SYNC_TIMEOUT, GLOB_GENERATOR, SUPPORTS_PROJECT_WATCH, WILDMATCH_GLOB, DIRNAME]
[2019-04-13 23:18:49.486][info ][command:null][tid:14][com.facebook.buck.io.watchman.WatchmanFactory] Adding watchman root: /Users/stevenlee/Downloads/BuckTest 3
[2019-04-13 23:18:49.486][debug][command:null][tid:14][com.facebook.buck.io.watchman.WatchmanTransportClient] Query [watch-project, /Users/stevenlee/Downloads/BuckTest 3] returned in 0 ms
[2019-04-13 23:18:49.486][debug][command:null][tid:14][com.facebook.buck.io.watchman.WatchmanTransportClient] Query [watch-project, /Users/stevenlee/Downloads/BuckTest 3] returned in 0 ms
[2019-04-13 23:18:49.486][info ][command:null][tid:14][com.facebook.buck.io.watchman.WatchmanFactory] Took 0 ms to add root /Users/stevenlee/Downloads/BuckTest 3
[2019-04-13 23:18:49.495][debug][command:null][tid:14][com.facebook.buck.io.watchman.WatchmanTransportClient] Query [clock, /Users/stevenlee/Downloads/BuckTest 3, {sync_timeout=100}] returned in 8 ms
[2019-04-13 23:18:49.495][info ][command:null][tid:14][com.facebook.buck.io.watchman.WatchmanFactory] Took 8 ms to query for initial clock id Optional[c:1554802630:396:1:23063]
[2019-04-13 23:18:49.495][debug][command:null][tid:14][com.facebook.buck.io.watchman.WatchmanFactory] Connected to Watchman
[2019-04-13 23:18:49.495][debug][command:null][tid:14][com.facebook.buck.io.watchman.WatchmanTransportClient] Closing Watchman transport.
[2019-04-13 23:18:49.496][debug][command:null][tid:14][com.facebook.buck.cli.Main] Watchman capabilities: [CLOCK_SYNC_TIMEOUT, GLOB_GENERATOR, SUPPORTS_PROJECT_WATCH, WILDMATCH_GLOB, DIRNAME] Project watches: {/Users/stevenlee/Downloads/BuckTest 3=ProjectWatch{watchRoot=/Users/stevenlee/Downloads/BuckTest 3}} Glob handler config: PYTHON Query timeout ms config: Optional.empty
[2019-04-13 23:18:49.509][debug][command:null][tid:14][com.facebook.buck.apple.toolchain.impl.AppleToolchainDiscovery] Searching for Xcode toolchains under /Users/stevenlee/Downloads/Xcode.app/Contents/Developer/Toolchains
[2019-04-13 23:18:49.509][debug][command:null][tid:14][com.facebook.buck.apple.toolchain.impl.AppleToolchainDiscovery] Searching for Xcode toolchains in /Users/stevenlee/Downloads/Xcode.app/Contents/Developer/Toolchains
[2019-04-13 23:18:49.509][debug][command:null][tid:14][com.facebook.buck.apple.toolchain.impl.AppleToolchainDiscovery] Getting identifier for for Xcode toolchain under /Users/stevenlee/Downloads/Xcode.app/Contents/Developer/Toolchains/XcodeDefault.xctoolchain
[2019-04-13 23:18:49.509][debug][command:null][tid:14][com.facebook.buck.apple.toolchain.impl.AppleToolchainDiscovery] Mapped SDK identifier com.apple.dt.toolchain.XcodeDefault to path /Users/stevenlee/Downloads/Xcode.app/Contents/Developer/Toolchains/XcodeDefault.xctoolchain
[2019-04-13 23:18:49.509][debug][command:null][tid:14][com.facebook.buck.apple.toolchain.impl.AppleSdkDiscovery] Searching for Xcode platforms under /Users/stevenlee/Downloads/Xcode.app/Contents/Developer/Platforms
[2019-04-13 23:18:49.509][debug][command:null][tid:14][com.facebook.buck.apple.toolchain.impl.AppleSdkDiscovery] Searching for Xcode SDKs in /Users/stevenlee/Downloads/Xcode.app/Contents/Developer/Platforms
[2019-04-13 23:18:49.509][debug][command:null][tid:14][com.facebook.buck.apple.toolchain.impl.AppleSdkDiscovery] Fetching SDK name for /Users/stevenlee/Downloads/Xcode.app/Contents/Developer/Platforms/AppleTVOS.platform/Developer/SDKs/AppleTVOS12.1.sdk
[2019-04-13 23:18:49.510][debug][command:null][tid:14][com.facebook.buck.apple.toolchain.impl.AppleSdkDiscovery] Found SDK AppleSdk{name=appletvos12.1, version=12.1, applePlatform=ApplePlatform{name=appletvos, provisioningProfileName=tvOS, architectures=[arm64], minVersionFlagPrefix=-mtvos-version-min=, appIncludesFrameworks=false}, architectures=[arm64], toolchains=[AppleToolchain{identifier=com.apple.dt.toolchain.XcodeDefault, path=/Users/stevenlee/Downloads/Xcode.app/Contents/Developer/Toolchains/XcodeDefault.xctoolchain}]}
[2019-04-13 23:18:49.510][debug][command:null][tid:14][com.facebook.buck.apple.toolchain.impl.AppleSdkDiscovery] Fetching SDK name for /Users/stevenlee/Downloads/Xcode.app/Contents/Developer/Platforms/AppleTVOS.platform/Developer/SDKs/AppleTVOS.sdk
[2019-04-13 23:18:49.510][debug][command:null][tid:14][com.facebook.buck.apple.toolchain.impl.AppleSdkDiscovery] Skipping already scanned SDK directory /Users/stevenlee/Downloads/Xcode.app/Contents/Developer/Platforms/AppleTVOS.platform/Developer/SDKs/AppleTVOS.sdk
[2019-04-13 23:18:49.510][debug][command:null][tid:14][com.facebook.buck.apple.toolchain.impl.AppleSdkDiscovery] Fetching SDK name for /Users/stevenlee/Downloads/Xcode.app/Contents/Developer/Platforms/iPhoneOS.platform/Developer/SDKs/iPhoneOS.sdk
[2019-04-13 23:18:49.510][debug][command:null][tid:14][com.facebook.buck.apple.toolchain.impl.AppleSdkDiscovery] Found SDK AppleSdk{name=iphoneos12.1, version=12.1, applePlatform=ApplePlatform{name=iphoneos, swiftName=ios, provisioningProfileName=iOS, architectures=[armv7, arm64], minVersionFlagPrefix=-mios-version-min=, stubBinaryPath=Library/Application Support/WatchKit/WK, appIncludesFrameworks=false}, architectures=[armv7, arm64], toolchains=[AppleToolchain{identifier=com.apple.dt.toolchain.XcodeDefault, path=/Users/stevenlee/Downloads/Xcode.app/Contents/Developer/Toolchains/XcodeDefault.xctoolchain}]}
[2019-04-13 23:18:49.510][debug][command:null][tid:14][com.facebook.buck.apple.toolchain.impl.AppleSdkDiscovery] Fetching SDK name for /Users/stevenlee/Downloads/Xcode.app/Contents/Developer/Platforms/iPhoneOS.platform/Developer/SDKs/iPhoneOS12.1.sdk
[2019-04-13 23:18:49.510][debug][command:null][tid:14][com.facebook.buck.apple.toolchain.impl.AppleSdkDiscovery] Skipping already scanned SDK directory /Users/stevenlee/Downloads/Xcode.app/Contents/Developer/Platforms/iPhoneOS.platform/Developer/SDKs/iPhoneOS.sdk
[2019-04-13 23:18:49.510][debug][command:null][tid:14][com.facebook.buck.apple.toolchain.impl.AppleSdkDiscovery] Fetching SDK name for /Users/stevenlee/Downloads/Xcode.app/Contents/Developer/Platforms/WatchOS.platform/Developer/SDKs/WatchOS.sdk
[2019-04-13 23:18:49.511][debug][command:null][tid:14][com.facebook.buck.apple.toolchain.impl.AppleSdkDiscovery] Found SDK AppleSdk{name=watchos5.1, version=5.1, applePlatform=ApplePlatform{name=watchos, provisioningProfileName=iOS, architectures=[armv7k, arm64_32], minVersionFlagPrefix=-mwatchos-version-min=, stubBinaryPath=Library/Application Support/WatchKit/WK, appIncludesFrameworks=false}, architectures=[armv7k, arm64_32], toolchains=[AppleToolchain{identifier=com.apple.dt.toolchain.XcodeDefault, path=/Users/stevenlee/Downloads/Xcode.app/Contents/Developer/Toolchains/XcodeDefault.xctoolchain}]}
[2019-04-13 23:18:49.511][debug][command:null][tid:14][com.facebook.buck.apple.toolchain.impl.AppleSdkDiscovery] Fetching SDK name for /Users/stevenlee/Downloads/Xcode.app/Contents/Developer/Platforms/WatchOS.platform/Developer/SDKs/WatchOS5.1.sdk
[2019-04-13 23:18:49.511][debug][command:null][tid:14][com.facebook.buck.apple.toolchain.impl.AppleSdkDiscovery] Skipping already scanned SDK directory /Users/stevenlee/Downloads/Xcode.app/Contents/Developer/Platforms/WatchOS.platform/Developer/SDKs/WatchOS.sdk
[2019-04-13 23:18:49.511][debug][command:null][tid:14][com.facebook.buck.apple.toolchain.impl.AppleSdkDiscovery] Fetching SDK name for /Users/stevenlee/Downloads/Xcode.app/Contents/Developer/Platforms/MacOSX.platform/Developer/SDKs/MacOSX10.14.sdk
[2019-04-13 23:18:49.511][debug][command:null][tid:14][com.facebook.buck.apple.toolchain.impl.AppleSdkDiscovery] Found SDK AppleSdk{name=macosx10.14, version=10.14, applePlatform=ApplePlatform{name=macosx, architectures=[i386, x86_64], minVersionFlagPrefix=-mmacosx-version-min=, appIncludesFrameworks=true}, architectures=[i386, x86_64], toolchains=[AppleToolchain{identifier=com.apple.dt.toolchain.XcodeDefault, path=/Users/stevenlee/Downloads/Xcode.app/Contents/Developer/Toolchains/XcodeDefault.xctoolchain}]}
[2019-04-13 23:18:49.511][debug][command:null][tid:14][com.facebook.buck.apple.toolchain.impl.AppleSdkDiscovery] Fetching SDK name for /Users/stevenlee/Downloads/Xcode.app/Contents/Developer/Platforms/MacOSX.platform/Developer/SDKs/MacOSX.sdk
[2019-04-13 23:18:49.511][debug][command:null][tid:14][com.facebook.buck.apple.toolchain.impl.AppleSdkDiscovery] Skipping already scanned SDK directory /Users/stevenlee/Downloads/Xcode.app/Contents/Developer/Platforms/MacOSX.platform/Developer/SDKs/MacOSX.sdk
[2019-04-13 23:18:49.511][debug][command:null][tid:14][com.facebook.buck.apple.toolchain.impl.AppleSdkDiscovery] Fetching SDK name for /Users/stevenlee/Downloads/Xcode.app/Contents/Developer/Platforms/WatchSimulator.platform/Developer/SDKs/WatchSimulator.sdk
[2019-04-13 23:18:49.512][debug][command:null][tid:14][com.facebook.buck.apple.toolchain.impl.AppleSdkDiscovery] Found SDK AppleSdk{name=watchsimulator5.1, version=5.1, applePlatform=ApplePlatform{name=watchsimulator, architectures=[i386, x86_64], minVersionFlagPrefix=-mwatchos-simulator-version-min=, stubBinaryPath=Library/Application Support/WatchKit/WK, appIncludesFrameworks=false}, architectures=[i386, x86_64], toolchains=[AppleToolchain{identifier=com.apple.dt.toolchain.XcodeDefault, path=/Users/stevenlee/Downloads/Xcode.app/Contents/Developer/Toolchains/XcodeDefault.xctoolchain}]}
[2019-04-13 23:18:49.512][debug][command:null][tid:14][com.facebook.buck.apple.toolchain.impl.AppleSdkDiscovery] Fetching SDK name for /Users/stevenlee/Downloads/Xcode.app/Contents/Developer/Platforms/WatchSimulator.platform/Developer/SDKs/WatchSimulator5.1.sdk
[2019-04-13 23:18:49.512][debug][command:null][tid:14][com.facebook.buck.apple.toolchain.impl.AppleSdkDiscovery] Skipping already scanned SDK directory /Users/stevenlee/Downloads/Xcode.app/Contents/Developer/Platforms/WatchSimulator.platform/Developer/SDKs/WatchSimulator.sdk
[2019-04-13 23:18:49.512][debug][command:null][tid:14][com.facebook.buck.apple.toolchain.impl.AppleSdkDiscovery] Fetching SDK name for /Users/stevenlee/Downloads/Xcode.app/Contents/Developer/Platforms/AppleTVSimulator.platform/Developer/SDKs/AppleTVSimulator.sdk
[2019-04-13 23:18:49.512][debug][command:null][tid:14][com.facebook.buck.apple.toolchain.impl.AppleSdkDiscovery] Found SDK AppleSdk{name=appletvsimulator12.1, version=12.1, applePlatform=ApplePlatform{name=appletvsimulator, swiftName=tvos, architectures=[x86_64], minVersionFlagPrefix=-mtvos-simulator-version-min=, appIncludesFrameworks=false}, architectures=[x86_64], toolchains=[AppleToolchain{identifier=com.apple.dt.toolchain.XcodeDefault, path=/Users/stevenlee/Downloads/Xcode.app/Contents/Developer/Toolchains/XcodeDefault.xctoolchain}]}
[2019-04-13 23:18:49.512][debug][command:null][tid:14][com.facebook.buck.apple.toolchain.impl.AppleSdkDiscovery] Fetching SDK name for /Users/stevenlee/Downloads/Xcode.app/Contents/Developer/Platforms/AppleTVSimulator.platform/Developer/SDKs/AppleTVSimulator12.1.sdk
[2019-04-13 23:18:49.512][debug][command:null][tid:14][com.facebook.buck.apple.toolchain.impl.AppleSdkDiscovery] Skipping already scanned SDK directory /Users/stevenlee/Downloads/Xcode.app/Contents/Developer/Platforms/AppleTVSimulator.platform/Developer/SDKs/AppleTVSimulator.sdk
[2019-04-13 23:18:49.513][debug][command:null][tid:14][com.facebook.buck.apple.toolchain.impl.AppleSdkDiscovery] Fetching SDK name for /Users/stevenlee/Downloads/Xcode.app/Contents/Developer/Platforms/iPhoneSimulator.platform/Developer/SDKs/iPhoneSimulator.sdk
[2019-04-13 23:18:49.513][debug][command:null][tid:14][com.facebook.buck.apple.toolchain.impl.AppleSdkDiscovery] Found SDK AppleSdk{name=iphonesimulator12.1, version=12.1, applePlatform=ApplePlatform{name=iphonesimulator, swiftName=ios, architectures=[i386, x86_64], minVersionFlagPrefix=-mios-simulator-version-min=, stubBinaryPath=Library/Application Support/WatchKit/WK, appIncludesFrameworks=false}, architectures=[i386, x86_64], toolchains=[AppleToolchain{identifier=com.apple.dt.toolchain.XcodeDefault, path=/Users/stevenlee/Downloads/Xcode.app/Contents/Developer/Toolchains/XcodeDefault.xctoolchain}]}
[2019-04-13 23:18:49.513][debug][command:null][tid:14][com.facebook.buck.apple.toolchain.impl.AppleSdkDiscovery] Fetching SDK name for /Users/stevenlee/Downloads/Xcode.app/Contents/Developer/Platforms/iPhoneSimulator.platform/Developer/SDKs/iPhoneSimulator12.1.sdk
[2019-04-13 23:18:49.513][debug][command:null][tid:14][com.facebook.buck.apple.toolchain.impl.AppleSdkDiscovery] Skipping already scanned SDK directory /Users/stevenlee/Downloads/Xcode.app/Contents/Developer/Platforms/iPhoneSimulator.platform/Developer/SDKs/iPhoneSimulator.sdk
[2019-04-13 23:18:49.513][warn ][command:null][tid:14][com.facebook.buck.core.toolchain.impl.DefaultToolchainProvider] Cannot create a toolchain: android-ndk-location. Cause: Android NDK could not be found. Make sure to set one of these  environment variables: ANDROID_NDK_REPOSITORY, ANDROID_NDK, or NDK_HOME or ndk.ndk_path or ndk.ndk_repository_path in your .buckconfig
[2019-04-13 23:18:49.516][debug][command:345950f7-29d6-4507-8ba8-6bbfd7d6afd0][tid:14][com.facebook.buck.event.listener.RenderingConsole] Starting render scheduler (interval 100 ms)
[2019-04-13 23:18:49.516][debug][command:345950f7-29d6-4507-8ba8-6bbfd7d6afd0][tid:14][com.google.common.util.concurrent.ServiceManager] Starting PerfStatsTracking [STARTING].
[2019-04-13 23:18:49.517][debug][command:345950f7-29d6-4507-8ba8-6bbfd7d6afd0][tid:14][com.google.common.util.concurrent.ServiceManager] Starting ProcessTracker [STARTING].
[2019-04-13 23:18:49.517][debug][command:345950f7-29d6-4507-8ba8-6bbfd7d6afd0][tid:14][com.facebook.buck.util.environment.MacWifiSsidFinder] Getting current SSID..
[2019-04-13 23:18:49.517][debug][command:null][tid:5537][com.facebook.buck.util.perf.ProcessTracker] startUp
[2019-04-13 23:18:49.517][debug][command:null][tid:5536][com.google.common.util.concurrent.ServiceManager] Started PerfStatsTracking [RUNNING] in 662.8 μs.
[2019-04-13 23:18:49.518][debug][command:null][tid:5537][com.google.common.util.concurrent.ServiceManager] Started ProcessTracker [RUNNING] in 1.949 ms.
[2019-04-13 23:18:49.518][debug][command:345950f7-29d6-4507-8ba8-6bbfd7d6afd0][tid:14][com.facebook.buck.util.environment.MacWifiSsidFinder] Getting SSID from Wi-Fi interface: <CWInterface: 0x7faff1909d90> [interfaceName=en0]
[2019-04-13 23:18:49.519][debug][command:345950f7-29d6-4507-8ba8-6bbfd7d6afd0][tid:14][com.facebook.buck.util.environment.MacWifiSsidFinder] Found SSID: fam_5G
[2019-04-13 23:18:49.519][debug][command:345950f7-29d6-4507-8ba8-6bbfd7d6afd0][tid:14][com.facebook.buck.cli.Main] InvocationInfo BuildId=[345950f7-29d6-4507-8ba8-6bbfd7d6afd0] Args=[build, //BuckTest:BuckTest]
[2019-04-13 23:18:49.520][warn ][command:null][tid:5540][com.facebook.buck.event.listener.PublicAnnouncementManager] Failed to get public announcements. Reason: Failed to establish connection to server.
[2019-04-13 23:18:49.520][debug][command:null][tid:5541][com.facebook.buck.util.environment.MacNetworkConfiguration] Determine network service order and extract device names
[2019-04-13 23:18:49.521][debug][command:null][tid:5541][com.facebook.buck.util.ListeningProcessExecutor] Launching process with params ProcessExecutorParams{command=[networksetup, -listnetworkserviceorder, ]}
[2019-04-13 23:18:49.522][debug][command:null][tid:5541][com.facebook.buck.util.ListeningProcessExecutor] Successfully launched process com.zaxxer.nuprocess.osx.OsxProcess@3f1d6626
[2019-04-13 23:18:49.522][debug][command:null][tid:5541][com.facebook.buck.util.ListeningProcessExecutor] Waiting for process com.facebook.buck.util.ListeningProcessExecutor$LaunchedProcessImpl@7355e1b0 timeout 1000 MILLISECONDS
[2019-04-13 23:18:49.542][debug][command:null][tid:5545][com.facebook.buck.io.watchman.WatchmanTransportClient] Query [query, /Users/stevenlee/Downloads/BuckTest 3, {since=c:1554802630:396:1:22947, expression=[not, [anyof, [type, d], [dirname, .idea], [dirname, .buckd], [dirname, buck-out/cache], [dirname, tools], [dirname, .git], [dirname, buck-out/.trash], [dirname, buck-out], [match, [build], wholename, {includedotfiles=true}], [match, **/*.pbxproj, wholename, {includedotfiles=true}], [match, **/*.xcscheme, wholename, {includedotfiles=true}], [match, **/*.xcworkspacedata, wholename, {includedotfiles=true}], [match, **/*~, wholename, {includedotfiles=true}], [match, **/#*#, wholename, {includedotfiles=true}], [match, **/.#*, wholename, {includedotfiles=true}], [match, **/*.swo, wholename, {includedotfiles=true}], [match, **/*.swp, wholename, {includedotfiles=true}], [match, **/*.swpx, wholename, {includedotfiles=true}], [match, **/*.un~, wholename, {includedotfiles=true}], [match, **/*.netrhwist, wholename, {includedotfiles=true}], [match, .idea, wholename, {includedotfiles=true}], [match, .iml, wholename, {includedotfiles=true}], [match, **/*.pydevproject, wholename, {includedotfiles=true}], [match, .project, wholename, {includedotfiles=true}], [match, .metadata, wholename, {includedotfiles=true}], [match, **/*.tmp, wholename, {includedotfiles=true}], [match, **/*.bak, wholename, {includedotfiles=true}], [match, **/*.nib, wholename, {includedotfiles=true}], [match, .classpath, wholename, {includedotfiles=true}], [match, .settings, wholename, {includedotfiles=true}], [match, .loadpath, wholename, {includedotfiles=true}], [match, .externalToolBuilders, wholename, {includedotfiles=true}], [match, .cproject, wholename, {includedotfiles=true}], [match, .buildpath, wholename, {includedotfiles=true}], [match, .DS_Store, wholename, {includedotfiles=true}], [match, .AppleDouble, wholename, {includedotfiles=true}], [match, .LSOverride, wholename, {includedotfiles=true}], [match, .Spotlight-V100, wholename, {includedotfiles=true}], [match, .Trashes, wholename, {includedotfiles=true}], [match, $RECYCLE.BIN, wholename, {includedotfiles=true}], [match, **/*.sublime-workspace, wholename, {includedotfiles=true}]]], empty_on_fresh_instance=true, fields=[name, exists, new]}] returned in 12 ms
[2019-04-13 23:18:49.542][debug][command:null][tid:5545][com.facebook.buck.io.watchman.WatchmanWatcher] Updating Watchman Cursor from c:1554802630:396:1:22947 to c:1554802630:396:1:23066
[2019-04-13 23:18:49.542][warn ][command:null][tid:5545][com.facebook.buck.io.watchman.WatchmanWatcher] Posting WatchEvent: WatchmanPathEvent{cellPath=/Users/stevenlee/Downloads/BuckTest 3, kind=MODIFY, path=Podfile}
[2019-04-13 23:18:49.543][debug][command:null][tid:5545][com.facebook.buck.io.watchman.WatchmanWatcher] Posted 1 Watchman events.
[2019-04-13 23:18:49.543][debug][command:null][tid:5545][com.facebook.buck.io.watchman.WatchmanTransportClient] Closing Watchman transport.
[2019-04-13 23:18:49.544][info ][command:345950f7-29d6-4507-8ba8-6bbfd7d6afd0][tid:5543][com.facebook.buck.event.listener.LoggingBuildListener] Build started at 2019-04-13 23:18:49.544
[2019-04-13 23:18:49.547][info ][command:345950f7-29d6-4507-8ba8-6bbfd7d6afd0][tid:14][com.facebook.buck.core.model.actiongraph.computation.ActionGraphProvider] ActionGraph cache hit.
[2019-04-13 23:18:49.547][debug][command:345950f7-29d6-4507-8ba8-6bbfd7d6afd0][tid:5543][com.facebook.buck.event.listener.SuperConsoleEventBusListener] Action graph cache hit
[2019-04-13 23:18:49.547][debug][command:345950f7-29d6-4507-8ba8-6bbfd7d6afd0][tid:14][com.facebook.buck.core.build.engine.impl.MetadataChecker] Checking metadata_storage for /Users/stevenlee/Downloads/BuckTest 3
[2019-04-13 23:18:49.567][warn ][command:345950f7-29d6-4507-8ba8-6bbfd7d6afd0][tid:5548][com.facebook.buck.rules.keys.RuleKeyBuilder] Attempting to add absolute path to rule key. Only using file name: /usr/bin/codesign
[2019-04-13 23:18:49.569][info ][command:345950f7-29d6-4507-8ba8-6bbfd7d6afd0][tid:5543][com.facebook.buck.event.listener.LoggingBuildListener] Build finished at 2019-04-13 23:18:49.569
[2019-04-13 23:18:49.570][debug][command:345950f7-29d6-4507-8ba8-6bbfd7d6afd0][tid:5537][com.facebook.buck.util.perf.ProcessTracker] shutDown
[2019-04-13 23:18:49.570][debug][command:null][tid:5536][com.google.common.util.concurrent.ServiceManager] Service PerfStatsTracking [TERMINATED] has terminated. Previous state was: STOPPING
[2019-04-13 23:18:49.570][debug][command:345950f7-29d6-4507-8ba8-6bbfd7d6afd0][tid:14][com.facebook.buck.event.listener.RenderingConsole] Stopping render scheduler
[2019-04-13 23:18:49.571][info ][command:345950f7-29d6-4507-8ba8-6bbfd7d6afd0][tid:14][com.facebook.buck.cli.Main] Awaiting termination of PROJECT executor service. Waiting for all jobs to complete, or up to maximum of 60 seconds...
[2019-04-13 23:18:49.571][info ][command:345950f7-29d6-4507-8ba8-6bbfd7d6afd0][tid:14][com.facebook.buck.cli.Main] Successfully terminated PROJECT executor service.
[2019-04-13 23:18:49.571][info ][command:345950f7-29d6-4507-8ba8-6bbfd7d6afd0][tid:14][com.facebook.buck.cli.Main] Awaiting termination of NETWORK executor service. Waiting for all jobs to complete, or up to maximum of 60 seconds...
[2019-04-13 23:18:49.571][info ][command:345950f7-29d6-4507-8ba8-6bbfd7d6afd0][tid:14][com.facebook.buck.cli.Main] Successfully terminated NETWORK executor service.
[2019-04-13 23:18:49.571][info ][command:345950f7-29d6-4507-8ba8-6bbfd7d6afd0][tid:14][com.facebook.buck.cli.Main] Awaiting termination of CPU executor service. Waiting for all jobs to complete, or up to maximum of 60 seconds...
[2019-04-13 23:18:49.571][info ][command:345950f7-29d6-4507-8ba8-6bbfd7d6afd0][tid:14][com.facebook.buck.cli.Main] Successfully terminated CPU executor service.
[2019-04-13 23:18:49.571][info ][command:345950f7-29d6-4507-8ba8-6bbfd7d6afd0][tid:14][com.facebook.buck.cli.Main] Awaiting termination of ScheduledExecutorService executor service. Waiting for all jobs to complete, or up to maximum of 60 seconds...
[2019-04-13 23:18:49.571][info ][command:345950f7-29d6-4507-8ba8-6bbfd7d6afd0][tid:14][com.facebook.buck.cli.Main] Successfully terminated ScheduledExecutorService executor service.
[2019-04-13 23:18:49.571][info ][command:345950f7-29d6-4507-8ba8-6bbfd7d6afd0][tid:14][com.facebook.buck.cli.Main] Awaiting termination of CounterAggregatorExecutor executor service. Waiting for all jobs to complete, or up to maximum of 20 seconds...
[2019-04-13 23:18:49.571][info ][command:345950f7-29d6-4507-8ba8-6bbfd7d6afd0][tid:14][com.facebook.buck.cli.Main] Successfully terminated CounterAggregatorExecutor executor service.
[2019-04-13 23:18:49.571][info ][command:345950f7-29d6-4507-8ba8-6bbfd7d6afd0][tid:14][com.facebook.buck.cli.Main] Awaiting termination of HTTP Read executor service. Waiting for all jobs to complete, or up to maximum of 1800 seconds...
[2019-04-13 23:18:49.571][debug][command:345950f7-29d6-4507-8ba8-6bbfd7d6afd0][tid:5537][com.google.common.util.concurrent.ServiceManager] Service ProcessTracker [TERMINATED] has terminated. Previous state was: STOPPING
[2019-04-13 23:18:49.571][info ][command:345950f7-29d6-4507-8ba8-6bbfd7d6afd0][tid:14][com.facebook.buck.cli.Main] Successfully terminated HTTP Read executor service.
[2019-04-13 23:18:49.571][info ][command:345950f7-29d6-4507-8ba8-6bbfd7d6afd0][tid:14][com.facebook.buck.cli.Main] Awaiting termination of Download Heavy Build HTTP Read executor service. Waiting for all jobs to complete, or up to maximum of 1800 seconds...
[2019-04-13 23:18:49.571][info ][command:345950f7-29d6-4507-8ba8-6bbfd7d6afd0][tid:14][com.facebook.buck.cli.Main] Successfully terminated Download Heavy Build HTTP Read executor service.
[2019-04-13 23:18:49.571][info ][command:345950f7-29d6-4507-8ba8-6bbfd7d6afd0][tid:14][com.facebook.buck.cli.Main] Awaiting termination of HTTP Write executor service. Waiting for all jobs to complete, or up to maximum of 1800 seconds...
[2019-04-13 23:18:49.571][info ][command:345950f7-29d6-4507-8ba8-6bbfd7d6afd0][tid:14][com.facebook.buck.cli.Main] Successfully terminated HTTP Write executor service.
[2019-04-13 23:18:49.571][info ][command:345950f7-29d6-4507-8ba8-6bbfd7d6afd0][tid:14][com.facebook.buck.cli.Main] Awaiting termination of Disk IO executor service. Waiting for all jobs to complete, or up to maximum of 10 seconds...
[2019-04-13 23:18:49.579][debug][command:null][tid:5541][com.facebook.buck.util.ListeningProcessExecutor] Wait for process returned 0
[2019-04-13 23:18:49.579][debug][command:null][tid:5541][com.facebook.buck.util.ListeningProcessExecutor] Destroying process com.facebook.buck.util.ListeningProcessExecutor$LaunchedProcessImpl@7355e1b0 (force true)
[2019-04-13 23:18:49.579][debug][command:null][tid:5541][com.facebook.buck.util.environment.MacNetworkConfiguration] Determine active state of media for device
[2019-04-13 23:18:49.579][debug][command:null][tid:5541][com.facebook.buck.util.ListeningProcessExecutor] Launching process with params ProcessExecutorParams{command=[networksetup, -getMedia, en7]}
[2019-04-13 23:18:49.580][debug][command:null][tid:5541][com.facebook.buck.util.ListeningProcessExecutor] Successfully launched process com.zaxxer.nuprocess.osx.OsxProcess@336bb5e
[2019-04-13 23:18:49.580][debug][command:null][tid:5541][com.facebook.buck.util.ListeningProcessExecutor] Waiting for process com.facebook.buck.util.ListeningProcessExecutor$LaunchedProcessImpl@4c4b3a58 timeout 1000 MILLISECONDS
[2019-04-13 23:18:49.610][debug][command:null][tid:5541][com.facebook.buck.util.ListeningProcessExecutor] Wait for process returned 4
[2019-04-13 23:18:49.610][debug][command:null][tid:5541][com.facebook.buck.util.ListeningProcessExecutor] Destroying process com.facebook.buck.util.ListeningProcessExecutor$LaunchedProcessImpl@4c4b3a58 (force true)
[2019-04-13 23:18:49.610][debug][command:null][tid:5541][com.facebook.buck.util.environment.MacNetworkConfiguration] Determine active state of media for device
[2019-04-13 23:18:49.610][debug][command:null][tid:5541][com.facebook.buck.util.ListeningProcessExecutor] Launching process with params ProcessExecutorParams{command=[networksetup, -getMedia, en8]}
[2019-04-13 23:18:49.611][debug][command:null][tid:5541][com.facebook.buck.util.ListeningProcessExecutor] Successfully launched process com.zaxxer.nuprocess.osx.OsxProcess@782ae09e
[2019-04-13 23:18:49.611][debug][command:null][tid:5541][com.facebook.buck.util.ListeningProcessExecutor] Waiting for process com.facebook.buck.util.ListeningProcessExecutor$LaunchedProcessImpl@18c6f358 timeout 1000 MILLISECONDS
[2019-04-13 23:18:49.642][debug][command:null][tid:5541][com.facebook.buck.util.ListeningProcessExecutor] Wait for process returned 4
[2019-04-13 23:18:49.642][debug][command:null][tid:5541][com.facebook.buck.util.ListeningProcessExecutor] Destroying process com.facebook.buck.util.ListeningProcessExecutor$LaunchedProcessImpl@18c6f358 (force true)
[2019-04-13 23:18:49.642][debug][command:null][tid:5541][com.facebook.buck.util.environment.MacNetworkConfiguration] Determine active state of media for device
[2019-04-13 23:18:49.642][debug][command:null][tid:5541][com.facebook.buck.util.ListeningProcessExecutor] Launching process with params ProcessExecutorParams{command=[networksetup, -getMedia, en0]}
[2019-04-13 23:18:49.643][debug][command:null][tid:5541][com.facebook.buck.util.ListeningProcessExecutor] Successfully launched process com.zaxxer.nuprocess.osx.OsxProcess@60aa1c55
[2019-04-13 23:18:49.643][debug][command:null][tid:5541][com.facebook.buck.util.ListeningProcessExecutor] Waiting for process com.facebook.buck.util.ListeningProcessExecutor$LaunchedProcessImpl@7a249545 timeout 1000 MILLISECONDS
[2019-04-13 23:18:49.674][debug][command:null][tid:5541][com.facebook.buck.util.ListeningProcessExecutor] Wait for process returned 0
[2019-04-13 23:18:49.674][debug][command:null][tid:5541][com.facebook.buck.util.ListeningProcessExecutor] Destroying process com.facebook.buck.util.ListeningProcessExecutor$LaunchedProcessImpl@7a249545 (force true)
[2019-04-13 23:18:49.674][debug][command:null][tid:5541][com.facebook.buck.util.environment.MacNetworkConfiguration] Determine WiFi SSID of device
[2019-04-13 23:18:49.674][debug][command:null][tid:5541][com.facebook.buck.util.ListeningProcessExecutor] Launching process with params ProcessExecutorParams{command=[networksetup, -getairportnetwork, en0]}
[2019-04-13 23:18:49.675][debug][command:null][tid:5541][com.facebook.buck.util.ListeningProcessExecutor] Successfully launched process com.zaxxer.nuprocess.osx.OsxProcess@20e4229a
[2019-04-13 23:18:49.675][debug][command:null][tid:5541][com.facebook.buck.util.ListeningProcessExecutor] Waiting for process com.facebook.buck.util.ListeningProcessExecutor$LaunchedProcessImpl@70773dee timeout 1000 MILLISECONDS
[2019-04-13 23:18:49.710][debug][command:null][tid:5541][com.facebook.buck.util.ListeningProcessExecutor] Wait for process returned 0
[2019-04-13 23:18:49.710][debug][command:null][tid:5541][com.facebook.buck.util.ListeningProcessExecutor] Destroying process com.facebook.buck.util.ListeningProcessExecutor$LaunchedProcessImpl@70773dee (force true)
[2019-04-13 23:18:49.710][info ][command:345950f7-29d6-4507-8ba8-6bbfd7d6afd0][tid:14][com.facebook.buck.cli.Main] Successfully terminated Disk IO executor service.
[2019-04-13 23:18:49.710][debug][command:345950f7-29d6-4507-8ba8-6bbfd7d6afd0][tid:14][com.facebook.nailgun.NGCommunicator] Shutting down socket for input
[2019-04-13 23:18:49.710][debug][command:null][tid:81][com.facebook.buck.io.AsynchronousDirectoryContentsCleaner] Starting to clean buck-out/.trash
[2019-04-13 23:18:49.710][debug][command:345950f7-29d6-4507-8ba8-6bbfd7d6afd0][tid:14][com.facebook.nailgun.NGCommunicator] Shutting down socket for output
[2019-04-13 23:18:49.710][debug][command:null][tid:81][com.facebook.buck.io.AsynchronousDirectoryContentsCleaner] Done cleaning buck-out/.trash
[2019-04-13 23:18:49.710][debug][command:null][tid:5528][com.facebook.nailgun.NGCommunicator] Socket is disconnected
[2019-04-13 23:18:49.710][debug][command:null][tid:5528][com.facebook.nailgun.NGCommunicator] Nailgun client disconnected
[2019-04-13 23:18:49.710][debug][command:null][tid:5528][com.facebook.nailgun.NGCommunicator] Orchestrator thread finished
[2019-04-13 23:18:49.710][debug][command:null][tid:3053][com.facebook.buck.event.listener.ChromeTraceBuildListener] Writing Chrome trace to buck-out/log/2019-04-13_15h18m49s_buildcommand_345950f7-29d6-4507-8ba8-6bbfd7d6afd0/build.2019-04-13.23-18-49.345950f7-29d6-4507-8ba8-6bbfd7d6afd0.trace
[2019-04-13 23:18:49.715][debug][command:null][tid:14][com.facebook.buck.cli.Main] Done.
[2019-04-13 23:18:49.716][info ][command:null][tid:14][com.facebook.nailgun.NGSession] Nail cleanly exited with status 0
[2019-04-13 23:18:49.716][debug][command:null][tid:14][com.facebook.nailgun.NGCommunicator] Shutting down read ExecutorService
[2019-04-13 23:18:49.716][debug][command:null][tid:14][com.facebook.nailgun.NGCommunicator] Shutting down orchestrator ExecutorService
[2019-04-13 23:18:49.717][debug][command:null][tid:14][com.facebook.nailgun.NGSession] NGSession 1 is closing client socket
[2019-04-13 23:23:56.223][debug][command:null][tid:14][com.facebook.nailgun.NGSession] NGSession 1 accepted new connection
[2019-04-13 23:23:56.225][debug][command:null][tid:5559][com.facebook.nailgun.NGCommunicator] Orchestrator thread started
[2019-04-13 23:23:56.225][debug][command:null][tid:14][com.facebook.nailgun.NGCommunicator] Shutting down socket for input
[2019-04-13 23:23:56.225][debug][command:null][tid:14][com.facebook.nailgun.NGCommunicator] Shutting down socket for output
[2019-04-13 23:23:56.225][debug][command:null][tid:14][com.facebook.nailgun.NGCommunicator] Shutting down read ExecutorService
[2019-04-13 23:23:56.226][debug][command:null][tid:5559][com.facebook.nailgun.NGCommunicator] Socket is disconnected
[2019-04-13 23:23:56.226][debug][command:null][tid:14][com.facebook.nailgun.NGCommunicator] Shutting down orchestrator ExecutorService
[2019-04-13 23:23:56.226][debug][command:null][tid:5559][com.facebook.nailgun.NGCommunicator] Nailgun client disconnected
[2019-04-13 23:23:56.226][debug][command:null][tid:5559][com.facebook.nailgun.NGCommunicator] Orchestrator thread finished
[2019-04-13 23:23:56.226][debug][command:null][tid:14][com.facebook.nailgun.NGSession] NGSession 1 is closing client socket
[2019-04-13 23:23:56.238][debug][command:null][tid:14][com.facebook.nailgun.NGSession] NGSession 1 accepted new connection
[2019-04-13 23:23:56.240][debug][command:null][tid:5561][com.facebook.nailgun.NGCommunicator] Orchestrator thread started
[2019-04-13 23:23:56.240][debug][command:null][tid:14][com.facebook.buck.util.config.Configs] Loading configuration for /Users/stevenlee/Downloads/BuckTest 3
[2019-04-13 23:23:56.241][debug][command:null][tid:14][com.facebook.buck.util.config.Configs] Loaded project configuration file /Users/stevenlee/Downloads/BuckTest 3/.buckconfig
[2019-04-13 23:23:56.241][debug][command:null][tid:14][com.facebook.buck.util.config.Configs] Adding configuration overrides RawConfig{values={}}
[2019-04-13 23:23:56.242][debug][command:null][tid:14][com.facebook.buck.cli.Main] Rotating log.
