[2019-04-26 00:18:13.348][debug][command:null][tid:14][com.facebook.buck.cli.Main] Starting up (build date 2019-01-11 01:04:49 +0800, rev 2019.01.10.01), args: [build]
[2019-04-26 00:18:13.356][debug][command:null][tid:14][com.facebook.buck.cli.Main] System properties: {java.vendor=Oracle Corporation, sun.java.launcher=SUN_STANDARD, sun.management.compiler=HotSpot 64-Bit Tiered Compilers, jnidispatch.path=/Users/stevenlee/Downloads/BuckTest 3/.buckd/tmp/buck_run.Gt1ray/jna-1522160945/jna6845997044035269255.tmp, os.name=Mac OS X, buck.enable_objc=true, sun.boot.class.path=/Library/Java/JavaVirtualMachines/jdk1.8.0_201.jdk/Contents/Home/jre/lib/resources.jar:/Library/Java/JavaVirtualMachines/jdk1.8.0_201.jdk/Contents/Home/jre/lib/rt.jar:/Library/Java/JavaVirtualMachines/jdk1.8.0_201.jdk/Contents/Home/jre/lib/sunrsasign.jar:/Library/Java/JavaVirtualMachines/jdk1.8.0_201.jdk/Contents/Home/jre/lib/jsse.jar:/Library/Java/JavaVirtualMachines/jdk1.8.0_201.jdk/Contents/Home/jre/lib/jce.jar:/Library/Java/JavaVirtualMachines/jdk1.8.0_201.jdk/Contents/Home/jre/lib/charsets.jar:/Library/Java/JavaVirtualMachines/jdk1.8.0_201.jdk/Contents/Home/jre/lib/jfr.jar:/Library/Java/JavaVirtualMachines/jdk1.8.0_201.jdk/Contents/Home/jre/classes, user.country.format=SG, buck.module.resources=/Users/stevenlee/Downloads/BuckTest 3/.buckd/resources/2019.01.10.01/buck-modules-resources, pf4j.pluginsDir=/Users/stevenlee/Downloads/BuckTest 3/.buckd/resources/2019.01.10.01/buck-modules, buck.resource_lock_path=/Users/stevenlee/Downloads/BuckTest 3/.buckd/resources/2019.01.10.01/.buck_lock, buck.path_to_isolated_trampoline=/Users/stevenlee/Downloads/BuckTest 3/.buckd/resources/2019.01.10.01/path_to_isolated_trampoline, java.vm.specification.vendor=Oracle Corporation, java.runtime.version=1.8.0_201-b09, jna.loaded=true, buck.testrunner_classes=/Users/stevenlee/Downloads/BuckTest 3/.buckd/resources/2019.01.10.01/testrunner_classes, buck.logging_config_file=/Users/stevenlee/Downloads/BuckTest 3/.buckd/resources/2019.01.10.01/logging_config_file, buck.path_to_sh_binary_template=/Users/stevenlee/Downloads/BuckTest 3/.buckd/resources/2019.01.10.01/path_to_sh_binary_template, user.name=stevenlee, com.facebook.nailgun.NGServer.outputPath=/Users/stevenlee/Downloads/BuckTest 3/.buckd/tmp/buck_run.Gt1ray/ngserver-out, buck.path_to_pywatchman=/Users/stevenlee/Downloads/BuckTest 3/.buckd/resources/2019.01.10.01/path_to_pywatchman, buck.report_generator_jar=/Users/stevenlee/Downloads/BuckTest 3/.buckd/resources/2019.01.10.01/report_generator_jar, buck.git_commit=2019.01.10.01, user.language=en, sun.boot.library.path=/Library/Java/JavaVirtualMachines/jdk1.8.0_201.jdk/Contents/Home/jre/lib, jna.nosys=true, java.version=1.8.0_201, user.timezone=Asia/Singapore, buck.test_util_no_tests_dir=true, sun.arch.data.model=64, http.nonProxyHosts=local|*.local|169.254/16|*.169.254/16, java.endorsed.dirs=/Library/Java/JavaVirtualMachines/jdk1.8.0_201.jdk/Contents/Home/jre/lib/endorsed, sun.cpu.isalist=, sun.jnu.encoding=UTF-8, file.encoding.pkg=sun.io, file.separator=/, java.specification.name=Java Platform API Specification, buck.jacoco_agent_jar=/Users/stevenlee/Downloads/BuckTest 3/.buckd/resources/2019.01.10.01/jacoco_agent_jar, java.class.version=52.0, user.country=GB, buck.binary_hash=f264911c029270b76498275d681c2768, java.home=/Library/Java/JavaVirtualMachines/jdk1.8.0_201.jdk/Contents/Home/jre, buck.fix_script=/Users/stevenlee/Downloads/BuckTest 3/.buckd/resources/2019.01.10.01/fix_script, java.vm.info=mixed mode, os.version=10.14.4, buck.version_uid=2019.01.10.01, org.eclipse.jetty.util.log.class=org.eclipse.jetty.util.log.JavaUtilLog, path.separator=:, java.vm.version=25.201-b09, java.awt.printerjob=sun.lwawt.macosx.CPrinterJob, sun.io.unicode.encoding=UnicodeBig, awt.toolkit=sun.lwawt.macosx.LWCToolkit, buck.mode=package, buck.buck_build_type_info=/Users/stevenlee/Downloads/BuckTest 3/.buckd/resources/2019.01.10.01/buck_build_type_info, socksNonProxyHosts=local|*.local|169.254/16|*.169.254/16, ftp.nonProxyHosts=local|*.local|169.254/16|*.169.254/16, buck.dx=/Users/stevenlee/Downloads/BuckTest 3/.buckd/resources/2019.01.10.01/dx, buck.git_commit_timestamp=1547139889, user.home=/Users/stevenlee, java.specification.vendor=Oracle Corporation, buck.git_dirty=0, java.library.path=/Users/stevenlee/Downloads/BuckTest 3/.buckd/resources/2019.01.10.01, java.vendor.url=http://java.oracle.com/, java.vm.vendor=Oracle Corporation, gopherProxySet=false, java.runtime.name=Java(TM) SE Runtime Environment, sun.java.command=com.facebook.buck.cli.bootstrapper.ClassLoaderBootstrapper com.facebook.buck.cli.Main$DaemonBootstrap local:.buckd/sock 180000, java.class.path=/Users/stevenlee/Downloads/BuckTest 3/.buckd/resources/2019.01.10.01/bootstrapper_jar, buck.buckd_dir=/Users/stevenlee/Downloads/BuckTest 3/.buckd, buck.path_to_pathlib_py=/Users/stevenlee/Downloads/BuckTest 3/.buckd/resources/2019.01.10.01/pathlib.py, buck.buckd_launch_time_nanos=413518855488523, java.vm.specification.name=Java Virtual Machine Specification, java.vm.specification.version=1.8, sun.cpu.endian=little, sun.os.patch.level=unknown, java.awt.headless=true, java.io.tmpdir=/Users/stevenlee/Downloads/BuckTest 3/.buckd/tmp/buck_run.Gt1ray, buck.android_agent_path=/Users/stevenlee/Downloads/BuckTest 3/.buckd/resources/2019.01.10.01/android_agent_path, java.vendor.url.bug=http://bugreport.sun.com/bugreport/, buck.path_to_python_dsl=, jna.platform.library.path=/usr/lib:/usr/lib, os.arch=x86_64, java.awt.graphicsenv=sun.awt.CGraphicsEnvironment, java.ext.dirs=/Users/stevenlee/Library/Java/Extensions:/Library/Java/JavaVirtualMachines/jdk1.8.0_201.jdk/Contents/Home/jre/lib/ext:/Library/Java/Extensions:/Network/Library/Java/Extensions:/System/Library/Java/Extensions:/usr/lib/java, java.util.logging.config.class=com.facebook.buck.cli.bootstrapper.LogConfig, buck.path_to_six_py=/Users/stevenlee/Downloads/BuckTest 3/.buckd/resources/2019.01.10.01/six.py, user.dir=/Users/stevenlee/Downloads/BuckTest 3, java.nio.file.spi.DefaultFileSystemProvider=com.facebook.buck.cli.bootstrapper.filesystem.BuckFileSystemProvider, line.separator=
, java.vm.name=Java HotSpot(TM) 64-Bit Server VM, buck.path_to_typing=/Users/stevenlee/Downloads/BuckTest 3/.buckd/resources/2019.01.10.01/path_to_typing, buck.native_exopackage_fake_path=/Users/stevenlee/Downloads/BuckTest 3/.buckd/resources/2019.01.10.01/native_exopackage_fake_path, file.encoding=UTF-8, java.specification.version=1.8}
[2019-04-26 00:18:13.384][debug][command:null][tid:14][com.facebook.buck.util.config.Configs] Loading configuration for /Users/stevenlee/Downloads/BuckTest 3
[2019-04-26 00:18:13.386][debug][command:null][tid:14][com.facebook.buck.util.config.Configs] Loaded project configuration file /Users/stevenlee/Downloads/BuckTest 3/.buckconfig
[2019-04-26 00:18:13.386][debug][command:null][tid:14][com.facebook.buck.util.config.Configs] Adding configuration overrides RawConfig{values={}}
[2019-04-26 00:18:13.447][info ][command:null][tid:14][com.facebook.buck.io.watchman.WatchmanFactory] Creating for: [/Users/stevenlee/Downloads/BuckTest 3]
[2019-04-26 00:18:13.465][debug][command:null][tid:14][com.facebook.buck.io.ExecutableFinder] Executable 'watchman' mapped to 'Optional[/usr/local/bin/watchman]'
[2019-04-26 00:18:13.472][debug][command:null][tid:14][com.facebook.buck.util.ListeningProcessExecutor] Launching process with params ProcessExecutorParams{command=[/usr/local/bin/watchman, --output-encoding=bser, get-sockname]}
[2019-04-26 00:18:13.516][debug][command:null][tid:14][com.facebook.buck.util.ListeningProcessExecutor] Successfully launched process com.zaxxer.nuprocess.osx.OsxProcess@d4ec1c1
[2019-04-26 00:18:13.516][debug][command:null][tid:14][com.facebook.buck.util.ListeningProcessExecutor] Waiting for process com.facebook.buck.util.ListeningProcessExecutor$LaunchedProcessImpl@1b693275 timeout 1000000000 NANOSECONDS
[2019-04-26 00:18:13.535][debug][command:null][tid:14][com.facebook.buck.util.ListeningProcessExecutor] Wait for process returned 0
[2019-04-26 00:18:13.537][debug][command:null][tid:14][com.facebook.buck.io.watchman.WatchmanFactory] Waited 19 ms for Watchman command get-sockname, exit code 0
[2019-04-26 00:18:13.540][debug][command:null][tid:14][com.facebook.buck.io.watchman.WatchmanFactory] stdout of command: {sockname=/usr/local/var/run/watchman/stevenlee-state/sock, version=4.9.0}
[2019-04-26 00:18:13.540][info ][command:null][tid:14][com.facebook.buck.io.watchman.WatchmanFactory] Connecting to Watchman version 4.9.0 at /usr/local/var/run/watchman/stevenlee-state/sock
[2019-04-26 00:18:13.557][debug][command:null][tid:14][com.facebook.buck.io.watchman.WatchmanTransportClient] Query [version, {required=[cmd-watch-project], optional=[term-dirname, cmd-watch-project, wildmatch, wildmatch_multislash, glob_generator, clock-sync-timeout]}] returned in 1 ms
[2019-04-26 00:18:13.558][info ][command:null][tid:14][com.facebook.buck.io.watchman.WatchmanFactory] Took 5 ms to query capabilities {term-dirname=DIRNAME, cmd-watch-project=SUPPORTS_PROJECT_WATCH, wildmatch=WILDMATCH_GLOB, wildmatch_multislash=WILDMATCH_MULTISLASH, glob_generator=GLOB_GENERATOR, clock-sync-timeout=CLOCK_SYNC_TIMEOUT}
[2019-04-26 00:18:13.558][debug][command:null][tid:14][com.facebook.buck.io.watchman.WatchmanFactory] Got capabilities response: {clock-sync-timeout=true, glob_generator=true, wildmatch_multislash=false, cmd-watch-project=true, wildmatch=true, term-dirname=true}
[2019-04-26 00:18:13.558][debug][command:null][tid:14][com.facebook.buck.io.watchman.WatchmanFactory] Got Watchman capabilities: [CLOCK_SYNC_TIMEOUT, GLOB_GENERATOR, SUPPORTS_PROJECT_WATCH, WILDMATCH_GLOB, DIRNAME]
[2019-04-26 00:18:13.558][info ][command:null][tid:14][com.facebook.buck.io.watchman.WatchmanFactory] Adding watchman root: /Users/stevenlee/Downloads/BuckTest 3
[2019-04-26 00:18:13.596][debug][command:null][tid:14][com.facebook.buck.io.watchman.WatchmanTransportClient] Query [watch-project, /Users/stevenlee/Downloads/BuckTest 3] returned in 37 ms
[2019-04-26 00:18:13.597][debug][command:null][tid:14][com.facebook.buck.io.watchman.WatchmanTransportClient] Query [watch-project, /Users/stevenlee/Downloads/BuckTest 3] returned in 0 ms
[2019-04-26 00:18:13.597][info ][command:null][tid:14][com.facebook.buck.io.watchman.WatchmanFactory] Took 38 ms to add root /Users/stevenlee/Downloads/BuckTest 3
[2019-04-26 00:18:13.612][debug][command:null][tid:14][com.facebook.buck.io.watchman.WatchmanTransportClient] Query [clock, /Users/stevenlee/Downloads/BuckTest 3, {sync_timeout=100}] returned in 12 ms
[2019-04-26 00:18:13.613][info ][command:null][tid:14][com.facebook.buck.io.watchman.WatchmanFactory] Took 13 ms to query for initial clock id Optional[c:1555333328:392:1:12024]
[2019-04-26 00:18:13.613][debug][command:null][tid:14][com.facebook.buck.io.watchman.WatchmanFactory] Connected to Watchman
[2019-04-26 00:18:13.614][debug][command:null][tid:14][com.facebook.buck.io.watchman.WatchmanTransportClient] Closing Watchman transport.
[2019-04-26 00:18:13.615][debug][command:null][tid:14][com.facebook.buck.cli.Main] Watchman capabilities: [CLOCK_SYNC_TIMEOUT, GLOB_GENERATOR, SUPPORTS_PROJECT_WATCH, WILDMATCH_GLOB, DIRNAME] Project watches: {/Users/stevenlee/Downloads/BuckTest 3=ProjectWatch{watchRoot=/Users/stevenlee/Downloads/BuckTest 3}} Glob handler config: PYTHON Query timeout ms config: Optional.empty
[2019-04-26 00:18:13.634][warn ][command:null][tid:14][com.facebook.buck.core.plugin.impl.DefaultBuckPluginManager] Time to load instances of interface com.facebook.buck.core.rules.config.ConfigurationRuleDescriptionProvider: 17
[2019-04-26 00:18:13.659][warn ][command:null][tid:14][com.facebook.buck.core.plugin.impl.DefaultBuckPluginManager] Time to load instances of interface com.facebook.buck.core.toolchain.ToolchainSupplier: 17
[2019-04-26 00:18:13.686][warn ][command:null][tid:14][com.facebook.buck.core.plugin.impl.DefaultBuckPluginManager] Time to load instances of interface com.facebook.buck.event.listener.devspeed.DevspeedTelemetryPlugin: 0
[2019-04-26 00:18:13.710][debug][command:null][tid:14][com.facebook.buck.cli.DaemonLifecycleManager] Starting up daemon for project root [/Users/stevenlee/Downloads/BuckTest 3]
[2019-04-26 00:18:13.916][warn ][command:null][tid:14][com.facebook.buck.cli.Daemon] Can't start web server
[2019-04-26 00:18:13.916][debug][command:null][tid:14][com.facebook.buck.cli.Daemon] Using Watchman Cursor: {/Users/stevenlee/Downloads/BuckTest 3=c:1555333328:392:1:12024}
[2019-04-26 00:18:13.958][debug][command:4a084f65-a2a1-4f49-bde6-287ed90e91c1][tid:14][com.facebook.buck.event.listener.RenderingConsole] Starting render scheduler (interval 100 ms)
[2019-04-26 00:18:13.968][debug][command:4a084f65-a2a1-4f49-bde6-287ed90e91c1][tid:14][com.google.common.util.concurrent.ServiceManager] Starting PerfStatsTracking [RUNNING].
[2019-04-26 00:18:13.968][debug][command:4a084f65-a2a1-4f49-bde6-287ed90e91c1][tid:14][com.google.common.util.concurrent.ServiceManager] Started PerfStatsTracking [RUNNING] in 459.3 μs.
[2019-04-26 00:18:13.970][debug][command:4a084f65-a2a1-4f49-bde6-287ed90e91c1][tid:14][com.google.common.util.concurrent.ServiceManager] Starting ProcessTracker [STARTING].
[2019-04-26 00:18:13.970][debug][command:null][tid:25][com.facebook.buck.util.perf.ProcessTracker] startUp
[2019-04-26 00:18:13.978][debug][command:4a084f65-a2a1-4f49-bde6-287ed90e91c1][tid:14][com.facebook.buck.util.environment.MacWifiSsidFinder] Getting current SSID..
[2019-04-26 00:18:14.021][debug][command:null][tid:25][com.google.common.util.concurrent.ServiceManager] Started ProcessTracker [RUNNING] in 50.71 ms.
[2019-04-26 00:18:14.023][debug][command:4a084f65-a2a1-4f49-bde6-287ed90e91c1][tid:14][com.facebook.buck.util.environment.MacWifiSsidFinder] Getting SSID from Wi-Fi interface: <CWInterface: 0x7fa54defa500> [interfaceName=en0]
[2019-04-26 00:18:14.029][debug][command:4a084f65-a2a1-4f49-bde6-287ed90e91c1][tid:14][com.facebook.buck.util.environment.MacWifiSsidFinder] Found SSID: fam_5G
[2019-04-26 00:18:14.033][debug][command:4a084f65-a2a1-4f49-bde6-287ed90e91c1][tid:14][com.facebook.buck.cli.Main] InvocationInfo BuildId=[4a084f65-a2a1-4f49-bde6-287ed90e91c1] Args=[build]
[2019-04-26 00:18:14.111][debug][command:4a084f65-a2a1-4f49-bde6-287ed90e91c1][tid:14][com.facebook.buck.cli.Main] new Buck daemon
[2019-04-26 00:18:14.113][warn ][command:null][tid:28][com.facebook.buck.event.listener.PublicAnnouncementManager] Failed to get public announcements. Reason: Failed to establish connection to server.
[2019-04-26 00:18:14.119][debug][command:null][tid:30][com.facebook.buck.util.environment.MacNetworkConfiguration] Determine network service order and extract device names
[2019-04-26 00:18:14.124][debug][command:null][tid:30][com.facebook.buck.util.ListeningProcessExecutor] Launching process with params ProcessExecutorParams{command=[networksetup, -listnetworkserviceorder, ]}
[2019-04-26 00:18:14.127][debug][command:null][tid:30][com.facebook.buck.util.ListeningProcessExecutor] Successfully launched process com.zaxxer.nuprocess.osx.OsxProcess@2bab94b8
[2019-04-26 00:18:14.129][debug][command:null][tid:30][com.facebook.buck.util.ListeningProcessExecutor] Waiting for process com.facebook.buck.util.ListeningProcessExecutor$LaunchedProcessImpl@7bde63d0 timeout 1000 MILLISECONDS
[2019-04-26 00:18:14.164][debug][command:null][tid:34][com.facebook.buck.io.watchman.WatchmanTransportClient] Query [query, /Users/stevenlee/Downloads/BuckTest 3, {since=c:1555333328:392:1:12024, expression=[not, [anyof, [type, d], [dirname, .idea], [dirname, .buckd], [dirname, buck-out/cache], [dirname, tools], [dirname, .git], [dirname, buck-out/.trash], [dirname, buck-out], [match, [build], wholename, {includedotfiles=true}], [match, **/*.pbxproj, wholename, {includedotfiles=true}], [match, **/*.xcscheme, wholename, {includedotfiles=true}], [match, **/*.xcworkspacedata, wholename, {includedotfiles=true}], [match, **/*~, wholename, {includedotfiles=true}], [match, **/#*#, wholename, {includedotfiles=true}], [match, **/.#*, wholename, {includedotfiles=true}], [match, **/*.swo, wholename, {includedotfiles=true}], [match, **/*.swp, wholename, {includedotfiles=true}], [match, **/*.swpx, wholename, {includedotfiles=true}], [match, **/*.un~, wholename, {includedotfiles=true}], [match, **/*.netrhwist, wholename, {includedotfiles=true}], [match, .idea, wholename, {includedotfiles=true}], [match, .iml, wholename, {includedotfiles=true}], [match, **/*.pydevproject, wholename, {includedotfiles=true}], [match, .project, wholename, {includedotfiles=true}], [match, .metadata, wholename, {includedotfiles=true}], [match, **/*.tmp, wholename, {includedotfiles=true}], [match, **/*.bak, wholename, {includedotfiles=true}], [match, **/*.nib, wholename, {includedotfiles=true}], [match, .classpath, wholename, {includedotfiles=true}], [match, .settings, wholename, {includedotfiles=true}], [match, .loadpath, wholename, {includedotfiles=true}], [match, .externalToolBuilders, wholename, {includedotfiles=true}], [match, .cproject, wholename, {includedotfiles=true}], [match, .buildpath, wholename, {includedotfiles=true}], [match, .DS_Store, wholename, {includedotfiles=true}], [match, .AppleDouble, wholename, {includedotfiles=true}], [match, .LSOverride, wholename, {includedotfiles=true}], [match, .Spotlight-V100, wholename, {includedotfiles=true}], [match, .Trashes, wholename, {includedotfiles=true}], [match, $RECYCLE.BIN, wholename, {includedotfiles=true}], [match, **/*.sublime-workspace, wholename, {includedotfiles=true}]]], empty_on_fresh_instance=true, fields=[name, exists, new]}] returned in 11 ms
[2019-04-26 00:18:14.166][debug][command:null][tid:34][com.facebook.buck.io.watchman.WatchmanWatcher] Updating Watchman Cursor from c:1555333328:392:1:12024 to c:1555333328:392:1:12029
[2019-04-26 00:18:14.167][debug][command:null][tid:34][com.facebook.buck.io.watchman.WatchmanWatcher] Posted 0 Watchman events.
[2019-04-26 00:18:14.167][debug][command:null][tid:34][com.facebook.buck.io.watchman.WatchmanTransportClient] Closing Watchman transport.
[2019-04-26 00:18:14.177][debug][command:null][tid:30][com.facebook.buck.util.ListeningProcessExecutor] Wait for process returned 0
[2019-04-26 00:18:14.178][debug][command:null][tid:30][com.facebook.buck.util.ListeningProcessExecutor] Destroying process com.facebook.buck.util.ListeningProcessExecutor$LaunchedProcessImpl@7bde63d0 (force true)
[2019-04-26 00:18:14.178][debug][command:null][tid:30][com.facebook.buck.util.environment.MacNetworkConfiguration] Determine active state of media for device
[2019-04-26 00:18:14.178][debug][command:null][tid:30][com.facebook.buck.util.ListeningProcessExecutor] Launching process with params ProcessExecutorParams{command=[networksetup, -getMedia, en7]}
[2019-04-26 00:18:14.180][debug][command:null][tid:30][com.facebook.buck.util.ListeningProcessExecutor] Successfully launched process com.zaxxer.nuprocess.osx.OsxProcess@3933da86
[2019-04-26 00:18:14.182][debug][command:null][tid:30][com.facebook.buck.util.ListeningProcessExecutor] Waiting for process com.facebook.buck.util.ListeningProcessExecutor$LaunchedProcessImpl@c1356f9 timeout 1000 MILLISECONDS
[2019-04-26 00:18:14.218][debug][command:null][tid:30][com.facebook.buck.util.ListeningProcessExecutor] Wait for process returned 4
[2019-04-26 00:18:14.218][debug][command:null][tid:30][com.facebook.buck.util.ListeningProcessExecutor] Destroying process com.facebook.buck.util.ListeningProcessExecutor$LaunchedProcessImpl@c1356f9 (force true)
[2019-04-26 00:18:14.218][debug][command:null][tid:30][com.facebook.buck.util.environment.MacNetworkConfiguration] Determine active state of media for device
[2019-04-26 00:18:14.218][debug][command:null][tid:30][com.facebook.buck.util.ListeningProcessExecutor] Launching process with params ProcessExecutorParams{command=[networksetup, -getMedia, en8]}
[2019-04-26 00:18:14.221][debug][command:4a084f65-a2a1-4f49-bde6-287ed90e91c1][tid:25][com.facebook.buck.util.perf.ProcessTracker] shutDown
[2019-04-26 00:18:14.221][debug][command:null][tid:30][com.facebook.buck.util.ListeningProcessExecutor] Successfully launched process com.zaxxer.nuprocess.osx.OsxProcess@142d1145
[2019-04-26 00:18:14.221][debug][command:null][tid:30][com.facebook.buck.util.ListeningProcessExecutor] Waiting for process com.facebook.buck.util.ListeningProcessExecutor$LaunchedProcessImpl@6b7b818e timeout 1000 MILLISECONDS
[2019-04-26 00:18:14.221][debug][command:null][tid:24][com.google.common.util.concurrent.ServiceManager] Service PerfStatsTracking [TERMINATED] has terminated. Previous state was: STOPPING
[2019-04-26 00:18:14.223][debug][command:4a084f65-a2a1-4f49-bde6-287ed90e91c1][tid:14][com.facebook.buck.event.listener.RenderingConsole] Stopping render scheduler
[2019-04-26 00:18:14.225][debug][command:4a084f65-a2a1-4f49-bde6-287ed90e91c1][tid:25][com.google.common.util.concurrent.ServiceManager] Service ProcessTracker [TERMINATED] has terminated. Previous state was: STOPPING
[2019-04-26 00:18:14.227][info ][command:4a084f65-a2a1-4f49-bde6-287ed90e91c1][tid:14][com.facebook.buck.cli.Main] Awaiting termination of PROJECT executor service. Waiting for all jobs to complete, or up to maximum of 60 seconds...
[2019-04-26 00:18:14.228][info ][command:4a084f65-a2a1-4f49-bde6-287ed90e91c1][tid:14][com.facebook.buck.cli.Main] Successfully terminated PROJECT executor service.
[2019-04-26 00:18:14.228][info ][command:4a084f65-a2a1-4f49-bde6-287ed90e91c1][tid:14][com.facebook.buck.cli.Main] Awaiting termination of NETWORK executor service. Waiting for all jobs to complete, or up to maximum of 60 seconds...
[2019-04-26 00:18:14.228][info ][command:4a084f65-a2a1-4f49-bde6-287ed90e91c1][tid:14][com.facebook.buck.cli.Main] Successfully terminated NETWORK executor service.
[2019-04-26 00:18:14.228][info ][command:4a084f65-a2a1-4f49-bde6-287ed90e91c1][tid:14][com.facebook.buck.cli.Main] Awaiting termination of CPU executor service. Waiting for all jobs to complete, or up to maximum of 60 seconds...
[2019-04-26 00:18:14.228][info ][command:4a084f65-a2a1-4f49-bde6-287ed90e91c1][tid:14][com.facebook.buck.cli.Main] Successfully terminated CPU executor service.
[2019-04-26 00:18:14.228][info ][command:4a084f65-a2a1-4f49-bde6-287ed90e91c1][tid:14][com.facebook.buck.cli.Main] Awaiting termination of ScheduledExecutorService executor service. Waiting for all jobs to complete, or up to maximum of 60 seconds...
[2019-04-26 00:18:14.228][info ][command:4a084f65-a2a1-4f49-bde6-287ed90e91c1][tid:14][com.facebook.buck.cli.Main] Successfully terminated ScheduledExecutorService executor service.
[2019-04-26 00:18:14.229][info ][command:4a084f65-a2a1-4f49-bde6-287ed90e91c1][tid:14][com.facebook.buck.cli.Main] Awaiting termination of CounterAggregatorExecutor executor service. Waiting for all jobs to complete, or up to maximum of 20 seconds...
[2019-04-26 00:18:14.229][info ][command:4a084f65-a2a1-4f49-bde6-287ed90e91c1][tid:14][com.facebook.buck.cli.Main] Successfully terminated CounterAggregatorExecutor executor service.
[2019-04-26 00:18:14.229][info ][command:4a084f65-a2a1-4f49-bde6-287ed90e91c1][tid:14][com.facebook.buck.cli.Main] Awaiting termination of HTTP Read executor service. Waiting for all jobs to complete, or up to maximum of 1800 seconds...
[2019-04-26 00:18:14.229][info ][command:4a084f65-a2a1-4f49-bde6-287ed90e91c1][tid:14][com.facebook.buck.cli.Main] Successfully terminated HTTP Read executor service.
[2019-04-26 00:18:14.229][info ][command:4a084f65-a2a1-4f49-bde6-287ed90e91c1][tid:14][com.facebook.buck.cli.Main] Awaiting termination of Download Heavy Build HTTP Read executor service. Waiting for all jobs to complete, or up to maximum of 1800 seconds...
[2019-04-26 00:18:14.229][info ][command:4a084f65-a2a1-4f49-bde6-287ed90e91c1][tid:14][com.facebook.buck.cli.Main] Successfully terminated Download Heavy Build HTTP Read executor service.
[2019-04-26 00:18:14.230][info ][command:4a084f65-a2a1-4f49-bde6-287ed90e91c1][tid:14][com.facebook.buck.cli.Main] Awaiting termination of HTTP Write executor service. Waiting for all jobs to complete, or up to maximum of 1800 seconds...
[2019-04-26 00:18:14.230][info ][command:4a084f65-a2a1-4f49-bde6-287ed90e91c1][tid:14][com.facebook.buck.cli.Main] Successfully terminated HTTP Write executor service.
[2019-04-26 00:18:14.230][info ][command:4a084f65-a2a1-4f49-bde6-287ed90e91c1][tid:14][com.facebook.buck.cli.Main] Awaiting termination of Disk IO executor service. Waiting for all jobs to complete, or up to maximum of 10 seconds...
[2019-04-26 00:18:14.257][debug][command:null][tid:30][com.facebook.buck.util.ListeningProcessExecutor] Wait for process returned 4
[2019-04-26 00:18:14.257][debug][command:null][tid:30][com.facebook.buck.util.ListeningProcessExecutor] Destroying process com.facebook.buck.util.ListeningProcessExecutor$LaunchedProcessImpl@6b7b818e (force true)
[2019-04-26 00:18:14.257][debug][command:null][tid:30][com.facebook.buck.util.environment.MacNetworkConfiguration] Determine active state of media for device
[2019-04-26 00:18:14.257][debug][command:null][tid:30][com.facebook.buck.util.ListeningProcessExecutor] Launching process with params ProcessExecutorParams{command=[networksetup, -getMedia, en0]}
[2019-04-26 00:18:14.260][debug][command:null][tid:30][com.facebook.buck.util.ListeningProcessExecutor] Successfully launched process com.zaxxer.nuprocess.osx.OsxProcess@7c922f2
[2019-04-26 00:18:14.261][debug][command:null][tid:30][com.facebook.buck.util.ListeningProcessExecutor] Waiting for process com.facebook.buck.util.ListeningProcessExecutor$LaunchedProcessImpl@5edf81b2 timeout 1000 MILLISECONDS
[2019-04-26 00:18:14.291][debug][command:null][tid:30][com.facebook.buck.util.ListeningProcessExecutor] Wait for process returned 0
[2019-04-26 00:18:14.291][debug][command:null][tid:30][com.facebook.buck.util.ListeningProcessExecutor] Destroying process com.facebook.buck.util.ListeningProcessExecutor$LaunchedProcessImpl@5edf81b2 (force true)
[2019-04-26 00:18:14.291][debug][command:null][tid:30][com.facebook.buck.util.environment.MacNetworkConfiguration] Determine WiFi SSID of device
[2019-04-26 00:18:14.291][debug][command:null][tid:30][com.facebook.buck.util.ListeningProcessExecutor] Launching process with params ProcessExecutorParams{command=[networksetup, -getairportnetwork, en0]}
[2019-04-26 00:18:14.293][debug][command:null][tid:30][com.facebook.buck.util.ListeningProcessExecutor] Successfully launched process com.zaxxer.nuprocess.osx.OsxProcess@12fb6f76
[2019-04-26 00:18:14.293][debug][command:null][tid:30][com.facebook.buck.util.ListeningProcessExecutor] Waiting for process com.facebook.buck.util.ListeningProcessExecutor$LaunchedProcessImpl@4d688769 timeout 1000 MILLISECONDS
[2019-04-26 00:18:14.327][debug][command:null][tid:30][com.facebook.buck.util.ListeningProcessExecutor] Wait for process returned 0
[2019-04-26 00:18:14.327][debug][command:null][tid:30][com.facebook.buck.util.ListeningProcessExecutor] Destroying process com.facebook.buck.util.ListeningProcessExecutor$LaunchedProcessImpl@4d688769 (force true)
[2019-04-26 00:18:14.328][info ][command:4a084f65-a2a1-4f49-bde6-287ed90e91c1][tid:14][com.facebook.buck.cli.Main] Successfully terminated Disk IO executor service.
[2019-04-26 00:18:14.329][debug][command:null][tid:38][com.facebook.buck.io.AsynchronousDirectoryContentsCleaner] Starting to clean buck-out/.trash
[2019-04-26 00:18:14.333][debug][command:null][tid:42][com.facebook.buck.event.listener.ChromeTraceBuildListener] Writing Chrome trace to buck-out/log/2019-04-25_16h18m13s_buildcommand_4a084f65-a2a1-4f49-bde6-287ed90e91c1/build.2019-04-26.00-18-14.4a084f65-a2a1-4f49-bde6-287ed90e91c1.trace
[2019-04-26 00:18:14.362][warn ][command:null][tid:14][com.facebook.buck.cli.Main] Command failed:
com.facebook.buck.util.CommandLineException: BAD ARGUMENTS: Must specify at least one build target. See https://buckbuild.com/concept/build_target_pattern.html
	at com.facebook.buck.cli.BuildCommand.assertArguments(BuildCommand.java:358)
	at com.facebook.buck.cli.BuildCommand.runWithoutHelp(BuildCommand.java:324)
	at com.facebook.buck.cli.AbstractCommand.run(AbstractCommand.java:242)
	at com.facebook.buck.cli.AbstractContainerCommand.run(AbstractContainerCommand.java:79)
	at com.facebook.buck.cli.Main.runMainWithExitCode(Main.java:1299)
	at com.facebook.buck.cli.Main.runMainThenExit(Main.java:463)
	at com.facebook.buck.cli.Main.nailMain(Main.java:2411)
	at sun.reflect.NativeMethodAccessorImpl.invoke0(Native Method)
	at sun.reflect.NativeMethodAccessorImpl.invoke(NativeMethodAccessorImpl.java:62)
	at sun.reflect.DelegatingMethodAccessorImpl.invoke(DelegatingMethodAccessorImpl.java:43)
	at java.lang.reflect.Method.invoke(Method.java:498)
	at com.facebook.nailgun.NGSession.runImpl(NGSession.java:313)
	at com.facebook.nailgun.NGSession.run(NGSession.java:199)

[2019-04-26 00:18:14.365][warn ][command:null][tid:14][com.facebook.buck.util.Console] Command failure: BAD ARGUMENTS: Must specify at least one build target. See https://buckbuild.com/concept/build_target_pattern.html
[2019-04-26 00:18:14.368][debug][command:null][tid:14][com.facebook.buck.cli.Main] Done.
[2019-04-26 00:18:14.370][info ][command:null][tid:14][com.facebook.nailgun.NGSession] Nail cleanly exited with status 3
[2019-04-26 00:18:14.370][debug][command:null][tid:14][com.facebook.nailgun.NGCommunicator] Shutting down socket for input
[2019-04-26 00:18:14.370][debug][command:null][tid:14][com.facebook.nailgun.NGCommunicator] Shutting down socket for output
[2019-04-26 00:18:14.370][debug][command:null][tid:15][com.facebook.nailgun.NGCommunicator] Socket is disconnected
[2019-04-26 00:18:14.370][debug][command:null][tid:14][com.facebook.nailgun.NGCommunicator] Shutting down read ExecutorService
[2019-04-26 00:18:14.370][debug][command:null][tid:15][com.facebook.nailgun.NGCommunicator] Nailgun client disconnected
[2019-04-26 00:18:14.370][debug][command:null][tid:15][com.facebook.nailgun.NGCommunicator] Orchestrator thread finished
[2019-04-26 00:18:14.370][debug][command:null][tid:14][com.facebook.nailgun.NGCommunicator] Shutting down orchestrator ExecutorService
[2019-04-26 00:18:14.372][debug][command:null][tid:14][com.facebook.nailgun.NGSession] NGSession 1 is closing client socket
[2019-04-26 00:18:15.182][debug][command:null][tid:38][com.facebook.buck.io.AsynchronousDirectoryContentsCleaner] Done cleaning buck-out/.trash
[2019-04-26 00:18:19.763][debug][command:null][tid:14][com.facebook.nailgun.NGSession] NGSession 1 accepted new connection
[2019-04-26 00:18:19.766][debug][command:null][tid:44][com.facebook.nailgun.NGCommunicator] Orchestrator thread started
[2019-04-26 00:18:19.767][debug][command:null][tid:14][com.facebook.nailgun.NGCommunicator] Shutting down socket for input
[2019-04-26 00:18:19.767][debug][command:null][tid:44][com.facebook.nailgun.NGCommunicator] Socket is disconnected
[2019-04-26 00:18:19.767][debug][command:null][tid:44][com.facebook.nailgun.NGCommunicator] Nailgun client disconnected
[2019-04-26 00:18:19.767][debug][command:null][tid:14][com.facebook.nailgun.NGCommunicator] Shutting down socket for output
[2019-04-26 00:18:19.767][debug][command:null][tid:44][com.facebook.nailgun.NGCommunicator] Orchestrator thread finished
[2019-04-26 00:18:19.767][debug][command:null][tid:14][com.facebook.nailgun.NGCommunicator] Shutting down read ExecutorService
[2019-04-26 00:18:19.768][debug][command:null][tid:14][com.facebook.nailgun.NGCommunicator] Shutting down orchestrator ExecutorService
[2019-04-26 00:18:19.769][debug][command:null][tid:14][com.facebook.nailgun.NGSession] NGSession 1 is closing client socket
[2019-04-26 00:18:19.769][debug][command:null][tid:14][com.facebook.nailgun.NGSession] NGSession 1 stopped
