[2019-04-26 00:18:13.958][debug][command:4a084f65-a2a1-4f49-bde6-287ed90e91c1][tid:14][com.facebook.buck.event.listener.RenderingConsole] Starting render scheduler (interval 100 ms)
[2019-04-26 00:18:13.968][debug][command:4a084f65-a2a1-4f49-bde6-287ed90e91c1][tid:14][com.google.common.util.concurrent.ServiceManager] Starting PerfStatsTracking [RUNNING].
[2019-04-26 00:18:13.968][debug][command:4a084f65-a2a1-4f49-bde6-287ed90e91c1][tid:14][com.google.common.util.concurrent.ServiceManager] Started PerfStatsTracking [RUNNING] in 459.3 μs.
[2019-04-26 00:18:13.970][debug][command:4a084f65-a2a1-4f49-bde6-287ed90e91c1][tid:14][com.google.common.util.concurrent.ServiceManager] Starting ProcessTracker [STARTING].
[2019-04-26 00:18:13.970][debug][command:null][tid:25][com.facebook.buck.util.perf.ProcessTracker] startUp
[2019-04-26 00:18:13.970][debug][command:null][tid:25][com.facebook.buck.util.perf.ProcessTracker] startUp
[2019-04-26 00:18:13.978][debug][command:4a084f65-a2a1-4f49-bde6-287ed90e91c1][tid:14][com.facebook.buck.util.environment.MacWifiSsidFinder] Getting current SSID..
[2019-04-26 00:18:14.021][debug][command:null][tid:25][com.google.common.util.concurrent.ServiceManager] Started ProcessTracker [RUNNING] in 50.71 ms.
[2019-04-26 00:18:14.021][debug][command:null][tid:25][com.google.common.util.concurrent.ServiceManager] Started ProcessTracker [RUNNING] in 50.71 ms.
[2019-04-26 00:18:14.023][debug][command:4a084f65-a2a1-4f49-bde6-287ed90e91c1][tid:14][com.facebook.buck.util.environment.MacWifiSsidFinder] Getting SSID from Wi-Fi interface: <CWInterface: 0x7fa54defa500> [interfaceName=en0]
[2019-04-26 00:18:14.029][debug][command:4a084f65-a2a1-4f49-bde6-287ed90e91c1][tid:14][com.facebook.buck.util.environment.MacWifiSsidFinder] Found SSID: fam_5G
[2019-04-26 00:18:14.033][debug][command:4a084f65-a2a1-4f49-bde6-287ed90e91c1][tid:14][com.facebook.buck.cli.Main] InvocationInfo BuildId=[4a084f65-a2a1-4f49-bde6-287ed90e91c1] Args=[build]
[2019-04-26 00:18:14.111][debug][command:4a084f65-a2a1-4f49-bde6-287ed90e91c1][tid:14][com.facebook.buck.cli.Main] new Buck daemon
[2019-04-26 00:18:14.113][warn ][command:null][tid:28][com.facebook.buck.event.listener.PublicAnnouncementManager] Failed to get public announcements. Reason: Failed to establish connection to server.
[2019-04-26 00:18:14.113][warn ][command:null][tid:28][com.facebook.buck.event.listener.PublicAnnouncementManager] Failed to get public announcements. Reason: Failed to establish connection to server.
[2019-04-26 00:18:14.119][debug][command:null][tid:30][com.facebook.buck.util.environment.MacNetworkConfiguration] Determine network service order and extract device names
[2019-04-26 00:18:14.119][debug][command:null][tid:30][com.facebook.buck.util.environment.MacNetworkConfiguration] Determine network service order and extract device names
[2019-04-26 00:18:14.124][debug][command:null][tid:30][com.facebook.buck.util.ListeningProcessExecutor] Launching process with params ProcessExecutorParams{command=[networksetup, -listnetworkserviceorder, ]}
[2019-04-26 00:18:14.124][debug][command:null][tid:30][com.facebook.buck.util.ListeningProcessExecutor] Launching process with params ProcessExecutorParams{command=[networksetup, -listnetworkserviceorder, ]}
[2019-04-26 00:18:14.127][debug][command:null][tid:30][com.facebook.buck.util.ListeningProcessExecutor] Successfully launched process com.zaxxer.nuprocess.osx.OsxProcess@2bab94b8
[2019-04-26 00:18:14.127][debug][command:null][tid:30][com.facebook.buck.util.ListeningProcessExecutor] Successfully launched process com.zaxxer.nuprocess.osx.OsxProcess@2bab94b8
[2019-04-26 00:18:14.129][debug][command:null][tid:30][com.facebook.buck.util.ListeningProcessExecutor] Waiting for process com.facebook.buck.util.ListeningProcessExecutor$LaunchedProcessImpl@7bde63d0 timeout 1000 MILLISECONDS
[2019-04-26 00:18:14.129][debug][command:null][tid:30][com.facebook.buck.util.ListeningProcessExecutor] Waiting for process com.facebook.buck.util.ListeningProcessExecutor$LaunchedProcessImpl@7bde63d0 timeout 1000 MILLISECONDS
[2019-04-26 00:18:14.164][debug][command:null][tid:34][com.facebook.buck.io.watchman.WatchmanTransportClient] Query [query, /Users/stevenlee/Downloads/BuckTest 3, {since=c:1555333328:392:1:12024, expression=[not, [anyof, [type, d], [dirname, .idea], [dirname, .buckd], [dirname, buck-out/cache], [dirname, tools], [dirname, .git], [dirname, buck-out/.trash], [dirname, buck-out], [match, [build], wholename, {includedotfiles=true}], [match, **/*.pbxproj, wholename, {includedotfiles=true}], [match, **/*.xcscheme, wholename, {includedotfiles=true}], [match, **/*.xcworkspacedata, wholename, {includedotfiles=true}], [match, **/*~, wholename, {includedotfiles=true}], [match, **/#*#, wholename, {includedotfiles=true}], [match, **/.#*, wholename, {includedotfiles=true}], [match, **/*.swo, wholename, {includedotfiles=true}], [match, **/*.swp, wholename, {includedotfiles=true}], [match, **/*.swpx, wholename, {includedotfiles=true}], [match, **/*.un~, wholename, {includedotfiles=true}], [match, **/*.netrhwist, wholename, {includedotfiles=true}], [match, .idea, wholename, {includedotfiles=true}], [match, .iml, wholename, {includedotfiles=true}], [match, **/*.pydevproject, wholename, {includedotfiles=true}], [match, .project, wholename, {includedotfiles=true}], [match, .metadata, wholename, {includedotfiles=true}], [match, **/*.tmp, wholename, {includedotfiles=true}], [match, **/*.bak, wholename, {includedotfiles=true}], [match, **/*.nib, wholename, {includedotfiles=true}], [match, .classpath, wholename, {includedotfiles=true}], [match, .settings, wholename, {includedotfiles=true}], [match, .loadpath, wholename, {includedotfiles=true}], [match, .externalToolBuilders, wholename, {includedotfiles=true}], [match, .cproject, wholename, {includedotfiles=true}], [match, .buildpath, wholename, {includedotfiles=true}], [match, .DS_Store, wholename, {includedotfiles=true}], [match, .AppleDouble, wholename, {includedotfiles=true}], [match, .LSOverride, wholename, {includedotfiles=true}], [match, .Spotlight-V100, wholename, {includedotfiles=true}], [match, .Trashes, wholename, {includedotfiles=true}], [match, $RECYCLE.BIN, wholename, {includedotfiles=true}], [match, **/*.sublime-workspace, wholename, {includedotfiles=true}]]], empty_on_fresh_instance=true, fields=[name, exists, new]}] returned in 11 ms
[2019-04-26 00:18:14.164][debug][command:null][tid:34][com.facebook.buck.io.watchman.WatchmanTransportClient] Query [query, /Users/stevenlee/Downloads/BuckTest 3, {since=c:1555333328:392:1:12024, expression=[not, [anyof, [type, d], [dirname, .idea], [dirname, .buckd], [dirname, buck-out/cache], [dirname, tools], [dirname, .git], [dirname, buck-out/.trash], [dirname, buck-out], [match, [build], wholename, {includedotfiles=true}], [match, **/*.pbxproj, wholename, {includedotfiles=true}], [match, **/*.xcscheme, wholename, {includedotfiles=true}], [match, **/*.xcworkspacedata, wholename, {includedotfiles=true}], [match, **/*~, wholename, {includedotfiles=true}], [match, **/#*#, wholename, {includedotfiles=true}], [match, **/.#*, wholename, {includedotfiles=true}], [match, **/*.swo, wholename, {includedotfiles=true}], [match, **/*.swp, wholename, {includedotfiles=true}], [match, **/*.swpx, wholename, {includedotfiles=true}], [match, **/*.un~, wholename, {includedotfiles=true}], [match, **/*.netrhwist, wholename, {includedotfiles=true}], [match, .idea, wholename, {includedotfiles=true}], [match, .iml, wholename, {includedotfiles=true}], [match, **/*.pydevproject, wholename, {includedotfiles=true}], [match, .project, wholename, {includedotfiles=true}], [match, .metadata, wholename, {includedotfiles=true}], [match, **/*.tmp, wholename, {includedotfiles=true}], [match, **/*.bak, wholename, {includedotfiles=true}], [match, **/*.nib, wholename, {includedotfiles=true}], [match, .classpath, wholename, {includedotfiles=true}], [match, .settings, wholename, {includedotfiles=true}], [match, .loadpath, wholename, {includedotfiles=true}], [match, .externalToolBuilders, wholename, {includedotfiles=true}], [match, .cproject, wholename, {includedotfiles=true}], [match, .buildpath, wholename, {includedotfiles=true}], [match, .DS_Store, wholename, {includedotfiles=true}], [match, .AppleDouble, wholename, {includedotfiles=true}], [match, .LSOverride, wholename, {includedotfiles=true}], [match, .Spotlight-V100, wholename, {includedotfiles=true}], [match, .Trashes, wholename, {includedotfiles=true}], [match, $RECYCLE.BIN, wholename, {includedotfiles=true}], [match, **/*.sublime-workspace, wholename, {includedotfiles=true}]]], empty_on_fresh_instance=true, fields=[name, exists, new]}] returned in 11 ms
[2019-04-26 00:18:14.166][debug][command:null][tid:34][com.facebook.buck.io.watchman.WatchmanWatcher] Updating Watchman Cursor from c:1555333328:392:1:12024 to c:1555333328:392:1:12029
[2019-04-26 00:18:14.166][debug][command:null][tid:34][com.facebook.buck.io.watchman.WatchmanWatcher] Updating Watchman Cursor from c:1555333328:392:1:12024 to c:1555333328:392:1:12029
[2019-04-26 00:18:14.167][debug][command:null][tid:34][com.facebook.buck.io.watchman.WatchmanWatcher] Posted 0 Watchman events.
[2019-04-26 00:18:14.167][debug][command:null][tid:34][com.facebook.buck.io.watchman.WatchmanWatcher] Posted 0 Watchman events.
[2019-04-26 00:18:14.167][debug][command:null][tid:34][com.facebook.buck.io.watchman.WatchmanTransportClient] Closing Watchman transport.
[2019-04-26 00:18:14.167][debug][command:null][tid:34][com.facebook.buck.io.watchman.WatchmanTransportClient] Closing Watchman transport.
[2019-04-26 00:18:14.177][debug][command:null][tid:30][com.facebook.buck.util.ListeningProcessExecutor] Wait for process returned 0
[2019-04-26 00:18:14.177][debug][command:null][tid:30][com.facebook.buck.util.ListeningProcessExecutor] Wait for process returned 0
[2019-04-26 00:18:14.178][debug][command:null][tid:30][com.facebook.buck.util.ListeningProcessExecutor] Destroying process com.facebook.buck.util.ListeningProcessExecutor$LaunchedProcessImpl@7bde63d0 (force true)
[2019-04-26 00:18:14.178][debug][command:null][tid:30][com.facebook.buck.util.ListeningProcessExecutor] Destroying process com.facebook.buck.util.ListeningProcessExecutor$LaunchedProcessImpl@7bde63d0 (force true)
[2019-04-26 00:18:14.178][debug][command:null][tid:30][com.facebook.buck.util.environment.MacNetworkConfiguration] Determine active state of media for device
[2019-04-26 00:18:14.178][debug][command:null][tid:30][com.facebook.buck.util.environment.MacNetworkConfiguration] Determine active state of media for device
[2019-04-26 00:18:14.178][debug][command:null][tid:30][com.facebook.buck.util.ListeningProcessExecutor] Launching process with params ProcessExecutorParams{command=[networksetup, -getMedia, en7]}
[2019-04-26 00:18:14.178][debug][command:null][tid:30][com.facebook.buck.util.ListeningProcessExecutor] Launching process with params ProcessExecutorParams{command=[networksetup, -getMedia, en7]}
[2019-04-26 00:18:14.180][debug][command:null][tid:30][com.facebook.buck.util.ListeningProcessExecutor] Successfully launched process com.zaxxer.nuprocess.osx.OsxProcess@3933da86
[2019-04-26 00:18:14.180][debug][command:null][tid:30][com.facebook.buck.util.ListeningProcessExecutor] Successfully launched process com.zaxxer.nuprocess.osx.OsxProcess@3933da86
[2019-04-26 00:18:14.182][debug][command:null][tid:30][com.facebook.buck.util.ListeningProcessExecutor] Waiting for process com.facebook.buck.util.ListeningProcessExecutor$LaunchedProcessImpl@c1356f9 timeout 1000 MILLISECONDS
[2019-04-26 00:18:14.182][debug][command:null][tid:30][com.facebook.buck.util.ListeningProcessExecutor] Waiting for process com.facebook.buck.util.ListeningProcessExecutor$LaunchedProcessImpl@c1356f9 timeout 1000 MILLISECONDS
[2019-04-26 00:18:14.218][debug][command:null][tid:30][com.facebook.buck.util.ListeningProcessExecutor] Wait for process returned 4
[2019-04-26 00:18:14.218][debug][command:null][tid:30][com.facebook.buck.util.ListeningProcessExecutor] Wait for process returned 4
[2019-04-26 00:18:14.218][debug][command:null][tid:30][com.facebook.buck.util.ListeningProcessExecutor] Destroying process com.facebook.buck.util.ListeningProcessExecutor$LaunchedProcessImpl@c1356f9 (force true)
[2019-04-26 00:18:14.218][debug][command:null][tid:30][com.facebook.buck.util.ListeningProcessExecutor] Destroying process com.facebook.buck.util.ListeningProcessExecutor$LaunchedProcessImpl@c1356f9 (force true)
[2019-04-26 00:18:14.218][debug][command:null][tid:30][com.facebook.buck.util.environment.MacNetworkConfiguration] Determine active state of media for device
[2019-04-26 00:18:14.218][debug][command:null][tid:30][com.facebook.buck.util.environment.MacNetworkConfiguration] Determine active state of media for device
[2019-04-26 00:18:14.218][debug][command:null][tid:30][com.facebook.buck.util.ListeningProcessExecutor] Launching process with params ProcessExecutorParams{command=[networksetup, -getMedia, en8]}
[2019-04-26 00:18:14.218][debug][command:null][tid:30][com.facebook.buck.util.ListeningProcessExecutor] Launching process with params ProcessExecutorParams{command=[networksetup, -getMedia, en8]}
[2019-04-26 00:18:14.221][debug][command:4a084f65-a2a1-4f49-bde6-287ed90e91c1][tid:25][com.facebook.buck.util.perf.ProcessTracker] shutDown
[2019-04-26 00:18:14.221][debug][command:null][tid:30][com.facebook.buck.util.ListeningProcessExecutor] Successfully launched process com.zaxxer.nuprocess.osx.OsxProcess@142d1145
[2019-04-26 00:18:14.221][debug][command:null][tid:30][com.facebook.buck.util.ListeningProcessExecutor] Successfully launched process com.zaxxer.nuprocess.osx.OsxProcess@142d1145
[2019-04-26 00:18:14.221][debug][command:null][tid:30][com.facebook.buck.util.ListeningProcessExecutor] Waiting for process com.facebook.buck.util.ListeningProcessExecutor$LaunchedProcessImpl@6b7b818e timeout 1000 MILLISECONDS
[2019-04-26 00:18:14.221][debug][command:null][tid:30][com.facebook.buck.util.ListeningProcessExecutor] Waiting for process com.facebook.buck.util.ListeningProcessExecutor$LaunchedProcessImpl@6b7b818e timeout 1000 MILLISECONDS
[2019-04-26 00:18:14.221][debug][command:null][tid:24][com.google.common.util.concurrent.ServiceManager] Service PerfStatsTracking [TERMINATED] has terminated. Previous state was: STOPPING
[2019-04-26 00:18:14.221][debug][command:null][tid:24][com.google.common.util.concurrent.ServiceManager] Service PerfStatsTracking [TERMINATED] has terminated. Previous state was: STOPPING
[2019-04-26 00:18:14.223][debug][command:4a084f65-a2a1-4f49-bde6-287ed90e91c1][tid:14][com.facebook.buck.event.listener.RenderingConsole] Stopping render scheduler
[2019-04-26 00:18:14.225][debug][command:4a084f65-a2a1-4f49-bde6-287ed90e91c1][tid:25][com.google.common.util.concurrent.ServiceManager] Service ProcessTracker [TERMINATED] has terminated. Previous state was: STOPPING
[2019-04-26 00:18:14.227][info ][command:4a084f65-a2a1-4f49-bde6-287ed90e91c1][tid:14][com.facebook.buck.cli.Main] Awaiting termination of PROJECT executor service. Waiting for all jobs to complete, or up to maximum of 60 seconds...
[2019-04-26 00:18:14.228][info ][command:4a084f65-a2a1-4f49-bde6-287ed90e91c1][tid:14][com.facebook.buck.cli.Main] Successfully terminated PROJECT executor service.
[2019-04-26 00:18:14.228][info ][command:4a084f65-a2a1-4f49-bde6-287ed90e91c1][tid:14][com.facebook.buck.cli.Main] Awaiting termination of NETWORK executor service. Waiting for all jobs to complete, or up to maximum of 60 seconds...
[2019-04-26 00:18:14.228][info ][command:4a084f65-a2a1-4f49-bde6-287ed90e91c1][tid:14][com.facebook.buck.cli.Main] Successfully terminated NETWORK executor service.
[2019-04-26 00:18:14.228][info ][command:4a084f65-a2a1-4f49-bde6-287ed90e91c1][tid:14][com.facebook.buck.cli.Main] Awaiting termination of CPU executor service. Waiting for all jobs to complete, or up to maximum of 60 seconds...
[2019-04-26 00:18:14.228][info ][command:4a084f65-a2a1-4f49-bde6-287ed90e91c1][tid:14][com.facebook.buck.cli.Main] Successfully terminated CPU executor service.
[2019-04-26 00:18:14.228][info ][command:4a084f65-a2a1-4f49-bde6-287ed90e91c1][tid:14][com.facebook.buck.cli.Main] Awaiting termination of ScheduledExecutorService executor service. Waiting for all jobs to complete, or up to maximum of 60 seconds...
[2019-04-26 00:18:14.228][info ][command:4a084f65-a2a1-4f49-bde6-287ed90e91c1][tid:14][com.facebook.buck.cli.Main] Successfully terminated ScheduledExecutorService executor service.
[2019-04-26 00:18:14.229][info ][command:4a084f65-a2a1-4f49-bde6-287ed90e91c1][tid:14][com.facebook.buck.cli.Main] Awaiting termination of CounterAggregatorExecutor executor service. Waiting for all jobs to complete, or up to maximum of 20 seconds...
[2019-04-26 00:18:14.229][info ][command:4a084f65-a2a1-4f49-bde6-287ed90e91c1][tid:14][com.facebook.buck.cli.Main] Successfully terminated CounterAggregatorExecutor executor service.
[2019-04-26 00:18:14.229][info ][command:4a084f65-a2a1-4f49-bde6-287ed90e91c1][tid:14][com.facebook.buck.cli.Main] Awaiting termination of HTTP Read executor service. Waiting for all jobs to complete, or up to maximum of 1800 seconds...
[2019-04-26 00:18:14.229][info ][command:4a084f65-a2a1-4f49-bde6-287ed90e91c1][tid:14][com.facebook.buck.cli.Main] Successfully terminated HTTP Read executor service.
[2019-04-26 00:18:14.229][info ][command:4a084f65-a2a1-4f49-bde6-287ed90e91c1][tid:14][com.facebook.buck.cli.Main] Awaiting termination of Download Heavy Build HTTP Read executor service. Waiting for all jobs to complete, or up to maximum of 1800 seconds...
[2019-04-26 00:18:14.229][info ][command:4a084f65-a2a1-4f49-bde6-287ed90e91c1][tid:14][com.facebook.buck.cli.Main] Successfully terminated Download Heavy Build HTTP Read executor service.
[2019-04-26 00:18:14.230][info ][command:4a084f65-a2a1-4f49-bde6-287ed90e91c1][tid:14][com.facebook.buck.cli.Main] Awaiting termination of HTTP Write executor service. Waiting for all jobs to complete, or up to maximum of 1800 seconds...
[2019-04-26 00:18:14.230][info ][command:4a084f65-a2a1-4f49-bde6-287ed90e91c1][tid:14][com.facebook.buck.cli.Main] Successfully terminated HTTP Write executor service.
[2019-04-26 00:18:14.230][info ][command:4a084f65-a2a1-4f49-bde6-287ed90e91c1][tid:14][com.facebook.buck.cli.Main] Awaiting termination of Disk IO executor service. Waiting for all jobs to complete, or up to maximum of 10 seconds...
[2019-04-26 00:18:14.257][debug][command:null][tid:30][com.facebook.buck.util.ListeningProcessExecutor] Wait for process returned 4
[2019-04-26 00:18:14.257][debug][command:null][tid:30][com.facebook.buck.util.ListeningProcessExecutor] Wait for process returned 4
[2019-04-26 00:18:14.257][debug][command:null][tid:30][com.facebook.buck.util.ListeningProcessExecutor] Destroying process com.facebook.buck.util.ListeningProcessExecutor$LaunchedProcessImpl@6b7b818e (force true)
[2019-04-26 00:18:14.257][debug][command:null][tid:30][com.facebook.buck.util.ListeningProcessExecutor] Destroying process com.facebook.buck.util.ListeningProcessExecutor$LaunchedProcessImpl@6b7b818e (force true)
[2019-04-26 00:18:14.257][debug][command:null][tid:30][com.facebook.buck.util.environment.MacNetworkConfiguration] Determine active state of media for device
[2019-04-26 00:18:14.257][debug][command:null][tid:30][com.facebook.buck.util.environment.MacNetworkConfiguration] Determine active state of media for device
[2019-04-26 00:18:14.257][debug][command:null][tid:30][com.facebook.buck.util.ListeningProcessExecutor] Launching process with params ProcessExecutorParams{command=[networksetup, -getMedia, en0]}
[2019-04-26 00:18:14.257][debug][command:null][tid:30][com.facebook.buck.util.ListeningProcessExecutor] Launching process with params ProcessExecutorParams{command=[networksetup, -getMedia, en0]}
[2019-04-26 00:18:14.260][debug][command:null][tid:30][com.facebook.buck.util.ListeningProcessExecutor] Successfully launched process com.zaxxer.nuprocess.osx.OsxProcess@7c922f2
[2019-04-26 00:18:14.260][debug][command:null][tid:30][com.facebook.buck.util.ListeningProcessExecutor] Successfully launched process com.zaxxer.nuprocess.osx.OsxProcess@7c922f2
[2019-04-26 00:18:14.261][debug][command:null][tid:30][com.facebook.buck.util.ListeningProcessExecutor] Waiting for process com.facebook.buck.util.ListeningProcessExecutor$LaunchedProcessImpl@5edf81b2 timeout 1000 MILLISECONDS
[2019-04-26 00:18:14.261][debug][command:null][tid:30][com.facebook.buck.util.ListeningProcessExecutor] Waiting for process com.facebook.buck.util.ListeningProcessExecutor$LaunchedProcessImpl@5edf81b2 timeout 1000 MILLISECONDS
[2019-04-26 00:18:14.291][debug][command:null][tid:30][com.facebook.buck.util.ListeningProcessExecutor] Wait for process returned 0
[2019-04-26 00:18:14.291][debug][command:null][tid:30][com.facebook.buck.util.ListeningProcessExecutor] Wait for process returned 0
[2019-04-26 00:18:14.291][debug][command:null][tid:30][com.facebook.buck.util.ListeningProcessExecutor] Destroying process com.facebook.buck.util.ListeningProcessExecutor$LaunchedProcessImpl@5edf81b2 (force true)
[2019-04-26 00:18:14.291][debug][command:null][tid:30][com.facebook.buck.util.ListeningProcessExecutor] Destroying process com.facebook.buck.util.ListeningProcessExecutor$LaunchedProcessImpl@5edf81b2 (force true)
[2019-04-26 00:18:14.291][debug][command:null][tid:30][com.facebook.buck.util.environment.MacNetworkConfiguration] Determine WiFi SSID of device
[2019-04-26 00:18:14.291][debug][command:null][tid:30][com.facebook.buck.util.environment.MacNetworkConfiguration] Determine WiFi SSID of device
[2019-04-26 00:18:14.291][debug][command:null][tid:30][com.facebook.buck.util.ListeningProcessExecutor] Launching process with params ProcessExecutorParams{command=[networksetup, -getairportnetwork, en0]}
[2019-04-26 00:18:14.291][debug][command:null][tid:30][com.facebook.buck.util.ListeningProcessExecutor] Launching process with params ProcessExecutorParams{command=[networksetup, -getairportnetwork, en0]}
[2019-04-26 00:18:14.293][debug][command:null][tid:30][com.facebook.buck.util.ListeningProcessExecutor] Successfully launched process com.zaxxer.nuprocess.osx.OsxProcess@12fb6f76
[2019-04-26 00:18:14.293][debug][command:null][tid:30][com.facebook.buck.util.ListeningProcessExecutor] Successfully launched process com.zaxxer.nuprocess.osx.OsxProcess@12fb6f76
[2019-04-26 00:18:14.293][debug][command:null][tid:30][com.facebook.buck.util.ListeningProcessExecutor] Waiting for process com.facebook.buck.util.ListeningProcessExecutor$LaunchedProcessImpl@4d688769 timeout 1000 MILLISECONDS
[2019-04-26 00:18:14.293][debug][command:null][tid:30][com.facebook.buck.util.ListeningProcessExecutor] Waiting for process com.facebook.buck.util.ListeningProcessExecutor$LaunchedProcessImpl@4d688769 timeout 1000 MILLISECONDS
[2019-04-26 00:18:14.327][debug][command:null][tid:30][com.facebook.buck.util.ListeningProcessExecutor] Wait for process returned 0
[2019-04-26 00:18:14.327][debug][command:null][tid:30][com.facebook.buck.util.ListeningProcessExecutor] Wait for process returned 0
[2019-04-26 00:18:14.327][debug][command:null][tid:30][com.facebook.buck.util.ListeningProcessExecutor] Destroying process com.facebook.buck.util.ListeningProcessExecutor$LaunchedProcessImpl@4d688769 (force true)
[2019-04-26 00:18:14.327][debug][command:null][tid:30][com.facebook.buck.util.ListeningProcessExecutor] Destroying process com.facebook.buck.util.ListeningProcessExecutor$LaunchedProcessImpl@4d688769 (force true)
[2019-04-26 00:18:14.328][info ][command:4a084f65-a2a1-4f49-bde6-287ed90e91c1][tid:14][com.facebook.buck.cli.Main] Successfully terminated Disk IO executor service.
[2019-04-26 00:18:14.329][debug][command:null][tid:38][com.facebook.buck.io.AsynchronousDirectoryContentsCleaner] Starting to clean buck-out/.trash
[2019-04-26 00:18:14.329][debug][command:null][tid:38][com.facebook.buck.io.AsynchronousDirectoryContentsCleaner] Starting to clean buck-out/.trash
[2019-04-26 00:18:14.333][debug][command:null][tid:42][com.facebook.buck.event.listener.ChromeTraceBuildListener] Writing Chrome trace to buck-out/log/2019-04-25_16h18m13s_buildcommand_4a084f65-a2a1-4f49-bde6-287ed90e91c1/build.2019-04-26.00-18-14.4a084f65-a2a1-4f49-bde6-287ed90e91c1.trace
[2019-04-26 00:18:14.362][warn ][command:null][tid:14][com.facebook.buck.cli.Main] Command failed:
com.facebook.buck.util.CommandLineException: BAD ARGUMENTS: Must specify at least one build target. See https://buckbuild.com/concept/build_target_pattern.html
	at com.facebook.buck.cli.BuildCommand.assertArguments(BuildCommand.java:358)
	at com.facebook.buck.cli.BuildCommand.runWithoutHelp(BuildCommand.java:324)
	at com.facebook.buck.cli.AbstractCommand.run(AbstractCommand.java:242)
	at com.facebook.buck.cli.AbstractContainerCommand.run(AbstractContainerCommand.java:79)
	at com.facebook.buck.cli.Main.runMainWithExitCode(Main.java:1299)
	at com.facebook.buck.cli.Main.runMainThenExit(Main.java:463)
	at com.facebook.buck.cli.Main.nailMain(Main.java:2411)
	at sun.reflect.NativeMethodAccessorImpl.invoke0(Native Method)
	at sun.reflect.NativeMethodAccessorImpl.invoke(NativeMethodAccessorImpl.java:62)
	at sun.reflect.DelegatingMethodAccessorImpl.invoke(DelegatingMethodAccessorImpl.java:43)
	at java.lang.reflect.Method.invoke(Method.java:498)
	at com.facebook.nailgun.NGSession.runImpl(NGSession.java:313)
	at com.facebook.nailgun.NGSession.run(NGSession.java:199)

[2019-04-26 00:18:14.365][warn ][command:null][tid:14][com.facebook.buck.util.Console] Command failure: BAD ARGUMENTS: Must specify at least one build target. See https://buckbuild.com/concept/build_target_pattern.html
[2019-04-26 00:18:14.368][debug][command:null][tid:14][com.facebook.buck.cli.Main] Done.
[2019-04-26 00:18:14.370][info ][command:null][tid:14][com.facebook.nailgun.NGSession] Nail cleanly exited with status 3
[2019-04-26 00:18:14.370][debug][command:null][tid:14][com.facebook.nailgun.NGCommunicator] Shutting down socket for input
[2019-04-26 00:18:14.370][debug][command:null][tid:14][com.facebook.nailgun.NGCommunicator] Shutting down socket for output
[2019-04-26 00:18:14.370][debug][command:null][tid:15][com.facebook.nailgun.NGCommunicator] Socket is disconnected
[2019-04-26 00:18:14.370][debug][command:null][tid:14][com.facebook.nailgun.NGCommunicator] Shutting down read ExecutorService
[2019-04-26 00:18:14.370][debug][command:null][tid:15][com.facebook.nailgun.NGCommunicator] Nailgun client disconnected
[2019-04-26 00:18:14.370][debug][command:null][tid:15][com.facebook.nailgun.NGCommunicator] Orchestrator thread finished
[2019-04-26 00:18:14.370][debug][command:null][tid:14][com.facebook.nailgun.NGCommunicator] Shutting down orchestrator ExecutorService
[2019-04-26 00:18:14.372][debug][command:null][tid:14][com.facebook.nailgun.NGSession] NGSession 1 is closing client socket
[2019-04-26 00:18:15.182][debug][command:null][tid:38][com.facebook.buck.io.AsynchronousDirectoryContentsCleaner] Done cleaning buck-out/.trash
[2019-04-26 00:18:19.763][debug][command:null][tid:14][com.facebook.nailgun.NGSession] NGSession 1 accepted new connection
[2019-04-26 00:18:19.766][debug][command:null][tid:44][com.facebook.nailgun.NGCommunicator] Orchestrator thread started
[2019-04-26 00:18:19.767][debug][command:null][tid:14][com.facebook.nailgun.NGCommunicator] Shutting down socket for input
[2019-04-26 00:18:19.767][debug][command:null][tid:44][com.facebook.nailgun.NGCommunicator] Socket is disconnected
[2019-04-26 00:18:19.767][debug][command:null][tid:44][com.facebook.nailgun.NGCommunicator] Nailgun client disconnected
[2019-04-26 00:18:19.767][debug][command:null][tid:14][com.facebook.nailgun.NGCommunicator] Shutting down socket for output
[2019-04-26 00:18:19.767][debug][command:null][tid:44][com.facebook.nailgun.NGCommunicator] Orchestrator thread finished
[2019-04-26 00:18:19.767][debug][command:null][tid:14][com.facebook.nailgun.NGCommunicator] Shutting down read ExecutorService
[2019-04-26 00:18:19.768][debug][command:null][tid:14][com.facebook.nailgun.NGCommunicator] Shutting down orchestrator ExecutorService
[2019-04-26 00:18:19.769][debug][command:null][tid:14][com.facebook.nailgun.NGSession] NGSession 1 is closing client socket
[2019-04-26 00:18:19.769][debug][command:null][tid:14][com.facebook.nailgun.NGSession] NGSession 1 stopped
