[2019-04-22 00:31:30.547][debug][command:c68d763b-a39b-4096-9ef2-9e7bef6fa8ed][tid:14][com.facebook.buck.event.listener.RenderingConsole] Starting render scheduler (interval 100 ms)
[2019-04-22 00:31:30.556][debug][command:c68d763b-a39b-4096-9ef2-9e7bef6fa8ed][tid:14][com.google.common.util.concurrent.ServiceManager] Starting PerfStatsTracking [RUNNING].
[2019-04-22 00:31:30.556][debug][command:c68d763b-a39b-4096-9ef2-9e7bef6fa8ed][tid:14][com.google.common.util.concurrent.ServiceManager] Started PerfStatsTracking [RUNNING] in 560.7 μs.
[2019-04-22 00:31:30.559][debug][command:c68d763b-a39b-4096-9ef2-9e7bef6fa8ed][tid:14][com.google.common.util.concurrent.ServiceManager] Starting ProcessTracker [STARTING].
[2019-04-22 00:31:30.559][debug][command:null][tid:25][com.facebook.buck.util.perf.ProcessTracker] startUp
[2019-04-22 00:31:30.559][debug][command:null][tid:25][com.facebook.buck.util.perf.ProcessTracker] startUp
[2019-04-22 00:31:30.565][debug][command:c68d763b-a39b-4096-9ef2-9e7bef6fa8ed][tid:14][com.facebook.buck.util.environment.MacWifiSsidFinder] Getting current SSID..
[2019-04-22 00:31:30.584][debug][command:c68d763b-a39b-4096-9ef2-9e7bef6fa8ed][tid:14][com.facebook.buck.util.environment.MacWifiSsidFinder] Getting SSID from Wi-Fi interface: <CWInterface: 0x7ff3047926b0> [interfaceName=en0]
[2019-04-22 00:31:30.585][debug][command:c68d763b-a39b-4096-9ef2-9e7bef6fa8ed][tid:14][com.facebook.buck.util.environment.MacWifiSsidFinder] Found SSID: fam_5G
[2019-04-22 00:31:30.586][debug][command:null][tid:25][com.google.common.util.concurrent.ServiceManager] Started ProcessTracker [RUNNING] in 28.06 ms.
[2019-04-22 00:31:30.586][debug][command:null][tid:25][com.google.common.util.concurrent.ServiceManager] Started ProcessTracker [RUNNING] in 28.06 ms.
[2019-04-22 00:31:30.589][debug][command:c68d763b-a39b-4096-9ef2-9e7bef6fa8ed][tid:14][com.facebook.buck.cli.Main] InvocationInfo BuildId=[c68d763b-a39b-4096-9ef2-9e7bef6fa8ed] Args=[clean]
[2019-04-22 00:31:30.684][debug][command:c68d763b-a39b-4096-9ef2-9e7bef6fa8ed][tid:14][com.facebook.buck.cli.Main] new Buck daemon
[2019-04-22 00:31:30.687][warn ][command:null][tid:28][com.facebook.buck.event.listener.PublicAnnouncementManager] Failed to get public announcements. Reason: Failed to establish connection to server.
[2019-04-22 00:31:30.687][warn ][command:null][tid:28][com.facebook.buck.event.listener.PublicAnnouncementManager] Failed to get public announcements. Reason: Failed to establish connection to server.
[2019-04-22 00:31:30.691][debug][command:null][tid:30][com.facebook.buck.util.environment.MacNetworkConfiguration] Determine network service order and extract device names
[2019-04-22 00:31:30.691][debug][command:null][tid:30][com.facebook.buck.util.environment.MacNetworkConfiguration] Determine network service order and extract device names
[2019-04-22 00:31:30.696][debug][command:null][tid:30][com.facebook.buck.util.ListeningProcessExecutor] Launching process with params ProcessExecutorParams{command=[networksetup, -listnetworkserviceorder, ]}
[2019-04-22 00:31:30.696][debug][command:null][tid:30][com.facebook.buck.util.ListeningProcessExecutor] Launching process with params ProcessExecutorParams{command=[networksetup, -listnetworkserviceorder, ]}
[2019-04-22 00:31:30.698][debug][command:null][tid:30][com.facebook.buck.util.ListeningProcessExecutor] Successfully launched process com.zaxxer.nuprocess.osx.OsxProcess@b0c8d00
[2019-04-22 00:31:30.698][debug][command:null][tid:30][com.facebook.buck.util.ListeningProcessExecutor] Successfully launched process com.zaxxer.nuprocess.osx.OsxProcess@b0c8d00
[2019-04-22 00:31:30.701][debug][command:null][tid:30][com.facebook.buck.util.ListeningProcessExecutor] Waiting for process com.facebook.buck.util.ListeningProcessExecutor$LaunchedProcessImpl@67686e28 timeout 1000 MILLISECONDS
[2019-04-22 00:31:30.701][debug][command:null][tid:30][com.facebook.buck.util.ListeningProcessExecutor] Waiting for process com.facebook.buck.util.ListeningProcessExecutor$LaunchedProcessImpl@67686e28 timeout 1000 MILLISECONDS
[2019-04-22 00:31:30.731][debug][command:null][tid:32][com.facebook.buck.io.watchman.WatchmanTransportClient] Query [query, /Users/stevenlee/Downloads/BuckTest 3, {since=c:1555333328:392:1:4450, expression=[not, [anyof, [type, d], [dirname, .idea], [dirname, .buckd], [dirname, buck-out/cache], [dirname, tools], [dirname, .git], [dirname, buck-out/.trash], [dirname, buck-out], [match, [build], wholename, {includedotfiles=true}], [match, **/*.pbxproj, wholename, {includedotfiles=true}], [match, **/*.xcscheme, wholename, {includedotfiles=true}], [match, **/*.xcworkspacedata, wholename, {includedotfiles=true}], [match, **/*~, wholename, {includedotfiles=true}], [match, **/#*#, wholename, {includedotfiles=true}], [match, **/.#*, wholename, {includedotfiles=true}], [match, **/*.swo, wholename, {includedotfiles=true}], [match, **/*.swp, wholename, {includedotfiles=true}], [match, **/*.swpx, wholename, {includedotfiles=true}], [match, **/*.un~, wholename, {includedotfiles=true}], [match, **/*.netrhwist, wholename, {includedotfiles=true}], [match, .idea, wholename, {includedotfiles=true}], [match, .iml, wholename, {includedotfiles=true}], [match, **/*.pydevproject, wholename, {includedotfiles=true}], [match, .project, wholename, {includedotfiles=true}], [match, .metadata, wholename, {includedotfiles=true}], [match, **/*.tmp, wholename, {includedotfiles=true}], [match, **/*.bak, wholename, {includedotfiles=true}], [match, **/*.nib, wholename, {includedotfiles=true}], [match, .classpath, wholename, {includedotfiles=true}], [match, .settings, wholename, {includedotfiles=true}], [match, .loadpath, wholename, {includedotfiles=true}], [match, .externalToolBuilders, wholename, {includedotfiles=true}], [match, .cproject, wholename, {includedotfiles=true}], [match, .buildpath, wholename, {includedotfiles=true}], [match, .DS_Store, wholename, {includedotfiles=true}], [match, .AppleDouble, wholename, {includedotfiles=true}], [match, .LSOverride, wholename, {includedotfiles=true}], [match, .Spotlight-V100, wholename, {includedotfiles=true}], [match, .Trashes, wholename, {includedotfiles=true}], [match, $RECYCLE.BIN, wholename, {includedotfiles=true}], [match, **/*.sublime-workspace, wholename, {includedotfiles=true}]]], empty_on_fresh_instance=true, fields=[name, exists, new]}] returned in 7 ms
[2019-04-22 00:31:30.731][debug][command:null][tid:32][com.facebook.buck.io.watchman.WatchmanTransportClient] Query [query, /Users/stevenlee/Downloads/BuckTest 3, {since=c:1555333328:392:1:4450, expression=[not, [anyof, [type, d], [dirname, .idea], [dirname, .buckd], [dirname, buck-out/cache], [dirname, tools], [dirname, .git], [dirname, buck-out/.trash], [dirname, buck-out], [match, [build], wholename, {includedotfiles=true}], [match, **/*.pbxproj, wholename, {includedotfiles=true}], [match, **/*.xcscheme, wholename, {includedotfiles=true}], [match, **/*.xcworkspacedata, wholename, {includedotfiles=true}], [match, **/*~, wholename, {includedotfiles=true}], [match, **/#*#, wholename, {includedotfiles=true}], [match, **/.#*, wholename, {includedotfiles=true}], [match, **/*.swo, wholename, {includedotfiles=true}], [match, **/*.swp, wholename, {includedotfiles=true}], [match, **/*.swpx, wholename, {includedotfiles=true}], [match, **/*.un~, wholename, {includedotfiles=true}], [match, **/*.netrhwist, wholename, {includedotfiles=true}], [match, .idea, wholename, {includedotfiles=true}], [match, .iml, wholename, {includedotfiles=true}], [match, **/*.pydevproject, wholename, {includedotfiles=true}], [match, .project, wholename, {includedotfiles=true}], [match, .metadata, wholename, {includedotfiles=true}], [match, **/*.tmp, wholename, {includedotfiles=true}], [match, **/*.bak, wholename, {includedotfiles=true}], [match, **/*.nib, wholename, {includedotfiles=true}], [match, .classpath, wholename, {includedotfiles=true}], [match, .settings, wholename, {includedotfiles=true}], [match, .loadpath, wholename, {includedotfiles=true}], [match, .externalToolBuilders, wholename, {includedotfiles=true}], [match, .cproject, wholename, {includedotfiles=true}], [match, .buildpath, wholename, {includedotfiles=true}], [match, .DS_Store, wholename, {includedotfiles=true}], [match, .AppleDouble, wholename, {includedotfiles=true}], [match, .LSOverride, wholename, {includedotfiles=true}], [match, .Spotlight-V100, wholename, {includedotfiles=true}], [match, .Trashes, wholename, {includedotfiles=true}], [match, $RECYCLE.BIN, wholename, {includedotfiles=true}], [match, **/*.sublime-workspace, wholename, {includedotfiles=true}]]], empty_on_fresh_instance=true, fields=[name, exists, new]}] returned in 7 ms
[2019-04-22 00:31:30.733][debug][command:null][tid:32][com.facebook.buck.io.watchman.WatchmanWatcher] Updating Watchman Cursor from c:1555333328:392:1:4450 to c:1555333328:392:1:4455
[2019-04-22 00:31:30.733][debug][command:null][tid:32][com.facebook.buck.io.watchman.WatchmanWatcher] Updating Watchman Cursor from c:1555333328:392:1:4450 to c:1555333328:392:1:4455
[2019-04-22 00:31:30.733][debug][command:null][tid:32][com.facebook.buck.io.watchman.WatchmanWatcher] Posted 0 Watchman events.
[2019-04-22 00:31:30.733][debug][command:null][tid:32][com.facebook.buck.io.watchman.WatchmanWatcher] Posted 0 Watchman events.
[2019-04-22 00:31:30.733][debug][command:null][tid:32][com.facebook.buck.io.watchman.WatchmanTransportClient] Closing Watchman transport.
[2019-04-22 00:31:30.733][debug][command:null][tid:32][com.facebook.buck.io.watchman.WatchmanTransportClient] Closing Watchman transport.
[2019-04-22 00:31:30.739][debug][command:null][tid:30][com.facebook.buck.util.ListeningProcessExecutor] Wait for process returned 0
[2019-04-22 00:31:30.739][debug][command:null][tid:30][com.facebook.buck.util.ListeningProcessExecutor] Wait for process returned 0
[2019-04-22 00:31:30.739][debug][command:null][tid:30][com.facebook.buck.util.ListeningProcessExecutor] Destroying process com.facebook.buck.util.ListeningProcessExecutor$LaunchedProcessImpl@67686e28 (force true)
[2019-04-22 00:31:30.739][debug][command:null][tid:30][com.facebook.buck.util.ListeningProcessExecutor] Destroying process com.facebook.buck.util.ListeningProcessExecutor$LaunchedProcessImpl@67686e28 (force true)
[2019-04-22 00:31:30.739][debug][command:null][tid:30][com.facebook.buck.util.environment.MacNetworkConfiguration] Determine active state of media for device
[2019-04-22 00:31:30.739][debug][command:null][tid:30][com.facebook.buck.util.environment.MacNetworkConfiguration] Determine active state of media for device
[2019-04-22 00:31:30.740][debug][command:null][tid:30][com.facebook.buck.util.ListeningProcessExecutor] Launching process with params ProcessExecutorParams{command=[networksetup, -getMedia, en7]}
[2019-04-22 00:31:30.740][debug][command:null][tid:30][com.facebook.buck.util.ListeningProcessExecutor] Launching process with params ProcessExecutorParams{command=[networksetup, -getMedia, en7]}
[2019-04-22 00:31:30.742][debug][command:null][tid:30][com.facebook.buck.util.ListeningProcessExecutor] Successfully launched process com.zaxxer.nuprocess.osx.OsxProcess@218c0c8
[2019-04-22 00:31:30.742][debug][command:null][tid:30][com.facebook.buck.util.ListeningProcessExecutor] Successfully launched process com.zaxxer.nuprocess.osx.OsxProcess@218c0c8
[2019-04-22 00:31:30.743][debug][command:null][tid:30][com.facebook.buck.util.ListeningProcessExecutor] Waiting for process com.facebook.buck.util.ListeningProcessExecutor$LaunchedProcessImpl@1635a208 timeout 1000 MILLISECONDS
[2019-04-22 00:31:30.743][debug][command:null][tid:30][com.facebook.buck.util.ListeningProcessExecutor] Waiting for process com.facebook.buck.util.ListeningProcessExecutor$LaunchedProcessImpl@1635a208 timeout 1000 MILLISECONDS
[2019-04-22 00:31:30.775][debug][command:null][tid:30][com.facebook.buck.util.ListeningProcessExecutor] Wait for process returned 4
[2019-04-22 00:31:30.775][debug][command:null][tid:30][com.facebook.buck.util.ListeningProcessExecutor] Wait for process returned 4
[2019-04-22 00:31:30.775][debug][command:null][tid:30][com.facebook.buck.util.ListeningProcessExecutor] Destroying process com.facebook.buck.util.ListeningProcessExecutor$LaunchedProcessImpl@1635a208 (force true)
[2019-04-22 00:31:30.775][debug][command:null][tid:30][com.facebook.buck.util.ListeningProcessExecutor] Destroying process com.facebook.buck.util.ListeningProcessExecutor$LaunchedProcessImpl@1635a208 (force true)
[2019-04-22 00:31:30.775][debug][command:null][tid:30][com.facebook.buck.util.environment.MacNetworkConfiguration] Determine active state of media for device
[2019-04-22 00:31:30.775][debug][command:null][tid:30][com.facebook.buck.util.environment.MacNetworkConfiguration] Determine active state of media for device
[2019-04-22 00:31:30.775][debug][command:null][tid:30][com.facebook.buck.util.ListeningProcessExecutor] Launching process with params ProcessExecutorParams{command=[networksetup, -getMedia, en8]}
[2019-04-22 00:31:30.775][debug][command:null][tid:30][com.facebook.buck.util.ListeningProcessExecutor] Launching process with params ProcessExecutorParams{command=[networksetup, -getMedia, en8]}
[2019-04-22 00:31:30.777][debug][command:null][tid:30][com.facebook.buck.util.ListeningProcessExecutor] Successfully launched process com.zaxxer.nuprocess.osx.OsxProcess@7785415a
[2019-04-22 00:31:30.777][debug][command:null][tid:30][com.facebook.buck.util.ListeningProcessExecutor] Successfully launched process com.zaxxer.nuprocess.osx.OsxProcess@7785415a
[2019-04-22 00:31:30.779][debug][command:null][tid:30][com.facebook.buck.util.ListeningProcessExecutor] Waiting for process com.facebook.buck.util.ListeningProcessExecutor$LaunchedProcessImpl@5a2a7360 timeout 1000 MILLISECONDS
[2019-04-22 00:31:30.779][debug][command:null][tid:30][com.facebook.buck.util.ListeningProcessExecutor] Waiting for process com.facebook.buck.util.ListeningProcessExecutor$LaunchedProcessImpl@5a2a7360 timeout 1000 MILLISECONDS
[2019-04-22 00:31:30.785][debug][command:c68d763b-a39b-4096-9ef2-9e7bef6fa8ed][tid:14][com.facebook.buck.cli.CleanCommand] Removed path: buck-out/bin
[2019-04-22 00:31:30.814][debug][command:null][tid:30][com.facebook.buck.util.ListeningProcessExecutor] Wait for process returned 4
[2019-04-22 00:31:30.814][debug][command:null][tid:30][com.facebook.buck.util.ListeningProcessExecutor] Wait for process returned 4
[2019-04-22 00:31:30.814][debug][command:null][tid:30][com.facebook.buck.util.ListeningProcessExecutor] Destroying process com.facebook.buck.util.ListeningProcessExecutor$LaunchedProcessImpl@5a2a7360 (force true)
[2019-04-22 00:31:30.814][debug][command:null][tid:30][com.facebook.buck.util.ListeningProcessExecutor] Destroying process com.facebook.buck.util.ListeningProcessExecutor$LaunchedProcessImpl@5a2a7360 (force true)
[2019-04-22 00:31:30.815][debug][command:null][tid:30][com.facebook.buck.util.environment.MacNetworkConfiguration] Determine active state of media for device
[2019-04-22 00:31:30.815][debug][command:null][tid:30][com.facebook.buck.util.environment.MacNetworkConfiguration] Determine active state of media for device
[2019-04-22 00:31:30.815][debug][command:null][tid:30][com.facebook.buck.util.ListeningProcessExecutor] Launching process with params ProcessExecutorParams{command=[networksetup, -getMedia, en0]}
[2019-04-22 00:31:30.815][debug][command:null][tid:30][com.facebook.buck.util.ListeningProcessExecutor] Launching process with params ProcessExecutorParams{command=[networksetup, -getMedia, en0]}
[2019-04-22 00:31:30.818][debug][command:null][tid:30][com.facebook.buck.util.ListeningProcessExecutor] Successfully launched process com.zaxxer.nuprocess.osx.OsxProcess@1e701bc5
[2019-04-22 00:31:30.818][debug][command:null][tid:30][com.facebook.buck.util.ListeningProcessExecutor] Successfully launched process com.zaxxer.nuprocess.osx.OsxProcess@1e701bc5
[2019-04-22 00:31:30.820][debug][command:null][tid:30][com.facebook.buck.util.ListeningProcessExecutor] Waiting for process com.facebook.buck.util.ListeningProcessExecutor$LaunchedProcessImpl@515a407 timeout 1000 MILLISECONDS
[2019-04-22 00:31:30.820][debug][command:null][tid:30][com.facebook.buck.util.ListeningProcessExecutor] Waiting for process com.facebook.buck.util.ListeningProcessExecutor$LaunchedProcessImpl@515a407 timeout 1000 MILLISECONDS
[2019-04-22 00:31:30.858][debug][command:null][tid:30][com.facebook.buck.util.ListeningProcessExecutor] Wait for process returned 0
[2019-04-22 00:31:30.858][debug][command:null][tid:30][com.facebook.buck.util.ListeningProcessExecutor] Wait for process returned 0
[2019-04-22 00:31:30.858][debug][command:null][tid:30][com.facebook.buck.util.ListeningProcessExecutor] Destroying process com.facebook.buck.util.ListeningProcessExecutor$LaunchedProcessImpl@515a407 (force true)
[2019-04-22 00:31:30.858][debug][command:null][tid:30][com.facebook.buck.util.ListeningProcessExecutor] Destroying process com.facebook.buck.util.ListeningProcessExecutor$LaunchedProcessImpl@515a407 (force true)
[2019-04-22 00:31:30.859][debug][command:null][tid:30][com.facebook.buck.util.environment.MacNetworkConfiguration] Determine WiFi SSID of device
[2019-04-22 00:31:30.859][debug][command:null][tid:30][com.facebook.buck.util.environment.MacNetworkConfiguration] Determine WiFi SSID of device
[2019-04-22 00:31:30.859][debug][command:null][tid:30][com.facebook.buck.util.ListeningProcessExecutor] Launching process with params ProcessExecutorParams{command=[networksetup, -getairportnetwork, en0]}
[2019-04-22 00:31:30.859][debug][command:null][tid:30][com.facebook.buck.util.ListeningProcessExecutor] Launching process with params ProcessExecutorParams{command=[networksetup, -getairportnetwork, en0]}
[2019-04-22 00:31:30.861][debug][command:null][tid:30][com.facebook.buck.util.ListeningProcessExecutor] Successfully launched process com.zaxxer.nuprocess.osx.OsxProcess@7e1b397f
[2019-04-22 00:31:30.861][debug][command:null][tid:30][com.facebook.buck.util.ListeningProcessExecutor] Successfully launched process com.zaxxer.nuprocess.osx.OsxProcess@7e1b397f
[2019-04-22 00:31:30.862][debug][command:null][tid:30][com.facebook.buck.util.ListeningProcessExecutor] Waiting for process com.facebook.buck.util.ListeningProcessExecutor$LaunchedProcessImpl@523eb045 timeout 1000 MILLISECONDS
[2019-04-22 00:31:30.862][debug][command:null][tid:30][com.facebook.buck.util.ListeningProcessExecutor] Waiting for process com.facebook.buck.util.ListeningProcessExecutor$LaunchedProcessImpl@523eb045 timeout 1000 MILLISECONDS
[2019-04-22 00:31:30.899][debug][command:null][tid:30][com.facebook.buck.util.ListeningProcessExecutor] Wait for process returned 0
[2019-04-22 00:31:30.899][debug][command:null][tid:30][com.facebook.buck.util.ListeningProcessExecutor] Wait for process returned 0
[2019-04-22 00:31:30.899][debug][command:null][tid:30][com.facebook.buck.util.ListeningProcessExecutor] Destroying process com.facebook.buck.util.ListeningProcessExecutor$LaunchedProcessImpl@523eb045 (force true)
[2019-04-22 00:31:30.899][debug][command:null][tid:30][com.facebook.buck.util.ListeningProcessExecutor] Destroying process com.facebook.buck.util.ListeningProcessExecutor$LaunchedProcessImpl@523eb045 (force true)
[2019-04-22 00:31:31.315][debug][command:c68d763b-a39b-4096-9ef2-9e7bef6fa8ed][tid:14][com.facebook.buck.cli.CleanCommand] Removed path: buck-out/cache
[2019-04-22 00:31:31.315][debug][command:c68d763b-a39b-4096-9ef2-9e7bef6fa8ed][tid:14][com.facebook.buck.cli.CleanCommand] Removed path: buck-out/gen
[2019-04-22 00:31:33.158][debug][command:c68d763b-a39b-4096-9ef2-9e7bef6fa8ed][tid:14][com.facebook.buck.cli.CleanCommand] Removed path: buck-out/.trash
[2019-04-22 00:31:33.166][debug][command:c68d763b-a39b-4096-9ef2-9e7bef6fa8ed][tid:25][com.facebook.buck.util.perf.ProcessTracker] shutDown
[2019-04-22 00:31:33.166][debug][command:c68d763b-a39b-4096-9ef2-9e7bef6fa8ed][tid:24][com.google.common.util.concurrent.ServiceManager] Service PerfStatsTracking [TERMINATED] has terminated. Previous state was: STOPPING
[2019-04-22 00:31:33.168][debug][command:c68d763b-a39b-4096-9ef2-9e7bef6fa8ed][tid:25][com.google.common.util.concurrent.ServiceManager] Service ProcessTracker [TERMINATED] has terminated. Previous state was: STOPPING
[2019-04-22 00:31:33.168][debug][command:c68d763b-a39b-4096-9ef2-9e7bef6fa8ed][tid:14][com.facebook.buck.event.listener.RenderingConsole] Stopping render scheduler
[2019-04-22 00:31:33.169][info ][command:c68d763b-a39b-4096-9ef2-9e7bef6fa8ed][tid:14][com.facebook.buck.cli.Main] Awaiting termination of PROJECT executor service. Waiting for all jobs to complete, or up to maximum of 60 seconds...
[2019-04-22 00:31:33.169][info ][command:c68d763b-a39b-4096-9ef2-9e7bef6fa8ed][tid:14][com.facebook.buck.cli.Main] Successfully terminated PROJECT executor service.
[2019-04-22 00:31:33.169][info ][command:c68d763b-a39b-4096-9ef2-9e7bef6fa8ed][tid:14][com.facebook.buck.cli.Main] Awaiting termination of NETWORK executor service. Waiting for all jobs to complete, or up to maximum of 60 seconds...
[2019-04-22 00:31:33.169][info ][command:c68d763b-a39b-4096-9ef2-9e7bef6fa8ed][tid:14][com.facebook.buck.cli.Main] Successfully terminated NETWORK executor service.
[2019-04-22 00:31:33.169][info ][command:c68d763b-a39b-4096-9ef2-9e7bef6fa8ed][tid:14][com.facebook.buck.cli.Main] Awaiting termination of CPU executor service. Waiting for all jobs to complete, or up to maximum of 60 seconds...
[2019-04-22 00:31:33.169][info ][command:c68d763b-a39b-4096-9ef2-9e7bef6fa8ed][tid:14][com.facebook.buck.cli.Main] Successfully terminated CPU executor service.
[2019-04-22 00:31:33.170][info ][command:c68d763b-a39b-4096-9ef2-9e7bef6fa8ed][tid:14][com.facebook.buck.cli.Main] Awaiting termination of ScheduledExecutorService executor service. Waiting for all jobs to complete, or up to maximum of 60 seconds...
[2019-04-22 00:31:33.170][info ][command:c68d763b-a39b-4096-9ef2-9e7bef6fa8ed][tid:14][com.facebook.buck.cli.Main] Successfully terminated ScheduledExecutorService executor service.
[2019-04-22 00:31:33.170][info ][command:c68d763b-a39b-4096-9ef2-9e7bef6fa8ed][tid:14][com.facebook.buck.cli.Main] Awaiting termination of CounterAggregatorExecutor executor service. Waiting for all jobs to complete, or up to maximum of 20 seconds...
[2019-04-22 00:31:33.170][info ][command:c68d763b-a39b-4096-9ef2-9e7bef6fa8ed][tid:14][com.facebook.buck.cli.Main] Successfully terminated CounterAggregatorExecutor executor service.
[2019-04-22 00:31:33.170][info ][command:c68d763b-a39b-4096-9ef2-9e7bef6fa8ed][tid:14][com.facebook.buck.cli.Main] Awaiting termination of HTTP Read executor service. Waiting for all jobs to complete, or up to maximum of 1800 seconds...
[2019-04-22 00:31:33.170][info ][command:c68d763b-a39b-4096-9ef2-9e7bef6fa8ed][tid:14][com.facebook.buck.cli.Main] Successfully terminated HTTP Read executor service.
[2019-04-22 00:31:33.170][info ][command:c68d763b-a39b-4096-9ef2-9e7bef6fa8ed][tid:14][com.facebook.buck.cli.Main] Awaiting termination of Download Heavy Build HTTP Read executor service. Waiting for all jobs to complete, or up to maximum of 1800 seconds...
[2019-04-22 00:31:33.170][info ][command:c68d763b-a39b-4096-9ef2-9e7bef6fa8ed][tid:14][com.facebook.buck.cli.Main] Successfully terminated Download Heavy Build HTTP Read executor service.
[2019-04-22 00:31:33.170][info ][command:c68d763b-a39b-4096-9ef2-9e7bef6fa8ed][tid:14][com.facebook.buck.cli.Main] Awaiting termination of HTTP Write executor service. Waiting for all jobs to complete, or up to maximum of 1800 seconds...
[2019-04-22 00:31:33.170][info ][command:c68d763b-a39b-4096-9ef2-9e7bef6fa8ed][tid:14][com.facebook.buck.cli.Main] Successfully terminated HTTP Write executor service.
[2019-04-22 00:31:33.170][info ][command:c68d763b-a39b-4096-9ef2-9e7bef6fa8ed][tid:14][com.facebook.buck.cli.Main] Awaiting termination of Disk IO executor service. Waiting for all jobs to complete, or up to maximum of 10 seconds...
[2019-04-22 00:31:33.171][info ][command:c68d763b-a39b-4096-9ef2-9e7bef6fa8ed][tid:14][com.facebook.buck.cli.Main] Successfully terminated Disk IO executor service.
[2019-04-22 00:31:33.171][debug][command:c68d763b-a39b-4096-9ef2-9e7bef6fa8ed][tid:14][com.facebook.nailgun.NGCommunicator] Shutting down socket for input
[2019-04-22 00:31:33.171][debug][command:null][tid:36][com.facebook.buck.io.AsynchronousDirectoryContentsCleaner] Starting to clean buck-out/.trash
[2019-04-22 00:31:33.171][debug][command:null][tid:36][com.facebook.buck.io.AsynchronousDirectoryContentsCleaner] Starting to clean buck-out/.trash
[2019-04-22 00:31:33.172][debug][command:null][tid:15][com.facebook.nailgun.NGCommunicator] Socket is disconnected
[2019-04-22 00:31:33.172][debug][command:null][tid:15][com.facebook.nailgun.NGCommunicator] Socket is disconnected
[2019-04-22 00:31:33.172][debug][command:c68d763b-a39b-4096-9ef2-9e7bef6fa8ed][tid:14][com.facebook.nailgun.NGCommunicator] Shutting down socket for output
[2019-04-22 00:31:33.172][debug][command:null][tid:15][com.facebook.nailgun.NGCommunicator] Nailgun client disconnected
[2019-04-22 00:31:33.172][debug][command:null][tid:15][com.facebook.nailgun.NGCommunicator] Nailgun client disconnected
[2019-04-22 00:31:33.172][debug][command:null][tid:15][com.facebook.nailgun.NGCommunicator] Orchestrator thread finished
[2019-04-22 00:31:33.172][debug][command:null][tid:15][com.facebook.nailgun.NGCommunicator] Orchestrator thread finished
[2019-04-22 00:31:33.172][debug][command:null][tid:36][com.facebook.buck.io.AsynchronousDirectoryContentsCleaner] Done cleaning buck-out/.trash
[2019-04-22 00:31:33.172][debug][command:null][tid:36][com.facebook.buck.io.AsynchronousDirectoryContentsCleaner] Done cleaning buck-out/.trash
[2019-04-22 00:31:33.177][debug][command:null][tid:40][com.facebook.buck.event.listener.ChromeTraceBuildListener] Writing Chrome trace to buck-out/log/2019-04-21_16h31m30s_cleancommand_c68d763b-a39b-4096-9ef2-9e7bef6fa8ed/build.2019-04-22.00-31-30.c68d763b-a39b-4096-9ef2-9e7bef6fa8ed.trace
[2019-04-22 00:31:33.202][debug][command:null][tid:14][com.facebook.buck.cli.Main] Done.
[2019-04-22 00:31:33.203][info ][command:null][tid:14][com.facebook.nailgun.NGSession] Nail cleanly exited with status 0
[2019-04-22 00:31:33.204][debug][command:null][tid:14][com.facebook.nailgun.NGCommunicator] Shutting down read ExecutorService
[2019-04-22 00:31:33.204][debug][command:null][tid:14][com.facebook.nailgun.NGCommunicator] Shutting down orchestrator ExecutorService
[2019-04-22 00:31:33.205][debug][command:null][tid:14][com.facebook.nailgun.NGSession] NGSession 1 is closing client socket
[2019-04-22 00:32:08.971][debug][command:null][tid:14][com.facebook.nailgun.NGSession] NGSession 1 accepted new connection
[2019-04-22 00:32:08.974][debug][command:null][tid:42][com.facebook.nailgun.NGCommunicator] Orchestrator thread started
[2019-04-22 00:32:08.975][debug][command:null][tid:14][com.facebook.nailgun.NGCommunicator] Shutting down socket for input
[2019-04-22 00:32:08.976][debug][command:null][tid:42][com.facebook.nailgun.NGCommunicator] Socket is disconnected
[2019-04-22 00:32:08.976][debug][command:null][tid:42][com.facebook.nailgun.NGCommunicator] Nailgun client disconnected
[2019-04-22 00:32:08.976][debug][command:null][tid:42][com.facebook.nailgun.NGCommunicator] Orchestrator thread finished
[2019-04-22 00:32:08.976][debug][command:null][tid:14][com.facebook.nailgun.NGCommunicator] Shutting down socket for output
[2019-04-22 00:32:08.976][debug][command:null][tid:14][com.facebook.nailgun.NGCommunicator] Shutting down read ExecutorService
[2019-04-22 00:32:08.976][debug][command:null][tid:14][com.facebook.nailgun.NGCommunicator] Shutting down orchestrator ExecutorService
[2019-04-22 00:32:08.976][warn ][command:null][tid:14][com.facebook.nailgun.NGCommunicator] Interruption is signaled in close(), terminating a thread forcefully
[2019-04-22 00:32:08.977][debug][command:null][tid:14][com.facebook.nailgun.NGSession] NGSession 1 is closing client socket
[2019-04-22 00:32:08.977][debug][command:null][tid:14][com.facebook.nailgun.NGSession] NGSession 1 stopped
