[2019-04-22 00:42:30.166][debug][command:b2a180db-0624-4905-b1f3-d4e65f23e2a2][tid:14][com.facebook.buck.event.listener.RenderingConsole] Starting render scheduler (interval 100 ms)
[2019-04-22 00:42:30.167][debug][command:b2a180db-0624-4905-b1f3-d4e65f23e2a2][tid:14][com.google.common.util.concurrent.ServiceManager] Starting PerfStatsTracking [STARTING].
[2019-04-22 00:42:30.167][debug][command:b2a180db-0624-4905-b1f3-d4e65f23e2a2][tid:14][com.google.common.util.concurrent.ServiceManager] Started PerfStatsTracking [RUNNING] in 686.8 μs.
[2019-04-22 00:42:30.168][debug][command:b2a180db-0624-4905-b1f3-d4e65f23e2a2][tid:14][com.google.common.util.concurrent.ServiceManager] Starting ProcessTracker [STARTING].
[2019-04-22 00:42:30.168][debug][command:b2a180db-0624-4905-b1f3-d4e65f23e2a2][tid:14][com.facebook.buck.util.environment.MacWifiSsidFinder] Getting current SSID..
[2019-04-22 00:42:30.168][debug][command:null][tid:81][com.facebook.buck.util.perf.ProcessTracker] startUp
[2019-04-22 00:42:30.168][debug][command:null][tid:81][com.facebook.buck.util.perf.ProcessTracker] startUp
[2019-04-22 00:42:30.169][debug][command:b2a180db-0624-4905-b1f3-d4e65f23e2a2][tid:14][com.facebook.buck.util.environment.MacWifiSsidFinder] Getting SSID from Wi-Fi interface: <CWInterface: 0x7fa39780d780> [interfaceName=en0]
[2019-04-22 00:42:30.170][debug][command:null][tid:81][com.google.common.util.concurrent.ServiceManager] Started ProcessTracker [RUNNING] in 3.065 ms.
[2019-04-22 00:42:30.170][debug][command:null][tid:81][com.google.common.util.concurrent.ServiceManager] Started ProcessTracker [RUNNING] in 3.065 ms.
[2019-04-22 00:42:30.173][debug][command:b2a180db-0624-4905-b1f3-d4e65f23e2a2][tid:14][com.facebook.buck.util.environment.MacWifiSsidFinder] Found SSID: fam_5G
[2019-04-22 00:42:30.174][debug][command:b2a180db-0624-4905-b1f3-d4e65f23e2a2][tid:14][com.facebook.buck.cli.Main] InvocationInfo BuildId=[b2a180db-0624-4905-b1f3-d4e65f23e2a2] Args=[build, //BuckTest:BuckTest]
[2019-04-22 00:42:30.180][warn ][command:null][tid:84][com.facebook.buck.event.listener.PublicAnnouncementManager] Failed to get public announcements. Reason: Failed to establish connection to server.
[2019-04-22 00:42:30.180][warn ][command:null][tid:84][com.facebook.buck.event.listener.PublicAnnouncementManager] Failed to get public announcements. Reason: Failed to establish connection to server.
[2019-04-22 00:42:30.180][debug][command:null][tid:85][com.facebook.buck.util.environment.MacNetworkConfiguration] Determine network service order and extract device names
[2019-04-22 00:42:30.180][debug][command:null][tid:85][com.facebook.buck.util.environment.MacNetworkConfiguration] Determine network service order and extract device names
[2019-04-22 00:42:30.180][debug][command:null][tid:85][com.facebook.buck.util.ListeningProcessExecutor] Launching process with params ProcessExecutorParams{command=[networksetup, -listnetworkserviceorder, ]}
[2019-04-22 00:42:30.180][debug][command:null][tid:85][com.facebook.buck.util.ListeningProcessExecutor] Launching process with params ProcessExecutorParams{command=[networksetup, -listnetworkserviceorder, ]}
[2019-04-22 00:42:30.192][debug][command:null][tid:85][com.facebook.buck.util.ListeningProcessExecutor] Successfully launched process com.zaxxer.nuprocess.osx.OsxProcess@4960d4d7
[2019-04-22 00:42:30.192][debug][command:null][tid:85][com.facebook.buck.util.ListeningProcessExecutor] Successfully launched process com.zaxxer.nuprocess.osx.OsxProcess@4960d4d7
[2019-04-22 00:42:30.193][debug][command:null][tid:85][com.facebook.buck.util.ListeningProcessExecutor] Waiting for process com.facebook.buck.util.ListeningProcessExecutor$LaunchedProcessImpl@1e2f0dec timeout 1000 MILLISECONDS
[2019-04-22 00:42:30.193][debug][command:null][tid:85][com.facebook.buck.util.ListeningProcessExecutor] Waiting for process com.facebook.buck.util.ListeningProcessExecutor$LaunchedProcessImpl@1e2f0dec timeout 1000 MILLISECONDS
[2019-04-22 00:42:30.231][debug][command:null][tid:85][com.facebook.buck.util.ListeningProcessExecutor] Wait for process returned 0
[2019-04-22 00:42:30.231][debug][command:null][tid:85][com.facebook.buck.util.ListeningProcessExecutor] Wait for process returned 0
[2019-04-22 00:42:30.231][debug][command:null][tid:85][com.facebook.buck.util.ListeningProcessExecutor] Destroying process com.facebook.buck.util.ListeningProcessExecutor$LaunchedProcessImpl@1e2f0dec (force true)
[2019-04-22 00:42:30.231][debug][command:null][tid:85][com.facebook.buck.util.ListeningProcessExecutor] Destroying process com.facebook.buck.util.ListeningProcessExecutor$LaunchedProcessImpl@1e2f0dec (force true)
[2019-04-22 00:42:30.231][debug][command:null][tid:85][com.facebook.buck.util.environment.MacNetworkConfiguration] Determine active state of media for device
[2019-04-22 00:42:30.231][debug][command:null][tid:85][com.facebook.buck.util.environment.MacNetworkConfiguration] Determine active state of media for device
[2019-04-22 00:42:30.231][debug][command:null][tid:85][com.facebook.buck.util.ListeningProcessExecutor] Launching process with params ProcessExecutorParams{command=[networksetup, -getMedia, en7]}
[2019-04-22 00:42:30.231][debug][command:null][tid:85][com.facebook.buck.util.ListeningProcessExecutor] Launching process with params ProcessExecutorParams{command=[networksetup, -getMedia, en7]}
[2019-04-22 00:42:30.232][debug][command:null][tid:85][com.facebook.buck.util.ListeningProcessExecutor] Successfully launched process com.zaxxer.nuprocess.osx.OsxProcess@4f690330
[2019-04-22 00:42:30.232][debug][command:null][tid:85][com.facebook.buck.util.ListeningProcessExecutor] Successfully launched process com.zaxxer.nuprocess.osx.OsxProcess@4f690330
[2019-04-22 00:42:30.233][debug][command:null][tid:85][com.facebook.buck.util.ListeningProcessExecutor] Waiting for process com.facebook.buck.util.ListeningProcessExecutor$LaunchedProcessImpl@2f39f864 timeout 1000 MILLISECONDS
[2019-04-22 00:42:30.233][debug][command:null][tid:85][com.facebook.buck.util.ListeningProcessExecutor] Waiting for process com.facebook.buck.util.ListeningProcessExecutor$LaunchedProcessImpl@2f39f864 timeout 1000 MILLISECONDS
[2019-04-22 00:42:30.263][debug][command:null][tid:85][com.facebook.buck.util.ListeningProcessExecutor] Wait for process returned 4
[2019-04-22 00:42:30.263][debug][command:null][tid:85][com.facebook.buck.util.ListeningProcessExecutor] Wait for process returned 4
[2019-04-22 00:42:30.264][debug][command:null][tid:85][com.facebook.buck.util.ListeningProcessExecutor] Destroying process com.facebook.buck.util.ListeningProcessExecutor$LaunchedProcessImpl@2f39f864 (force true)
[2019-04-22 00:42:30.264][debug][command:null][tid:85][com.facebook.buck.util.ListeningProcessExecutor] Destroying process com.facebook.buck.util.ListeningProcessExecutor$LaunchedProcessImpl@2f39f864 (force true)
[2019-04-22 00:42:30.264][debug][command:null][tid:85][com.facebook.buck.util.environment.MacNetworkConfiguration] Determine active state of media for device
[2019-04-22 00:42:30.264][debug][command:null][tid:85][com.facebook.buck.util.environment.MacNetworkConfiguration] Determine active state of media for device
[2019-04-22 00:42:30.267][debug][command:null][tid:85][com.facebook.buck.util.ListeningProcessExecutor] Launching process with params ProcessExecutorParams{command=[networksetup, -getMedia, en8]}
[2019-04-22 00:42:30.267][debug][command:null][tid:85][com.facebook.buck.util.ListeningProcessExecutor] Launching process with params ProcessExecutorParams{command=[networksetup, -getMedia, en8]}
[2019-04-22 00:42:30.268][debug][command:null][tid:85][com.facebook.buck.util.ListeningProcessExecutor] Successfully launched process com.zaxxer.nuprocess.osx.OsxProcess@4a6ca797
[2019-04-22 00:42:30.268][debug][command:null][tid:85][com.facebook.buck.util.ListeningProcessExecutor] Successfully launched process com.zaxxer.nuprocess.osx.OsxProcess@4a6ca797
[2019-04-22 00:42:30.269][debug][command:null][tid:85][com.facebook.buck.util.ListeningProcessExecutor] Waiting for process com.facebook.buck.util.ListeningProcessExecutor$LaunchedProcessImpl@234a988e timeout 1000 MILLISECONDS
[2019-04-22 00:42:30.269][debug][command:null][tid:85][com.facebook.buck.util.ListeningProcessExecutor] Waiting for process com.facebook.buck.util.ListeningProcessExecutor$LaunchedProcessImpl@234a988e timeout 1000 MILLISECONDS
[2019-04-22 00:42:30.298][debug][command:null][tid:85][com.facebook.buck.util.ListeningProcessExecutor] Wait for process returned 4
[2019-04-22 00:42:30.298][debug][command:null][tid:85][com.facebook.buck.util.ListeningProcessExecutor] Wait for process returned 4
[2019-04-22 00:42:30.298][debug][command:null][tid:85][com.facebook.buck.util.ListeningProcessExecutor] Destroying process com.facebook.buck.util.ListeningProcessExecutor$LaunchedProcessImpl@234a988e (force true)
[2019-04-22 00:42:30.298][debug][command:null][tid:85][com.facebook.buck.util.ListeningProcessExecutor] Destroying process com.facebook.buck.util.ListeningProcessExecutor$LaunchedProcessImpl@234a988e (force true)
[2019-04-22 00:42:30.298][debug][command:null][tid:85][com.facebook.buck.util.environment.MacNetworkConfiguration] Determine active state of media for device
[2019-04-22 00:42:30.298][debug][command:null][tid:85][com.facebook.buck.util.environment.MacNetworkConfiguration] Determine active state of media for device
[2019-04-22 00:42:30.299][debug][command:null][tid:85][com.facebook.buck.util.ListeningProcessExecutor] Launching process with params ProcessExecutorParams{command=[networksetup, -getMedia, en0]}
[2019-04-22 00:42:30.299][debug][command:null][tid:85][com.facebook.buck.util.ListeningProcessExecutor] Launching process with params ProcessExecutorParams{command=[networksetup, -getMedia, en0]}
[2019-04-22 00:42:30.303][debug][command:null][tid:85][com.facebook.buck.util.ListeningProcessExecutor] Successfully launched process com.zaxxer.nuprocess.osx.OsxProcess@43b39920
[2019-04-22 00:42:30.303][debug][command:null][tid:85][com.facebook.buck.util.ListeningProcessExecutor] Successfully launched process com.zaxxer.nuprocess.osx.OsxProcess@43b39920
[2019-04-22 00:42:30.304][debug][command:null][tid:85][com.facebook.buck.util.ListeningProcessExecutor] Waiting for process com.facebook.buck.util.ListeningProcessExecutor$LaunchedProcessImpl@31dd5d41 timeout 1000 MILLISECONDS
[2019-04-22 00:42:30.304][debug][command:null][tid:85][com.facebook.buck.util.ListeningProcessExecutor] Waiting for process com.facebook.buck.util.ListeningProcessExecutor$LaunchedProcessImpl@31dd5d41 timeout 1000 MILLISECONDS
[2019-04-22 00:42:30.338][debug][command:null][tid:85][com.facebook.buck.util.ListeningProcessExecutor] Wait for process returned 0
[2019-04-22 00:42:30.338][debug][command:null][tid:85][com.facebook.buck.util.ListeningProcessExecutor] Wait for process returned 0
[2019-04-22 00:42:30.338][debug][command:null][tid:85][com.facebook.buck.util.ListeningProcessExecutor] Destroying process com.facebook.buck.util.ListeningProcessExecutor$LaunchedProcessImpl@31dd5d41 (force true)
[2019-04-22 00:42:30.338][debug][command:null][tid:85][com.facebook.buck.util.ListeningProcessExecutor] Destroying process com.facebook.buck.util.ListeningProcessExecutor$LaunchedProcessImpl@31dd5d41 (force true)
[2019-04-22 00:42:30.339][debug][command:null][tid:85][com.facebook.buck.util.environment.MacNetworkConfiguration] Determine WiFi SSID of device
[2019-04-22 00:42:30.339][debug][command:null][tid:85][com.facebook.buck.util.environment.MacNetworkConfiguration] Determine WiFi SSID of device
[2019-04-22 00:42:30.339][debug][command:null][tid:85][com.facebook.buck.util.ListeningProcessExecutor] Launching process with params ProcessExecutorParams{command=[networksetup, -getairportnetwork, en0]}
[2019-04-22 00:42:30.339][debug][command:null][tid:85][com.facebook.buck.util.ListeningProcessExecutor] Launching process with params ProcessExecutorParams{command=[networksetup, -getairportnetwork, en0]}
[2019-04-22 00:42:30.340][debug][command:null][tid:85][com.facebook.buck.util.ListeningProcessExecutor] Successfully launched process com.zaxxer.nuprocess.osx.OsxProcess@60d9659f
[2019-04-22 00:42:30.340][debug][command:null][tid:85][com.facebook.buck.util.ListeningProcessExecutor] Successfully launched process com.zaxxer.nuprocess.osx.OsxProcess@60d9659f
[2019-04-22 00:42:30.342][debug][command:null][tid:85][com.facebook.buck.util.ListeningProcessExecutor] Waiting for process com.facebook.buck.util.ListeningProcessExecutor$LaunchedProcessImpl@584103a8 timeout 1000 MILLISECONDS
[2019-04-22 00:42:30.342][debug][command:null][tid:85][com.facebook.buck.util.ListeningProcessExecutor] Waiting for process com.facebook.buck.util.ListeningProcessExecutor$LaunchedProcessImpl@584103a8 timeout 1000 MILLISECONDS
[2019-04-22 00:42:30.378][debug][command:null][tid:85][com.facebook.buck.util.ListeningProcessExecutor] Wait for process returned 0
[2019-04-22 00:42:30.378][debug][command:null][tid:85][com.facebook.buck.util.ListeningProcessExecutor] Wait for process returned 0
[2019-04-22 00:42:30.378][debug][command:null][tid:85][com.facebook.buck.util.ListeningProcessExecutor] Destroying process com.facebook.buck.util.ListeningProcessExecutor$LaunchedProcessImpl@584103a8 (force true)
[2019-04-22 00:42:30.378][debug][command:null][tid:85][com.facebook.buck.util.ListeningProcessExecutor] Destroying process com.facebook.buck.util.ListeningProcessExecutor$LaunchedProcessImpl@584103a8 (force true)
[2019-04-22 00:42:31.204][debug][command:null][tid:92][com.facebook.buck.io.watchman.WatchmanTransportClient] Query [query, /Users/stevenlee/Downloads/BuckTest 3, {since=c:1555333328:392:1:4852, expression=[not, [anyof, [type, d], [dirname, .idea], [dirname, .buckd], [dirname, buck-out/cache], [dirname, tools], [dirname, .git], [dirname, buck-out/.trash], [dirname, buck-out], [match, [build], wholename, {includedotfiles=true}], [match, **/*.pbxproj, wholename, {includedotfiles=true}], [match, **/*.xcscheme, wholename, {includedotfiles=true}], [match, **/*.xcworkspacedata, wholename, {includedotfiles=true}], [match, **/*~, wholename, {includedotfiles=true}], [match, **/#*#, wholename, {includedotfiles=true}], [match, **/.#*, wholename, {includedotfiles=true}], [match, **/*.swo, wholename, {includedotfiles=true}], [match, **/*.swp, wholename, {includedotfiles=true}], [match, **/*.swpx, wholename, {includedotfiles=true}], [match, **/*.un~, wholename, {includedotfiles=true}], [match, **/*.netrhwist, wholename, {includedotfiles=true}], [match, .idea, wholename, {includedotfiles=true}], [match, .iml, wholename, {includedotfiles=true}], [match, **/*.pydevproject, wholename, {includedotfiles=true}], [match, .project, wholename, {includedotfiles=true}], [match, .metadata, wholename, {includedotfiles=true}], [match, **/*.tmp, wholename, {includedotfiles=true}], [match, **/*.bak, wholename, {includedotfiles=true}], [match, **/*.nib, wholename, {includedotfiles=true}], [match, .classpath, wholename, {includedotfiles=true}], [match, .settings, wholename, {includedotfiles=true}], [match, .loadpath, wholename, {includedotfiles=true}], [match, .externalToolBuilders, wholename, {includedotfiles=true}], [match, .cproject, wholename, {includedotfiles=true}], [match, .buildpath, wholename, {includedotfiles=true}], [match, .DS_Store, wholename, {includedotfiles=true}], [match, .AppleDouble, wholename, {includedotfiles=true}], [match, .LSOverride, wholename, {includedotfiles=true}], [match, .Spotlight-V100, wholename, {includedotfiles=true}], [match, .Trashes, wholename, {includedotfiles=true}], [match, $RECYCLE.BIN, wholename, {includedotfiles=true}], [match, **/*.sublime-workspace, wholename, {includedotfiles=true}]]], empty_on_fresh_instance=true, fields=[name, exists, new]}] returned in 12 ms
[2019-04-22 00:42:31.204][debug][command:null][tid:92][com.facebook.buck.io.watchman.WatchmanTransportClient] Query [query, /Users/stevenlee/Downloads/BuckTest 3, {since=c:1555333328:392:1:4852, expression=[not, [anyof, [type, d], [dirname, .idea], [dirname, .buckd], [dirname, buck-out/cache], [dirname, tools], [dirname, .git], [dirname, buck-out/.trash], [dirname, buck-out], [match, [build], wholename, {includedotfiles=true}], [match, **/*.pbxproj, wholename, {includedotfiles=true}], [match, **/*.xcscheme, wholename, {includedotfiles=true}], [match, **/*.xcworkspacedata, wholename, {includedotfiles=true}], [match, **/*~, wholename, {includedotfiles=true}], [match, **/#*#, wholename, {includedotfiles=true}], [match, **/.#*, wholename, {includedotfiles=true}], [match, **/*.swo, wholename, {includedotfiles=true}], [match, **/*.swp, wholename, {includedotfiles=true}], [match, **/*.swpx, wholename, {includedotfiles=true}], [match, **/*.un~, wholename, {includedotfiles=true}], [match, **/*.netrhwist, wholename, {includedotfiles=true}], [match, .idea, wholename, {includedotfiles=true}], [match, .iml, wholename, {includedotfiles=true}], [match, **/*.pydevproject, wholename, {includedotfiles=true}], [match, .project, wholename, {includedotfiles=true}], [match, .metadata, wholename, {includedotfiles=true}], [match, **/*.tmp, wholename, {includedotfiles=true}], [match, **/*.bak, wholename, {includedotfiles=true}], [match, **/*.nib, wholename, {includedotfiles=true}], [match, .classpath, wholename, {includedotfiles=true}], [match, .settings, wholename, {includedotfiles=true}], [match, .loadpath, wholename, {includedotfiles=true}], [match, .externalToolBuilders, wholename, {includedotfiles=true}], [match, .cproject, wholename, {includedotfiles=true}], [match, .buildpath, wholename, {includedotfiles=true}], [match, .DS_Store, wholename, {includedotfiles=true}], [match, .AppleDouble, wholename, {includedotfiles=true}], [match, .LSOverride, wholename, {includedotfiles=true}], [match, .Spotlight-V100, wholename, {includedotfiles=true}], [match, .Trashes, wholename, {includedotfiles=true}], [match, $RECYCLE.BIN, wholename, {includedotfiles=true}], [match, **/*.sublime-workspace, wholename, {includedotfiles=true}]]], empty_on_fresh_instance=true, fields=[name, exists, new]}] returned in 12 ms
[2019-04-22 00:42:31.204][debug][command:null][tid:92][com.facebook.buck.io.watchman.WatchmanWatcher] Updating Watchman Cursor from c:1555333328:392:1:4852 to c:1555333328:392:1:4869
[2019-04-22 00:42:31.204][debug][command:null][tid:92][com.facebook.buck.io.watchman.WatchmanWatcher] Updating Watchman Cursor from c:1555333328:392:1:4852 to c:1555333328:392:1:4869
[2019-04-22 00:42:31.204][warn ][command:null][tid:92][com.facebook.buck.io.watchman.WatchmanWatcher] Posting WatchEvent: WatchmanPathEvent{cellPath=/Users/stevenlee/Downloads/BuckTest 3, kind=MODIFY, path=BuckTest/BUCK}
[2019-04-22 00:42:31.204][warn ][command:null][tid:92][com.facebook.buck.io.watchman.WatchmanWatcher] Posting WatchEvent: WatchmanPathEvent{cellPath=/Users/stevenlee/Downloads/BuckTest 3, kind=MODIFY, path=BuckTest/BUCK}
[2019-04-22 00:42:31.205][debug][command:null][tid:92][com.facebook.buck.io.watchman.WatchmanWatcher] Posted 1 Watchman events.
[2019-04-22 00:42:31.205][debug][command:null][tid:92][com.facebook.buck.io.watchman.WatchmanWatcher] Posted 1 Watchman events.
[2019-04-22 00:42:31.205][debug][command:null][tid:92][com.facebook.buck.io.watchman.WatchmanTransportClient] Closing Watchman transport.
[2019-04-22 00:42:31.205][debug][command:null][tid:92][com.facebook.buck.io.watchman.WatchmanTransportClient] Closing Watchman transport.
[2019-04-22 00:42:31.207][info ][command:b2a180db-0624-4905-b1f3-d4e65f23e2a2][tid:89][com.facebook.buck.event.listener.LoggingBuildListener] Build started at 2019-04-22 00:42:31.206
[2019-04-22 00:42:31.209][debug][command:b2a180db-0624-4905-b1f3-d4e65f23e2a2][tid:14][com.facebook.buck.io.ExecutableFinder] Executable 'python2' mapped to 'Optional[/usr/local/bin/python2]'
[2019-04-22 00:42:31.221][warn ][command:b2a180db-0624-4905-b1f3-d4e65f23e2a2][tid:89][com.facebook.buck.event.listener.LoggingBuildListener] ERROR: /Users/stevenlee/Downloads/BuckTest 3/BuckTest/BUCK:15:1: Traceback (most recent call last):
	File "/Users/stevenlee/Downloads/BuckTest 3/BuckTest/BUCK", line 15
		apple_library(name = "AppLibrary", configs = lib...(), <3 more arguments>)
	File "/Users/stevenlee/Downloads/BuckTest 3/BuckTest/BUCK", line 17, in apple_library
		library_configs()
	File "/Users/stevenlee/Downloads/BuckTest 3/Config/configs.bzl", line 45, in library_configs
		{"IPHONEOS_DEPLOYMENT_TARGET": "11.0", "SDKROOT": "iphoneos", "GCC_OPTIMIZATION_LEVEL": "0", "SWIFT_OPTIMIZATION_LEVEL": "-Onone", "SWIFT_WHOLE_MODULE_OPTIMIZATION": "YES", "ONLY_ACTIVE_ARCH": "YES", "LD_RUNPATH_SEARCH_PATHS": "@executable_path/Frameworks", "SWIFT_WHOLE_MODULE_OPTIMIZATION": "YES", "SKIP_INSTALL": "YES"}
Duplicated key "SWIFT_WHOLE_MODULE_OPTIMIZATION" when creating dictionary
[2019-04-22 00:42:31.225][info ][command:b2a180db-0624-4905-b1f3-d4e65f23e2a2][tid:89][com.facebook.buck.event.listener.LoggingBuildListener] Build finished at 2019-04-22 00:42:31.224
[2019-04-22 00:42:31.225][debug][command:b2a180db-0624-4905-b1f3-d4e65f23e2a2][tid:81][com.facebook.buck.util.perf.ProcessTracker] shutDown
[2019-04-22 00:42:31.225][debug][command:b2a180db-0624-4905-b1f3-d4e65f23e2a2][tid:80][com.google.common.util.concurrent.ServiceManager] Service PerfStatsTracking [TERMINATED] has terminated. Previous state was: STOPPING
[2019-04-22 00:42:31.226][debug][command:b2a180db-0624-4905-b1f3-d4e65f23e2a2][tid:14][com.facebook.buck.event.listener.RenderingConsole] Stopping render scheduler
[2019-04-22 00:42:31.231][info ][command:b2a180db-0624-4905-b1f3-d4e65f23e2a2][tid:14][com.facebook.buck.cli.Main] Awaiting termination of PROJECT executor service. Waiting for all jobs to complete, or up to maximum of 60 seconds...
[2019-04-22 00:42:31.231][info ][command:b2a180db-0624-4905-b1f3-d4e65f23e2a2][tid:14][com.facebook.buck.cli.Main] Successfully terminated PROJECT executor service.
[2019-04-22 00:42:31.231][info ][command:b2a180db-0624-4905-b1f3-d4e65f23e2a2][tid:14][com.facebook.buck.cli.Main] Awaiting termination of NETWORK executor service. Waiting for all jobs to complete, or up to maximum of 60 seconds...
[2019-04-22 00:42:31.231][info ][command:b2a180db-0624-4905-b1f3-d4e65f23e2a2][tid:14][com.facebook.buck.cli.Main] Successfully terminated NETWORK executor service.
[2019-04-22 00:42:31.231][info ][command:b2a180db-0624-4905-b1f3-d4e65f23e2a2][tid:14][com.facebook.buck.cli.Main] Awaiting termination of CPU executor service. Waiting for all jobs to complete, or up to maximum of 60 seconds...
[2019-04-22 00:42:31.231][debug][command:b2a180db-0624-4905-b1f3-d4e65f23e2a2][tid:81][com.google.common.util.concurrent.ServiceManager] Service ProcessTracker [TERMINATED] has terminated. Previous state was: STOPPING
[2019-04-22 00:42:31.232][info ][command:b2a180db-0624-4905-b1f3-d4e65f23e2a2][tid:14][com.facebook.buck.cli.Main] Successfully terminated CPU executor service.
[2019-04-22 00:42:31.233][info ][command:b2a180db-0624-4905-b1f3-d4e65f23e2a2][tid:14][com.facebook.buck.cli.Main] Awaiting termination of ScheduledExecutorService executor service. Waiting for all jobs to complete, or up to maximum of 60 seconds...
[2019-04-22 00:42:31.233][info ][command:b2a180db-0624-4905-b1f3-d4e65f23e2a2][tid:14][com.facebook.buck.cli.Main] Successfully terminated ScheduledExecutorService executor service.
[2019-04-22 00:42:31.233][info ][command:b2a180db-0624-4905-b1f3-d4e65f23e2a2][tid:14][com.facebook.buck.cli.Main] Awaiting termination of CounterAggregatorExecutor executor service. Waiting for all jobs to complete, or up to maximum of 20 seconds...
[2019-04-22 00:42:31.233][info ][command:b2a180db-0624-4905-b1f3-d4e65f23e2a2][tid:14][com.facebook.buck.cli.Main] Successfully terminated CounterAggregatorExecutor executor service.
[2019-04-22 00:42:31.233][info ][command:b2a180db-0624-4905-b1f3-d4e65f23e2a2][tid:14][com.facebook.buck.cli.Main] Awaiting termination of HTTP Read executor service. Waiting for all jobs to complete, or up to maximum of 1800 seconds...
[2019-04-22 00:42:31.233][info ][command:b2a180db-0624-4905-b1f3-d4e65f23e2a2][tid:14][com.facebook.buck.cli.Main] Successfully terminated HTTP Read executor service.
[2019-04-22 00:42:31.233][info ][command:b2a180db-0624-4905-b1f3-d4e65f23e2a2][tid:14][com.facebook.buck.cli.Main] Awaiting termination of Download Heavy Build HTTP Read executor service. Waiting for all jobs to complete, or up to maximum of 1800 seconds...
[2019-04-22 00:42:31.233][info ][command:b2a180db-0624-4905-b1f3-d4e65f23e2a2][tid:14][com.facebook.buck.cli.Main] Successfully terminated Download Heavy Build HTTP Read executor service.
[2019-04-22 00:42:31.233][info ][command:b2a180db-0624-4905-b1f3-d4e65f23e2a2][tid:14][com.facebook.buck.cli.Main] Awaiting termination of HTTP Write executor service. Waiting for all jobs to complete, or up to maximum of 1800 seconds...
[2019-04-22 00:42:31.233][info ][command:b2a180db-0624-4905-b1f3-d4e65f23e2a2][tid:14][com.facebook.buck.cli.Main] Successfully terminated HTTP Write executor service.
[2019-04-22 00:42:31.234][info ][command:b2a180db-0624-4905-b1f3-d4e65f23e2a2][tid:14][com.facebook.buck.cli.Main] Awaiting termination of Disk IO executor service. Waiting for all jobs to complete, or up to maximum of 10 seconds...
[2019-04-22 00:42:31.234][info ][command:b2a180db-0624-4905-b1f3-d4e65f23e2a2][tid:14][com.facebook.buck.cli.Main] Successfully terminated Disk IO executor service.
[2019-04-22 00:42:31.234][debug][command:null][tid:41][com.facebook.buck.io.AsynchronousDirectoryContentsCleaner] Starting to clean buck-out/.trash
[2019-04-22 00:42:31.234][debug][command:null][tid:41][com.facebook.buck.io.AsynchronousDirectoryContentsCleaner] Starting to clean buck-out/.trash
[2019-04-22 00:42:31.235][debug][command:null][tid:41][com.facebook.buck.io.AsynchronousDirectoryContentsCleaner] Done cleaning buck-out/.trash
[2019-04-22 00:42:31.235][debug][command:null][tid:41][com.facebook.buck.io.AsynchronousDirectoryContentsCleaner] Done cleaning buck-out/.trash
[2019-04-22 00:42:31.235][debug][command:null][tid:45][com.facebook.buck.event.listener.ChromeTraceBuildListener] Writing Chrome trace to buck-out/log/2019-04-21_16h42m30s_buildcommand_b2a180db-0624-4905-b1f3-d4e65f23e2a2/build.2019-04-22.00-42-30.b2a180db-0624-4905-b1f3-d4e65f23e2a2.trace
[2019-04-22 00:42:31.235][debug][command:null][tid:45][com.facebook.buck.event.listener.ChromeTraceBuildListener] Writing Chrome trace to buck-out/log/2019-04-21_16h42m30s_buildcommand_b2a180db-0624-4905-b1f3-d4e65f23e2a2/build.2019-04-22.00-42-30.b2a180db-0624-4905-b1f3-d4e65f23e2a2.trace
[2019-04-22 00:42:31.256][warn ][command:null][tid:14][com.facebook.buck.cli.Main] Command failed:
com.facebook.buck.parser.exceptions.BuildFileParseException: Cannot evaluate build file /Users/stevenlee/Downloads/BuckTest 3/BuckTest/BUCK
	at com.facebook.buck.parser.exceptions.BuildFileParseException.createForUnknownParseError(BuildFileParseException.java:34)
	at com.facebook.buck.skylark.parser.SkylarkProjectBuildFileParser.parseBuildRules(SkylarkProjectBuildFileParser.java:288)
	at com.facebook.buck.skylark.parser.SkylarkProjectBuildFileParser.parseBuildFile(SkylarkProjectBuildFileParser.java:227)
	at com.facebook.buck.skylark.parser.SkylarkProjectBuildFileParser.getBuildFileManifest(SkylarkProjectBuildFileParser.java:155)
	at com.facebook.buck.json.TargetCountVerificationParserDecorator.getBuildFileManifest(TargetCountVerificationParserDecorator.java:73)
	at com.facebook.buck.parser.decorators.EventReportingProjectBuildFileParser.getBuildFileManifest(EventReportingProjectBuildFileParser.java:69)
	at com.facebook.buck.parser.ProjectBuildFileParserPool.lambda$getBuildFileManifest$1(ProjectBuildFileParserPool.java:96)
	at com.google.common.util.concurrent.TrustedListenableFutureTask$TrustedFutureInterruptibleTask.runInterruptibly(TrustedListenableFutureTask.java:127)
	at com.google.common.util.concurrent.InterruptibleTask.run(InterruptibleTask.java:57)
	at com.google.common.util.concurrent.TrustedListenableFutureTask.run(TrustedListenableFutureTask.java:80)
	at java.util.concurrent.ThreadPoolExecutor.runWorker(ThreadPoolExecutor.java:1149)
	at java.util.concurrent.ThreadPoolExecutor$Worker.run(ThreadPoolExecutor.java:624)
	at java.lang.Thread.run(Thread.java:748)

[2019-04-22 00:42:31.256][warn ][command:null][tid:14][com.facebook.buck.util.Console] Command failure: Cannot evaluate build file /Users/stevenlee/Downloads/BuckTest 3/BuckTest/BUCK
[2019-04-22 00:42:31.257][debug][command:null][tid:14][com.facebook.buck.cli.Main] Done.
[2019-04-22 00:42:31.257][info ][command:null][tid:14][com.facebook.nailgun.NGSession] Nail cleanly exited with status 5
[2019-04-22 00:42:31.257][debug][command:null][tid:14][com.facebook.nailgun.NGCommunicator] Shutting down socket for input
[2019-04-22 00:42:31.258][debug][command:null][tid:14][com.facebook.nailgun.NGCommunicator] Shutting down socket for output
[2019-04-22 00:42:31.258][debug][command:null][tid:14][com.facebook.nailgun.NGCommunicator] Shutting down read ExecutorService
[2019-04-22 00:42:31.258][debug][command:null][tid:74][com.facebook.nailgun.NGCommunicator] Socket is disconnected
[2019-04-22 00:42:31.258][debug][command:null][tid:14][com.facebook.nailgun.NGCommunicator] Shutting down orchestrator ExecutorService
[2019-04-22 00:42:31.258][debug][command:null][tid:74][com.facebook.nailgun.NGCommunicator] Nailgun client disconnected
[2019-04-22 00:42:31.258][debug][command:null][tid:74][com.facebook.nailgun.NGCommunicator] Orchestrator thread finished
[2019-04-22 00:42:31.259][debug][command:null][tid:14][com.facebook.nailgun.NGSession] NGSession 1 is closing client socket
[2019-04-22 00:47:21.528][debug][command:null][tid:14][com.facebook.nailgun.NGSession] NGSession 1 accepted new connection
[2019-04-22 00:47:21.530][debug][command:null][tid:98][com.facebook.nailgun.NGCommunicator] Orchestrator thread started
[2019-04-22 00:47:21.530][debug][command:null][tid:14][com.facebook.nailgun.NGCommunicator] Shutting down socket for input
[2019-04-22 00:47:21.531][debug][command:null][tid:14][com.facebook.nailgun.NGCommunicator] Shutting down socket for output
[2019-04-22 00:47:21.531][debug][command:null][tid:98][com.facebook.nailgun.NGCommunicator] Socket is disconnected
[2019-04-22 00:47:21.531][debug][command:null][tid:14][com.facebook.nailgun.NGCommunicator] Shutting down read ExecutorService
[2019-04-22 00:47:21.531][debug][command:null][tid:98][com.facebook.nailgun.NGCommunicator] Nailgun client disconnected
[2019-04-22 00:47:21.531][debug][command:null][tid:98][com.facebook.nailgun.NGCommunicator] Orchestrator thread finished
[2019-04-22 00:47:21.531][debug][command:null][tid:14][com.facebook.nailgun.NGCommunicator] Shutting down orchestrator ExecutorService
[2019-04-22 00:47:21.532][debug][command:null][tid:14][com.facebook.nailgun.NGSession] NGSession 1 is closing client socket
[2019-04-22 00:47:21.542][debug][command:null][tid:14][com.facebook.nailgun.NGSession] NGSession 1 accepted new connection
[2019-04-22 00:47:21.545][debug][command:null][tid:100][com.facebook.nailgun.NGCommunicator] Orchestrator thread started
[2019-04-22 00:47:21.545][debug][command:null][tid:14][com.facebook.buck.util.config.Configs] Loading configuration for /Users/stevenlee/Downloads/BuckTest 3
[2019-04-22 00:47:21.546][debug][command:null][tid:14][com.facebook.buck.util.config.Configs] Loaded project configuration file /Users/stevenlee/Downloads/BuckTest 3/.buckconfig
[2019-04-22 00:47:21.546][debug][command:null][tid:14][com.facebook.buck.util.config.Configs] Adding configuration overrides RawConfig{values={}}
[2019-04-22 00:47:21.549][debug][command:null][tid:14][com.facebook.buck.cli.Main] Rotating log.
[2019-04-22 00:47:21.557][debug][command:null][tid:14][com.facebook.buck.cli.Main] Starting up (build date 1970-01-01 07:29:59 +0730, rev ad23befe7c1a36c999860af0af69e726f1c8e423), args: [build, //BuckTest:BuckTest]
[2019-04-22 00:47:21.562][debug][command:null][tid:14][com.facebook.buck.cli.Main] System properties: {java.vendor=Oracle Corporation, sun.java.launcher=SUN_STANDARD, sun.management.compiler=HotSpot 64-Bit Tiered Compilers, jnidispatch.path=/Users/stevenlee/Downloads/BuckTest 3/.buckd/tmp/buck_run.lvxJYs/jna-1522160945/jna1110540400668623049.tmp, os.name=Mac OS X, buck.enable_objc=true, sun.boot.class.path=/Library/Java/JavaVirtualMachines/jdk1.8.0_201.jdk/Contents/Home/jre/lib/resources.jar:/Library/Java/JavaVirtualMachines/jdk1.8.0_201.jdk/Contents/Home/jre/lib/rt.jar:/Library/Java/JavaVirtualMachines/jdk1.8.0_201.jdk/Contents/Home/jre/lib/sunrsasign.jar:/Library/Java/JavaVirtualMachines/jdk1.8.0_201.jdk/Contents/Home/jre/lib/jsse.jar:/Library/Java/JavaVirtualMachines/jdk1.8.0_201.jdk/Contents/Home/jre/lib/jce.jar:/Library/Java/JavaVirtualMachines/jdk1.8.0_201.jdk/Contents/Home/jre/lib/charsets.jar:/Library/Java/JavaVirtualMachines/jdk1.8.0_201.jdk/Contents/Home/jre/lib/jfr.jar:/Library/Java/JavaVirtualMachines/jdk1.8.0_201.jdk/Contents/Home/jre/classes, user.country.format=SG, buck.module.resources=/Users/stevenlee/Downloads/BuckTest 3/.buckd/resources/ad23befe7c1a36c999860af0af69e726f1c8e423/buck-modules-resources, pf4j.pluginsDir=/Users/stevenlee/Downloads/BuckTest 3/.buckd/resources/ad23befe7c1a36c999860af0af69e726f1c8e423/buck-modules, buck.resource_lock_path=/Users/stevenlee/Downloads/BuckTest 3/.buckd/resources/ad23befe7c1a36c999860af0af69e726f1c8e423/.buck_lock, buck.path_to_isolated_trampoline=/Users/stevenlee/Downloads/BuckTest 3/.buckd/resources/ad23befe7c1a36c999860af0af69e726f1c8e423/path_to_isolated_trampoline, java.vm.specification.vendor=Oracle Corporation, java.runtime.version=1.8.0_201-b09, jna.loaded=true, buck.testrunner_classes=/Users/stevenlee/Downloads/BuckTest 3/.buckd/resources/ad23befe7c1a36c999860af0af69e726f1c8e423/testrunner_classes, buck.logging_config_file=/Users/stevenlee/Downloads/BuckTest 3/.buckd/resources/ad23befe7c1a36c999860af0af69e726f1c8e423/logging_config_file, buck.path_to_sh_binary_template=/Users/stevenlee/Downloads/BuckTest 3/.buckd/resources/ad23befe7c1a36c999860af0af69e726f1c8e423/path_to_sh_binary_template, user.name=stevenlee, com.facebook.nailgun.NGServer.outputPath=/Users/stevenlee/Downloads/BuckTest 3/.buckd/tmp/buck_run.lvxJYs/ngserver-out, buck.path_to_pywatchman=/Users/stevenlee/Downloads/BuckTest 3/.buckd/resources/ad23befe7c1a36c999860af0af69e726f1c8e423/path_to_pywatchman, buck.report_generator_jar=/Users/stevenlee/Downloads/BuckTest 3/.buckd/resources/ad23befe7c1a36c999860af0af69e726f1c8e423/report_generator_jar, buck.git_commit=ad23befe7c1a36c999860af0af69e726f1c8e423, user.language=en, sun.boot.library.path=/Library/Java/JavaVirtualMachines/jdk1.8.0_201.jdk/Contents/Home/jre/lib, jna.nosys=true, java.version=1.8.0_201, user.timezone=Asia/Singapore, buck.test_util_no_tests_dir=true, sun.arch.data.model=64, http.nonProxyHosts=local|*.local|169.254/16|*.169.254/16, java.endorsed.dirs=/Library/Java/JavaVirtualMachines/jdk1.8.0_201.jdk/Contents/Home/jre/lib/endorsed, sun.cpu.isalist=, sun.jnu.encoding=UTF-8, file.encoding.pkg=sun.io, file.separator=/, java.specification.name=Java Platform API Specification, buck.jacoco_agent_jar=/Users/stevenlee/Downloads/BuckTest 3/.buckd/resources/ad23befe7c1a36c999860af0af69e726f1c8e423/jacoco_agent_jar, java.class.version=52.0, user.country=GB, buck.binary_hash=dbcee53f32f7fa760cef191b77064a13, java.home=/Library/Java/JavaVirtualMachines/jdk1.8.0_201.jdk/Contents/Home/jre, buck.fix_script=/Users/stevenlee/Downloads/BuckTest 3/.buckd/resources/ad23befe7c1a36c999860af0af69e726f1c8e423/fix_script, java.vm.info=mixed mode, os.version=10.14.4, buck.version_uid=ad23befe7c1a36c999860af0af69e726f1c8e423, org.eclipse.jetty.util.log.class=org.eclipse.jetty.util.log.JavaUtilLog, path.separator=:, java.vm.version=25.201-b09, java.awt.printerjob=sun.lwawt.macosx.CPrinterJob, sun.io.unicode.encoding=UnicodeBig, awt.toolkit=sun.lwawt.macosx.LWCToolkit, buck.mode=package, buck.buck_build_type_info=/Users/stevenlee/Downloads/BuckTest 3/.buckd/resources/ad23befe7c1a36c999860af0af69e726f1c8e423/buck_build_type_info, socksNonProxyHosts=local|*.local|169.254/16|*.169.254/16, ftp.nonProxyHosts=local|*.local|169.254/16|*.169.254/16, buck.dx=/Users/stevenlee/Downloads/BuckTest 3/.buckd/resources/ad23befe7c1a36c999860af0af69e726f1c8e423/dx, buck.git_commit_timestamp=-1, user.home=/Users/stevenlee, java.specification.vendor=Oracle Corporation, buck.git_dirty=0, java.library.path=/Users/stevenlee/Downloads/BuckTest 3/.buckd/resources/ad23befe7c1a36c999860af0af69e726f1c8e423, java.vendor.url=http://java.oracle.com/, java.vm.vendor=Oracle Corporation, gopherProxySet=false, java.runtime.name=Java(TM) SE Runtime Environment, sun.java.command=com.facebook.buck.cli.bootstrapper.ClassLoaderBootstrapper com.facebook.buck.cli.Main$DaemonBootstrap local:.buckd/sock 180000, java.class.path=/Users/stevenlee/Downloads/BuckTest 3/.buckd/resources/ad23befe7c1a36c999860af0af69e726f1c8e423/bootstrapper_jar, buck.buckd_dir=/Users/stevenlee/Downloads/BuckTest 3/.buckd, buck.path_to_pathlib_py=/Users/stevenlee/Downloads/BuckTest 3/.buckd/resources/ad23befe7c1a36c999860af0af69e726f1c8e423/pathlib.py, buck.buckd_launch_time_nanos=225514068315519, java.vm.specification.name=Java Virtual Machine Specification, java.vm.specification.version=1.8, sun.cpu.endian=little, sun.os.patch.level=unknown, java.awt.headless=true, java.io.tmpdir=/Users/stevenlee/Downloads/BuckTest 3/.buckd/tmp/buck_run.lvxJYs, buck.android_agent_path=/Users/stevenlee/Downloads/BuckTest 3/.buckd/resources/ad23befe7c1a36c999860af0af69e726f1c8e423/android_agent_path, java.vendor.url.bug=http://bugreport.sun.com/bugreport/, buck.path_to_python_dsl=, jna.platform.library.path=/usr/lib:/usr/lib, os.arch=x86_64, java.awt.graphicsenv=sun.awt.CGraphicsEnvironment, java.ext.dirs=/Users/stevenlee/Library/Java/Extensions:/Library/Java/JavaVirtualMachines/jdk1.8.0_201.jdk/Contents/Home/jre/lib/ext:/Library/Java/Extensions:/Network/Library/Java/Extensions:/System/Library/Java/Extensions:/usr/lib/java, java.util.logging.config.class=com.facebook.buck.cli.bootstrapper.LogConfig, buck.path_to_six_py=/Users/stevenlee/Downloads/BuckTest 3/.buckd/resources/ad23befe7c1a36c999860af0af69e726f1c8e423/six.py, user.dir=/Users/stevenlee/Downloads/BuckTest 3, java.nio.file.spi.DefaultFileSystemProvider=com.facebook.buck.cli.bootstrapper.filesystem.BuckFileSystemProvider, line.separator=
, java.vm.name=Java HotSpot(TM) 64-Bit Server VM, buck.path_to_typing=/Users/stevenlee/Downloads/BuckTest 3/.buckd/resources/ad23befe7c1a36c999860af0af69e726f1c8e423/path_to_typing, buck.native_exopackage_fake_path=/Users/stevenlee/Downloads/BuckTest 3/.buckd/resources/ad23befe7c1a36c999860af0af69e726f1c8e423/native_exopackage_fake_path, file.encoding=UTF-8, java.specification.version=1.8}
[2019-04-22 00:47:21.563][debug][command:null][tid:14][com.facebook.buck.util.config.Configs] Loading configuration for /Users/stevenlee/Downloads/BuckTest 3
[2019-04-22 00:47:21.564][debug][command:null][tid:14][com.facebook.buck.util.config.Configs] Loaded project configuration file /Users/stevenlee/Downloads/BuckTest 3/.buckconfig
[2019-04-22 00:47:21.564][debug][command:null][tid:14][com.facebook.buck.util.config.Configs] Adding configuration overrides RawConfig{values={}}
[2019-04-22 00:47:21.565][info ][command:null][tid:14][com.facebook.buck.io.watchman.WatchmanFactory] Creating for: [/Users/stevenlee/Downloads/BuckTest 3]
[2019-04-22 00:47:21.566][debug][command:null][tid:14][com.facebook.buck.io.ExecutableFinder] Executable 'watchman' mapped to 'Optional[/usr/local/bin/watchman]'
[2019-04-22 00:47:21.567][debug][command:null][tid:14][com.facebook.buck.util.ListeningProcessExecutor] Launching process with params ProcessExecutorParams{command=[/usr/local/bin/watchman, --output-encoding=bser, get-sockname]}
[2019-04-22 00:47:21.574][debug][command:null][tid:14][com.facebook.buck.util.ListeningProcessExecutor] Successfully launched process com.zaxxer.nuprocess.osx.OsxProcess@78393e46
[2019-04-22 00:47:21.575][debug][command:null][tid:14][com.facebook.buck.util.ListeningProcessExecutor] Waiting for process com.facebook.buck.util.ListeningProcessExecutor$LaunchedProcessImpl@2fc33169 timeout 1000000000 NANOSECONDS
[2019-04-22 00:47:21.590][debug][command:null][tid:14][com.facebook.buck.util.ListeningProcessExecutor] Wait for process returned 0
[2019-04-22 00:47:21.591][debug][command:null][tid:14][com.facebook.buck.io.watchman.WatchmanFactory] Waited 15 ms for Watchman command get-sockname, exit code 0
[2019-04-22 00:47:21.591][debug][command:null][tid:14][com.facebook.buck.io.watchman.WatchmanFactory] stdout of command: {sockname=/usr/local/var/run/watchman/stevenlee-state/sock, version=4.9.0}
[2019-04-22 00:47:21.591][info ][command:null][tid:14][com.facebook.buck.io.watchman.WatchmanFactory] Connecting to Watchman version 4.9.0 at /usr/local/var/run/watchman/stevenlee-state/sock
[2019-04-22 00:47:21.593][debug][command:null][tid:14][com.facebook.buck.io.watchman.WatchmanTransportClient] Query [version, {required=[cmd-watch-project], optional=[term-dirname, cmd-watch-project, wildmatch, wildmatch_multislash, glob_generator, clock-sync-timeout]}] returned in 0 ms
[2019-04-22 00:47:21.593][info ][command:null][tid:14][com.facebook.buck.io.watchman.WatchmanFactory] Took 0 ms to query capabilities {term-dirname=DIRNAME, cmd-watch-project=SUPPORTS_PROJECT_WATCH, wildmatch=WILDMATCH_GLOB, wildmatch_multislash=WILDMATCH_MULTISLASH, glob_generator=GLOB_GENERATOR, clock-sync-timeout=CLOCK_SYNC_TIMEOUT}
[2019-04-22 00:47:21.593][debug][command:null][tid:14][com.facebook.buck.io.watchman.WatchmanFactory] Got capabilities response: {clock-sync-timeout=true, glob_generator=true, wildmatch_multislash=false, cmd-watch-project=true, wildmatch=true, term-dirname=true}
[2019-04-22 00:47:21.593][debug][command:null][tid:14][com.facebook.buck.io.watchman.WatchmanFactory] Got Watchman capabilities: [CLOCK_SYNC_TIMEOUT, GLOB_GENERATOR, SUPPORTS_PROJECT_WATCH, WILDMATCH_GLOB, DIRNAME]
[2019-04-22 00:47:21.593][info ][command:null][tid:14][com.facebook.buck.io.watchman.WatchmanFactory] Adding watchman root: /Users/stevenlee/Downloads/BuckTest 3
[2019-04-22 00:47:21.593][debug][command:null][tid:14][com.facebook.buck.io.watchman.WatchmanTransportClient] Query [watch-project, /Users/stevenlee/Downloads/BuckTest 3] returned in 0 ms
[2019-04-22 00:47:21.594][debug][command:null][tid:14][com.facebook.buck.io.watchman.WatchmanTransportClient] Query [watch-project, /Users/stevenlee/Downloads/BuckTest 3] returned in 0 ms
[2019-04-22 00:47:21.594][info ][command:null][tid:14][com.facebook.buck.io.watchman.WatchmanFactory] Took 0 ms to add root /Users/stevenlee/Downloads/BuckTest 3
[2019-04-22 00:47:21.600][debug][command:null][tid:14][com.facebook.buck.io.watchman.WatchmanTransportClient] Query [clock, /Users/stevenlee/Downloads/BuckTest 3, {sync_timeout=100}] returned in 6 ms
[2019-04-22 00:47:21.600][info ][command:null][tid:14][com.facebook.buck.io.watchman.WatchmanFactory] Took 6 ms to query for initial clock id Optional[c:1555333328:392:1:4880]
[2019-04-22 00:47:21.600][debug][command:null][tid:14][com.facebook.buck.io.watchman.WatchmanFactory] Connected to Watchman
[2019-04-22 00:47:21.600][debug][command:null][tid:14][com.facebook.buck.io.watchman.WatchmanTransportClient] Closing Watchman transport.
[2019-04-22 00:47:21.601][debug][command:null][tid:14][com.facebook.buck.cli.Main] Watchman capabilities: [CLOCK_SYNC_TIMEOUT, GLOB_GENERATOR, SUPPORTS_PROJECT_WATCH, WILDMATCH_GLOB, DIRNAME] Project watches: {/Users/stevenlee/Downloads/BuckTest 3=ProjectWatch{watchRoot=/Users/stevenlee/Downloads/BuckTest 3}} Glob handler config: PYTHON Query timeout ms config: Optional.empty
