[2019-04-26 00:18:12.958][debug][command:null][tid:01][com.google.common.util.concurrent.ServiceManager] Starting HangMonitor [RUNNING].
[2019-04-26 00:18:12.999][debug][command:null][tid:01][com.google.common.util.concurrent.ServiceManager] Started HangMonitor [RUNNING] in 48.32 ms.
[2019-04-26 00:18:13.018][info ][command:null][tid:01][com.facebook.buck.cli.Main] enabling background process killing for buckd
[2019-04-26 00:18:13.021][info ][command:null][tid:01][com.facebook.buck.cli.Main] enabled background process killing for buckd
[2019-04-26 00:18:13.022][info ][command:null][tid:01][com.facebook.buck.cli.Main] initialized bg session killer
[2019-04-26 00:18:13.122][debug][command:null][tid:14][com.facebook.nailgun.NGSession] NGSession 1 is waiting for first client to connect
[2019-04-26 00:18:13.123][debug][command:null][tid:14][com.facebook.nailgun.NGSession] NGSession 1 accepted new connection
[2019-04-26 00:18:13.129][debug][command:null][tid:15][com.facebook.nailgun.NGCommunicator] Orchestrator thread started
[2019-04-26 00:18:13.149][debug][command:null][tid:14][com.facebook.buck.util.config.Configs] Loading configuration for /Users/stevenlee/Downloads/BuckTest 3
[2019-04-26 00:18:13.168][debug][command:null][tid:14][com.facebook.buck.util.config.Configs] Loaded project configuration file /Users/stevenlee/Downloads/BuckTest 3/.buckconfig
[2019-04-26 00:18:13.168][debug][command:null][tid:14][com.facebook.buck.util.config.Configs] Adding configuration overrides RawConfig{values={}}
[2019-04-26 00:18:13.196][info ][command:null][tid:14][org.pf4j.DefaultPluginStatusProvider] Enabled plugins: []
[2019-04-26 00:18:13.197][info ][command:null][tid:14][org.pf4j.DefaultPluginStatusProvider] Disabled plugins: []
[2019-04-26 00:18:13.198][info ][command:null][tid:14][org.pf4j.DefaultPluginManager] PF4J version 0.0.0 in 'deployment' mode
[2019-04-26 00:18:13.211][debug][command:null][tid:14][org.pf4j.AbstractPluginManager] Lookup plugins in '/Users/stevenlee/Downloads/BuckTest 3/.buckd/resources/2019.01.10.01/buck-modules'
[2019-04-26 00:18:13.213][debug][command:null][tid:14][org.pf4j.AbstractPluginManager] Found 16 possible plugins: [/Users/stevenlee/Downloads/BuckTest 3/.buckd/resources/2019.01.10.01/buck-modules/python.jar, /Users/stevenlee/Downloads/BuckTest 3/.buckd/resources/2019.01.10.01/buck-modules/ziprules.jar, /Users/stevenlee/Downloads/BuckTest 3/.buckd/resources/2019.01.10.01/buck-modules/lua.jar, /Users/stevenlee/Downloads/BuckTest 3/.buckd/resources/2019.01.10.01/buck-modules/xcode.jar, /Users/stevenlee/Downloads/BuckTest 3/.buckd/resources/2019.01.10.01/buck-modules/js.jar, /Users/stevenlee/Downloads/BuckTest 3/.buckd/resources/2019.01.10.01/buck-modules/filegroup.jar, /Users/stevenlee/Downloads/BuckTest 3/.buckd/resources/2019.01.10.01/buck-modules/filebundler.jar, /Users/stevenlee/Downloads/BuckTest 3/.buckd/resources/2019.01.10.01/buck-modules/gwt.jar, /Users/stevenlee/Downloads/BuckTest 3/.buckd/resources/2019.01.10.01/buck-modules/haskell.jar, /Users/stevenlee/Downloads/BuckTest 3/.buckd/resources/2019.01.10.01/buck-modules/halide.jar, /Users/stevenlee/Downloads/BuckTest 3/.buckd/resources/2019.01.10.01/buck-modules/rust.jar, /Users/stevenlee/Downloads/BuckTest 3/.buckd/resources/2019.01.10.01/buck-modules/go.jar, /Users/stevenlee/Downloads/BuckTest 3/.buckd/resources/2019.01.10.01/buck-modules/intellij.jar, /Users/stevenlee/Downloads/BuckTest 3/.buckd/resources/2019.01.10.01/buck-modules/d.jar, /Users/stevenlee/Downloads/BuckTest 3/.buckd/resources/2019.01.10.01/buck-modules/ocaml.jar, /Users/stevenlee/Downloads/BuckTest 3/.buckd/resources/2019.01.10.01/buck-modules/dotnet.jar]
[2019-04-26 00:18:13.214][debug][command:null][tid:14][org.pf4j.AbstractPluginManager] Use 'org.pf4j.CompoundPluginDescriptorFinder@5880897a' to find plugins descriptors
[2019-04-26 00:18:13.214][debug][command:null][tid:14][org.pf4j.AbstractPluginManager] Finding plugin descriptor for plugin '/Users/stevenlee/Downloads/BuckTest 3/.buckd/resources/2019.01.10.01/buck-modules/python.jar'
[2019-04-26 00:18:13.214][debug][command:null][tid:14][org.pf4j.CompoundPluginDescriptorFinder] 'org.pf4j.ManifestPluginDescriptorFinder@3406ae26' is applicable for plugin '/Users/stevenlee/Downloads/BuckTest 3/.buckd/resources/2019.01.10.01/buck-modules/python.jar'
[2019-04-26 00:18:13.216][debug][command:null][tid:14][org.pf4j.AbstractPluginManager] Found descriptor PluginDescriptor [pluginId=com.facebook.buck.features.python, pluginClass=com.facebook.buck.features.python.PythonModuleAdapterPlugin, version=0.0.1, provider=null, dependencies=[], description=, requires=*, license=null]
[2019-04-26 00:18:13.216][debug][command:null][tid:14][org.pf4j.AbstractPluginManager] Class 'com.facebook.buck.features.python.PythonModuleAdapterPlugin' for plugin '/Users/stevenlee/Downloads/BuckTest 3/.buckd/resources/2019.01.10.01/buck-modules/python.jar'
[2019-04-26 00:18:13.216][debug][command:null][tid:14][org.pf4j.AbstractPluginManager] Loading plugin '/Users/stevenlee/Downloads/BuckTest 3/.buckd/resources/2019.01.10.01/buck-modules/python.jar'
[2019-04-26 00:18:13.217][debug][command:null][tid:14][org.pf4j.PluginClassLoader] Add 'file:/Users/stevenlee/Downloads/BuckTest%203/.buckd/resources/2019.01.10.01/buck-modules/python.jar'
[2019-04-26 00:18:13.217][debug][command:null][tid:14][org.pf4j.AbstractPluginManager] Loaded plugin '/Users/stevenlee/Downloads/BuckTest 3/.buckd/resources/2019.01.10.01/buck-modules/python.jar' with class loader 'org.pf4j.PluginClassLoader@5d44182a'
[2019-04-26 00:18:13.217][debug][command:null][tid:14][org.pf4j.AbstractPluginManager] Creating wrapper for plugin '/Users/stevenlee/Downloads/BuckTest 3/.buckd/resources/2019.01.10.01/buck-modules/python.jar'
[2019-04-26 00:18:13.218][debug][command:null][tid:14][org.pf4j.AbstractPluginManager] Created wrapper 'PluginWrapper [descriptor=PluginDescriptor [pluginId=com.facebook.buck.features.python, pluginClass=com.facebook.buck.features.python.PythonModuleAdapterPlugin, version=0.0.1, provider=null, dependencies=[], description=, requires=*, license=null], pluginPath=/Users/stevenlee/Downloads/BuckTest 3/.buckd/resources/2019.01.10.01/buck-modules/python.jar]' for plugin '/Users/stevenlee/Downloads/BuckTest 3/.buckd/resources/2019.01.10.01/buck-modules/python.jar'
[2019-04-26 00:18:13.218][debug][command:null][tid:14][org.pf4j.AbstractPluginManager] Use 'org.pf4j.CompoundPluginDescriptorFinder@5880897a' to find plugins descriptors
[2019-04-26 00:18:13.218][debug][command:null][tid:14][org.pf4j.AbstractPluginManager] Finding plugin descriptor for plugin '/Users/stevenlee/Downloads/BuckTest 3/.buckd/resources/2019.01.10.01/buck-modules/ziprules.jar'
[2019-04-26 00:18:13.219][debug][command:null][tid:14][org.pf4j.CompoundPluginDescriptorFinder] 'org.pf4j.ManifestPluginDescriptorFinder@3406ae26' is applicable for plugin '/Users/stevenlee/Downloads/BuckTest 3/.buckd/resources/2019.01.10.01/buck-modules/ziprules.jar'
[2019-04-26 00:18:13.219][debug][command:null][tid:14][org.pf4j.AbstractPluginManager] Found descriptor PluginDescriptor [pluginId=com.facebook.buck.features.zip.rules, pluginClass=com.facebook.buck.features.zip.rules.ZipRulesModuleAdapterPlugin, version=0.0.1, provider=null, dependencies=[PluginDependency [pluginId=com.facebook.buck.features.filebundler, pluginVersionSupport=*]], description=, requires=*, license=null]
[2019-04-26 00:18:13.220][debug][command:null][tid:14][org.pf4j.AbstractPluginManager] Class 'com.facebook.buck.features.zip.rules.ZipRulesModuleAdapterPlugin' for plugin '/Users/stevenlee/Downloads/BuckTest 3/.buckd/resources/2019.01.10.01/buck-modules/ziprules.jar'
[2019-04-26 00:18:13.220][debug][command:null][tid:14][org.pf4j.AbstractPluginManager] Loading plugin '/Users/stevenlee/Downloads/BuckTest 3/.buckd/resources/2019.01.10.01/buck-modules/ziprules.jar'
[2019-04-26 00:18:13.220][debug][command:null][tid:14][org.pf4j.PluginClassLoader] Add 'file:/Users/stevenlee/Downloads/BuckTest%203/.buckd/resources/2019.01.10.01/buck-modules/ziprules.jar'
[2019-04-26 00:18:13.220][debug][command:null][tid:14][org.pf4j.AbstractPluginManager] Loaded plugin '/Users/stevenlee/Downloads/BuckTest 3/.buckd/resources/2019.01.10.01/buck-modules/ziprules.jar' with class loader 'org.pf4j.PluginClassLoader@3adf6140'
[2019-04-26 00:18:13.220][debug][command:null][tid:14][org.pf4j.AbstractPluginManager] Creating wrapper for plugin '/Users/stevenlee/Downloads/BuckTest 3/.buckd/resources/2019.01.10.01/buck-modules/ziprules.jar'
[2019-04-26 00:18:13.221][debug][command:null][tid:14][org.pf4j.AbstractPluginManager] Created wrapper 'PluginWrapper [descriptor=PluginDescriptor [pluginId=com.facebook.buck.features.zip.rules, pluginClass=com.facebook.buck.features.zip.rules.ZipRulesModuleAdapterPlugin, version=0.0.1, provider=null, dependencies=[PluginDependency [pluginId=com.facebook.buck.features.filebundler, pluginVersionSupport=*]], description=, requires=*, license=null], pluginPath=/Users/stevenlee/Downloads/BuckTest 3/.buckd/resources/2019.01.10.01/buck-modules/ziprules.jar]' for plugin '/Users/stevenlee/Downloads/BuckTest 3/.buckd/resources/2019.01.10.01/buck-modules/ziprules.jar'
[2019-04-26 00:18:13.221][debug][command:null][tid:14][org.pf4j.AbstractPluginManager] Use 'org.pf4j.CompoundPluginDescriptorFinder@5880897a' to find plugins descriptors
[2019-04-26 00:18:13.221][debug][command:null][tid:14][org.pf4j.AbstractPluginManager] Finding plugin descriptor for plugin '/Users/stevenlee/Downloads/BuckTest 3/.buckd/resources/2019.01.10.01/buck-modules/lua.jar'
[2019-04-26 00:18:13.221][debug][command:null][tid:14][org.pf4j.CompoundPluginDescriptorFinder] 'org.pf4j.ManifestPluginDescriptorFinder@3406ae26' is applicable for plugin '/Users/stevenlee/Downloads/BuckTest 3/.buckd/resources/2019.01.10.01/buck-modules/lua.jar'
[2019-04-26 00:18:13.222][debug][command:null][tid:14][org.pf4j.AbstractPluginManager] Found descriptor PluginDescriptor [pluginId=com.facebook.buck.features.lua, pluginClass=com.facebook.buck.features.lua.LuaModuleAdapterPlugin, version=0.0.1, provider=null, dependencies=[PluginDependency [pluginId=com.facebook.buck.features.python, pluginVersionSupport=*]], description=, requires=*, license=null]
[2019-04-26 00:18:13.222][debug][command:null][tid:14][org.pf4j.AbstractPluginManager] Class 'com.facebook.buck.features.lua.LuaModuleAdapterPlugin' for plugin '/Users/stevenlee/Downloads/BuckTest 3/.buckd/resources/2019.01.10.01/buck-modules/lua.jar'
[2019-04-26 00:18:13.222][debug][command:null][tid:14][org.pf4j.AbstractPluginManager] Loading plugin '/Users/stevenlee/Downloads/BuckTest 3/.buckd/resources/2019.01.10.01/buck-modules/lua.jar'
[2019-04-26 00:18:13.223][debug][command:null][tid:14][org.pf4j.PluginClassLoader] Add 'file:/Users/stevenlee/Downloads/BuckTest%203/.buckd/resources/2019.01.10.01/buck-modules/lua.jar'
[2019-04-26 00:18:13.223][debug][command:null][tid:14][org.pf4j.AbstractPluginManager] Loaded plugin '/Users/stevenlee/Downloads/BuckTest 3/.buckd/resources/2019.01.10.01/buck-modules/lua.jar' with class loader 'org.pf4j.PluginClassLoader@1065c91b'
[2019-04-26 00:18:13.223][debug][command:null][tid:14][org.pf4j.AbstractPluginManager] Creating wrapper for plugin '/Users/stevenlee/Downloads/BuckTest 3/.buckd/resources/2019.01.10.01/buck-modules/lua.jar'
[2019-04-26 00:18:13.223][debug][command:null][tid:14][org.pf4j.AbstractPluginManager] Created wrapper 'PluginWrapper [descriptor=PluginDescriptor [pluginId=com.facebook.buck.features.lua, pluginClass=com.facebook.buck.features.lua.LuaModuleAdapterPlugin, version=0.0.1, provider=null, dependencies=[PluginDependency [pluginId=com.facebook.buck.features.python, pluginVersionSupport=*]], description=, requires=*, license=null], pluginPath=/Users/stevenlee/Downloads/BuckTest 3/.buckd/resources/2019.01.10.01/buck-modules/lua.jar]' for plugin '/Users/stevenlee/Downloads/BuckTest 3/.buckd/resources/2019.01.10.01/buck-modules/lua.jar'
[2019-04-26 00:18:13.223][debug][command:null][tid:14][org.pf4j.AbstractPluginManager] Use 'org.pf4j.CompoundPluginDescriptorFinder@5880897a' to find plugins descriptors
[2019-04-26 00:18:13.223][debug][command:null][tid:14][org.pf4j.AbstractPluginManager] Finding plugin descriptor for plugin '/Users/stevenlee/Downloads/BuckTest 3/.buckd/resources/2019.01.10.01/buck-modules/xcode.jar'
[2019-04-26 00:18:13.224][debug][command:null][tid:14][org.pf4j.CompoundPluginDescriptorFinder] 'org.pf4j.ManifestPluginDescriptorFinder@3406ae26' is applicable for plugin '/Users/stevenlee/Downloads/BuckTest 3/.buckd/resources/2019.01.10.01/buck-modules/xcode.jar'
[2019-04-26 00:18:13.224][debug][command:null][tid:14][org.pf4j.AbstractPluginManager] Found descriptor PluginDescriptor [pluginId=com.facebook.buck.features.apple.project, pluginClass=com.facebook.buck.features.apple.project.XCodeBuckModuleAdapterPlugin, version=0.0.1, provider=null, dependencies=[PluginDependency [pluginId=com.facebook.buck.features.halide, pluginVersionSupport=*], PluginDependency [pluginId=com.facebook.buck.features.js, pluginVersionSupport=*]], description=, requires=*, license=null]
[2019-04-26 00:18:13.224][debug][command:null][tid:14][org.pf4j.AbstractPluginManager] Class 'com.facebook.buck.features.apple.project.XCodeBuckModuleAdapterPlugin' for plugin '/Users/stevenlee/Downloads/BuckTest 3/.buckd/resources/2019.01.10.01/buck-modules/xcode.jar'
[2019-04-26 00:18:13.225][debug][command:null][tid:14][org.pf4j.AbstractPluginManager] Loading plugin '/Users/stevenlee/Downloads/BuckTest 3/.buckd/resources/2019.01.10.01/buck-modules/xcode.jar'
[2019-04-26 00:18:13.225][debug][command:null][tid:14][org.pf4j.PluginClassLoader] Add 'file:/Users/stevenlee/Downloads/BuckTest%203/.buckd/resources/2019.01.10.01/buck-modules/xcode.jar'
[2019-04-26 00:18:13.225][debug][command:null][tid:14][org.pf4j.AbstractPluginManager] Loaded plugin '/Users/stevenlee/Downloads/BuckTest 3/.buckd/resources/2019.01.10.01/buck-modules/xcode.jar' with class loader 'org.pf4j.PluginClassLoader@55266667'
[2019-04-26 00:18:13.225][debug][command:null][tid:14][org.pf4j.AbstractPluginManager] Creating wrapper for plugin '/Users/stevenlee/Downloads/BuckTest 3/.buckd/resources/2019.01.10.01/buck-modules/xcode.jar'
[2019-04-26 00:18:13.225][debug][command:null][tid:14][org.pf4j.AbstractPluginManager] Created wrapper 'PluginWrapper [descriptor=PluginDescriptor [pluginId=com.facebook.buck.features.apple.project, pluginClass=com.facebook.buck.features.apple.project.XCodeBuckModuleAdapterPlugin, version=0.0.1, provider=null, dependencies=[PluginDependency [pluginId=com.facebook.buck.features.halide, pluginVersionSupport=*], PluginDependency [pluginId=com.facebook.buck.features.js, pluginVersionSupport=*]], description=, requires=*, license=null], pluginPath=/Users/stevenlee/Downloads/BuckTest 3/.buckd/resources/2019.01.10.01/buck-modules/xcode.jar]' for plugin '/Users/stevenlee/Downloads/BuckTest 3/.buckd/resources/2019.01.10.01/buck-modules/xcode.jar'
[2019-04-26 00:18:13.226][debug][command:null][tid:14][org.pf4j.AbstractPluginManager] Use 'org.pf4j.CompoundPluginDescriptorFinder@5880897a' to find plugins descriptors
[2019-04-26 00:18:13.226][debug][command:null][tid:14][org.pf4j.AbstractPluginManager] Finding plugin descriptor for plugin '/Users/stevenlee/Downloads/BuckTest 3/.buckd/resources/2019.01.10.01/buck-modules/js.jar'
[2019-04-26 00:18:13.226][debug][command:null][tid:14][org.pf4j.CompoundPluginDescriptorFinder] 'org.pf4j.ManifestPluginDescriptorFinder@3406ae26' is applicable for plugin '/Users/stevenlee/Downloads/BuckTest 3/.buckd/resources/2019.01.10.01/buck-modules/js.jar'
[2019-04-26 00:18:13.227][debug][command:null][tid:14][org.pf4j.AbstractPluginManager] Found descriptor PluginDescriptor [pluginId=com.facebook.buck.features.js, pluginClass=com.facebook.buck.features.js.JsModuleAdapterPlugin, version=0.0.1, provider=null, dependencies=[], description=, requires=*, license=null]
[2019-04-26 00:18:13.227][debug][command:null][tid:14][org.pf4j.AbstractPluginManager] Class 'com.facebook.buck.features.js.JsModuleAdapterPlugin' for plugin '/Users/stevenlee/Downloads/BuckTest 3/.buckd/resources/2019.01.10.01/buck-modules/js.jar'
[2019-04-26 00:18:13.227][debug][command:null][tid:14][org.pf4j.AbstractPluginManager] Loading plugin '/Users/stevenlee/Downloads/BuckTest 3/.buckd/resources/2019.01.10.01/buck-modules/js.jar'
[2019-04-26 00:18:13.228][debug][command:null][tid:14][org.pf4j.PluginClassLoader] Add 'file:/Users/stevenlee/Downloads/BuckTest%203/.buckd/resources/2019.01.10.01/buck-modules/js.jar'
[2019-04-26 00:18:13.228][debug][command:null][tid:14][org.pf4j.AbstractPluginManager] Loaded plugin '/Users/stevenlee/Downloads/BuckTest 3/.buckd/resources/2019.01.10.01/buck-modules/js.jar' with class loader 'org.pf4j.PluginClassLoader@48b52fa6'
[2019-04-26 00:18:13.228][debug][command:null][tid:14][org.pf4j.AbstractPluginManager] Creating wrapper for plugin '/Users/stevenlee/Downloads/BuckTest 3/.buckd/resources/2019.01.10.01/buck-modules/js.jar'
[2019-04-26 00:18:13.228][debug][command:null][tid:14][org.pf4j.AbstractPluginManager] Created wrapper 'PluginWrapper [descriptor=PluginDescriptor [pluginId=com.facebook.buck.features.js, pluginClass=com.facebook.buck.features.js.JsModuleAdapterPlugin, version=0.0.1, provider=null, dependencies=[], description=, requires=*, license=null], pluginPath=/Users/stevenlee/Downloads/BuckTest 3/.buckd/resources/2019.01.10.01/buck-modules/js.jar]' for plugin '/Users/stevenlee/Downloads/BuckTest 3/.buckd/resources/2019.01.10.01/buck-modules/js.jar'
[2019-04-26 00:18:13.229][debug][command:null][tid:14][org.pf4j.AbstractPluginManager] Use 'org.pf4j.CompoundPluginDescriptorFinder@5880897a' to find plugins descriptors
[2019-04-26 00:18:13.229][debug][command:null][tid:14][org.pf4j.AbstractPluginManager] Finding plugin descriptor for plugin '/Users/stevenlee/Downloads/BuckTest 3/.buckd/resources/2019.01.10.01/buck-modules/filegroup.jar'
[2019-04-26 00:18:13.229][debug][command:null][tid:14][org.pf4j.CompoundPluginDescriptorFinder] 'org.pf4j.ManifestPluginDescriptorFinder@3406ae26' is applicable for plugin '/Users/stevenlee/Downloads/BuckTest 3/.buckd/resources/2019.01.10.01/buck-modules/filegroup.jar'
[2019-04-26 00:18:13.230][debug][command:null][tid:14][org.pf4j.AbstractPluginManager] Found descriptor PluginDescriptor [pluginId=com.facebook.buck.features.filegroup, pluginClass=com.facebook.buck.features.filegroup.FilegroupModuleAdapterPlugin, version=0.0.1, provider=null, dependencies=[PluginDependency [pluginId=com.facebook.buck.features.filebundler, pluginVersionSupport=*]], description=, requires=*, license=null]
[2019-04-26 00:18:13.230][debug][command:null][tid:14][org.pf4j.AbstractPluginManager] Class 'com.facebook.buck.features.filegroup.FilegroupModuleAdapterPlugin' for plugin '/Users/stevenlee/Downloads/BuckTest 3/.buckd/resources/2019.01.10.01/buck-modules/filegroup.jar'
[2019-04-26 00:18:13.230][debug][command:null][tid:14][org.pf4j.AbstractPluginManager] Loading plugin '/Users/stevenlee/Downloads/BuckTest 3/.buckd/resources/2019.01.10.01/buck-modules/filegroup.jar'
[2019-04-26 00:18:13.230][debug][command:null][tid:14][org.pf4j.PluginClassLoader] Add 'file:/Users/stevenlee/Downloads/BuckTest%203/.buckd/resources/2019.01.10.01/buck-modules/filegroup.jar'
[2019-04-26 00:18:13.230][debug][command:null][tid:14][org.pf4j.AbstractPluginManager] Loaded plugin '/Users/stevenlee/Downloads/BuckTest 3/.buckd/resources/2019.01.10.01/buck-modules/filegroup.jar' with class loader 'org.pf4j.PluginClassLoader@6688c19a'
[2019-04-26 00:18:13.230][debug][command:null][tid:14][org.pf4j.AbstractPluginManager] Creating wrapper for plugin '/Users/stevenlee/Downloads/BuckTest 3/.buckd/resources/2019.01.10.01/buck-modules/filegroup.jar'
[2019-04-26 00:18:13.230][debug][command:null][tid:14][org.pf4j.AbstractPluginManager] Created wrapper 'PluginWrapper [descriptor=PluginDescriptor [pluginId=com.facebook.buck.features.filegroup, pluginClass=com.facebook.buck.features.filegroup.FilegroupModuleAdapterPlugin, version=0.0.1, provider=null, dependencies=[PluginDependency [pluginId=com.facebook.buck.features.filebundler, pluginVersionSupport=*]], description=, requires=*, license=null], pluginPath=/Users/stevenlee/Downloads/BuckTest 3/.buckd/resources/2019.01.10.01/buck-modules/filegroup.jar]' for plugin '/Users/stevenlee/Downloads/BuckTest 3/.buckd/resources/2019.01.10.01/buck-modules/filegroup.jar'
[2019-04-26 00:18:13.231][debug][command:null][tid:14][org.pf4j.AbstractPluginManager] Use 'org.pf4j.CompoundPluginDescriptorFinder@5880897a' to find plugins descriptors
[2019-04-26 00:18:13.231][debug][command:null][tid:14][org.pf4j.AbstractPluginManager] Finding plugin descriptor for plugin '/Users/stevenlee/Downloads/BuckTest 3/.buckd/resources/2019.01.10.01/buck-modules/filebundler.jar'
[2019-04-26 00:18:13.231][debug][command:null][tid:14][org.pf4j.CompoundPluginDescriptorFinder] 'org.pf4j.ManifestPluginDescriptorFinder@3406ae26' is applicable for plugin '/Users/stevenlee/Downloads/BuckTest 3/.buckd/resources/2019.01.10.01/buck-modules/filebundler.jar'
[2019-04-26 00:18:13.232][debug][command:null][tid:14][org.pf4j.AbstractPluginManager] Found descriptor PluginDescriptor [pluginId=com.facebook.buck.features.filebundler, pluginClass=com.facebook.buck.features.filebundler.FileBundlerModuleAdapterPlugin, version=0.0.1, provider=null, dependencies=[], description=, requires=*, license=null]
[2019-04-26 00:18:13.232][debug][command:null][tid:14][org.pf4j.AbstractPluginManager] Class 'com.facebook.buck.features.filebundler.FileBundlerModuleAdapterPlugin' for plugin '/Users/stevenlee/Downloads/BuckTest 3/.buckd/resources/2019.01.10.01/buck-modules/filebundler.jar'
[2019-04-26 00:18:13.232][debug][command:null][tid:14][org.pf4j.AbstractPluginManager] Loading plugin '/Users/stevenlee/Downloads/BuckTest 3/.buckd/resources/2019.01.10.01/buck-modules/filebundler.jar'
[2019-04-26 00:18:13.232][debug][command:null][tid:14][org.pf4j.PluginClassLoader] Add 'file:/Users/stevenlee/Downloads/BuckTest%203/.buckd/resources/2019.01.10.01/buck-modules/filebundler.jar'
[2019-04-26 00:18:13.232][debug][command:null][tid:14][org.pf4j.AbstractPluginManager] Loaded plugin '/Users/stevenlee/Downloads/BuckTest 3/.buckd/resources/2019.01.10.01/buck-modules/filebundler.jar' with class loader 'org.pf4j.PluginClassLoader@57736d2b'
[2019-04-26 00:18:13.232][debug][command:null][tid:14][org.pf4j.AbstractPluginManager] Creating wrapper for plugin '/Users/stevenlee/Downloads/BuckTest 3/.buckd/resources/2019.01.10.01/buck-modules/filebundler.jar'
[2019-04-26 00:18:13.233][debug][command:null][tid:14][org.pf4j.AbstractPluginManager] Created wrapper 'PluginWrapper [descriptor=PluginDescriptor [pluginId=com.facebook.buck.features.filebundler, pluginClass=com.facebook.buck.features.filebundler.FileBundlerModuleAdapterPlugin, version=0.0.1, provider=null, dependencies=[], description=, requires=*, license=null], pluginPath=/Users/stevenlee/Downloads/BuckTest 3/.buckd/resources/2019.01.10.01/buck-modules/filebundler.jar]' for plugin '/Users/stevenlee/Downloads/BuckTest 3/.buckd/resources/2019.01.10.01/buck-modules/filebundler.jar'
[2019-04-26 00:18:13.233][debug][command:null][tid:14][org.pf4j.AbstractPluginManager] Use 'org.pf4j.CompoundPluginDescriptorFinder@5880897a' to find plugins descriptors
[2019-04-26 00:18:13.233][debug][command:null][tid:14][org.pf4j.AbstractPluginManager] Finding plugin descriptor for plugin '/Users/stevenlee/Downloads/BuckTest 3/.buckd/resources/2019.01.10.01/buck-modules/gwt.jar'
[2019-04-26 00:18:13.233][debug][command:null][tid:14][org.pf4j.CompoundPluginDescriptorFinder] 'org.pf4j.ManifestPluginDescriptorFinder@3406ae26' is applicable for plugin '/Users/stevenlee/Downloads/BuckTest 3/.buckd/resources/2019.01.10.01/buck-modules/gwt.jar'
[2019-04-26 00:18:13.234][debug][command:null][tid:14][org.pf4j.AbstractPluginManager] Found descriptor PluginDescriptor [pluginId=com.facebook.buck.features.gwt, pluginClass=com.facebook.buck.features.gwt.GwtBuckModuleAdapterPlugin, version=0.0.1, provider=null, dependencies=[], description=, requires=*, license=null]
[2019-04-26 00:18:13.234][debug][command:null][tid:14][org.pf4j.AbstractPluginManager] Class 'com.facebook.buck.features.gwt.GwtBuckModuleAdapterPlugin' for plugin '/Users/stevenlee/Downloads/BuckTest 3/.buckd/resources/2019.01.10.01/buck-modules/gwt.jar'
[2019-04-26 00:18:13.234][debug][command:null][tid:14][org.pf4j.AbstractPluginManager] Loading plugin '/Users/stevenlee/Downloads/BuckTest 3/.buckd/resources/2019.01.10.01/buck-modules/gwt.jar'
[2019-04-26 00:18:13.234][debug][command:null][tid:14][org.pf4j.PluginClassLoader] Add 'file:/Users/stevenlee/Downloads/BuckTest%203/.buckd/resources/2019.01.10.01/buck-modules/gwt.jar'
[2019-04-26 00:18:13.234][debug][command:null][tid:14][org.pf4j.AbstractPluginManager] Loaded plugin '/Users/stevenlee/Downloads/BuckTest 3/.buckd/resources/2019.01.10.01/buck-modules/gwt.jar' with class loader 'org.pf4j.PluginClassLoader@52bf7136'
[2019-04-26 00:18:13.235][debug][command:null][tid:14][org.pf4j.AbstractPluginManager] Creating wrapper for plugin '/Users/stevenlee/Downloads/BuckTest 3/.buckd/resources/2019.01.10.01/buck-modules/gwt.jar'
[2019-04-26 00:18:13.235][debug][command:null][tid:14][org.pf4j.AbstractPluginManager] Created wrapper 'PluginWrapper [descriptor=PluginDescriptor [pluginId=com.facebook.buck.features.gwt, pluginClass=com.facebook.buck.features.gwt.GwtBuckModuleAdapterPlugin, version=0.0.1, provider=null, dependencies=[], description=, requires=*, license=null], pluginPath=/Users/stevenlee/Downloads/BuckTest 3/.buckd/resources/2019.01.10.01/buck-modules/gwt.jar]' for plugin '/Users/stevenlee/Downloads/BuckTest 3/.buckd/resources/2019.01.10.01/buck-modules/gwt.jar'
[2019-04-26 00:18:13.235][debug][command:null][tid:14][org.pf4j.AbstractPluginManager] Use 'org.pf4j.CompoundPluginDescriptorFinder@5880897a' to find plugins descriptors
[2019-04-26 00:18:13.235][debug][command:null][tid:14][org.pf4j.AbstractPluginManager] Finding plugin descriptor for plugin '/Users/stevenlee/Downloads/BuckTest 3/.buckd/resources/2019.01.10.01/buck-modules/haskell.jar'
[2019-04-26 00:18:13.235][debug][command:null][tid:14][org.pf4j.CompoundPluginDescriptorFinder] 'org.pf4j.ManifestPluginDescriptorFinder@3406ae26' is applicable for plugin '/Users/stevenlee/Downloads/BuckTest 3/.buckd/resources/2019.01.10.01/buck-modules/haskell.jar'
[2019-04-26 00:18:13.236][debug][command:null][tid:14][org.pf4j.AbstractPluginManager] Found descriptor PluginDescriptor [pluginId=com.facebook.buck.features.haskell, pluginClass=com.facebook.buck.features.haskell.HaskellModuleAdapterPlugin, version=0.0.1, provider=null, dependencies=[], description=, requires=*, license=null]
[2019-04-26 00:18:13.236][debug][command:null][tid:14][org.pf4j.AbstractPluginManager] Class 'com.facebook.buck.features.haskell.HaskellModuleAdapterPlugin' for plugin '/Users/stevenlee/Downloads/BuckTest 3/.buckd/resources/2019.01.10.01/buck-modules/haskell.jar'
[2019-04-26 00:18:13.236][debug][command:null][tid:14][org.pf4j.AbstractPluginManager] Loading plugin '/Users/stevenlee/Downloads/BuckTest 3/.buckd/resources/2019.01.10.01/buck-modules/haskell.jar'
[2019-04-26 00:18:13.236][debug][command:null][tid:14][org.pf4j.PluginClassLoader] Add 'file:/Users/stevenlee/Downloads/BuckTest%203/.buckd/resources/2019.01.10.01/buck-modules/haskell.jar'
[2019-04-26 00:18:13.237][debug][command:null][tid:14][org.pf4j.AbstractPluginManager] Loaded plugin '/Users/stevenlee/Downloads/BuckTest 3/.buckd/resources/2019.01.10.01/buck-modules/haskell.jar' with class loader 'org.pf4j.PluginClassLoader@5e44c20e'
[2019-04-26 00:18:13.237][debug][command:null][tid:14][org.pf4j.AbstractPluginManager] Creating wrapper for plugin '/Users/stevenlee/Downloads/BuckTest 3/.buckd/resources/2019.01.10.01/buck-modules/haskell.jar'
[2019-04-26 00:18:13.237][debug][command:null][tid:14][org.pf4j.AbstractPluginManager] Created wrapper 'PluginWrapper [descriptor=PluginDescriptor [pluginId=com.facebook.buck.features.haskell, pluginClass=com.facebook.buck.features.haskell.HaskellModuleAdapterPlugin, version=0.0.1, provider=null, dependencies=[], description=, requires=*, license=null], pluginPath=/Users/stevenlee/Downloads/BuckTest 3/.buckd/resources/2019.01.10.01/buck-modules/haskell.jar]' for plugin '/Users/stevenlee/Downloads/BuckTest 3/.buckd/resources/2019.01.10.01/buck-modules/haskell.jar'
[2019-04-26 00:18:13.237][debug][command:null][tid:14][org.pf4j.AbstractPluginManager] Use 'org.pf4j.CompoundPluginDescriptorFinder@5880897a' to find plugins descriptors
[2019-04-26 00:18:13.237][debug][command:null][tid:14][org.pf4j.AbstractPluginManager] Finding plugin descriptor for plugin '/Users/stevenlee/Downloads/BuckTest 3/.buckd/resources/2019.01.10.01/buck-modules/halide.jar'
[2019-04-26 00:18:13.238][debug][command:null][tid:14][org.pf4j.CompoundPluginDescriptorFinder] 'org.pf4j.ManifestPluginDescriptorFinder@3406ae26' is applicable for plugin '/Users/stevenlee/Downloads/BuckTest 3/.buckd/resources/2019.01.10.01/buck-modules/halide.jar'
[2019-04-26 00:18:13.238][debug][command:null][tid:14][org.pf4j.AbstractPluginManager] Found descriptor PluginDescriptor [pluginId=com.facebook.buck.features.halide, pluginClass=com.facebook.buck.features.halide.HalideModuleAdapterPlugin, version=0.0.1, provider=null, dependencies=[], description=, requires=*, license=null]
[2019-04-26 00:18:13.238][debug][command:null][tid:14][org.pf4j.AbstractPluginManager] Class 'com.facebook.buck.features.halide.HalideModuleAdapterPlugin' for plugin '/Users/stevenlee/Downloads/BuckTest 3/.buckd/resources/2019.01.10.01/buck-modules/halide.jar'
[2019-04-26 00:18:13.239][debug][command:null][tid:14][org.pf4j.AbstractPluginManager] Loading plugin '/Users/stevenlee/Downloads/BuckTest 3/.buckd/resources/2019.01.10.01/buck-modules/halide.jar'
[2019-04-26 00:18:13.239][debug][command:null][tid:14][org.pf4j.PluginClassLoader] Add 'file:/Users/stevenlee/Downloads/BuckTest%203/.buckd/resources/2019.01.10.01/buck-modules/halide.jar'
[2019-04-26 00:18:13.239][debug][command:null][tid:14][org.pf4j.AbstractPluginManager] Loaded plugin '/Users/stevenlee/Downloads/BuckTest 3/.buckd/resources/2019.01.10.01/buck-modules/halide.jar' with class loader 'org.pf4j.PluginClassLoader@5150c56f'
[2019-04-26 00:18:13.239][debug][command:null][tid:14][org.pf4j.AbstractPluginManager] Creating wrapper for plugin '/Users/stevenlee/Downloads/BuckTest 3/.buckd/resources/2019.01.10.01/buck-modules/halide.jar'
[2019-04-26 00:18:13.239][debug][command:null][tid:14][org.pf4j.AbstractPluginManager] Created wrapper 'PluginWrapper [descriptor=PluginDescriptor [pluginId=com.facebook.buck.features.halide, pluginClass=com.facebook.buck.features.halide.HalideModuleAdapterPlugin, version=0.0.1, provider=null, dependencies=[], description=, requires=*, license=null], pluginPath=/Users/stevenlee/Downloads/BuckTest 3/.buckd/resources/2019.01.10.01/buck-modules/halide.jar]' for plugin '/Users/stevenlee/Downloads/BuckTest 3/.buckd/resources/2019.01.10.01/buck-modules/halide.jar'
[2019-04-26 00:18:13.240][debug][command:null][tid:14][org.pf4j.AbstractPluginManager] Use 'org.pf4j.CompoundPluginDescriptorFinder@5880897a' to find plugins descriptors
[2019-04-26 00:18:13.240][debug][command:null][tid:14][org.pf4j.AbstractPluginManager] Finding plugin descriptor for plugin '/Users/stevenlee/Downloads/BuckTest 3/.buckd/resources/2019.01.10.01/buck-modules/rust.jar'
[2019-04-26 00:18:13.240][debug][command:null][tid:14][org.pf4j.CompoundPluginDescriptorFinder] 'org.pf4j.ManifestPluginDescriptorFinder@3406ae26' is applicable for plugin '/Users/stevenlee/Downloads/BuckTest 3/.buckd/resources/2019.01.10.01/buck-modules/rust.jar'
[2019-04-26 00:18:13.241][debug][command:null][tid:14][org.pf4j.AbstractPluginManager] Found descriptor PluginDescriptor [pluginId=com.facebook.buck.features.rust, pluginClass=com.facebook.buck.features.rust.RustModuleAdapterPlugin, version=0.0.1, provider=null, dependencies=[], description=, requires=*, license=null]
[2019-04-26 00:18:13.241][debug][command:null][tid:14][org.pf4j.AbstractPluginManager] Class 'com.facebook.buck.features.rust.RustModuleAdapterPlugin' for plugin '/Users/stevenlee/Downloads/BuckTest 3/.buckd/resources/2019.01.10.01/buck-modules/rust.jar'
[2019-04-26 00:18:13.241][debug][command:null][tid:14][org.pf4j.AbstractPluginManager] Loading plugin '/Users/stevenlee/Downloads/BuckTest 3/.buckd/resources/2019.01.10.01/buck-modules/rust.jar'
[2019-04-26 00:18:13.241][debug][command:null][tid:14][org.pf4j.PluginClassLoader] Add 'file:/Users/stevenlee/Downloads/BuckTest%203/.buckd/resources/2019.01.10.01/buck-modules/rust.jar'
[2019-04-26 00:18:13.241][debug][command:null][tid:14][org.pf4j.AbstractPluginManager] Loaded plugin '/Users/stevenlee/Downloads/BuckTest 3/.buckd/resources/2019.01.10.01/buck-modules/rust.jar' with class loader 'org.pf4j.PluginClassLoader@e845b39'
[2019-04-26 00:18:13.241][debug][command:null][tid:14][org.pf4j.AbstractPluginManager] Creating wrapper for plugin '/Users/stevenlee/Downloads/BuckTest 3/.buckd/resources/2019.01.10.01/buck-modules/rust.jar'
[2019-04-26 00:18:13.242][debug][command:null][tid:14][org.pf4j.AbstractPluginManager] Created wrapper 'PluginWrapper [descriptor=PluginDescriptor [pluginId=com.facebook.buck.features.rust, pluginClass=com.facebook.buck.features.rust.RustModuleAdapterPlugin, version=0.0.1, provider=null, dependencies=[], description=, requires=*, license=null], pluginPath=/Users/stevenlee/Downloads/BuckTest 3/.buckd/resources/2019.01.10.01/buck-modules/rust.jar]' for plugin '/Users/stevenlee/Downloads/BuckTest 3/.buckd/resources/2019.01.10.01/buck-modules/rust.jar'
[2019-04-26 00:18:13.242][debug][command:null][tid:14][org.pf4j.AbstractPluginManager] Use 'org.pf4j.CompoundPluginDescriptorFinder@5880897a' to find plugins descriptors
[2019-04-26 00:18:13.242][debug][command:null][tid:14][org.pf4j.AbstractPluginManager] Finding plugin descriptor for plugin '/Users/stevenlee/Downloads/BuckTest 3/.buckd/resources/2019.01.10.01/buck-modules/go.jar'
[2019-04-26 00:18:13.242][debug][command:null][tid:14][org.pf4j.CompoundPluginDescriptorFinder] 'org.pf4j.ManifestPluginDescriptorFinder@3406ae26' is applicable for plugin '/Users/stevenlee/Downloads/BuckTest 3/.buckd/resources/2019.01.10.01/buck-modules/go.jar'
[2019-04-26 00:18:13.243][debug][command:null][tid:14][org.pf4j.AbstractPluginManager] Found descriptor PluginDescriptor [pluginId=com.facebook.buck.features.go, pluginClass=com.facebook.buck.features.go.GoModuleAdapterPlugin, version=0.0.1, provider=null, dependencies=[], description=, requires=*, license=null]
[2019-04-26 00:18:13.243][debug][command:null][tid:14][org.pf4j.AbstractPluginManager] Class 'com.facebook.buck.features.go.GoModuleAdapterPlugin' for plugin '/Users/stevenlee/Downloads/BuckTest 3/.buckd/resources/2019.01.10.01/buck-modules/go.jar'
[2019-04-26 00:18:13.243][debug][command:null][tid:14][org.pf4j.AbstractPluginManager] Loading plugin '/Users/stevenlee/Downloads/BuckTest 3/.buckd/resources/2019.01.10.01/buck-modules/go.jar'
[2019-04-26 00:18:13.243][debug][command:null][tid:14][org.pf4j.PluginClassLoader] Add 'file:/Users/stevenlee/Downloads/BuckTest%203/.buckd/resources/2019.01.10.01/buck-modules/go.jar'
[2019-04-26 00:18:13.244][debug][command:null][tid:14][org.pf4j.AbstractPluginManager] Loaded plugin '/Users/stevenlee/Downloads/BuckTest 3/.buckd/resources/2019.01.10.01/buck-modules/go.jar' with class loader 'org.pf4j.PluginClassLoader@576f85c5'
[2019-04-26 00:18:13.244][debug][command:null][tid:14][org.pf4j.AbstractPluginManager] Creating wrapper for plugin '/Users/stevenlee/Downloads/BuckTest 3/.buckd/resources/2019.01.10.01/buck-modules/go.jar'
[2019-04-26 00:18:13.244][debug][command:null][tid:14][org.pf4j.AbstractPluginManager] Created wrapper 'PluginWrapper [descriptor=PluginDescriptor [pluginId=com.facebook.buck.features.go, pluginClass=com.facebook.buck.features.go.GoModuleAdapterPlugin, version=0.0.1, provider=null, dependencies=[], description=, requires=*, license=null], pluginPath=/Users/stevenlee/Downloads/BuckTest 3/.buckd/resources/2019.01.10.01/buck-modules/go.jar]' for plugin '/Users/stevenlee/Downloads/BuckTest 3/.buckd/resources/2019.01.10.01/buck-modules/go.jar'
[2019-04-26 00:18:13.244][debug][command:null][tid:14][org.pf4j.AbstractPluginManager] Use 'org.pf4j.CompoundPluginDescriptorFinder@5880897a' to find plugins descriptors
[2019-04-26 00:18:13.244][debug][command:null][tid:14][org.pf4j.AbstractPluginManager] Finding plugin descriptor for plugin '/Users/stevenlee/Downloads/BuckTest 3/.buckd/resources/2019.01.10.01/buck-modules/intellij.jar'
[2019-04-26 00:18:13.244][debug][command:null][tid:14][org.pf4j.CompoundPluginDescriptorFinder] 'org.pf4j.ManifestPluginDescriptorFinder@3406ae26' is applicable for plugin '/Users/stevenlee/Downloads/BuckTest 3/.buckd/resources/2019.01.10.01/buck-modules/intellij.jar'
[2019-04-26 00:18:13.245][debug][command:null][tid:14][org.pf4j.AbstractPluginManager] Found descriptor PluginDescriptor [pluginId=com.facebook.buck.features.project.intellij, pluginClass=com.facebook.buck.features.project.intellij.IjBuckModuleAdapterPlugin, version=0.0.1, provider=null, dependencies=[PluginDependency [pluginId=com.facebook.buck.features.python, pluginVersionSupport=*]], description=, requires=*, license=null]
[2019-04-26 00:18:13.245][debug][command:null][tid:14][org.pf4j.AbstractPluginManager] Class 'com.facebook.buck.features.project.intellij.IjBuckModuleAdapterPlugin' for plugin '/Users/stevenlee/Downloads/BuckTest 3/.buckd/resources/2019.01.10.01/buck-modules/intellij.jar'
[2019-04-26 00:18:13.245][debug][command:null][tid:14][org.pf4j.AbstractPluginManager] Loading plugin '/Users/stevenlee/Downloads/BuckTest 3/.buckd/resources/2019.01.10.01/buck-modules/intellij.jar'
[2019-04-26 00:18:13.245][debug][command:null][tid:14][org.pf4j.PluginClassLoader] Add 'file:/Users/stevenlee/Downloads/BuckTest%203/.buckd/resources/2019.01.10.01/buck-modules/intellij.jar'
[2019-04-26 00:18:13.246][debug][command:null][tid:14][org.pf4j.AbstractPluginManager] Loaded plugin '/Users/stevenlee/Downloads/BuckTest 3/.buckd/resources/2019.01.10.01/buck-modules/intellij.jar' with class loader 'org.pf4j.PluginClassLoader@6dbac134'
[2019-04-26 00:18:13.246][debug][command:null][tid:14][org.pf4j.AbstractPluginManager] Creating wrapper for plugin '/Users/stevenlee/Downloads/BuckTest 3/.buckd/resources/2019.01.10.01/buck-modules/intellij.jar'
[2019-04-26 00:18:13.246][debug][command:null][tid:14][org.pf4j.AbstractPluginManager] Created wrapper 'PluginWrapper [descriptor=PluginDescriptor [pluginId=com.facebook.buck.features.project.intellij, pluginClass=com.facebook.buck.features.project.intellij.IjBuckModuleAdapterPlugin, version=0.0.1, provider=null, dependencies=[PluginDependency [pluginId=com.facebook.buck.features.python, pluginVersionSupport=*]], description=, requires=*, license=null], pluginPath=/Users/stevenlee/Downloads/BuckTest 3/.buckd/resources/2019.01.10.01/buck-modules/intellij.jar]' for plugin '/Users/stevenlee/Downloads/BuckTest 3/.buckd/resources/2019.01.10.01/buck-modules/intellij.jar'
[2019-04-26 00:18:13.246][debug][command:null][tid:14][org.pf4j.AbstractPluginManager] Use 'org.pf4j.CompoundPluginDescriptorFinder@5880897a' to find plugins descriptors
[2019-04-26 00:18:13.246][debug][command:null][tid:14][org.pf4j.AbstractPluginManager] Finding plugin descriptor for plugin '/Users/stevenlee/Downloads/BuckTest 3/.buckd/resources/2019.01.10.01/buck-modules/d.jar'
[2019-04-26 00:18:13.246][debug][command:null][tid:14][org.pf4j.CompoundPluginDescriptorFinder] 'org.pf4j.ManifestPluginDescriptorFinder@3406ae26' is applicable for plugin '/Users/stevenlee/Downloads/BuckTest 3/.buckd/resources/2019.01.10.01/buck-modules/d.jar'
[2019-04-26 00:18:13.247][debug][command:null][tid:14][org.pf4j.AbstractPluginManager] Found descriptor PluginDescriptor [pluginId=com.facebook.buck.features.d, pluginClass=com.facebook.buck.features.d.DModuleAdapterPlugin, version=0.0.1, provider=null, dependencies=[], description=, requires=*, license=null]
[2019-04-26 00:18:13.247][debug][command:null][tid:14][org.pf4j.AbstractPluginManager] Class 'com.facebook.buck.features.d.DModuleAdapterPlugin' for plugin '/Users/stevenlee/Downloads/BuckTest 3/.buckd/resources/2019.01.10.01/buck-modules/d.jar'
[2019-04-26 00:18:13.247][debug][command:null][tid:14][org.pf4j.AbstractPluginManager] Loading plugin '/Users/stevenlee/Downloads/BuckTest 3/.buckd/resources/2019.01.10.01/buck-modules/d.jar'
[2019-04-26 00:18:13.247][debug][command:null][tid:14][org.pf4j.PluginClassLoader] Add 'file:/Users/stevenlee/Downloads/BuckTest%203/.buckd/resources/2019.01.10.01/buck-modules/d.jar'
[2019-04-26 00:18:13.247][debug][command:null][tid:14][org.pf4j.AbstractPluginManager] Loaded plugin '/Users/stevenlee/Downloads/BuckTest 3/.buckd/resources/2019.01.10.01/buck-modules/d.jar' with class loader 'org.pf4j.PluginClassLoader@7b290736'
[2019-04-26 00:18:13.248][debug][command:null][tid:14][org.pf4j.AbstractPluginManager] Creating wrapper for plugin '/Users/stevenlee/Downloads/BuckTest 3/.buckd/resources/2019.01.10.01/buck-modules/d.jar'
[2019-04-26 00:18:13.248][debug][command:null][tid:14][org.pf4j.AbstractPluginManager] Created wrapper 'PluginWrapper [descriptor=PluginDescriptor [pluginId=com.facebook.buck.features.d, pluginClass=com.facebook.buck.features.d.DModuleAdapterPlugin, version=0.0.1, provider=null, dependencies=[], description=, requires=*, license=null], pluginPath=/Users/stevenlee/Downloads/BuckTest 3/.buckd/resources/2019.01.10.01/buck-modules/d.jar]' for plugin '/Users/stevenlee/Downloads/BuckTest 3/.buckd/resources/2019.01.10.01/buck-modules/d.jar'
[2019-04-26 00:18:13.248][debug][command:null][tid:14][org.pf4j.AbstractPluginManager] Use 'org.pf4j.CompoundPluginDescriptorFinder@5880897a' to find plugins descriptors
[2019-04-26 00:18:13.248][debug][command:null][tid:14][org.pf4j.AbstractPluginManager] Finding plugin descriptor for plugin '/Users/stevenlee/Downloads/BuckTest 3/.buckd/resources/2019.01.10.01/buck-modules/ocaml.jar'
[2019-04-26 00:18:13.248][debug][command:null][tid:14][org.pf4j.CompoundPluginDescriptorFinder] 'org.pf4j.ManifestPluginDescriptorFinder@3406ae26' is applicable for plugin '/Users/stevenlee/Downloads/BuckTest 3/.buckd/resources/2019.01.10.01/buck-modules/ocaml.jar'
[2019-04-26 00:18:13.249][debug][command:null][tid:14][org.pf4j.AbstractPluginManager] Found descriptor PluginDescriptor [pluginId=com.facebook.buck.features.ocaml, pluginClass=com.facebook.buck.features.ocaml.OcamlModuleAdapterPlugin, version=0.0.1, provider=null, dependencies=[], description=, requires=*, license=null]
[2019-04-26 00:18:13.249][debug][command:null][tid:14][org.pf4j.AbstractPluginManager] Class 'com.facebook.buck.features.ocaml.OcamlModuleAdapterPlugin' for plugin '/Users/stevenlee/Downloads/BuckTest 3/.buckd/resources/2019.01.10.01/buck-modules/ocaml.jar'
[2019-04-26 00:18:13.249][debug][command:null][tid:14][org.pf4j.AbstractPluginManager] Loading plugin '/Users/stevenlee/Downloads/BuckTest 3/.buckd/resources/2019.01.10.01/buck-modules/ocaml.jar'
[2019-04-26 00:18:13.249][debug][command:null][tid:14][org.pf4j.PluginClassLoader] Add 'file:/Users/stevenlee/Downloads/BuckTest%203/.buckd/resources/2019.01.10.01/buck-modules/ocaml.jar'
[2019-04-26 00:18:13.249][debug][command:null][tid:14][org.pf4j.AbstractPluginManager] Loaded plugin '/Users/stevenlee/Downloads/BuckTest 3/.buckd/resources/2019.01.10.01/buck-modules/ocaml.jar' with class loader 'org.pf4j.PluginClassLoader@1735027e'
[2019-04-26 00:18:13.249][debug][command:null][tid:14][org.pf4j.AbstractPluginManager] Creating wrapper for plugin '/Users/stevenlee/Downloads/BuckTest 3/.buckd/resources/2019.01.10.01/buck-modules/ocaml.jar'
[2019-04-26 00:18:13.250][debug][command:null][tid:14][org.pf4j.AbstractPluginManager] Created wrapper 'PluginWrapper [descriptor=PluginDescriptor [pluginId=com.facebook.buck.features.ocaml, pluginClass=com.facebook.buck.features.ocaml.OcamlModuleAdapterPlugin, version=0.0.1, provider=null, dependencies=[], description=, requires=*, license=null], pluginPath=/Users/stevenlee/Downloads/BuckTest 3/.buckd/resources/2019.01.10.01/buck-modules/ocaml.jar]' for plugin '/Users/stevenlee/Downloads/BuckTest 3/.buckd/resources/2019.01.10.01/buck-modules/ocaml.jar'
[2019-04-26 00:18:13.250][debug][command:null][tid:14][org.pf4j.AbstractPluginManager] Use 'org.pf4j.CompoundPluginDescriptorFinder@5880897a' to find plugins descriptors
[2019-04-26 00:18:13.250][debug][command:null][tid:14][org.pf4j.AbstractPluginManager] Finding plugin descriptor for plugin '/Users/stevenlee/Downloads/BuckTest 3/.buckd/resources/2019.01.10.01/buck-modules/dotnet.jar'
[2019-04-26 00:18:13.250][debug][command:null][tid:14][org.pf4j.CompoundPluginDescriptorFinder] 'org.pf4j.ManifestPluginDescriptorFinder@3406ae26' is applicable for plugin '/Users/stevenlee/Downloads/BuckTest 3/.buckd/resources/2019.01.10.01/buck-modules/dotnet.jar'
[2019-04-26 00:18:13.251][debug][command:null][tid:14][org.pf4j.AbstractPluginManager] Found descriptor PluginDescriptor [pluginId=com.facebook.buck.features.dotnet, pluginClass=com.facebook.buck.features.dotnet.DotnetModuleAdapterPlugin, version=0.0.1, provider=null, dependencies=[], description=, requires=*, license=null]
[2019-04-26 00:18:13.251][debug][command:null][tid:14][org.pf4j.AbstractPluginManager] Class 'com.facebook.buck.features.dotnet.DotnetModuleAdapterPlugin' for plugin '/Users/stevenlee/Downloads/BuckTest 3/.buckd/resources/2019.01.10.01/buck-modules/dotnet.jar'
[2019-04-26 00:18:13.251][debug][command:null][tid:14][org.pf4j.AbstractPluginManager] Loading plugin '/Users/stevenlee/Downloads/BuckTest 3/.buckd/resources/2019.01.10.01/buck-modules/dotnet.jar'
[2019-04-26 00:18:13.251][debug][command:null][tid:14][org.pf4j.PluginClassLoader] Add 'file:/Users/stevenlee/Downloads/BuckTest%203/.buckd/resources/2019.01.10.01/buck-modules/dotnet.jar'
[2019-04-26 00:18:13.251][debug][command:null][tid:14][org.pf4j.AbstractPluginManager] Loaded plugin '/Users/stevenlee/Downloads/BuckTest 3/.buckd/resources/2019.01.10.01/buck-modules/dotnet.jar' with class loader 'org.pf4j.PluginClassLoader@66f88d56'
[2019-04-26 00:18:13.251][debug][command:null][tid:14][org.pf4j.AbstractPluginManager] Creating wrapper for plugin '/Users/stevenlee/Downloads/BuckTest 3/.buckd/resources/2019.01.10.01/buck-modules/dotnet.jar'
[2019-04-26 00:18:13.251][debug][command:null][tid:14][org.pf4j.AbstractPluginManager] Created wrapper 'PluginWrapper [descriptor=PluginDescriptor [pluginId=com.facebook.buck.features.dotnet, pluginClass=com.facebook.buck.features.dotnet.DotnetModuleAdapterPlugin, version=0.0.1, provider=null, dependencies=[], description=, requires=*, license=null], pluginPath=/Users/stevenlee/Downloads/BuckTest 3/.buckd/resources/2019.01.10.01/buck-modules/dotnet.jar]' for plugin '/Users/stevenlee/Downloads/BuckTest 3/.buckd/resources/2019.01.10.01/buck-modules/dotnet.jar'
[2019-04-26 00:18:13.252][debug][command:null][tid:14][org.pf4j.DependencyResolver] Graph: 
   com.facebook.buck.features.lua -> [com.facebook.buck.features.python]
   com.facebook.buck.features.go -> []
   com.facebook.buck.features.rust -> []
   com.facebook.buck.features.zip.rules -> [com.facebook.buck.features.filebundler]
   com.facebook.buck.features.js -> []
   com.facebook.buck.features.haskell -> []
   com.facebook.buck.features.dotnet -> []
   com.facebook.buck.features.ocaml -> []
   com.facebook.buck.features.apple.project -> [com.facebook.buck.features.halide, com.facebook.buck.features.js]
   com.facebook.buck.features.d -> []
   com.facebook.buck.features.filegroup -> [com.facebook.buck.features.filebundler]
   com.facebook.buck.features.gwt -> []
   com.facebook.buck.features.filebundler -> []
   com.facebook.buck.features.python -> []
   com.facebook.buck.features.project.intellij -> [com.facebook.buck.features.python]
   com.facebook.buck.features.halide -> []
[2019-04-26 00:18:13.252][debug][command:null][tid:14][org.pf4j.DependencyResolver] Plugins order: [com.facebook.buck.features.python, com.facebook.buck.features.lua, com.facebook.buck.features.go, com.facebook.buck.features.rust, com.facebook.buck.features.filebundler, com.facebook.buck.features.zip.rules, com.facebook.buck.features.haskell, com.facebook.buck.features.dotnet, com.facebook.buck.features.ocaml, com.facebook.buck.features.halide, com.facebook.buck.features.js, com.facebook.buck.features.apple.project, com.facebook.buck.features.d, com.facebook.buck.features.filegroup, com.facebook.buck.features.gwt, com.facebook.buck.features.project.intellij]
[2019-04-26 00:18:13.253][info ][command:null][tid:14][org.pf4j.AbstractPluginManager] Plugin 'com.facebook.buck.features.python@0.0.1' resolved
[2019-04-26 00:18:13.253][info ][command:null][tid:14][org.pf4j.AbstractPluginManager] Plugin 'com.facebook.buck.features.lua@0.0.1' resolved
[2019-04-26 00:18:13.253][info ][command:null][tid:14][org.pf4j.AbstractPluginManager] Plugin 'com.facebook.buck.features.go@0.0.1' resolved
[2019-04-26 00:18:13.253][info ][command:null][tid:14][org.pf4j.AbstractPluginManager] Plugin 'com.facebook.buck.features.rust@0.0.1' resolved
[2019-04-26 00:18:13.253][info ][command:null][tid:14][org.pf4j.AbstractPluginManager] Plugin 'com.facebook.buck.features.filebundler@0.0.1' resolved
[2019-04-26 00:18:13.254][info ][command:null][tid:14][org.pf4j.AbstractPluginManager] Plugin 'com.facebook.buck.features.zip.rules@0.0.1' resolved
[2019-04-26 00:18:13.254][info ][command:null][tid:14][org.pf4j.AbstractPluginManager] Plugin 'com.facebook.buck.features.haskell@0.0.1' resolved
[2019-04-26 00:18:13.254][info ][command:null][tid:14][org.pf4j.AbstractPluginManager] Plugin 'com.facebook.buck.features.dotnet@0.0.1' resolved
[2019-04-26 00:18:13.254][info ][command:null][tid:14][org.pf4j.AbstractPluginManager] Plugin 'com.facebook.buck.features.ocaml@0.0.1' resolved
[2019-04-26 00:18:13.254][info ][command:null][tid:14][org.pf4j.AbstractPluginManager] Plugin 'com.facebook.buck.features.halide@0.0.1' resolved
[2019-04-26 00:18:13.254][info ][command:null][tid:14][org.pf4j.AbstractPluginManager] Plugin 'com.facebook.buck.features.js@0.0.1' resolved
[2019-04-26 00:18:13.254][info ][command:null][tid:14][org.pf4j.AbstractPluginManager] Plugin 'com.facebook.buck.features.apple.project@0.0.1' resolved
[2019-04-26 00:18:13.254][info ][command:null][tid:14][org.pf4j.AbstractPluginManager] Plugin 'com.facebook.buck.features.d@0.0.1' resolved
[2019-04-26 00:18:13.254][info ][command:null][tid:14][org.pf4j.AbstractPluginManager] Plugin 'com.facebook.buck.features.filegroup@0.0.1' resolved
[2019-04-26 00:18:13.254][info ][command:null][tid:14][org.pf4j.AbstractPluginManager] Plugin 'com.facebook.buck.features.gwt@0.0.1' resolved
[2019-04-26 00:18:13.254][info ][command:null][tid:14][org.pf4j.AbstractPluginManager] Plugin 'com.facebook.buck.features.project.intellij@0.0.1' resolved
[2019-04-26 00:18:13.254][info ][command:null][tid:14][org.pf4j.AbstractPluginManager] Start plugin 'com.facebook.buck.features.python@0.0.1'
[2019-04-26 00:18:13.255][debug][command:null][tid:14][org.pf4j.DefaultExtensionFactory] Create instance for plugin 'com.facebook.buck.features.python.PythonModuleAdapterPlugin'
[2019-04-26 00:18:13.257][info ][command:null][tid:14][org.pf4j.AbstractPluginManager] Start plugin 'com.facebook.buck.features.lua@0.0.1'
[2019-04-26 00:18:13.257][debug][command:null][tid:14][org.pf4j.DefaultExtensionFactory] Create instance for plugin 'com.facebook.buck.features.lua.LuaModuleAdapterPlugin'
[2019-04-26 00:18:13.258][info ][command:null][tid:14][org.pf4j.AbstractPluginManager] Start plugin 'com.facebook.buck.features.go@0.0.1'
[2019-04-26 00:18:13.258][debug][command:null][tid:14][org.pf4j.DefaultExtensionFactory] Create instance for plugin 'com.facebook.buck.features.go.GoModuleAdapterPlugin'
[2019-04-26 00:18:13.259][info ][command:null][tid:14][org.pf4j.AbstractPluginManager] Start plugin 'com.facebook.buck.features.rust@0.0.1'
[2019-04-26 00:18:13.259][debug][command:null][tid:14][org.pf4j.DefaultExtensionFactory] Create instance for plugin 'com.facebook.buck.features.rust.RustModuleAdapterPlugin'
[2019-04-26 00:18:13.260][info ][command:null][tid:14][org.pf4j.AbstractPluginManager] Start plugin 'com.facebook.buck.features.filebundler@0.0.1'
[2019-04-26 00:18:13.260][debug][command:null][tid:14][org.pf4j.DefaultExtensionFactory] Create instance for plugin 'com.facebook.buck.features.filebundler.FileBundlerModuleAdapterPlugin'
[2019-04-26 00:18:13.261][info ][command:null][tid:14][org.pf4j.AbstractPluginManager] Start plugin 'com.facebook.buck.features.zip.rules@0.0.1'
[2019-04-26 00:18:13.261][debug][command:null][tid:14][org.pf4j.DefaultExtensionFactory] Create instance for plugin 'com.facebook.buck.features.zip.rules.ZipRulesModuleAdapterPlugin'
[2019-04-26 00:18:13.262][info ][command:null][tid:14][org.pf4j.AbstractPluginManager] Start plugin 'com.facebook.buck.features.haskell@0.0.1'
[2019-04-26 00:18:13.262][debug][command:null][tid:14][org.pf4j.DefaultExtensionFactory] Create instance for plugin 'com.facebook.buck.features.haskell.HaskellModuleAdapterPlugin'
[2019-04-26 00:18:13.262][info ][command:null][tid:14][org.pf4j.AbstractPluginManager] Start plugin 'com.facebook.buck.features.dotnet@0.0.1'
[2019-04-26 00:18:13.262][debug][command:null][tid:14][org.pf4j.DefaultExtensionFactory] Create instance for plugin 'com.facebook.buck.features.dotnet.DotnetModuleAdapterPlugin'
[2019-04-26 00:18:13.263][info ][command:null][tid:14][org.pf4j.AbstractPluginManager] Start plugin 'com.facebook.buck.features.ocaml@0.0.1'
[2019-04-26 00:18:13.263][debug][command:null][tid:14][org.pf4j.DefaultExtensionFactory] Create instance for plugin 'com.facebook.buck.features.ocaml.OcamlModuleAdapterPlugin'
[2019-04-26 00:18:13.264][info ][command:null][tid:14][org.pf4j.AbstractPluginManager] Start plugin 'com.facebook.buck.features.halide@0.0.1'
[2019-04-26 00:18:13.264][debug][command:null][tid:14][org.pf4j.DefaultExtensionFactory] Create instance for plugin 'com.facebook.buck.features.halide.HalideModuleAdapterPlugin'
[2019-04-26 00:18:13.265][info ][command:null][tid:14][org.pf4j.AbstractPluginManager] Start plugin 'com.facebook.buck.features.js@0.0.1'
[2019-04-26 00:18:13.265][debug][command:null][tid:14][org.pf4j.DefaultExtensionFactory] Create instance for plugin 'com.facebook.buck.features.js.JsModuleAdapterPlugin'
[2019-04-26 00:18:13.265][info ][command:null][tid:14][org.pf4j.AbstractPluginManager] Start plugin 'com.facebook.buck.features.apple.project@0.0.1'
[2019-04-26 00:18:13.266][debug][command:null][tid:14][org.pf4j.DefaultExtensionFactory] Create instance for plugin 'com.facebook.buck.features.apple.project.XCodeBuckModuleAdapterPlugin'
[2019-04-26 00:18:13.266][info ][command:null][tid:14][org.pf4j.AbstractPluginManager] Start plugin 'com.facebook.buck.features.d@0.0.1'
[2019-04-26 00:18:13.266][debug][command:null][tid:14][org.pf4j.DefaultExtensionFactory] Create instance for plugin 'com.facebook.buck.features.d.DModuleAdapterPlugin'
[2019-04-26 00:18:13.267][info ][command:null][tid:14][org.pf4j.AbstractPluginManager] Start plugin 'com.facebook.buck.features.filegroup@0.0.1'
[2019-04-26 00:18:13.267][debug][command:null][tid:14][org.pf4j.DefaultExtensionFactory] Create instance for plugin 'com.facebook.buck.features.filegroup.FilegroupModuleAdapterPlugin'
[2019-04-26 00:18:13.268][info ][command:null][tid:14][org.pf4j.AbstractPluginManager] Start plugin 'com.facebook.buck.features.gwt@0.0.1'
[2019-04-26 00:18:13.268][debug][command:null][tid:14][org.pf4j.DefaultExtensionFactory] Create instance for plugin 'com.facebook.buck.features.gwt.GwtBuckModuleAdapterPlugin'
[2019-04-26 00:18:13.269][info ][command:null][tid:14][org.pf4j.AbstractPluginManager] Start plugin 'com.facebook.buck.features.project.intellij@0.0.1'
[2019-04-26 00:18:13.269][debug][command:null][tid:14][org.pf4j.DefaultExtensionFactory] Create instance for plugin 'com.facebook.buck.features.project.intellij.IjBuckModuleAdapterPlugin'
[2019-04-26 00:18:13.342][debug][command:null][tid:14][com.facebook.buck.cli.Main] Rotating log.
[2019-04-26 00:18:13.348][debug][command:null][tid:14][com.facebook.buck.cli.Main] Starting up (build date 2019-01-11 01:04:49 +0800, rev 2019.01.10.01), args: [build]
[2019-04-26 00:18:13.356][debug][command:null][tid:14][com.facebook.buck.cli.Main] System properties: {java.vendor=Oracle Corporation, sun.java.launcher=SUN_STANDARD, sun.management.compiler=HotSpot 64-Bit Tiered Compilers, jnidispatch.path=/Users/stevenlee/Downloads/BuckTest 3/.buckd/tmp/buck_run.Gt1ray/jna-1522160945/jna6845997044035269255.tmp, os.name=Mac OS X, buck.enable_objc=true, sun.boot.class.path=/Library/Java/JavaVirtualMachines/jdk1.8.0_201.jdk/Contents/Home/jre/lib/resources.jar:/Library/Java/JavaVirtualMachines/jdk1.8.0_201.jdk/Contents/Home/jre/lib/rt.jar:/Library/Java/JavaVirtualMachines/jdk1.8.0_201.jdk/Contents/Home/jre/lib/sunrsasign.jar:/Library/Java/JavaVirtualMachines/jdk1.8.0_201.jdk/Contents/Home/jre/lib/jsse.jar:/Library/Java/JavaVirtualMachines/jdk1.8.0_201.jdk/Contents/Home/jre/lib/jce.jar:/Library/Java/JavaVirtualMachines/jdk1.8.0_201.jdk/Contents/Home/jre/lib/charsets.jar:/Library/Java/JavaVirtualMachines/jdk1.8.0_201.jdk/Contents/Home/jre/lib/jfr.jar:/Library/Java/JavaVirtualMachines/jdk1.8.0_201.jdk/Contents/Home/jre/classes, user.country.format=SG, buck.module.resources=/Users/stevenlee/Downloads/BuckTest 3/.buckd/resources/2019.01.10.01/buck-modules-resources, pf4j.pluginsDir=/Users/stevenlee/Downloads/BuckTest 3/.buckd/resources/2019.01.10.01/buck-modules, buck.resource_lock_path=/Users/stevenlee/Downloads/BuckTest 3/.buckd/resources/2019.01.10.01/.buck_lock, buck.path_to_isolated_trampoline=/Users/stevenlee/Downloads/BuckTest 3/.buckd/resources/2019.01.10.01/path_to_isolated_trampoline, java.vm.specification.vendor=Oracle Corporation, java.runtime.version=1.8.0_201-b09, jna.loaded=true, buck.testrunner_classes=/Users/stevenlee/Downloads/BuckTest 3/.buckd/resources/2019.01.10.01/testrunner_classes, buck.logging_config_file=/Users/stevenlee/Downloads/BuckTest 3/.buckd/resources/2019.01.10.01/logging_config_file, buck.path_to_sh_binary_template=/Users/stevenlee/Downloads/BuckTest 3/.buckd/resources/2019.01.10.01/path_to_sh_binary_template, user.name=stevenlee, com.facebook.nailgun.NGServer.outputPath=/Users/stevenlee/Downloads/BuckTest 3/.buckd/tmp/buck_run.Gt1ray/ngserver-out, buck.path_to_pywatchman=/Users/stevenlee/Downloads/BuckTest 3/.buckd/resources/2019.01.10.01/path_to_pywatchman, buck.report_generator_jar=/Users/stevenlee/Downloads/BuckTest 3/.buckd/resources/2019.01.10.01/report_generator_jar, buck.git_commit=2019.01.10.01, user.language=en, sun.boot.library.path=/Library/Java/JavaVirtualMachines/jdk1.8.0_201.jdk/Contents/Home/jre/lib, jna.nosys=true, java.version=1.8.0_201, user.timezone=Asia/Singapore, buck.test_util_no_tests_dir=true, sun.arch.data.model=64, http.nonProxyHosts=local|*.local|169.254/16|*.169.254/16, java.endorsed.dirs=/Library/Java/JavaVirtualMachines/jdk1.8.0_201.jdk/Contents/Home/jre/lib/endorsed, sun.cpu.isalist=, sun.jnu.encoding=UTF-8, file.encoding.pkg=sun.io, file.separator=/, java.specification.name=Java Platform API Specification, buck.jacoco_agent_jar=/Users/stevenlee/Downloads/BuckTest 3/.buckd/resources/2019.01.10.01/jacoco_agent_jar, java.class.version=52.0, user.country=GB, buck.binary_hash=f264911c029270b76498275d681c2768, java.home=/Library/Java/JavaVirtualMachines/jdk1.8.0_201.jdk/Contents/Home/jre, buck.fix_script=/Users/stevenlee/Downloads/BuckTest 3/.buckd/resources/2019.01.10.01/fix_script, java.vm.info=mixed mode, os.version=10.14.4, buck.version_uid=2019.01.10.01, org.eclipse.jetty.util.log.class=org.eclipse.jetty.util.log.JavaUtilLog, path.separator=:, java.vm.version=25.201-b09, java.awt.printerjob=sun.lwawt.macosx.CPrinterJob, sun.io.unicode.encoding=UnicodeBig, awt.toolkit=sun.lwawt.macosx.LWCToolkit, buck.mode=package, buck.buck_build_type_info=/Users/stevenlee/Downloads/BuckTest 3/.buckd/resources/2019.01.10.01/buck_build_type_info, socksNonProxyHosts=local|*.local|169.254/16|*.169.254/16, ftp.nonProxyHosts=local|*.local|169.254/16|*.169.254/16, buck.dx=/Users/stevenlee/Downloads/BuckTest 3/.buckd/resources/2019.01.10.01/dx, buck.git_commit_timestamp=1547139889, user.home=/Users/stevenlee, java.specification.vendor=Oracle Corporation, buck.git_dirty=0, java.library.path=/Users/stevenlee/Downloads/BuckTest 3/.buckd/resources/2019.01.10.01, java.vendor.url=http://java.oracle.com/, java.vm.vendor=Oracle Corporation, gopherProxySet=false, java.runtime.name=Java(TM) SE Runtime Environment, sun.java.command=com.facebook.buck.cli.bootstrapper.ClassLoaderBootstrapper com.facebook.buck.cli.Main$DaemonBootstrap local:.buckd/sock 180000, java.class.path=/Users/stevenlee/Downloads/BuckTest 3/.buckd/resources/2019.01.10.01/bootstrapper_jar, buck.buckd_dir=/Users/stevenlee/Downloads/BuckTest 3/.buckd, buck.path_to_pathlib_py=/Users/stevenlee/Downloads/BuckTest 3/.buckd/resources/2019.01.10.01/pathlib.py, buck.buckd_launch_time_nanos=413518855488523, java.vm.specification.name=Java Virtual Machine Specification, java.vm.specification.version=1.8, sun.cpu.endian=little, sun.os.patch.level=unknown, java.awt.headless=true, java.io.tmpdir=/Users/stevenlee/Downloads/BuckTest 3/.buckd/tmp/buck_run.Gt1ray, buck.android_agent_path=/Users/stevenlee/Downloads/BuckTest 3/.buckd/resources/2019.01.10.01/android_agent_path, java.vendor.url.bug=http://bugreport.sun.com/bugreport/, buck.path_to_python_dsl=, jna.platform.library.path=/usr/lib:/usr/lib, os.arch=x86_64, java.awt.graphicsenv=sun.awt.CGraphicsEnvironment, java.ext.dirs=/Users/stevenlee/Library/Java/Extensions:/Library/Java/JavaVirtualMachines/jdk1.8.0_201.jdk/Contents/Home/jre/lib/ext:/Library/Java/Extensions:/Network/Library/Java/Extensions:/System/Library/Java/Extensions:/usr/lib/java, java.util.logging.config.class=com.facebook.buck.cli.bootstrapper.LogConfig, buck.path_to_six_py=/Users/stevenlee/Downloads/BuckTest 3/.buckd/resources/2019.01.10.01/six.py, user.dir=/Users/stevenlee/Downloads/BuckTest 3, java.nio.file.spi.DefaultFileSystemProvider=com.facebook.buck.cli.bootstrapper.filesystem.BuckFileSystemProvider, line.separator=
, java.vm.name=Java HotSpot(TM) 64-Bit Server VM, buck.path_to_typing=/Users/stevenlee/Downloads/BuckTest 3/.buckd/resources/2019.01.10.01/path_to_typing, buck.native_exopackage_fake_path=/Users/stevenlee/Downloads/BuckTest 3/.buckd/resources/2019.01.10.01/native_exopackage_fake_path, file.encoding=UTF-8, java.specification.version=1.8}
[2019-04-26 00:18:13.384][debug][command:null][tid:14][com.facebook.buck.util.config.Configs] Loading configuration for /Users/stevenlee/Downloads/BuckTest 3
[2019-04-26 00:18:13.386][debug][command:null][tid:14][com.facebook.buck.util.config.Configs] Loaded project configuration file /Users/stevenlee/Downloads/BuckTest 3/.buckconfig
[2019-04-26 00:18:13.386][debug][command:null][tid:14][com.facebook.buck.util.config.Configs] Adding configuration overrides RawConfig{values={}}
[2019-04-26 00:18:13.447][info ][command:null][tid:14][com.facebook.buck.io.watchman.WatchmanFactory] Creating for: [/Users/stevenlee/Downloads/BuckTest 3]
[2019-04-26 00:18:13.465][debug][command:null][tid:14][com.facebook.buck.io.ExecutableFinder] Executable 'watchman' mapped to 'Optional[/usr/local/bin/watchman]'
[2019-04-26 00:18:13.472][debug][command:null][tid:14][com.facebook.buck.util.ListeningProcessExecutor] Launching process with params ProcessExecutorParams{command=[/usr/local/bin/watchman, --output-encoding=bser, get-sockname]}
[2019-04-26 00:18:13.516][debug][command:null][tid:14][com.facebook.buck.util.ListeningProcessExecutor] Successfully launched process com.zaxxer.nuprocess.osx.OsxProcess@d4ec1c1
[2019-04-26 00:18:13.516][debug][command:null][tid:14][com.facebook.buck.util.ListeningProcessExecutor] Waiting for process com.facebook.buck.util.ListeningProcessExecutor$LaunchedProcessImpl@1b693275 timeout 1000000000 NANOSECONDS
[2019-04-26 00:18:13.535][debug][command:null][tid:14][com.facebook.buck.util.ListeningProcessExecutor] Wait for process returned 0
[2019-04-26 00:18:13.537][debug][command:null][tid:14][com.facebook.buck.io.watchman.WatchmanFactory] Waited 19 ms for Watchman command get-sockname, exit code 0
[2019-04-26 00:18:13.540][debug][command:null][tid:14][com.facebook.buck.io.watchman.WatchmanFactory] stdout of command: {sockname=/usr/local/var/run/watchman/stevenlee-state/sock, version=4.9.0}
[2019-04-26 00:18:13.540][info ][command:null][tid:14][com.facebook.buck.io.watchman.WatchmanFactory] Connecting to Watchman version 4.9.0 at /usr/local/var/run/watchman/stevenlee-state/sock
[2019-04-26 00:18:13.557][debug][command:null][tid:14][com.facebook.buck.io.watchman.WatchmanTransportClient] Query [version, {required=[cmd-watch-project], optional=[term-dirname, cmd-watch-project, wildmatch, wildmatch_multislash, glob_generator, clock-sync-timeout]}] returned in 1 ms
[2019-04-26 00:18:13.558][info ][command:null][tid:14][com.facebook.buck.io.watchman.WatchmanFactory] Took 5 ms to query capabilities {term-dirname=DIRNAME, cmd-watch-project=SUPPORTS_PROJECT_WATCH, wildmatch=WILDMATCH_GLOB, wildmatch_multislash=WILDMATCH_MULTISLASH, glob_generator=GLOB_GENERATOR, clock-sync-timeout=CLOCK_SYNC_TIMEOUT}
[2019-04-26 00:18:13.558][debug][command:null][tid:14][com.facebook.buck.io.watchman.WatchmanFactory] Got capabilities response: {clock-sync-timeout=true, glob_generator=true, wildmatch_multislash=false, cmd-watch-project=true, wildmatch=true, term-dirname=true}
[2019-04-26 00:18:13.558][debug][command:null][tid:14][com.facebook.buck.io.watchman.WatchmanFactory] Got Watchman capabilities: [CLOCK_SYNC_TIMEOUT, GLOB_GENERATOR, SUPPORTS_PROJECT_WATCH, WILDMATCH_GLOB, DIRNAME]
[2019-04-26 00:18:13.558][info ][command:null][tid:14][com.facebook.buck.io.watchman.WatchmanFactory] Adding watchman root: /Users/stevenlee/Downloads/BuckTest 3
[2019-04-26 00:18:13.596][debug][command:null][tid:14][com.facebook.buck.io.watchman.WatchmanTransportClient] Query [watch-project, /Users/stevenlee/Downloads/BuckTest 3] returned in 37 ms
[2019-04-26 00:18:13.597][debug][command:null][tid:14][com.facebook.buck.io.watchman.WatchmanTransportClient] Query [watch-project, /Users/stevenlee/Downloads/BuckTest 3] returned in 0 ms
[2019-04-26 00:18:13.597][info ][command:null][tid:14][com.facebook.buck.io.watchman.WatchmanFactory] Took 38 ms to add root /Users/stevenlee/Downloads/BuckTest 3
[2019-04-26 00:18:13.612][debug][command:null][tid:14][com.facebook.buck.io.watchman.WatchmanTransportClient] Query [clock, /Users/stevenlee/Downloads/BuckTest 3, {sync_timeout=100}] returned in 12 ms
[2019-04-26 00:18:13.613][info ][command:null][tid:14][com.facebook.buck.io.watchman.WatchmanFactory] Took 13 ms to query for initial clock id Optional[c:1555333328:392:1:12024]
[2019-04-26 00:18:13.613][debug][command:null][tid:14][com.facebook.buck.io.watchman.WatchmanFactory] Connected to Watchman
[2019-04-26 00:18:13.614][debug][command:null][tid:14][com.facebook.buck.io.watchman.WatchmanTransportClient] Closing Watchman transport.
[2019-04-26 00:18:13.615][debug][command:null][tid:14][com.facebook.buck.cli.Main] Watchman capabilities: [CLOCK_SYNC_TIMEOUT, GLOB_GENERATOR, SUPPORTS_PROJECT_WATCH, WILDMATCH_GLOB, DIRNAME] Project watches: {/Users/stevenlee/Downloads/BuckTest 3=ProjectWatch{watchRoot=/Users/stevenlee/Downloads/BuckTest 3}} Glob handler config: PYTHON Query timeout ms config: Optional.empty
[2019-04-26 00:18:13.634][warn ][command:null][tid:14][com.facebook.buck.core.plugin.impl.DefaultBuckPluginManager] Time to load instances of interface com.facebook.buck.core.rules.config.ConfigurationRuleDescriptionProvider: 17
[2019-04-26 00:18:13.659][warn ][command:null][tid:14][com.facebook.buck.core.plugin.impl.DefaultBuckPluginManager] Time to load instances of interface com.facebook.buck.core.toolchain.ToolchainSupplier: 17
[2019-04-26 00:18:13.686][warn ][command:null][tid:14][com.facebook.buck.core.plugin.impl.DefaultBuckPluginManager] Time to load instances of interface com.facebook.buck.event.listener.devspeed.DevspeedTelemetryPlugin: 0
[2019-04-26 00:18:13.710][debug][command:null][tid:14][com.facebook.buck.cli.DaemonLifecycleManager] Starting up daemon for project root [/Users/stevenlee/Downloads/BuckTest 3]
[2019-04-26 00:18:13.916][warn ][command:null][tid:14][com.facebook.buck.cli.Daemon] Can't start web server
[2019-04-26 00:18:13.916][debug][command:null][tid:14][com.facebook.buck.cli.Daemon] Using Watchman Cursor: {/Users/stevenlee/Downloads/BuckTest 3=c:1555333328:392:1:12024}
