[2019-04-25 16:49:06.774][debug][command:7c7fa824-812e-4408-beca-c62eb0db8236][tid:14][com.facebook.buck.event.listener.RenderingConsole] Starting render scheduler (interval 100 ms)
[2019-04-25 16:49:06.783][debug][command:7c7fa824-812e-4408-beca-c62eb0db8236][tid:14][com.google.common.util.concurrent.ServiceManager] Starting PerfStatsTracking [RUNNING].
[2019-04-25 16:49:06.783][debug][command:7c7fa824-812e-4408-beca-c62eb0db8236][tid:14][com.google.common.util.concurrent.ServiceManager] Started PerfStatsTracking [RUNNING] in 409.9 μs.
[2019-04-25 16:49:06.785][debug][command:7c7fa824-812e-4408-beca-c62eb0db8236][tid:14][com.google.common.util.concurrent.ServiceManager] Starting ProcessTracker [STARTING].
[2019-04-25 16:49:06.785][debug][command:null][tid:25][com.facebook.buck.util.perf.ProcessTracker] startUp
[2019-04-25 16:49:06.785][debug][command:null][tid:25][com.facebook.buck.util.perf.ProcessTracker] startUp
[2019-04-25 16:49:06.791][debug][command:7c7fa824-812e-4408-beca-c62eb0db8236][tid:14][com.facebook.buck.util.environment.MacWifiSsidFinder] Getting current SSID..
[2019-04-25 16:49:06.810][debug][command:7c7fa824-812e-4408-beca-c62eb0db8236][tid:14][com.facebook.buck.util.environment.MacWifiSsidFinder] Getting SSID from Wi-Fi interface: <CWInterface: 0x7ffd6ae0bd60> [interfaceName=en0]
[2019-04-25 16:49:06.811][debug][command:7c7fa824-812e-4408-beca-c62eb0db8236][tid:14][com.facebook.buck.util.environment.MacWifiSsidFinder] No SSID found for interface <CWInterface: 0x7ffd6ae0bd60> [interfaceName=en0].
[2019-04-25 16:49:06.812][debug][command:null][tid:25][com.google.common.util.concurrent.ServiceManager] Started ProcessTracker [RUNNING] in 27.37 ms.
[2019-04-25 16:49:06.812][debug][command:null][tid:25][com.google.common.util.concurrent.ServiceManager] Started ProcessTracker [RUNNING] in 27.37 ms.
[2019-04-25 16:49:06.815][debug][command:7c7fa824-812e-4408-beca-c62eb0db8236][tid:14][com.facebook.buck.cli.Main] InvocationInfo BuildId=[7c7fa824-812e-4408-beca-c62eb0db8236] Args=[clean]
[2019-04-25 16:49:06.917][debug][command:7c7fa824-812e-4408-beca-c62eb0db8236][tid:14][com.facebook.buck.cli.Main] new Buck daemon
[2019-04-25 16:49:06.919][warn ][command:null][tid:28][com.facebook.buck.event.listener.PublicAnnouncementManager] Failed to get public announcements. Reason: Failed to establish connection to server.
[2019-04-25 16:49:06.919][warn ][command:null][tid:28][com.facebook.buck.event.listener.PublicAnnouncementManager] Failed to get public announcements. Reason: Failed to establish connection to server.
[2019-04-25 16:49:06.923][debug][command:null][tid:30][com.facebook.buck.util.environment.MacNetworkConfiguration] Determine network service order and extract device names
[2019-04-25 16:49:06.923][debug][command:null][tid:30][com.facebook.buck.util.environment.MacNetworkConfiguration] Determine network service order and extract device names
[2019-04-25 16:49:06.928][debug][command:null][tid:30][com.facebook.buck.util.ListeningProcessExecutor] Launching process with params ProcessExecutorParams{command=[networksetup, -listnetworkserviceorder, ]}
[2019-04-25 16:49:06.928][debug][command:null][tid:30][com.facebook.buck.util.ListeningProcessExecutor] Launching process with params ProcessExecutorParams{command=[networksetup, -listnetworkserviceorder, ]}
[2019-04-25 16:49:06.932][debug][command:null][tid:30][com.facebook.buck.util.ListeningProcessExecutor] Successfully launched process com.zaxxer.nuprocess.osx.OsxProcess@22024fee
[2019-04-25 16:49:06.932][debug][command:null][tid:30][com.facebook.buck.util.ListeningProcessExecutor] Successfully launched process com.zaxxer.nuprocess.osx.OsxProcess@22024fee
[2019-04-25 16:49:06.935][debug][command:null][tid:30][com.facebook.buck.util.ListeningProcessExecutor] Waiting for process com.facebook.buck.util.ListeningProcessExecutor$LaunchedProcessImpl@54b5a222 timeout 1000 MILLISECONDS
[2019-04-25 16:49:06.935][debug][command:null][tid:30][com.facebook.buck.util.ListeningProcessExecutor] Waiting for process com.facebook.buck.util.ListeningProcessExecutor$LaunchedProcessImpl@54b5a222 timeout 1000 MILLISECONDS
[2019-04-25 16:49:06.946][debug][command:null][tid:32][com.facebook.buck.io.watchman.WatchmanTransportClient] Query [query, /Users/stevenlee/Downloads/BuckTest 3, {since=c:1555333328:392:1:10290, expression=[not, [anyof, [type, d], [dirname, .idea], [dirname, .buckd], [dirname, buck-out/cache], [dirname, tools], [dirname, .git], [dirname, buck-out/.trash], [dirname, buck-out], [match, [build], wholename, {includedotfiles=true}], [match, **/*.pbxproj, wholename, {includedotfiles=true}], [match, **/*.xcscheme, wholename, {includedotfiles=true}], [match, **/*.xcworkspacedata, wholename, {includedotfiles=true}], [match, **/*~, wholename, {includedotfiles=true}], [match, **/#*#, wholename, {includedotfiles=true}], [match, **/.#*, wholename, {includedotfiles=true}], [match, **/*.swo, wholename, {includedotfiles=true}], [match, **/*.swp, wholename, {includedotfiles=true}], [match, **/*.swpx, wholename, {includedotfiles=true}], [match, **/*.un~, wholename, {includedotfiles=true}], [match, **/*.netrhwist, wholename, {includedotfiles=true}], [match, .idea, wholename, {includedotfiles=true}], [match, .iml, wholename, {includedotfiles=true}], [match, **/*.pydevproject, wholename, {includedotfiles=true}], [match, .project, wholename, {includedotfiles=true}], [match, .metadata, wholename, {includedotfiles=true}], [match, **/*.tmp, wholename, {includedotfiles=true}], [match, **/*.bak, wholename, {includedotfiles=true}], [match, **/*.nib, wholename, {includedotfiles=true}], [match, .classpath, wholename, {includedotfiles=true}], [match, .settings, wholename, {includedotfiles=true}], [match, .loadpath, wholename, {includedotfiles=true}], [match, .externalToolBuilders, wholename, {includedotfiles=true}], [match, .cproject, wholename, {includedotfiles=true}], [match, .buildpath, wholename, {includedotfiles=true}], [match, .DS_Store, wholename, {includedotfiles=true}], [match, .AppleDouble, wholename, {includedotfiles=true}], [match, .LSOverride, wholename, {includedotfiles=true}], [match, .Spotlight-V100, wholename, {includedotfiles=true}], [match, .Trashes, wholename, {includedotfiles=true}], [match, $RECYCLE.BIN, wholename, {includedotfiles=true}], [match, **/*.sublime-workspace, wholename, {includedotfiles=true}]]], empty_on_fresh_instance=true, fields=[name, exists, new]}] returned in 4 ms
[2019-04-25 16:49:06.946][debug][command:null][tid:32][com.facebook.buck.io.watchman.WatchmanTransportClient] Query [query, /Users/stevenlee/Downloads/BuckTest 3, {since=c:1555333328:392:1:10290, expression=[not, [anyof, [type, d], [dirname, .idea], [dirname, .buckd], [dirname, buck-out/cache], [dirname, tools], [dirname, .git], [dirname, buck-out/.trash], [dirname, buck-out], [match, [build], wholename, {includedotfiles=true}], [match, **/*.pbxproj, wholename, {includedotfiles=true}], [match, **/*.xcscheme, wholename, {includedotfiles=true}], [match, **/*.xcworkspacedata, wholename, {includedotfiles=true}], [match, **/*~, wholename, {includedotfiles=true}], [match, **/#*#, wholename, {includedotfiles=true}], [match, **/.#*, wholename, {includedotfiles=true}], [match, **/*.swo, wholename, {includedotfiles=true}], [match, **/*.swp, wholename, {includedotfiles=true}], [match, **/*.swpx, wholename, {includedotfiles=true}], [match, **/*.un~, wholename, {includedotfiles=true}], [match, **/*.netrhwist, wholename, {includedotfiles=true}], [match, .idea, wholename, {includedotfiles=true}], [match, .iml, wholename, {includedotfiles=true}], [match, **/*.pydevproject, wholename, {includedotfiles=true}], [match, .project, wholename, {includedotfiles=true}], [match, .metadata, wholename, {includedotfiles=true}], [match, **/*.tmp, wholename, {includedotfiles=true}], [match, **/*.bak, wholename, {includedotfiles=true}], [match, **/*.nib, wholename, {includedotfiles=true}], [match, .classpath, wholename, {includedotfiles=true}], [match, .settings, wholename, {includedotfiles=true}], [match, .loadpath, wholename, {includedotfiles=true}], [match, .externalToolBuilders, wholename, {includedotfiles=true}], [match, .cproject, wholename, {includedotfiles=true}], [match, .buildpath, wholename, {includedotfiles=true}], [match, .DS_Store, wholename, {includedotfiles=true}], [match, .AppleDouble, wholename, {includedotfiles=true}], [match, .LSOverride, wholename, {includedotfiles=true}], [match, .Spotlight-V100, wholename, {includedotfiles=true}], [match, .Trashes, wholename, {includedotfiles=true}], [match, $RECYCLE.BIN, wholename, {includedotfiles=true}], [match, **/*.sublime-workspace, wholename, {includedotfiles=true}]]], empty_on_fresh_instance=true, fields=[name, exists, new]}] returned in 4 ms
[2019-04-25 16:49:06.949][debug][command:null][tid:32][com.facebook.buck.io.watchman.WatchmanWatcher] Updating Watchman Cursor from c:1555333328:392:1:10290 to c:1555333328:392:1:10295
[2019-04-25 16:49:06.949][debug][command:null][tid:32][com.facebook.buck.io.watchman.WatchmanWatcher] Updating Watchman Cursor from c:1555333328:392:1:10290 to c:1555333328:392:1:10295
[2019-04-25 16:49:06.949][debug][command:null][tid:32][com.facebook.buck.io.watchman.WatchmanWatcher] Posted 0 Watchman events.
[2019-04-25 16:49:06.949][debug][command:null][tid:32][com.facebook.buck.io.watchman.WatchmanWatcher] Posted 0 Watchman events.
[2019-04-25 16:49:06.949][debug][command:null][tid:32][com.facebook.buck.io.watchman.WatchmanTransportClient] Closing Watchman transport.
[2019-04-25 16:49:06.949][debug][command:null][tid:32][com.facebook.buck.io.watchman.WatchmanTransportClient] Closing Watchman transport.
[2019-04-25 16:49:06.982][debug][command:null][tid:30][com.facebook.buck.util.ListeningProcessExecutor] Wait for process returned 0
[2019-04-25 16:49:06.982][debug][command:null][tid:30][com.facebook.buck.util.ListeningProcessExecutor] Wait for process returned 0
[2019-04-25 16:49:06.983][debug][command:null][tid:30][com.facebook.buck.util.ListeningProcessExecutor] Destroying process com.facebook.buck.util.ListeningProcessExecutor$LaunchedProcessImpl@54b5a222 (force true)
[2019-04-25 16:49:06.983][debug][command:null][tid:30][com.facebook.buck.util.ListeningProcessExecutor] Destroying process com.facebook.buck.util.ListeningProcessExecutor$LaunchedProcessImpl@54b5a222 (force true)
[2019-04-25 16:49:06.983][debug][command:null][tid:30][com.facebook.buck.util.environment.MacNetworkConfiguration] Determine active state of media for device
[2019-04-25 16:49:06.983][debug][command:null][tid:30][com.facebook.buck.util.environment.MacNetworkConfiguration] Determine active state of media for device
[2019-04-25 16:49:06.983][debug][command:null][tid:30][com.facebook.buck.util.ListeningProcessExecutor] Launching process with params ProcessExecutorParams{command=[networksetup, -getMedia, en7]}
[2019-04-25 16:49:06.983][debug][command:null][tid:30][com.facebook.buck.util.ListeningProcessExecutor] Launching process with params ProcessExecutorParams{command=[networksetup, -getMedia, en7]}
[2019-04-25 16:49:06.987][debug][command:null][tid:30][com.facebook.buck.util.ListeningProcessExecutor] Successfully launched process com.zaxxer.nuprocess.osx.OsxProcess@223d7326
[2019-04-25 16:49:06.987][debug][command:null][tid:30][com.facebook.buck.util.ListeningProcessExecutor] Successfully launched process com.zaxxer.nuprocess.osx.OsxProcess@223d7326
[2019-04-25 16:49:06.989][debug][command:null][tid:30][com.facebook.buck.util.ListeningProcessExecutor] Waiting for process com.facebook.buck.util.ListeningProcessExecutor$LaunchedProcessImpl@1359ec6 timeout 1000 MILLISECONDS
[2019-04-25 16:49:06.989][debug][command:null][tid:30][com.facebook.buck.util.ListeningProcessExecutor] Waiting for process com.facebook.buck.util.ListeningProcessExecutor$LaunchedProcessImpl@1359ec6 timeout 1000 MILLISECONDS
[2019-04-25 16:49:07.015][debug][command:7c7fa824-812e-4408-beca-c62eb0db8236][tid:14][com.facebook.buck.cli.CleanCommand] Removed path: buck-out/bin
[2019-04-25 16:49:07.029][debug][command:null][tid:30][com.facebook.buck.util.ListeningProcessExecutor] Wait for process returned 0
[2019-04-25 16:49:07.029][debug][command:null][tid:30][com.facebook.buck.util.ListeningProcessExecutor] Wait for process returned 0
[2019-04-25 16:49:07.029][debug][command:null][tid:30][com.facebook.buck.util.ListeningProcessExecutor] Destroying process com.facebook.buck.util.ListeningProcessExecutor$LaunchedProcessImpl@1359ec6 (force true)
[2019-04-25 16:49:07.029][debug][command:null][tid:30][com.facebook.buck.util.ListeningProcessExecutor] Destroying process com.facebook.buck.util.ListeningProcessExecutor$LaunchedProcessImpl@1359ec6 (force true)
[2019-04-25 16:49:07.030][debug][command:null][tid:30][com.facebook.buck.util.environment.MacNetworkConfiguration] Determine WiFi SSID of device
[2019-04-25 16:49:07.030][debug][command:null][tid:30][com.facebook.buck.util.environment.MacNetworkConfiguration] Determine WiFi SSID of device
[2019-04-25 16:49:07.030][debug][command:null][tid:30][com.facebook.buck.util.ListeningProcessExecutor] Launching process with params ProcessExecutorParams{command=[networksetup, -getairportnetwork, en7]}
[2019-04-25 16:49:07.030][debug][command:null][tid:30][com.facebook.buck.util.ListeningProcessExecutor] Launching process with params ProcessExecutorParams{command=[networksetup, -getairportnetwork, en7]}
[2019-04-25 16:49:07.032][debug][command:null][tid:30][com.facebook.buck.util.ListeningProcessExecutor] Successfully launched process com.zaxxer.nuprocess.osx.OsxProcess@7a5c5e19
[2019-04-25 16:49:07.032][debug][command:null][tid:30][com.facebook.buck.util.ListeningProcessExecutor] Successfully launched process com.zaxxer.nuprocess.osx.OsxProcess@7a5c5e19
[2019-04-25 16:49:07.035][debug][command:null][tid:30][com.facebook.buck.util.ListeningProcessExecutor] Waiting for process com.facebook.buck.util.ListeningProcessExecutor$LaunchedProcessImpl@33683958 timeout 1000 MILLISECONDS
[2019-04-25 16:49:07.035][debug][command:null][tid:30][com.facebook.buck.util.ListeningProcessExecutor] Waiting for process com.facebook.buck.util.ListeningProcessExecutor$LaunchedProcessImpl@33683958 timeout 1000 MILLISECONDS
[2019-04-25 16:49:07.075][debug][command:null][tid:30][com.facebook.buck.util.ListeningProcessExecutor] Wait for process returned 10
[2019-04-25 16:49:07.075][debug][command:null][tid:30][com.facebook.buck.util.ListeningProcessExecutor] Wait for process returned 10
[2019-04-25 16:49:07.075][debug][command:null][tid:30][com.facebook.buck.util.ListeningProcessExecutor] Destroying process com.facebook.buck.util.ListeningProcessExecutor$LaunchedProcessImpl@33683958 (force true)
[2019-04-25 16:49:07.075][debug][command:null][tid:30][com.facebook.buck.util.ListeningProcessExecutor] Destroying process com.facebook.buck.util.ListeningProcessExecutor$LaunchedProcessImpl@33683958 (force true)
[2019-04-25 16:49:07.356][debug][command:7c7fa824-812e-4408-beca-c62eb0db8236][tid:14][com.facebook.buck.cli.CleanCommand] Removed path: buck-out/cache
[2019-04-25 16:49:07.356][debug][command:7c7fa824-812e-4408-beca-c62eb0db8236][tid:14][com.facebook.buck.cli.CleanCommand] Removed path: buck-out/gen
[2019-04-25 16:49:08.183][debug][command:7c7fa824-812e-4408-beca-c62eb0db8236][tid:14][com.facebook.buck.cli.CleanCommand] Removed path: buck-out/.trash
[2019-04-25 16:49:08.191][debug][command:7c7fa824-812e-4408-beca-c62eb0db8236][tid:25][com.facebook.buck.util.perf.ProcessTracker] shutDown
[2019-04-25 16:49:08.191][debug][command:7c7fa824-812e-4408-beca-c62eb0db8236][tid:24][com.google.common.util.concurrent.ServiceManager] Service PerfStatsTracking [TERMINATED] has terminated. Previous state was: STOPPING
[2019-04-25 16:49:08.193][debug][command:7c7fa824-812e-4408-beca-c62eb0db8236][tid:25][com.google.common.util.concurrent.ServiceManager] Service ProcessTracker [TERMINATED] has terminated. Previous state was: STOPPING
[2019-04-25 16:49:08.194][debug][command:7c7fa824-812e-4408-beca-c62eb0db8236][tid:14][com.facebook.buck.event.listener.RenderingConsole] Stopping render scheduler
[2019-04-25 16:49:08.194][info ][command:7c7fa824-812e-4408-beca-c62eb0db8236][tid:14][com.facebook.buck.cli.Main] Awaiting termination of PROJECT executor service. Waiting for all jobs to complete, or up to maximum of 60 seconds...
[2019-04-25 16:49:08.194][info ][command:7c7fa824-812e-4408-beca-c62eb0db8236][tid:14][com.facebook.buck.cli.Main] Successfully terminated PROJECT executor service.
[2019-04-25 16:49:08.194][info ][command:7c7fa824-812e-4408-beca-c62eb0db8236][tid:14][com.facebook.buck.cli.Main] Awaiting termination of NETWORK executor service. Waiting for all jobs to complete, or up to maximum of 60 seconds...
[2019-04-25 16:49:08.194][info ][command:7c7fa824-812e-4408-beca-c62eb0db8236][tid:14][com.facebook.buck.cli.Main] Successfully terminated NETWORK executor service.
[2019-04-25 16:49:08.194][info ][command:7c7fa824-812e-4408-beca-c62eb0db8236][tid:14][com.facebook.buck.cli.Main] Awaiting termination of CPU executor service. Waiting for all jobs to complete, or up to maximum of 60 seconds...
[2019-04-25 16:49:08.194][info ][command:7c7fa824-812e-4408-beca-c62eb0db8236][tid:14][com.facebook.buck.cli.Main] Successfully terminated CPU executor service.
[2019-04-25 16:49:08.194][info ][command:7c7fa824-812e-4408-beca-c62eb0db8236][tid:14][com.facebook.buck.cli.Main] Awaiting termination of ScheduledExecutorService executor service. Waiting for all jobs to complete, or up to maximum of 60 seconds...
[2019-04-25 16:49:08.195][info ][command:7c7fa824-812e-4408-beca-c62eb0db8236][tid:14][com.facebook.buck.cli.Main] Successfully terminated ScheduledExecutorService executor service.
[2019-04-25 16:49:08.195][info ][command:7c7fa824-812e-4408-beca-c62eb0db8236][tid:14][com.facebook.buck.cli.Main] Awaiting termination of CounterAggregatorExecutor executor service. Waiting for all jobs to complete, or up to maximum of 20 seconds...
[2019-04-25 16:49:08.195][info ][command:7c7fa824-812e-4408-beca-c62eb0db8236][tid:14][com.facebook.buck.cli.Main] Successfully terminated CounterAggregatorExecutor executor service.
[2019-04-25 16:49:08.195][info ][command:7c7fa824-812e-4408-beca-c62eb0db8236][tid:14][com.facebook.buck.cli.Main] Awaiting termination of HTTP Read executor service. Waiting for all jobs to complete, or up to maximum of 1800 seconds...
[2019-04-25 16:49:08.195][info ][command:7c7fa824-812e-4408-beca-c62eb0db8236][tid:14][com.facebook.buck.cli.Main] Successfully terminated HTTP Read executor service.
[2019-04-25 16:49:08.195][info ][command:7c7fa824-812e-4408-beca-c62eb0db8236][tid:14][com.facebook.buck.cli.Main] Awaiting termination of Download Heavy Build HTTP Read executor service. Waiting for all jobs to complete, or up to maximum of 1800 seconds...
[2019-04-25 16:49:08.195][info ][command:7c7fa824-812e-4408-beca-c62eb0db8236][tid:14][com.facebook.buck.cli.Main] Successfully terminated Download Heavy Build HTTP Read executor service.
[2019-04-25 16:49:08.195][info ][command:7c7fa824-812e-4408-beca-c62eb0db8236][tid:14][com.facebook.buck.cli.Main] Awaiting termination of HTTP Write executor service. Waiting for all jobs to complete, or up to maximum of 1800 seconds...
[2019-04-25 16:49:08.195][info ][command:7c7fa824-812e-4408-beca-c62eb0db8236][tid:14][com.facebook.buck.cli.Main] Successfully terminated HTTP Write executor service.
[2019-04-25 16:49:08.196][info ][command:7c7fa824-812e-4408-beca-c62eb0db8236][tid:14][com.facebook.buck.cli.Main] Awaiting termination of Disk IO executor service. Waiting for all jobs to complete, or up to maximum of 10 seconds...
[2019-04-25 16:49:08.196][info ][command:7c7fa824-812e-4408-beca-c62eb0db8236][tid:14][com.facebook.buck.cli.Main] Successfully terminated Disk IO executor service.
[2019-04-25 16:49:08.196][debug][command:7c7fa824-812e-4408-beca-c62eb0db8236][tid:14][com.facebook.nailgun.NGCommunicator] Shutting down socket for input
[2019-04-25 16:49:08.196][debug][command:null][tid:36][com.facebook.buck.io.AsynchronousDirectoryContentsCleaner] Starting to clean buck-out/.trash
[2019-04-25 16:49:08.196][debug][command:null][tid:36][com.facebook.buck.io.AsynchronousDirectoryContentsCleaner] Starting to clean buck-out/.trash
[2019-04-25 16:49:08.197][debug][command:null][tid:15][com.facebook.nailgun.NGCommunicator] Socket is disconnected
[2019-04-25 16:49:08.197][debug][command:null][tid:15][com.facebook.nailgun.NGCommunicator] Socket is disconnected
[2019-04-25 16:49:08.197][debug][command:null][tid:15][com.facebook.nailgun.NGCommunicator] Nailgun client disconnected
[2019-04-25 16:49:08.197][debug][command:null][tid:15][com.facebook.nailgun.NGCommunicator] Nailgun client disconnected
[2019-04-25 16:49:08.197][debug][command:7c7fa824-812e-4408-beca-c62eb0db8236][tid:14][com.facebook.nailgun.NGCommunicator] Shutting down socket for output
[2019-04-25 16:49:08.197][debug][command:null][tid:36][com.facebook.buck.io.AsynchronousDirectoryContentsCleaner] Done cleaning buck-out/.trash
[2019-04-25 16:49:08.197][debug][command:null][tid:36][com.facebook.buck.io.AsynchronousDirectoryContentsCleaner] Done cleaning buck-out/.trash
[2019-04-25 16:49:08.197][debug][command:null][tid:15][com.facebook.nailgun.NGCommunicator] Orchestrator thread finished
[2019-04-25 16:49:08.197][debug][command:null][tid:15][com.facebook.nailgun.NGCommunicator] Orchestrator thread finished
[2019-04-25 16:49:08.202][debug][command:null][tid:40][com.facebook.buck.event.listener.ChromeTraceBuildListener] Writing Chrome trace to buck-out/log/2019-04-25_08h49m06s_cleancommand_7c7fa824-812e-4408-beca-c62eb0db8236/build.2019-04-25.16-49-06.7c7fa824-812e-4408-beca-c62eb0db8236.trace
[2019-04-25 16:49:08.207][debug][command:null][tid:14][com.facebook.buck.cli.Main] Done.
[2019-04-25 16:49:08.208][info ][command:null][tid:14][com.facebook.nailgun.NGSession] Nail cleanly exited with status 0
[2019-04-25 16:49:08.208][debug][command:null][tid:14][com.facebook.nailgun.NGCommunicator] Shutting down read ExecutorService
[2019-04-25 16:49:08.209][debug][command:null][tid:14][com.facebook.nailgun.NGCommunicator] Shutting down orchestrator ExecutorService
[2019-04-25 16:49:08.210][debug][command:null][tid:14][com.facebook.nailgun.NGSession] NGSession 1 is closing client socket
[2019-04-25 16:59:05.881][info ][command:null][tid:12][com.facebook.buck.cli.Main] No recent activity, dumping thread stacks (`tr , '\n'` to decode): Thread [AsynchronousDirectoryContentsCleaner],stack:[sun.misc.Unsafe.park(Native Method), java.util.concurrent.locks.LockSupport.park(LockSupport.java:175), java.util.concurrent.locks.AbstractQueuedSynchronizer$ConditionObject.await(AbstractQueuedSynchronizer.java:2039), java.util.concurrent.LinkedBlockingQueue.take(LinkedBlockingQueue.java:442), java.util.concurrent.ThreadPoolExecutor.getTask(ThreadPoolExecutor.java:1074), java.util.concurrent.ThreadPoolExecutor.runWorker(ThreadPoolExecutor.java:1134), java.util.concurrent.ThreadPoolExecutor$Worker.run(ThreadPoolExecutor.java:624), java.lang.Thread.run(Thread.java:748)],Thread [Reference Handler],stack:[java.lang.Object.wait(Native Method), java.lang.Object.wait(Object.java:502), java.lang.ref.Reference.tryHandlePending(Reference.java:191), java.lang.ref.Reference$ReferenceHandler.run(Reference.java:153)],Thread [pool-4-thread-1],stack:[sun.misc.Unsafe.park(Native Method), java.util.concurrent.locks.LockSupport.park(LockSupport.java:175), java.util.concurrent.locks.AbstractQueuedSynchronizer$ConditionObject.await(AbstractQueuedSynchronizer.java:2039), java.util.concurrent.LinkedBlockingQueue.take(LinkedBlockingQueue.java:442), java.util.concurrent.ThreadPoolExecutor.getTask(ThreadPoolExecutor.java:1074), java.util.concurrent.ThreadPoolExecutor.runWorker(ThreadPoolExecutor.java:1134), java.util.concurrent.ThreadPoolExecutor$Worker.run(ThreadPoolExecutor.java:624), java.lang.Thread.run(Thread.java:748)],Thread [Attach Listener],stack:[],Thread [pool-5-thread-1],stack:[sun.misc.Unsafe.park(Native Method), java.util.concurrent.locks.LockSupport.park(LockSupport.java:175), java.util.concurrent.locks.AbstractQueuedSynchronizer$ConditionObject.await(AbstractQueuedSynchronizer.java:2039), java.util.concurrent.ScheduledThreadPoolExecutor$DelayedWorkQueue.take(ScheduledThreadPoolExecutor.java:1081), java.util.concurrent.ScheduledThreadPoolExecutor$DelayedWorkQueue.take(ScheduledThreadPoolExecutor.java:809), java.util.concurrent.ThreadPoolExecutor.getTask(ThreadPoolExecutor.java:1074), java.util.concurrent.ThreadPoolExecutor.runWorker(ThreadPoolExecutor.java:1134), java.util.concurrent.ThreadPoolExecutor$Worker.run(ThreadPoolExecutor.java:624), java.lang.Thread.run(Thread.java:748)],Thread [NonReentrantSystemExit],stack:[sun.misc.Unsafe.park(Native Method), java.util.concurrent.locks.LockSupport.park(LockSupport.java:175), java.util.concurrent.locks.AbstractQueuedSynchronizer.parkAndCheckInterrupt(AbstractQueuedSynchronizer.java:836), java.util.concurrent.locks.AbstractQueuedSynchronizer.doAcquireSharedInterruptibly(AbstractQueuedSynchronizer.java:997), java.util.concurrent.locks.AbstractQueuedSynchronizer.acquireSharedInterruptibly(AbstractQueuedSynchronizer.java:1304), java.util.concurrent.CountDownLatch.await(CountDownLatch.java:231), com.facebook.buck.util.shutdown.NonReentrantSystemExit$1.run(NonReentrantSystemExit.java:42)],Thread [pool-4-thread-2],stack:[sun.misc.Unsafe.park(Native Method), java.util.concurrent.locks.LockSupport.park(LockSupport.java:175), java.util.concurrent.locks.AbstractQueuedSynchronizer$ConditionObject.await(AbstractQueuedSynchronizer.java:2039), java.util.concurrent.LinkedBlockingQueue.take(LinkedBlockingQueue.java:442), java.util.concurrent.ThreadPoolExecutor.getTask(ThreadPoolExecutor.java:1074), java.util.concurrent.ThreadPoolExecutor.runWorker(ThreadPoolExecutor.java:1134), java.util.concurrent.ThreadPoolExecutor$Worker.run(ThreadPoolExecutor.java:624), java.lang.Thread.run(Thread.java:748)],Thread [pool-4-thread-3],stack:[sun.misc.Unsafe.park(Native Method), java.util.concurrent.locks.LockSupport.park(LockSupport.java:175), java.util.concurrent.locks.AbstractQueuedSynchronizer$ConditionObject.await(AbstractQueuedSynchronizer.java:2039), java.util.concurrent.LinkedBlockingQueue.take(LinkedBlockingQueue.java:442), java.util.concurrent.ThreadPoolExecutor.getTask(ThreadPoolExecutor.java:1074), java.util.concurrent.ThreadPoolExecutor.runWorker(ThreadPoolExecutor.java:1134), java.util.concurrent.ThreadPoolExecutor$Worker.run(ThreadPoolExecutor.java:624), java.lang.Thread.run(Thread.java:748)],Thread [pool-6-thread-1],stack:[java.lang.Object.wait(Native Method), java.lang.Object.wait(Object.java:502), com.facebook.buck.support.bgtasks.AsyncBackgroundTaskManager.scheduleLoop(AsyncBackgroundTaskManager.java:272), com.facebook.buck.support.bgtasks.AsyncBackgroundTaskManager$$Lambda$132/770320582.run(Unknown Source), java.util.concurrent.Executors$RunnableAdapter.call(Executors.java:511), java.util.concurrent.FutureTask.run(FutureTask.java:266), java.util.concurrent.ThreadPoolExecutor.runWorker(ThreadPoolExecutor.java:1149), java.util.concurrent.ThreadPoolExecutor$Worker.run(ThreadPoolExecutor.java:624), java.lang.Thread.run(Thread.java:748)],Thread [NGSession 1: (idle)],stack:[java.lang.Object.wait(Native Method), java.lang.Object.wait(Object.java:502), com.facebook.nailgun.NGSession.nextSocket(NGSession.java:158), com.facebook.nailgun.NGSession.run(NGSession.java:221)],Thread [Finalizer],stack:[java.lang.Object.wait(Native Method), java.lang.ref.ReferenceQueue.remove(ReferenceQueue.java:144), java.lang.ref.ReferenceQueue.remove(ReferenceQueue.java:165), java.lang.ref.Finalizer$FinalizerThread.run(Finalizer.java:216)],Thread [main],stack:[com.facebook.nailgun.NGUnixDomainSocketLibrary.accept(Native Method), com.facebook.nailgun.NGUnixDomainServerSocket.accept(NGUnixDomainServerSocket.java:149), com.facebook.nailgun.NGServer.run(NGServer.java:384), com.facebook.buck.cli.Main$DaemonBootstrap.main(Main.java:2288), sun.reflect.NativeMethodAccessorImpl.invoke0(Native Method), sun.reflect.NativeMethodAccessorImpl.invoke(NativeMethodAccessorImpl.java:62), sun.reflect.DelegatingMethodAccessorImpl.invoke(DelegatingMethodAccessorImpl.java:43), java.lang.reflect.Method.invoke(Method.java:498), com.facebook.buck.cli.bootstrapper.ClassLoaderBootstrapper.main(ClassLoaderBootstrapper.java:55)],Thread [pool-1-thread-1],stack:[sun.misc.Unsafe.park(Native Method), java.util.concurrent.locks.LockSupport.parkNanos(LockSupport.java:215), java.util.concurrent.locks.AbstractQueuedSynchronizer$ConditionObject.awaitNanos(AbstractQueuedSynchronizer.java:2078), java.util.concurrent.ScheduledThreadPoolExecutor$DelayedWorkQueue.take(ScheduledThreadPoolExecutor.java:1093), java.util.concurrent.ScheduledThreadPoolExecutor$DelayedWorkQueue.take(ScheduledThreadPoolExecutor.java:809), java.util.concurrent.ThreadPoolExecutor.getTask(ThreadPoolExecutor.java:1074), java.util.concurrent.ThreadPoolExecutor.runWorker(ThreadPoolExecutor.java:1134), java.util.concurrent.ThreadPoolExecutor$Worker.run(ThreadPoolExecutor.java:624), java.lang.Thread.run(Thread.java:748)],
[2019-04-25 17:01:49.974][debug][command:null][tid:14][com.facebook.nailgun.NGSession] NGSession 1 accepted new connection
[2019-04-25 17:01:49.978][debug][command:null][tid:42][com.facebook.nailgun.NGCommunicator] Orchestrator thread started
[2019-04-25 17:01:49.987][debug][command:null][tid:14][com.facebook.nailgun.NGCommunicator] Shutting down socket for input
[2019-04-25 17:01:49.988][debug][command:null][tid:42][com.facebook.nailgun.NGCommunicator] Socket is disconnected
[2019-04-25 17:01:49.988][debug][command:null][tid:42][com.facebook.nailgun.NGCommunicator] Nailgun client disconnected
[2019-04-25 17:01:49.988][debug][command:null][tid:42][com.facebook.nailgun.NGCommunicator] Orchestrator thread finished
[2019-04-25 17:01:49.989][debug][command:null][tid:14][com.facebook.nailgun.NGCommunicator] Shutting down socket for output
[2019-04-25 17:01:49.989][debug][command:null][tid:14][com.facebook.nailgun.NGCommunicator] Shutting down read ExecutorService
[2019-04-25 17:01:49.990][debug][command:null][tid:14][com.facebook.nailgun.NGCommunicator] Shutting down orchestrator ExecutorService
[2019-04-25 17:01:49.990][debug][command:null][tid:14][com.facebook.nailgun.NGSession] NGSession 1 is closing client socket
[2019-04-25 17:01:49.991][debug][command:null][tid:14][com.facebook.nailgun.NGSession] NGSession 1 stopped
