[2019-04-26 00:18:21.473][debug][command:null][tid:01][com.google.common.util.concurrent.ServiceManager] Starting HangMonitor [RUNNING].
[2019-04-26 00:18:21.510][debug][command:null][tid:01][com.google.common.util.concurrent.ServiceManager] Started HangMonitor [RUNNING] in 41.50 ms.
[2019-04-26 00:18:21.531][info ][command:null][tid:01][com.facebook.buck.cli.Main] enabling background process killing for buckd
[2019-04-26 00:18:21.533][info ][command:null][tid:01][com.facebook.buck.cli.Main] enabled background process killing for buckd
[2019-04-26 00:18:21.534][info ][command:null][tid:01][com.facebook.buck.cli.Main] initialized bg session killer
[2019-04-26 00:18:21.637][debug][command:null][tid:14][com.facebook.nailgun.NGSession] NGSession 1 is waiting for first client to connect
[2019-04-26 00:18:21.639][debug][command:null][tid:14][com.facebook.nailgun.NGSession] NGSession 1 accepted new connection
[2019-04-26 00:18:21.645][debug][command:null][tid:15][com.facebook.nailgun.NGCommunicator] Orchestrator thread started
[2019-04-26 00:18:21.664][debug][command:null][tid:14][com.facebook.buck.util.config.Configs] Loading configuration for /Users/stevenlee/Downloads/BuckTest 3
[2019-04-26 00:18:21.683][debug][command:null][tid:14][com.facebook.buck.util.config.Configs] Loaded project configuration file /Users/stevenlee/Downloads/BuckTest 3/.buckconfig
[2019-04-26 00:18:21.683][debug][command:null][tid:14][com.facebook.buck.util.config.Configs] Adding configuration overrides RawConfig{values={}}
[2019-04-26 00:18:21.710][info ][command:null][tid:14][org.pf4j.DefaultPluginStatusProvider] Enabled plugins: []
[2019-04-26 00:18:21.711][info ][command:null][tid:14][org.pf4j.DefaultPluginStatusProvider] Disabled plugins: []
[2019-04-26 00:18:21.712][info ][command:null][tid:14][org.pf4j.DefaultPluginManager] PF4J version 0.0.0 in 'deployment' mode
[2019-04-26 00:18:21.726][debug][command:null][tid:14][org.pf4j.AbstractPluginManager] Lookup plugins in '/Users/stevenlee/Downloads/BuckTest 3/.buckd/resources/ad23befe7c1a36c999860af0af69e726f1c8e423/buck-modules'
[2019-04-26 00:18:21.728][debug][command:null][tid:14][org.pf4j.AbstractPluginManager] Found 16 possible plugins: [/Users/stevenlee/Downloads/BuckTest 3/.buckd/resources/ad23befe7c1a36c999860af0af69e726f1c8e423/buck-modules/python.jar, /Users/stevenlee/Downloads/BuckTest 3/.buckd/resources/ad23befe7c1a36c999860af0af69e726f1c8e423/buck-modules/ziprules.jar, /Users/stevenlee/Downloads/BuckTest 3/.buckd/resources/ad23befe7c1a36c999860af0af69e726f1c8e423/buck-modules/lua.jar, /Users/stevenlee/Downloads/BuckTest 3/.buckd/resources/ad23befe7c1a36c999860af0af69e726f1c8e423/buck-modules/xcode.jar, /Users/stevenlee/Downloads/BuckTest 3/.buckd/resources/ad23befe7c1a36c999860af0af69e726f1c8e423/buck-modules/js.jar, /Users/stevenlee/Downloads/BuckTest 3/.buckd/resources/ad23befe7c1a36c999860af0af69e726f1c8e423/buck-modules/filegroup.jar, /Users/stevenlee/Downloads/BuckTest 3/.buckd/resources/ad23befe7c1a36c999860af0af69e726f1c8e423/buck-modules/filebundler.jar, /Users/stevenlee/Downloads/BuckTest 3/.buckd/resources/ad23befe7c1a36c999860af0af69e726f1c8e423/buck-modules/gwt.jar, /Users/stevenlee/Downloads/BuckTest 3/.buckd/resources/ad23befe7c1a36c999860af0af69e726f1c8e423/buck-modules/haskell.jar, /Users/stevenlee/Downloads/BuckTest 3/.buckd/resources/ad23befe7c1a36c999860af0af69e726f1c8e423/buck-modules/halide.jar, /Users/stevenlee/Downloads/BuckTest 3/.buckd/resources/ad23befe7c1a36c999860af0af69e726f1c8e423/buck-modules/rust.jar, /Users/stevenlee/Downloads/BuckTest 3/.buckd/resources/ad23befe7c1a36c999860af0af69e726f1c8e423/buck-modules/go.jar, /Users/stevenlee/Downloads/BuckTest 3/.buckd/resources/ad23befe7c1a36c999860af0af69e726f1c8e423/buck-modules/intellij.jar, /Users/stevenlee/Downloads/BuckTest 3/.buckd/resources/ad23befe7c1a36c999860af0af69e726f1c8e423/buck-modules/d.jar, /Users/stevenlee/Downloads/BuckTest 3/.buckd/resources/ad23befe7c1a36c999860af0af69e726f1c8e423/buck-modules/ocaml.jar, /Users/stevenlee/Downloads/BuckTest 3/.buckd/resources/ad23befe7c1a36c999860af0af69e726f1c8e423/buck-modules/dotnet.jar]
[2019-04-26 00:18:21.729][debug][command:null][tid:14][org.pf4j.AbstractPluginManager] Use 'org.pf4j.CompoundPluginDescriptorFinder@6bc115d1' to find plugins descriptors
[2019-04-26 00:18:21.729][debug][command:null][tid:14][org.pf4j.AbstractPluginManager] Finding plugin descriptor for plugin '/Users/stevenlee/Downloads/BuckTest 3/.buckd/resources/ad23befe7c1a36c999860af0af69e726f1c8e423/buck-modules/python.jar'
[2019-04-26 00:18:21.729][debug][command:null][tid:14][org.pf4j.CompoundPluginDescriptorFinder] 'org.pf4j.ManifestPluginDescriptorFinder@9604f63' is applicable for plugin '/Users/stevenlee/Downloads/BuckTest 3/.buckd/resources/ad23befe7c1a36c999860af0af69e726f1c8e423/buck-modules/python.jar'
[2019-04-26 00:18:21.731][debug][command:null][tid:14][org.pf4j.AbstractPluginManager] Found descriptor PluginDescriptor [pluginId=com.facebook.buck.features.python, pluginClass=com.facebook.buck.features.python.PythonModuleAdapterPlugin, version=0.0.1, provider=null, dependencies=[], description=, requires=*, license=null]
[2019-04-26 00:18:21.731][debug][command:null][tid:14][org.pf4j.AbstractPluginManager] Class 'com.facebook.buck.features.python.PythonModuleAdapterPlugin' for plugin '/Users/stevenlee/Downloads/BuckTest 3/.buckd/resources/ad23befe7c1a36c999860af0af69e726f1c8e423/buck-modules/python.jar'
[2019-04-26 00:18:21.731][debug][command:null][tid:14][org.pf4j.AbstractPluginManager] Loading plugin '/Users/stevenlee/Downloads/BuckTest 3/.buckd/resources/ad23befe7c1a36c999860af0af69e726f1c8e423/buck-modules/python.jar'
[2019-04-26 00:18:21.732][debug][command:null][tid:14][org.pf4j.PluginClassLoader] Add 'file:/Users/stevenlee/Downloads/BuckTest%203/.buckd/resources/ad23befe7c1a36c999860af0af69e726f1c8e423/buck-modules/python.jar'
[2019-04-26 00:18:21.732][debug][command:null][tid:14][org.pf4j.AbstractPluginManager] Loaded plugin '/Users/stevenlee/Downloads/BuckTest 3/.buckd/resources/ad23befe7c1a36c999860af0af69e726f1c8e423/buck-modules/python.jar' with class loader 'org.pf4j.PluginClassLoader@4282ab98'
[2019-04-26 00:18:21.732][debug][command:null][tid:14][org.pf4j.AbstractPluginManager] Creating wrapper for plugin '/Users/stevenlee/Downloads/BuckTest 3/.buckd/resources/ad23befe7c1a36c999860af0af69e726f1c8e423/buck-modules/python.jar'
[2019-04-26 00:18:21.733][debug][command:null][tid:14][org.pf4j.AbstractPluginManager] Created wrapper 'PluginWrapper [descriptor=PluginDescriptor [pluginId=com.facebook.buck.features.python, pluginClass=com.facebook.buck.features.python.PythonModuleAdapterPlugin, version=0.0.1, provider=null, dependencies=[], description=, requires=*, license=null], pluginPath=/Users/stevenlee/Downloads/BuckTest 3/.buckd/resources/ad23befe7c1a36c999860af0af69e726f1c8e423/buck-modules/python.jar]' for plugin '/Users/stevenlee/Downloads/BuckTest 3/.buckd/resources/ad23befe7c1a36c999860af0af69e726f1c8e423/buck-modules/python.jar'
[2019-04-26 00:18:21.734][debug][command:null][tid:14][org.pf4j.AbstractPluginManager] Use 'org.pf4j.CompoundPluginDescriptorFinder@6bc115d1' to find plugins descriptors
[2019-04-26 00:18:21.734][debug][command:null][tid:14][org.pf4j.AbstractPluginManager] Finding plugin descriptor for plugin '/Users/stevenlee/Downloads/BuckTest 3/.buckd/resources/ad23befe7c1a36c999860af0af69e726f1c8e423/buck-modules/ziprules.jar'
[2019-04-26 00:18:21.734][debug][command:null][tid:14][org.pf4j.CompoundPluginDescriptorFinder] 'org.pf4j.ManifestPluginDescriptorFinder@9604f63' is applicable for plugin '/Users/stevenlee/Downloads/BuckTest 3/.buckd/resources/ad23befe7c1a36c999860af0af69e726f1c8e423/buck-modules/ziprules.jar'
[2019-04-26 00:18:21.735][debug][command:null][tid:14][org.pf4j.AbstractPluginManager] Found descriptor PluginDescriptor [pluginId=com.facebook.buck.features.zip.rules, pluginClass=com.facebook.buck.features.zip.rules.ZipRulesModuleAdapterPlugin, version=0.0.1, provider=null, dependencies=[PluginDependency [pluginId=com.facebook.buck.features.filebundler, pluginVersionSupport=*]], description=, requires=*, license=null]
[2019-04-26 00:18:21.735][debug][command:null][tid:14][org.pf4j.AbstractPluginManager] Class 'com.facebook.buck.features.zip.rules.ZipRulesModuleAdapterPlugin' for plugin '/Users/stevenlee/Downloads/BuckTest 3/.buckd/resources/ad23befe7c1a36c999860af0af69e726f1c8e423/buck-modules/ziprules.jar'
[2019-04-26 00:18:21.735][debug][command:null][tid:14][org.pf4j.AbstractPluginManager] Loading plugin '/Users/stevenlee/Downloads/BuckTest 3/.buckd/resources/ad23befe7c1a36c999860af0af69e726f1c8e423/buck-modules/ziprules.jar'
[2019-04-26 00:18:21.736][debug][command:null][tid:14][org.pf4j.PluginClassLoader] Add 'file:/Users/stevenlee/Downloads/BuckTest%203/.buckd/resources/ad23befe7c1a36c999860af0af69e726f1c8e423/buck-modules/ziprules.jar'
[2019-04-26 00:18:21.736][debug][command:null][tid:14][org.pf4j.AbstractPluginManager] Loaded plugin '/Users/stevenlee/Downloads/BuckTest 3/.buckd/resources/ad23befe7c1a36c999860af0af69e726f1c8e423/buck-modules/ziprules.jar' with class loader 'org.pf4j.PluginClassLoader@3d6b747a'
[2019-04-26 00:18:21.736][debug][command:null][tid:14][org.pf4j.AbstractPluginManager] Creating wrapper for plugin '/Users/stevenlee/Downloads/BuckTest 3/.buckd/resources/ad23befe7c1a36c999860af0af69e726f1c8e423/buck-modules/ziprules.jar'
[2019-04-26 00:18:21.736][debug][command:null][tid:14][org.pf4j.AbstractPluginManager] Created wrapper 'PluginWrapper [descriptor=PluginDescriptor [pluginId=com.facebook.buck.features.zip.rules, pluginClass=com.facebook.buck.features.zip.rules.ZipRulesModuleAdapterPlugin, version=0.0.1, provider=null, dependencies=[PluginDependency [pluginId=com.facebook.buck.features.filebundler, pluginVersionSupport=*]], description=, requires=*, license=null], pluginPath=/Users/stevenlee/Downloads/BuckTest 3/.buckd/resources/ad23befe7c1a36c999860af0af69e726f1c8e423/buck-modules/ziprules.jar]' for plugin '/Users/stevenlee/Downloads/BuckTest 3/.buckd/resources/ad23befe7c1a36c999860af0af69e726f1c8e423/buck-modules/ziprules.jar'
[2019-04-26 00:18:21.736][debug][command:null][tid:14][org.pf4j.AbstractPluginManager] Use 'org.pf4j.CompoundPluginDescriptorFinder@6bc115d1' to find plugins descriptors
[2019-04-26 00:18:21.736][debug][command:null][tid:14][org.pf4j.AbstractPluginManager] Finding plugin descriptor for plugin '/Users/stevenlee/Downloads/BuckTest 3/.buckd/resources/ad23befe7c1a36c999860af0af69e726f1c8e423/buck-modules/lua.jar'
[2019-04-26 00:18:21.737][debug][command:null][tid:14][org.pf4j.CompoundPluginDescriptorFinder] 'org.pf4j.ManifestPluginDescriptorFinder@9604f63' is applicable for plugin '/Users/stevenlee/Downloads/BuckTest 3/.buckd/resources/ad23befe7c1a36c999860af0af69e726f1c8e423/buck-modules/lua.jar'
[2019-04-26 00:18:21.737][debug][command:null][tid:14][org.pf4j.AbstractPluginManager] Found descriptor PluginDescriptor [pluginId=com.facebook.buck.features.lua, pluginClass=com.facebook.buck.features.lua.LuaModuleAdapterPlugin, version=0.0.1, provider=null, dependencies=[PluginDependency [pluginId=com.facebook.buck.features.python, pluginVersionSupport=*]], description=, requires=*, license=null]
[2019-04-26 00:18:21.737][debug][command:null][tid:14][org.pf4j.AbstractPluginManager] Class 'com.facebook.buck.features.lua.LuaModuleAdapterPlugin' for plugin '/Users/stevenlee/Downloads/BuckTest 3/.buckd/resources/ad23befe7c1a36c999860af0af69e726f1c8e423/buck-modules/lua.jar'
[2019-04-26 00:18:21.738][debug][command:null][tid:14][org.pf4j.AbstractPluginManager] Loading plugin '/Users/stevenlee/Downloads/BuckTest 3/.buckd/resources/ad23befe7c1a36c999860af0af69e726f1c8e423/buck-modules/lua.jar'
[2019-04-26 00:18:21.738][debug][command:null][tid:14][org.pf4j.PluginClassLoader] Add 'file:/Users/stevenlee/Downloads/BuckTest%203/.buckd/resources/ad23befe7c1a36c999860af0af69e726f1c8e423/buck-modules/lua.jar'
[2019-04-26 00:18:21.738][debug][command:null][tid:14][org.pf4j.AbstractPluginManager] Loaded plugin '/Users/stevenlee/Downloads/BuckTest 3/.buckd/resources/ad23befe7c1a36c999860af0af69e726f1c8e423/buck-modules/lua.jar' with class loader 'org.pf4j.PluginClassLoader@6565508f'
[2019-04-26 00:18:21.738][debug][command:null][tid:14][org.pf4j.AbstractPluginManager] Creating wrapper for plugin '/Users/stevenlee/Downloads/BuckTest 3/.buckd/resources/ad23befe7c1a36c999860af0af69e726f1c8e423/buck-modules/lua.jar'
[2019-04-26 00:18:21.739][debug][command:null][tid:14][org.pf4j.AbstractPluginManager] Created wrapper 'PluginWrapper [descriptor=PluginDescriptor [pluginId=com.facebook.buck.features.lua, pluginClass=com.facebook.buck.features.lua.LuaModuleAdapterPlugin, version=0.0.1, provider=null, dependencies=[PluginDependency [pluginId=com.facebook.buck.features.python, pluginVersionSupport=*]], description=, requires=*, license=null], pluginPath=/Users/stevenlee/Downloads/BuckTest 3/.buckd/resources/ad23befe7c1a36c999860af0af69e726f1c8e423/buck-modules/lua.jar]' for plugin '/Users/stevenlee/Downloads/BuckTest 3/.buckd/resources/ad23befe7c1a36c999860af0af69e726f1c8e423/buck-modules/lua.jar'
[2019-04-26 00:18:21.740][debug][command:null][tid:14][org.pf4j.AbstractPluginManager] Use 'org.pf4j.CompoundPluginDescriptorFinder@6bc115d1' to find plugins descriptors
[2019-04-26 00:18:21.740][debug][command:null][tid:14][org.pf4j.AbstractPluginManager] Finding plugin descriptor for plugin '/Users/stevenlee/Downloads/BuckTest 3/.buckd/resources/ad23befe7c1a36c999860af0af69e726f1c8e423/buck-modules/xcode.jar'
[2019-04-26 00:18:21.740][debug][command:null][tid:14][org.pf4j.CompoundPluginDescriptorFinder] 'org.pf4j.ManifestPluginDescriptorFinder@9604f63' is applicable for plugin '/Users/stevenlee/Downloads/BuckTest 3/.buckd/resources/ad23befe7c1a36c999860af0af69e726f1c8e423/buck-modules/xcode.jar'
[2019-04-26 00:18:21.741][debug][command:null][tid:14][org.pf4j.AbstractPluginManager] Found descriptor PluginDescriptor [pluginId=com.facebook.buck.features.apple.project, pluginClass=com.facebook.buck.features.apple.project.XCodeBuckModuleAdapterPlugin, version=0.0.1, provider=null, dependencies=[PluginDependency [pluginId=com.facebook.buck.features.halide, pluginVersionSupport=*], PluginDependency [pluginId=com.facebook.buck.features.js, pluginVersionSupport=*]], description=, requires=*, license=null]
[2019-04-26 00:18:21.741][debug][command:null][tid:14][org.pf4j.AbstractPluginManager] Class 'com.facebook.buck.features.apple.project.XCodeBuckModuleAdapterPlugin' for plugin '/Users/stevenlee/Downloads/BuckTest 3/.buckd/resources/ad23befe7c1a36c999860af0af69e726f1c8e423/buck-modules/xcode.jar'
[2019-04-26 00:18:21.742][debug][command:null][tid:14][org.pf4j.AbstractPluginManager] Loading plugin '/Users/stevenlee/Downloads/BuckTest 3/.buckd/resources/ad23befe7c1a36c999860af0af69e726f1c8e423/buck-modules/xcode.jar'
[2019-04-26 00:18:21.742][debug][command:null][tid:14][org.pf4j.PluginClassLoader] Add 'file:/Users/stevenlee/Downloads/BuckTest%203/.buckd/resources/ad23befe7c1a36c999860af0af69e726f1c8e423/buck-modules/xcode.jar'
[2019-04-26 00:18:21.742][debug][command:null][tid:14][org.pf4j.AbstractPluginManager] Loaded plugin '/Users/stevenlee/Downloads/BuckTest 3/.buckd/resources/ad23befe7c1a36c999860af0af69e726f1c8e423/buck-modules/xcode.jar' with class loader 'org.pf4j.PluginClassLoader@4dd2cf7b'
[2019-04-26 00:18:21.742][debug][command:null][tid:14][org.pf4j.AbstractPluginManager] Creating wrapper for plugin '/Users/stevenlee/Downloads/BuckTest 3/.buckd/resources/ad23befe7c1a36c999860af0af69e726f1c8e423/buck-modules/xcode.jar'
[2019-04-26 00:18:21.742][debug][command:null][tid:14][org.pf4j.AbstractPluginManager] Created wrapper 'PluginWrapper [descriptor=PluginDescriptor [pluginId=com.facebook.buck.features.apple.project, pluginClass=com.facebook.buck.features.apple.project.XCodeBuckModuleAdapterPlugin, version=0.0.1, provider=null, dependencies=[PluginDependency [pluginId=com.facebook.buck.features.halide, pluginVersionSupport=*], PluginDependency [pluginId=com.facebook.buck.features.js, pluginVersionSupport=*]], description=, requires=*, license=null], pluginPath=/Users/stevenlee/Downloads/BuckTest 3/.buckd/resources/ad23befe7c1a36c999860af0af69e726f1c8e423/buck-modules/xcode.jar]' for plugin '/Users/stevenlee/Downloads/BuckTest 3/.buckd/resources/ad23befe7c1a36c999860af0af69e726f1c8e423/buck-modules/xcode.jar'
[2019-04-26 00:18:21.743][debug][command:null][tid:14][org.pf4j.AbstractPluginManager] Use 'org.pf4j.CompoundPluginDescriptorFinder@6bc115d1' to find plugins descriptors
[2019-04-26 00:18:21.743][debug][command:null][tid:14][org.pf4j.AbstractPluginManager] Finding plugin descriptor for plugin '/Users/stevenlee/Downloads/BuckTest 3/.buckd/resources/ad23befe7c1a36c999860af0af69e726f1c8e423/buck-modules/js.jar'
[2019-04-26 00:18:21.743][debug][command:null][tid:14][org.pf4j.CompoundPluginDescriptorFinder] 'org.pf4j.ManifestPluginDescriptorFinder@9604f63' is applicable for plugin '/Users/stevenlee/Downloads/BuckTest 3/.buckd/resources/ad23befe7c1a36c999860af0af69e726f1c8e423/buck-modules/js.jar'
[2019-04-26 00:18:21.744][debug][command:null][tid:14][org.pf4j.AbstractPluginManager] Found descriptor PluginDescriptor [pluginId=com.facebook.buck.features.js, pluginClass=com.facebook.buck.features.js.JsModuleAdapterPlugin, version=0.0.1, provider=null, dependencies=[], description=, requires=*, license=null]
[2019-04-26 00:18:21.744][debug][command:null][tid:14][org.pf4j.AbstractPluginManager] Class 'com.facebook.buck.features.js.JsModuleAdapterPlugin' for plugin '/Users/stevenlee/Downloads/BuckTest 3/.buckd/resources/ad23befe7c1a36c999860af0af69e726f1c8e423/buck-modules/js.jar'
[2019-04-26 00:18:21.744][debug][command:null][tid:14][org.pf4j.AbstractPluginManager] Loading plugin '/Users/stevenlee/Downloads/BuckTest 3/.buckd/resources/ad23befe7c1a36c999860af0af69e726f1c8e423/buck-modules/js.jar'
[2019-04-26 00:18:21.745][debug][command:null][tid:14][org.pf4j.PluginClassLoader] Add 'file:/Users/stevenlee/Downloads/BuckTest%203/.buckd/resources/ad23befe7c1a36c999860af0af69e726f1c8e423/buck-modules/js.jar'
[2019-04-26 00:18:21.745][debug][command:null][tid:14][org.pf4j.AbstractPluginManager] Loaded plugin '/Users/stevenlee/Downloads/BuckTest 3/.buckd/resources/ad23befe7c1a36c999860af0af69e726f1c8e423/buck-modules/js.jar' with class loader 'org.pf4j.PluginClassLoader@6a381d07'
[2019-04-26 00:18:21.745][debug][command:null][tid:14][org.pf4j.AbstractPluginManager] Creating wrapper for plugin '/Users/stevenlee/Downloads/BuckTest 3/.buckd/resources/ad23befe7c1a36c999860af0af69e726f1c8e423/buck-modules/js.jar'
[2019-04-26 00:18:21.745][debug][command:null][tid:14][org.pf4j.AbstractPluginManager] Created wrapper 'PluginWrapper [descriptor=PluginDescriptor [pluginId=com.facebook.buck.features.js, pluginClass=com.facebook.buck.features.js.JsModuleAdapterPlugin, version=0.0.1, provider=null, dependencies=[], description=, requires=*, license=null], pluginPath=/Users/stevenlee/Downloads/BuckTest 3/.buckd/resources/ad23befe7c1a36c999860af0af69e726f1c8e423/buck-modules/js.jar]' for plugin '/Users/stevenlee/Downloads/BuckTest 3/.buckd/resources/ad23befe7c1a36c999860af0af69e726f1c8e423/buck-modules/js.jar'
[2019-04-26 00:18:21.746][debug][command:null][tid:14][org.pf4j.AbstractPluginManager] Use 'org.pf4j.CompoundPluginDescriptorFinder@6bc115d1' to find plugins descriptors
[2019-04-26 00:18:21.746][debug][command:null][tid:14][org.pf4j.AbstractPluginManager] Finding plugin descriptor for plugin '/Users/stevenlee/Downloads/BuckTest 3/.buckd/resources/ad23befe7c1a36c999860af0af69e726f1c8e423/buck-modules/filegroup.jar'
[2019-04-26 00:18:21.746][debug][command:null][tid:14][org.pf4j.CompoundPluginDescriptorFinder] 'org.pf4j.ManifestPluginDescriptorFinder@9604f63' is applicable for plugin '/Users/stevenlee/Downloads/BuckTest 3/.buckd/resources/ad23befe7c1a36c999860af0af69e726f1c8e423/buck-modules/filegroup.jar'
[2019-04-26 00:18:21.746][debug][command:null][tid:14][org.pf4j.AbstractPluginManager] Found descriptor PluginDescriptor [pluginId=com.facebook.buck.features.filegroup, pluginClass=com.facebook.buck.features.filegroup.FilegroupModuleAdapterPlugin, version=0.0.1, provider=null, dependencies=[PluginDependency [pluginId=com.facebook.buck.features.filebundler, pluginVersionSupport=*]], description=, requires=*, license=null]
[2019-04-26 00:18:21.747][debug][command:null][tid:14][org.pf4j.AbstractPluginManager] Class 'com.facebook.buck.features.filegroup.FilegroupModuleAdapterPlugin' for plugin '/Users/stevenlee/Downloads/BuckTest 3/.buckd/resources/ad23befe7c1a36c999860af0af69e726f1c8e423/buck-modules/filegroup.jar'
[2019-04-26 00:18:21.747][debug][command:null][tid:14][org.pf4j.AbstractPluginManager] Loading plugin '/Users/stevenlee/Downloads/BuckTest 3/.buckd/resources/ad23befe7c1a36c999860af0af69e726f1c8e423/buck-modules/filegroup.jar'
[2019-04-26 00:18:21.747][debug][command:null][tid:14][org.pf4j.PluginClassLoader] Add 'file:/Users/stevenlee/Downloads/BuckTest%203/.buckd/resources/ad23befe7c1a36c999860af0af69e726f1c8e423/buck-modules/filegroup.jar'
[2019-04-26 00:18:21.747][debug][command:null][tid:14][org.pf4j.AbstractPluginManager] Loaded plugin '/Users/stevenlee/Downloads/BuckTest 3/.buckd/resources/ad23befe7c1a36c999860af0af69e726f1c8e423/buck-modules/filegroup.jar' with class loader 'org.pf4j.PluginClassLoader@5f1143ce'
[2019-04-26 00:18:21.747][debug][command:null][tid:14][org.pf4j.AbstractPluginManager] Creating wrapper for plugin '/Users/stevenlee/Downloads/BuckTest 3/.buckd/resources/ad23befe7c1a36c999860af0af69e726f1c8e423/buck-modules/filegroup.jar'
[2019-04-26 00:18:21.748][debug][command:null][tid:14][org.pf4j.AbstractPluginManager] Created wrapper 'PluginWrapper [descriptor=PluginDescriptor [pluginId=com.facebook.buck.features.filegroup, pluginClass=com.facebook.buck.features.filegroup.FilegroupModuleAdapterPlugin, version=0.0.1, provider=null, dependencies=[PluginDependency [pluginId=com.facebook.buck.features.filebundler, pluginVersionSupport=*]], description=, requires=*, license=null], pluginPath=/Users/stevenlee/Downloads/BuckTest 3/.buckd/resources/ad23befe7c1a36c999860af0af69e726f1c8e423/buck-modules/filegroup.jar]' for plugin '/Users/stevenlee/Downloads/BuckTest 3/.buckd/resources/ad23befe7c1a36c999860af0af69e726f1c8e423/buck-modules/filegroup.jar'
[2019-04-26 00:18:21.748][debug][command:null][tid:14][org.pf4j.AbstractPluginManager] Use 'org.pf4j.CompoundPluginDescriptorFinder@6bc115d1' to find plugins descriptors
[2019-04-26 00:18:21.748][debug][command:null][tid:14][org.pf4j.AbstractPluginManager] Finding plugin descriptor for plugin '/Users/stevenlee/Downloads/BuckTest 3/.buckd/resources/ad23befe7c1a36c999860af0af69e726f1c8e423/buck-modules/filebundler.jar'
[2019-04-26 00:18:21.748][debug][command:null][tid:14][org.pf4j.CompoundPluginDescriptorFinder] 'org.pf4j.ManifestPluginDescriptorFinder@9604f63' is applicable for plugin '/Users/stevenlee/Downloads/BuckTest 3/.buckd/resources/ad23befe7c1a36c999860af0af69e726f1c8e423/buck-modules/filebundler.jar'
[2019-04-26 00:18:21.749][debug][command:null][tid:14][org.pf4j.AbstractPluginManager] Found descriptor PluginDescriptor [pluginId=com.facebook.buck.features.filebundler, pluginClass=com.facebook.buck.features.filebundler.FileBundlerModuleAdapterPlugin, version=0.0.1, provider=null, dependencies=[], description=, requires=*, license=null]
[2019-04-26 00:18:21.749][debug][command:null][tid:14][org.pf4j.AbstractPluginManager] Class 'com.facebook.buck.features.filebundler.FileBundlerModuleAdapterPlugin' for plugin '/Users/stevenlee/Downloads/BuckTest 3/.buckd/resources/ad23befe7c1a36c999860af0af69e726f1c8e423/buck-modules/filebundler.jar'
[2019-04-26 00:18:21.749][debug][command:null][tid:14][org.pf4j.AbstractPluginManager] Loading plugin '/Users/stevenlee/Downloads/BuckTest 3/.buckd/resources/ad23befe7c1a36c999860af0af69e726f1c8e423/buck-modules/filebundler.jar'
[2019-04-26 00:18:21.749][debug][command:null][tid:14][org.pf4j.PluginClassLoader] Add 'file:/Users/stevenlee/Downloads/BuckTest%203/.buckd/resources/ad23befe7c1a36c999860af0af69e726f1c8e423/buck-modules/filebundler.jar'
[2019-04-26 00:18:21.749][debug][command:null][tid:14][org.pf4j.AbstractPluginManager] Loaded plugin '/Users/stevenlee/Downloads/BuckTest 3/.buckd/resources/ad23befe7c1a36c999860af0af69e726f1c8e423/buck-modules/filebundler.jar' with class loader 'org.pf4j.PluginClassLoader@3ab219cb'
[2019-04-26 00:18:21.750][debug][command:null][tid:14][org.pf4j.AbstractPluginManager] Creating wrapper for plugin '/Users/stevenlee/Downloads/BuckTest 3/.buckd/resources/ad23befe7c1a36c999860af0af69e726f1c8e423/buck-modules/filebundler.jar'
[2019-04-26 00:18:21.750][debug][command:null][tid:14][org.pf4j.AbstractPluginManager] Created wrapper 'PluginWrapper [descriptor=PluginDescriptor [pluginId=com.facebook.buck.features.filebundler, pluginClass=com.facebook.buck.features.filebundler.FileBundlerModuleAdapterPlugin, version=0.0.1, provider=null, dependencies=[], description=, requires=*, license=null], pluginPath=/Users/stevenlee/Downloads/BuckTest 3/.buckd/resources/ad23befe7c1a36c999860af0af69e726f1c8e423/buck-modules/filebundler.jar]' for plugin '/Users/stevenlee/Downloads/BuckTest 3/.buckd/resources/ad23befe7c1a36c999860af0af69e726f1c8e423/buck-modules/filebundler.jar'
[2019-04-26 00:18:21.750][debug][command:null][tid:14][org.pf4j.AbstractPluginManager] Use 'org.pf4j.CompoundPluginDescriptorFinder@6bc115d1' to find plugins descriptors
[2019-04-26 00:18:21.750][debug][command:null][tid:14][org.pf4j.AbstractPluginManager] Finding plugin descriptor for plugin '/Users/stevenlee/Downloads/BuckTest 3/.buckd/resources/ad23befe7c1a36c999860af0af69e726f1c8e423/buck-modules/gwt.jar'
[2019-04-26 00:18:21.750][debug][command:null][tid:14][org.pf4j.CompoundPluginDescriptorFinder] 'org.pf4j.ManifestPluginDescriptorFinder@9604f63' is applicable for plugin '/Users/stevenlee/Downloads/BuckTest 3/.buckd/resources/ad23befe7c1a36c999860af0af69e726f1c8e423/buck-modules/gwt.jar'
[2019-04-26 00:18:21.751][debug][command:null][tid:14][org.pf4j.AbstractPluginManager] Found descriptor PluginDescriptor [pluginId=com.facebook.buck.features.gwt, pluginClass=com.facebook.buck.features.gwt.GwtBuckModuleAdapterPlugin, version=0.0.1, provider=null, dependencies=[], description=, requires=*, license=null]
[2019-04-26 00:18:21.751][debug][command:null][tid:14][org.pf4j.AbstractPluginManager] Class 'com.facebook.buck.features.gwt.GwtBuckModuleAdapterPlugin' for plugin '/Users/stevenlee/Downloads/BuckTest 3/.buckd/resources/ad23befe7c1a36c999860af0af69e726f1c8e423/buck-modules/gwt.jar'
[2019-04-26 00:18:21.751][debug][command:null][tid:14][org.pf4j.AbstractPluginManager] Loading plugin '/Users/stevenlee/Downloads/BuckTest 3/.buckd/resources/ad23befe7c1a36c999860af0af69e726f1c8e423/buck-modules/gwt.jar'
[2019-04-26 00:18:21.752][debug][command:null][tid:14][org.pf4j.PluginClassLoader] Add 'file:/Users/stevenlee/Downloads/BuckTest%203/.buckd/resources/ad23befe7c1a36c999860af0af69e726f1c8e423/buck-modules/gwt.jar'
[2019-04-26 00:18:21.752][debug][command:null][tid:14][org.pf4j.AbstractPluginManager] Loaded plugin '/Users/stevenlee/Downloads/BuckTest 3/.buckd/resources/ad23befe7c1a36c999860af0af69e726f1c8e423/buck-modules/gwt.jar' with class loader 'org.pf4j.PluginClassLoader@70722129'
[2019-04-26 00:18:21.752][debug][command:null][tid:14][org.pf4j.AbstractPluginManager] Creating wrapper for plugin '/Users/stevenlee/Downloads/BuckTest 3/.buckd/resources/ad23befe7c1a36c999860af0af69e726f1c8e423/buck-modules/gwt.jar'
[2019-04-26 00:18:21.752][debug][command:null][tid:14][org.pf4j.AbstractPluginManager] Created wrapper 'PluginWrapper [descriptor=PluginDescriptor [pluginId=com.facebook.buck.features.gwt, pluginClass=com.facebook.buck.features.gwt.GwtBuckModuleAdapterPlugin, version=0.0.1, provider=null, dependencies=[], description=, requires=*, license=null], pluginPath=/Users/stevenlee/Downloads/BuckTest 3/.buckd/resources/ad23befe7c1a36c999860af0af69e726f1c8e423/buck-modules/gwt.jar]' for plugin '/Users/stevenlee/Downloads/BuckTest 3/.buckd/resources/ad23befe7c1a36c999860af0af69e726f1c8e423/buck-modules/gwt.jar'
[2019-04-26 00:18:21.752][debug][command:null][tid:14][org.pf4j.AbstractPluginManager] Use 'org.pf4j.CompoundPluginDescriptorFinder@6bc115d1' to find plugins descriptors
[2019-04-26 00:18:21.753][debug][command:null][tid:14][org.pf4j.AbstractPluginManager] Finding plugin descriptor for plugin '/Users/stevenlee/Downloads/BuckTest 3/.buckd/resources/ad23befe7c1a36c999860af0af69e726f1c8e423/buck-modules/haskell.jar'
[2019-04-26 00:18:21.753][debug][command:null][tid:14][org.pf4j.CompoundPluginDescriptorFinder] 'org.pf4j.ManifestPluginDescriptorFinder@9604f63' is applicable for plugin '/Users/stevenlee/Downloads/BuckTest 3/.buckd/resources/ad23befe7c1a36c999860af0af69e726f1c8e423/buck-modules/haskell.jar'
[2019-04-26 00:18:21.753][debug][command:null][tid:14][org.pf4j.AbstractPluginManager] Found descriptor PluginDescriptor [pluginId=com.facebook.buck.features.haskell, pluginClass=com.facebook.buck.features.haskell.HaskellModuleAdapterPlugin, version=0.0.1, provider=null, dependencies=[], description=, requires=*, license=null]
[2019-04-26 00:18:21.753][debug][command:null][tid:14][org.pf4j.AbstractPluginManager] Class 'com.facebook.buck.features.haskell.HaskellModuleAdapterPlugin' for plugin '/Users/stevenlee/Downloads/BuckTest 3/.buckd/resources/ad23befe7c1a36c999860af0af69e726f1c8e423/buck-modules/haskell.jar'
[2019-04-26 00:18:21.754][debug][command:null][tid:14][org.pf4j.AbstractPluginManager] Loading plugin '/Users/stevenlee/Downloads/BuckTest 3/.buckd/resources/ad23befe7c1a36c999860af0af69e726f1c8e423/buck-modules/haskell.jar'
[2019-04-26 00:18:21.754][debug][command:null][tid:14][org.pf4j.PluginClassLoader] Add 'file:/Users/stevenlee/Downloads/BuckTest%203/.buckd/resources/ad23befe7c1a36c999860af0af69e726f1c8e423/buck-modules/haskell.jar'
[2019-04-26 00:18:21.754][debug][command:null][tid:14][org.pf4j.AbstractPluginManager] Loaded plugin '/Users/stevenlee/Downloads/BuckTest 3/.buckd/resources/ad23befe7c1a36c999860af0af69e726f1c8e423/buck-modules/haskell.jar' with class loader 'org.pf4j.PluginClassLoader@2c6016fa'
[2019-04-26 00:18:21.754][debug][command:null][tid:14][org.pf4j.AbstractPluginManager] Creating wrapper for plugin '/Users/stevenlee/Downloads/BuckTest 3/.buckd/resources/ad23befe7c1a36c999860af0af69e726f1c8e423/buck-modules/haskell.jar'
[2019-04-26 00:18:21.754][debug][command:null][tid:14][org.pf4j.AbstractPluginManager] Created wrapper 'PluginWrapper [descriptor=PluginDescriptor [pluginId=com.facebook.buck.features.haskell, pluginClass=com.facebook.buck.features.haskell.HaskellModuleAdapterPlugin, version=0.0.1, provider=null, dependencies=[], description=, requires=*, license=null], pluginPath=/Users/stevenlee/Downloads/BuckTest 3/.buckd/resources/ad23befe7c1a36c999860af0af69e726f1c8e423/buck-modules/haskell.jar]' for plugin '/Users/stevenlee/Downloads/BuckTest 3/.buckd/resources/ad23befe7c1a36c999860af0af69e726f1c8e423/buck-modules/haskell.jar'
[2019-04-26 00:18:21.755][debug][command:null][tid:14][org.pf4j.AbstractPluginManager] Use 'org.pf4j.CompoundPluginDescriptorFinder@6bc115d1' to find plugins descriptors
[2019-04-26 00:18:21.755][debug][command:null][tid:14][org.pf4j.AbstractPluginManager] Finding plugin descriptor for plugin '/Users/stevenlee/Downloads/BuckTest 3/.buckd/resources/ad23befe7c1a36c999860af0af69e726f1c8e423/buck-modules/halide.jar'
[2019-04-26 00:18:21.755][debug][command:null][tid:14][org.pf4j.CompoundPluginDescriptorFinder] 'org.pf4j.ManifestPluginDescriptorFinder@9604f63' is applicable for plugin '/Users/stevenlee/Downloads/BuckTest 3/.buckd/resources/ad23befe7c1a36c999860af0af69e726f1c8e423/buck-modules/halide.jar'
[2019-04-26 00:18:21.756][debug][command:null][tid:14][org.pf4j.AbstractPluginManager] Found descriptor PluginDescriptor [pluginId=com.facebook.buck.features.halide, pluginClass=com.facebook.buck.features.halide.HalideModuleAdapterPlugin, version=0.0.1, provider=null, dependencies=[], description=, requires=*, license=null]
[2019-04-26 00:18:21.756][debug][command:null][tid:14][org.pf4j.AbstractPluginManager] Class 'com.facebook.buck.features.halide.HalideModuleAdapterPlugin' for plugin '/Users/stevenlee/Downloads/BuckTest 3/.buckd/resources/ad23befe7c1a36c999860af0af69e726f1c8e423/buck-modules/halide.jar'
[2019-04-26 00:18:21.756][debug][command:null][tid:14][org.pf4j.AbstractPluginManager] Loading plugin '/Users/stevenlee/Downloads/BuckTest 3/.buckd/resources/ad23befe7c1a36c999860af0af69e726f1c8e423/buck-modules/halide.jar'
[2019-04-26 00:18:21.756][debug][command:null][tid:14][org.pf4j.PluginClassLoader] Add 'file:/Users/stevenlee/Downloads/BuckTest%203/.buckd/resources/ad23befe7c1a36c999860af0af69e726f1c8e423/buck-modules/halide.jar'
[2019-04-26 00:18:21.756][debug][command:null][tid:14][org.pf4j.AbstractPluginManager] Loaded plugin '/Users/stevenlee/Downloads/BuckTest 3/.buckd/resources/ad23befe7c1a36c999860af0af69e726f1c8e423/buck-modules/halide.jar' with class loader 'org.pf4j.PluginClassLoader@4dbf291b'
[2019-04-26 00:18:21.757][debug][command:null][tid:14][org.pf4j.AbstractPluginManager] Creating wrapper for plugin '/Users/stevenlee/Downloads/BuckTest 3/.buckd/resources/ad23befe7c1a36c999860af0af69e726f1c8e423/buck-modules/halide.jar'
[2019-04-26 00:18:21.757][debug][command:null][tid:14][org.pf4j.AbstractPluginManager] Created wrapper 'PluginWrapper [descriptor=PluginDescriptor [pluginId=com.facebook.buck.features.halide, pluginClass=com.facebook.buck.features.halide.HalideModuleAdapterPlugin, version=0.0.1, provider=null, dependencies=[], description=, requires=*, license=null], pluginPath=/Users/stevenlee/Downloads/BuckTest 3/.buckd/resources/ad23befe7c1a36c999860af0af69e726f1c8e423/buck-modules/halide.jar]' for plugin '/Users/stevenlee/Downloads/BuckTest 3/.buckd/resources/ad23befe7c1a36c999860af0af69e726f1c8e423/buck-modules/halide.jar'
[2019-04-26 00:18:21.757][debug][command:null][tid:14][org.pf4j.AbstractPluginManager] Use 'org.pf4j.CompoundPluginDescriptorFinder@6bc115d1' to find plugins descriptors
[2019-04-26 00:18:21.757][debug][command:null][tid:14][org.pf4j.AbstractPluginManager] Finding plugin descriptor for plugin '/Users/stevenlee/Downloads/BuckTest 3/.buckd/resources/ad23befe7c1a36c999860af0af69e726f1c8e423/buck-modules/rust.jar'
[2019-04-26 00:18:21.757][debug][command:null][tid:14][org.pf4j.CompoundPluginDescriptorFinder] 'org.pf4j.ManifestPluginDescriptorFinder@9604f63' is applicable for plugin '/Users/stevenlee/Downloads/BuckTest 3/.buckd/resources/ad23befe7c1a36c999860af0af69e726f1c8e423/buck-modules/rust.jar'
[2019-04-26 00:18:21.758][debug][command:null][tid:14][org.pf4j.AbstractPluginManager] Found descriptor PluginDescriptor [pluginId=com.facebook.buck.features.rust, pluginClass=com.facebook.buck.features.rust.RustModuleAdapterPlugin, version=0.0.1, provider=null, dependencies=[], description=, requires=*, license=null]
[2019-04-26 00:18:21.758][debug][command:null][tid:14][org.pf4j.AbstractPluginManager] Class 'com.facebook.buck.features.rust.RustModuleAdapterPlugin' for plugin '/Users/stevenlee/Downloads/BuckTest 3/.buckd/resources/ad23befe7c1a36c999860af0af69e726f1c8e423/buck-modules/rust.jar'
[2019-04-26 00:18:21.758][debug][command:null][tid:14][org.pf4j.AbstractPluginManager] Loading plugin '/Users/stevenlee/Downloads/BuckTest 3/.buckd/resources/ad23befe7c1a36c999860af0af69e726f1c8e423/buck-modules/rust.jar'
[2019-04-26 00:18:21.758][debug][command:null][tid:14][org.pf4j.PluginClassLoader] Add 'file:/Users/stevenlee/Downloads/BuckTest%203/.buckd/resources/ad23befe7c1a36c999860af0af69e726f1c8e423/buck-modules/rust.jar'
[2019-04-26 00:18:21.758][debug][command:null][tid:14][org.pf4j.AbstractPluginManager] Loaded plugin '/Users/stevenlee/Downloads/BuckTest 3/.buckd/resources/ad23befe7c1a36c999860af0af69e726f1c8e423/buck-modules/rust.jar' with class loader 'org.pf4j.PluginClassLoader@4538f8d7'
[2019-04-26 00:18:21.759][debug][command:null][tid:14][org.pf4j.AbstractPluginManager] Creating wrapper for plugin '/Users/stevenlee/Downloads/BuckTest 3/.buckd/resources/ad23befe7c1a36c999860af0af69e726f1c8e423/buck-modules/rust.jar'
[2019-04-26 00:18:21.759][debug][command:null][tid:14][org.pf4j.AbstractPluginManager] Created wrapper 'PluginWrapper [descriptor=PluginDescriptor [pluginId=com.facebook.buck.features.rust, pluginClass=com.facebook.buck.features.rust.RustModuleAdapterPlugin, version=0.0.1, provider=null, dependencies=[], description=, requires=*, license=null], pluginPath=/Users/stevenlee/Downloads/BuckTest 3/.buckd/resources/ad23befe7c1a36c999860af0af69e726f1c8e423/buck-modules/rust.jar]' for plugin '/Users/stevenlee/Downloads/BuckTest 3/.buckd/resources/ad23befe7c1a36c999860af0af69e726f1c8e423/buck-modules/rust.jar'
[2019-04-26 00:18:21.759][debug][command:null][tid:14][org.pf4j.AbstractPluginManager] Use 'org.pf4j.CompoundPluginDescriptorFinder@6bc115d1' to find plugins descriptors
[2019-04-26 00:18:21.759][debug][command:null][tid:14][org.pf4j.AbstractPluginManager] Finding plugin descriptor for plugin '/Users/stevenlee/Downloads/BuckTest 3/.buckd/resources/ad23befe7c1a36c999860af0af69e726f1c8e423/buck-modules/go.jar'
[2019-04-26 00:18:21.759][debug][command:null][tid:14][org.pf4j.CompoundPluginDescriptorFinder] 'org.pf4j.ManifestPluginDescriptorFinder@9604f63' is applicable for plugin '/Users/stevenlee/Downloads/BuckTest 3/.buckd/resources/ad23befe7c1a36c999860af0af69e726f1c8e423/buck-modules/go.jar'
[2019-04-26 00:18:21.760][debug][command:null][tid:14][org.pf4j.AbstractPluginManager] Found descriptor PluginDescriptor [pluginId=com.facebook.buck.features.go, pluginClass=com.facebook.buck.features.go.GoModuleAdapterPlugin, version=0.0.1, provider=null, dependencies=[], description=, requires=*, license=null]
[2019-04-26 00:18:21.760][debug][command:null][tid:14][org.pf4j.AbstractPluginManager] Class 'com.facebook.buck.features.go.GoModuleAdapterPlugin' for plugin '/Users/stevenlee/Downloads/BuckTest 3/.buckd/resources/ad23befe7c1a36c999860af0af69e726f1c8e423/buck-modules/go.jar'
[2019-04-26 00:18:21.760][debug][command:null][tid:14][org.pf4j.AbstractPluginManager] Loading plugin '/Users/stevenlee/Downloads/BuckTest 3/.buckd/resources/ad23befe7c1a36c999860af0af69e726f1c8e423/buck-modules/go.jar'
[2019-04-26 00:18:21.760][debug][command:null][tid:14][org.pf4j.PluginClassLoader] Add 'file:/Users/stevenlee/Downloads/BuckTest%203/.buckd/resources/ad23befe7c1a36c999860af0af69e726f1c8e423/buck-modules/go.jar'
[2019-04-26 00:18:21.761][debug][command:null][tid:14][org.pf4j.AbstractPluginManager] Loaded plugin '/Users/stevenlee/Downloads/BuckTest 3/.buckd/resources/ad23befe7c1a36c999860af0af69e726f1c8e423/buck-modules/go.jar' with class loader 'org.pf4j.PluginClassLoader@1a0b4382'
[2019-04-26 00:18:21.761][debug][command:null][tid:14][org.pf4j.AbstractPluginManager] Creating wrapper for plugin '/Users/stevenlee/Downloads/BuckTest 3/.buckd/resources/ad23befe7c1a36c999860af0af69e726f1c8e423/buck-modules/go.jar'
[2019-04-26 00:18:21.761][debug][command:null][tid:14][org.pf4j.AbstractPluginManager] Created wrapper 'PluginWrapper [descriptor=PluginDescriptor [pluginId=com.facebook.buck.features.go, pluginClass=com.facebook.buck.features.go.GoModuleAdapterPlugin, version=0.0.1, provider=null, dependencies=[], description=, requires=*, license=null], pluginPath=/Users/stevenlee/Downloads/BuckTest 3/.buckd/resources/ad23befe7c1a36c999860af0af69e726f1c8e423/buck-modules/go.jar]' for plugin '/Users/stevenlee/Downloads/BuckTest 3/.buckd/resources/ad23befe7c1a36c999860af0af69e726f1c8e423/buck-modules/go.jar'
[2019-04-26 00:18:21.761][debug][command:null][tid:14][org.pf4j.AbstractPluginManager] Use 'org.pf4j.CompoundPluginDescriptorFinder@6bc115d1' to find plugins descriptors
[2019-04-26 00:18:21.761][debug][command:null][tid:14][org.pf4j.AbstractPluginManager] Finding plugin descriptor for plugin '/Users/stevenlee/Downloads/BuckTest 3/.buckd/resources/ad23befe7c1a36c999860af0af69e726f1c8e423/buck-modules/intellij.jar'
[2019-04-26 00:18:21.761][debug][command:null][tid:14][org.pf4j.CompoundPluginDescriptorFinder] 'org.pf4j.ManifestPluginDescriptorFinder@9604f63' is applicable for plugin '/Users/stevenlee/Downloads/BuckTest 3/.buckd/resources/ad23befe7c1a36c999860af0af69e726f1c8e423/buck-modules/intellij.jar'
[2019-04-26 00:18:21.762][debug][command:null][tid:14][org.pf4j.AbstractPluginManager] Found descriptor PluginDescriptor [pluginId=com.facebook.buck.features.project.intellij, pluginClass=com.facebook.buck.features.project.intellij.IjBuckModuleAdapterPlugin, version=0.0.1, provider=null, dependencies=[PluginDependency [pluginId=com.facebook.buck.features.python, pluginVersionSupport=*]], description=, requires=*, license=null]
[2019-04-26 00:18:21.762][debug][command:null][tid:14][org.pf4j.AbstractPluginManager] Class 'com.facebook.buck.features.project.intellij.IjBuckModuleAdapterPlugin' for plugin '/Users/stevenlee/Downloads/BuckTest 3/.buckd/resources/ad23befe7c1a36c999860af0af69e726f1c8e423/buck-modules/intellij.jar'
[2019-04-26 00:18:21.762][debug][command:null][tid:14][org.pf4j.AbstractPluginManager] Loading plugin '/Users/stevenlee/Downloads/BuckTest 3/.buckd/resources/ad23befe7c1a36c999860af0af69e726f1c8e423/buck-modules/intellij.jar'
[2019-04-26 00:18:21.762][debug][command:null][tid:14][org.pf4j.PluginClassLoader] Add 'file:/Users/stevenlee/Downloads/BuckTest%203/.buckd/resources/ad23befe7c1a36c999860af0af69e726f1c8e423/buck-modules/intellij.jar'
[2019-04-26 00:18:21.763][debug][command:null][tid:14][org.pf4j.AbstractPluginManager] Loaded plugin '/Users/stevenlee/Downloads/BuckTest 3/.buckd/resources/ad23befe7c1a36c999860af0af69e726f1c8e423/buck-modules/intellij.jar' with class loader 'org.pf4j.PluginClassLoader@1f404c01'
[2019-04-26 00:18:21.763][debug][command:null][tid:14][org.pf4j.AbstractPluginManager] Creating wrapper for plugin '/Users/stevenlee/Downloads/BuckTest 3/.buckd/resources/ad23befe7c1a36c999860af0af69e726f1c8e423/buck-modules/intellij.jar'
[2019-04-26 00:18:21.763][debug][command:null][tid:14][org.pf4j.AbstractPluginManager] Created wrapper 'PluginWrapper [descriptor=PluginDescriptor [pluginId=com.facebook.buck.features.project.intellij, pluginClass=com.facebook.buck.features.project.intellij.IjBuckModuleAdapterPlugin, version=0.0.1, provider=null, dependencies=[PluginDependency [pluginId=com.facebook.buck.features.python, pluginVersionSupport=*]], description=, requires=*, license=null], pluginPath=/Users/stevenlee/Downloads/BuckTest 3/.buckd/resources/ad23befe7c1a36c999860af0af69e726f1c8e423/buck-modules/intellij.jar]' for plugin '/Users/stevenlee/Downloads/BuckTest 3/.buckd/resources/ad23befe7c1a36c999860af0af69e726f1c8e423/buck-modules/intellij.jar'
[2019-04-26 00:18:21.763][debug][command:null][tid:14][org.pf4j.AbstractPluginManager] Use 'org.pf4j.CompoundPluginDescriptorFinder@6bc115d1' to find plugins descriptors
[2019-04-26 00:18:21.763][debug][command:null][tid:14][org.pf4j.AbstractPluginManager] Finding plugin descriptor for plugin '/Users/stevenlee/Downloads/BuckTest 3/.buckd/resources/ad23befe7c1a36c999860af0af69e726f1c8e423/buck-modules/d.jar'
[2019-04-26 00:18:21.763][debug][command:null][tid:14][org.pf4j.CompoundPluginDescriptorFinder] 'org.pf4j.ManifestPluginDescriptorFinder@9604f63' is applicable for plugin '/Users/stevenlee/Downloads/BuckTest 3/.buckd/resources/ad23befe7c1a36c999860af0af69e726f1c8e423/buck-modules/d.jar'
[2019-04-26 00:18:21.765][debug][command:null][tid:14][org.pf4j.AbstractPluginManager] Found descriptor PluginDescriptor [pluginId=com.facebook.buck.features.d, pluginClass=com.facebook.buck.features.d.DModuleAdapterPlugin, version=0.0.1, provider=null, dependencies=[], description=, requires=*, license=null]
[2019-04-26 00:18:21.766][debug][command:null][tid:14][org.pf4j.AbstractPluginManager] Class 'com.facebook.buck.features.d.DModuleAdapterPlugin' for plugin '/Users/stevenlee/Downloads/BuckTest 3/.buckd/resources/ad23befe7c1a36c999860af0af69e726f1c8e423/buck-modules/d.jar'
[2019-04-26 00:18:21.766][debug][command:null][tid:14][org.pf4j.AbstractPluginManager] Loading plugin '/Users/stevenlee/Downloads/BuckTest 3/.buckd/resources/ad23befe7c1a36c999860af0af69e726f1c8e423/buck-modules/d.jar'
[2019-04-26 00:18:21.766][debug][command:null][tid:14][org.pf4j.PluginClassLoader] Add 'file:/Users/stevenlee/Downloads/BuckTest%203/.buckd/resources/ad23befe7c1a36c999860af0af69e726f1c8e423/buck-modules/d.jar'
[2019-04-26 00:18:21.766][debug][command:null][tid:14][org.pf4j.AbstractPluginManager] Loaded plugin '/Users/stevenlee/Downloads/BuckTest 3/.buckd/resources/ad23befe7c1a36c999860af0af69e726f1c8e423/buck-modules/d.jar' with class loader 'org.pf4j.PluginClassLoader@7e025114'
[2019-04-26 00:18:21.766][debug][command:null][tid:14][org.pf4j.AbstractPluginManager] Creating wrapper for plugin '/Users/stevenlee/Downloads/BuckTest 3/.buckd/resources/ad23befe7c1a36c999860af0af69e726f1c8e423/buck-modules/d.jar'
[2019-04-26 00:18:21.766][debug][command:null][tid:14][org.pf4j.AbstractPluginManager] Created wrapper 'PluginWrapper [descriptor=PluginDescriptor [pluginId=com.facebook.buck.features.d, pluginClass=com.facebook.buck.features.d.DModuleAdapterPlugin, version=0.0.1, provider=null, dependencies=[], description=, requires=*, license=null], pluginPath=/Users/stevenlee/Downloads/BuckTest 3/.buckd/resources/ad23befe7c1a36c999860af0af69e726f1c8e423/buck-modules/d.jar]' for plugin '/Users/stevenlee/Downloads/BuckTest 3/.buckd/resources/ad23befe7c1a36c999860af0af69e726f1c8e423/buck-modules/d.jar'
[2019-04-26 00:18:21.767][debug][command:null][tid:14][org.pf4j.AbstractPluginManager] Use 'org.pf4j.CompoundPluginDescriptorFinder@6bc115d1' to find plugins descriptors
[2019-04-26 00:18:21.767][debug][command:null][tid:14][org.pf4j.AbstractPluginManager] Finding plugin descriptor for plugin '/Users/stevenlee/Downloads/BuckTest 3/.buckd/resources/ad23befe7c1a36c999860af0af69e726f1c8e423/buck-modules/ocaml.jar'
[2019-04-26 00:18:21.767][debug][command:null][tid:14][org.pf4j.CompoundPluginDescriptorFinder] 'org.pf4j.ManifestPluginDescriptorFinder@9604f63' is applicable for plugin '/Users/stevenlee/Downloads/BuckTest 3/.buckd/resources/ad23befe7c1a36c999860af0af69e726f1c8e423/buck-modules/ocaml.jar'
[2019-04-26 00:18:21.767][debug][command:null][tid:14][org.pf4j.AbstractPluginManager] Found descriptor PluginDescriptor [pluginId=com.facebook.buck.features.ocaml, pluginClass=com.facebook.buck.features.ocaml.OcamlModuleAdapterPlugin, version=0.0.1, provider=null, dependencies=[], description=, requires=*, license=null]
[2019-04-26 00:18:21.768][debug][command:null][tid:14][org.pf4j.AbstractPluginManager] Class 'com.facebook.buck.features.ocaml.OcamlModuleAdapterPlugin' for plugin '/Users/stevenlee/Downloads/BuckTest 3/.buckd/resources/ad23befe7c1a36c999860af0af69e726f1c8e423/buck-modules/ocaml.jar'
[2019-04-26 00:18:21.768][debug][command:null][tid:14][org.pf4j.AbstractPluginManager] Loading plugin '/Users/stevenlee/Downloads/BuckTest 3/.buckd/resources/ad23befe7c1a36c999860af0af69e726f1c8e423/buck-modules/ocaml.jar'
[2019-04-26 00:18:21.768][debug][command:null][tid:14][org.pf4j.PluginClassLoader] Add 'file:/Users/stevenlee/Downloads/BuckTest%203/.buckd/resources/ad23befe7c1a36c999860af0af69e726f1c8e423/buck-modules/ocaml.jar'
[2019-04-26 00:18:21.768][debug][command:null][tid:14][org.pf4j.AbstractPluginManager] Loaded plugin '/Users/stevenlee/Downloads/BuckTest 3/.buckd/resources/ad23befe7c1a36c999860af0af69e726f1c8e423/buck-modules/ocaml.jar' with class loader 'org.pf4j.PluginClassLoader@56af838c'
[2019-04-26 00:18:21.768][debug][command:null][tid:14][org.pf4j.AbstractPluginManager] Creating wrapper for plugin '/Users/stevenlee/Downloads/BuckTest 3/.buckd/resources/ad23befe7c1a36c999860af0af69e726f1c8e423/buck-modules/ocaml.jar'
[2019-04-26 00:18:21.768][debug][command:null][tid:14][org.pf4j.AbstractPluginManager] Created wrapper 'PluginWrapper [descriptor=PluginDescriptor [pluginId=com.facebook.buck.features.ocaml, pluginClass=com.facebook.buck.features.ocaml.OcamlModuleAdapterPlugin, version=0.0.1, provider=null, dependencies=[], description=, requires=*, license=null], pluginPath=/Users/stevenlee/Downloads/BuckTest 3/.buckd/resources/ad23befe7c1a36c999860af0af69e726f1c8e423/buck-modules/ocaml.jar]' for plugin '/Users/stevenlee/Downloads/BuckTest 3/.buckd/resources/ad23befe7c1a36c999860af0af69e726f1c8e423/buck-modules/ocaml.jar'
[2019-04-26 00:18:21.769][debug][command:null][tid:14][org.pf4j.AbstractPluginManager] Use 'org.pf4j.CompoundPluginDescriptorFinder@6bc115d1' to find plugins descriptors
[2019-04-26 00:18:21.769][debug][command:null][tid:14][org.pf4j.AbstractPluginManager] Finding plugin descriptor for plugin '/Users/stevenlee/Downloads/BuckTest 3/.buckd/resources/ad23befe7c1a36c999860af0af69e726f1c8e423/buck-modules/dotnet.jar'
[2019-04-26 00:18:21.769][debug][command:null][tid:14][org.pf4j.CompoundPluginDescriptorFinder] 'org.pf4j.ManifestPluginDescriptorFinder@9604f63' is applicable for plugin '/Users/stevenlee/Downloads/BuckTest 3/.buckd/resources/ad23befe7c1a36c999860af0af69e726f1c8e423/buck-modules/dotnet.jar'
[2019-04-26 00:18:21.769][debug][command:null][tid:14][org.pf4j.AbstractPluginManager] Found descriptor PluginDescriptor [pluginId=com.facebook.buck.features.dotnet, pluginClass=com.facebook.buck.features.dotnet.DotnetModuleAdapterPlugin, version=0.0.1, provider=null, dependencies=[], description=, requires=*, license=null]
[2019-04-26 00:18:21.770][debug][command:null][tid:14][org.pf4j.AbstractPluginManager] Class 'com.facebook.buck.features.dotnet.DotnetModuleAdapterPlugin' for plugin '/Users/stevenlee/Downloads/BuckTest 3/.buckd/resources/ad23befe7c1a36c999860af0af69e726f1c8e423/buck-modules/dotnet.jar'
[2019-04-26 00:18:21.770][debug][command:null][tid:14][org.pf4j.AbstractPluginManager] Loading plugin '/Users/stevenlee/Downloads/BuckTest 3/.buckd/resources/ad23befe7c1a36c999860af0af69e726f1c8e423/buck-modules/dotnet.jar'
[2019-04-26 00:18:21.770][debug][command:null][tid:14][org.pf4j.PluginClassLoader] Add 'file:/Users/stevenlee/Downloads/BuckTest%203/.buckd/resources/ad23befe7c1a36c999860af0af69e726f1c8e423/buck-modules/dotnet.jar'
[2019-04-26 00:18:21.770][debug][command:null][tid:14][org.pf4j.AbstractPluginManager] Loaded plugin '/Users/stevenlee/Downloads/BuckTest 3/.buckd/resources/ad23befe7c1a36c999860af0af69e726f1c8e423/buck-modules/dotnet.jar' with class loader 'org.pf4j.PluginClassLoader@15832ddf'
[2019-04-26 00:18:21.770][debug][command:null][tid:14][org.pf4j.AbstractPluginManager] Creating wrapper for plugin '/Users/stevenlee/Downloads/BuckTest 3/.buckd/resources/ad23befe7c1a36c999860af0af69e726f1c8e423/buck-modules/dotnet.jar'
[2019-04-26 00:18:21.770][debug][command:null][tid:14][org.pf4j.AbstractPluginManager] Created wrapper 'PluginWrapper [descriptor=PluginDescriptor [pluginId=com.facebook.buck.features.dotnet, pluginClass=com.facebook.buck.features.dotnet.DotnetModuleAdapterPlugin, version=0.0.1, provider=null, dependencies=[], description=, requires=*, license=null], pluginPath=/Users/stevenlee/Downloads/BuckTest 3/.buckd/resources/ad23befe7c1a36c999860af0af69e726f1c8e423/buck-modules/dotnet.jar]' for plugin '/Users/stevenlee/Downloads/BuckTest 3/.buckd/resources/ad23befe7c1a36c999860af0af69e726f1c8e423/buck-modules/dotnet.jar'
[2019-04-26 00:18:21.771][debug][command:null][tid:14][org.pf4j.DependencyResolver] Graph: 
   com.facebook.buck.features.lua -> [com.facebook.buck.features.python]
   com.facebook.buck.features.go -> []
   com.facebook.buck.features.rust -> []
   com.facebook.buck.features.zip.rules -> [com.facebook.buck.features.filebundler]
   com.facebook.buck.features.js -> []
   com.facebook.buck.features.haskell -> []
   com.facebook.buck.features.dotnet -> []
   com.facebook.buck.features.ocaml -> []
   com.facebook.buck.features.apple.project -> [com.facebook.buck.features.halide, com.facebook.buck.features.js]
   com.facebook.buck.features.d -> []
   com.facebook.buck.features.filegroup -> [com.facebook.buck.features.filebundler]
   com.facebook.buck.features.gwt -> []
   com.facebook.buck.features.filebundler -> []
   com.facebook.buck.features.python -> []
   com.facebook.buck.features.project.intellij -> [com.facebook.buck.features.python]
   com.facebook.buck.features.halide -> []
[2019-04-26 00:18:21.772][debug][command:null][tid:14][org.pf4j.DependencyResolver] Plugins order: [com.facebook.buck.features.python, com.facebook.buck.features.lua, com.facebook.buck.features.go, com.facebook.buck.features.rust, com.facebook.buck.features.filebundler, com.facebook.buck.features.zip.rules, com.facebook.buck.features.haskell, com.facebook.buck.features.dotnet, com.facebook.buck.features.ocaml, com.facebook.buck.features.halide, com.facebook.buck.features.js, com.facebook.buck.features.apple.project, com.facebook.buck.features.d, com.facebook.buck.features.filegroup, com.facebook.buck.features.gwt, com.facebook.buck.features.project.intellij]
[2019-04-26 00:18:21.772][info ][command:null][tid:14][org.pf4j.AbstractPluginManager] Plugin 'com.facebook.buck.features.python@0.0.1' resolved
[2019-04-26 00:18:21.773][info ][command:null][tid:14][org.pf4j.AbstractPluginManager] Plugin 'com.facebook.buck.features.lua@0.0.1' resolved
[2019-04-26 00:18:21.773][info ][command:null][tid:14][org.pf4j.AbstractPluginManager] Plugin 'com.facebook.buck.features.go@0.0.1' resolved
[2019-04-26 00:18:21.773][info ][command:null][tid:14][org.pf4j.AbstractPluginManager] Plugin 'com.facebook.buck.features.rust@0.0.1' resolved
[2019-04-26 00:18:21.773][info ][command:null][tid:14][org.pf4j.AbstractPluginManager] Plugin 'com.facebook.buck.features.filebundler@0.0.1' resolved
[2019-04-26 00:18:21.773][info ][command:null][tid:14][org.pf4j.AbstractPluginManager] Plugin 'com.facebook.buck.features.zip.rules@0.0.1' resolved
[2019-04-26 00:18:21.773][info ][command:null][tid:14][org.pf4j.AbstractPluginManager] Plugin 'com.facebook.buck.features.haskell@0.0.1' resolved
[2019-04-26 00:18:21.773][info ][command:null][tid:14][org.pf4j.AbstractPluginManager] Plugin 'com.facebook.buck.features.dotnet@0.0.1' resolved
[2019-04-26 00:18:21.773][info ][command:null][tid:14][org.pf4j.AbstractPluginManager] Plugin 'com.facebook.buck.features.ocaml@0.0.1' resolved
[2019-04-26 00:18:21.773][info ][command:null][tid:14][org.pf4j.AbstractPluginManager] Plugin 'com.facebook.buck.features.halide@0.0.1' resolved
[2019-04-26 00:18:21.773][info ][command:null][tid:14][org.pf4j.AbstractPluginManager] Plugin 'com.facebook.buck.features.js@0.0.1' resolved
[2019-04-26 00:18:21.774][info ][command:null][tid:14][org.pf4j.AbstractPluginManager] Plugin 'com.facebook.buck.features.apple.project@0.0.1' resolved
[2019-04-26 00:18:21.774][info ][command:null][tid:14][org.pf4j.AbstractPluginManager] Plugin 'com.facebook.buck.features.d@0.0.1' resolved
[2019-04-26 00:18:21.774][info ][command:null][tid:14][org.pf4j.AbstractPluginManager] Plugin 'com.facebook.buck.features.filegroup@0.0.1' resolved
[2019-04-26 00:18:21.774][info ][command:null][tid:14][org.pf4j.AbstractPluginManager] Plugin 'com.facebook.buck.features.gwt@0.0.1' resolved
[2019-04-26 00:18:21.774][info ][command:null][tid:14][org.pf4j.AbstractPluginManager] Plugin 'com.facebook.buck.features.project.intellij@0.0.1' resolved
[2019-04-26 00:18:21.774][info ][command:null][tid:14][org.pf4j.AbstractPluginManager] Start plugin 'com.facebook.buck.features.python@0.0.1'
[2019-04-26 00:18:21.774][debug][command:null][tid:14][org.pf4j.DefaultExtensionFactory] Create instance for plugin 'com.facebook.buck.features.python.PythonModuleAdapterPlugin'
[2019-04-26 00:18:21.776][info ][command:null][tid:14][org.pf4j.AbstractPluginManager] Start plugin 'com.facebook.buck.features.lua@0.0.1'
[2019-04-26 00:18:21.776][debug][command:null][tid:14][org.pf4j.DefaultExtensionFactory] Create instance for plugin 'com.facebook.buck.features.lua.LuaModuleAdapterPlugin'
[2019-04-26 00:18:21.777][info ][command:null][tid:14][org.pf4j.AbstractPluginManager] Start plugin 'com.facebook.buck.features.go@0.0.1'
[2019-04-26 00:18:21.777][debug][command:null][tid:14][org.pf4j.DefaultExtensionFactory] Create instance for plugin 'com.facebook.buck.features.go.GoModuleAdapterPlugin'
[2019-04-26 00:18:21.777][info ][command:null][tid:14][org.pf4j.AbstractPluginManager] Start plugin 'com.facebook.buck.features.rust@0.0.1'
[2019-04-26 00:18:21.777][debug][command:null][tid:14][org.pf4j.DefaultExtensionFactory] Create instance for plugin 'com.facebook.buck.features.rust.RustModuleAdapterPlugin'
[2019-04-26 00:18:21.778][info ][command:null][tid:14][org.pf4j.AbstractPluginManager] Start plugin 'com.facebook.buck.features.filebundler@0.0.1'
[2019-04-26 00:18:21.778][debug][command:null][tid:14][org.pf4j.DefaultExtensionFactory] Create instance for plugin 'com.facebook.buck.features.filebundler.FileBundlerModuleAdapterPlugin'
[2019-04-26 00:18:21.779][info ][command:null][tid:14][org.pf4j.AbstractPluginManager] Start plugin 'com.facebook.buck.features.zip.rules@0.0.1'
[2019-04-26 00:18:21.779][debug][command:null][tid:14][org.pf4j.DefaultExtensionFactory] Create instance for plugin 'com.facebook.buck.features.zip.rules.ZipRulesModuleAdapterPlugin'
[2019-04-26 00:18:21.780][info ][command:null][tid:14][org.pf4j.AbstractPluginManager] Start plugin 'com.facebook.buck.features.haskell@0.0.1'
[2019-04-26 00:18:21.780][debug][command:null][tid:14][org.pf4j.DefaultExtensionFactory] Create instance for plugin 'com.facebook.buck.features.haskell.HaskellModuleAdapterPlugin'
[2019-04-26 00:18:21.781][info ][command:null][tid:14][org.pf4j.AbstractPluginManager] Start plugin 'com.facebook.buck.features.dotnet@0.0.1'
[2019-04-26 00:18:21.781][debug][command:null][tid:14][org.pf4j.DefaultExtensionFactory] Create instance for plugin 'com.facebook.buck.features.dotnet.DotnetModuleAdapterPlugin'
[2019-04-26 00:18:21.782][info ][command:null][tid:14][org.pf4j.AbstractPluginManager] Start plugin 'com.facebook.buck.features.ocaml@0.0.1'
[2019-04-26 00:18:21.782][debug][command:null][tid:14][org.pf4j.DefaultExtensionFactory] Create instance for plugin 'com.facebook.buck.features.ocaml.OcamlModuleAdapterPlugin'
[2019-04-26 00:18:21.783][info ][command:null][tid:14][org.pf4j.AbstractPluginManager] Start plugin 'com.facebook.buck.features.halide@0.0.1'
[2019-04-26 00:18:21.783][debug][command:null][tid:14][org.pf4j.DefaultExtensionFactory] Create instance for plugin 'com.facebook.buck.features.halide.HalideModuleAdapterPlugin'
[2019-04-26 00:18:21.783][info ][command:null][tid:14][org.pf4j.AbstractPluginManager] Start plugin 'com.facebook.buck.features.js@0.0.1'
[2019-04-26 00:18:21.783][debug][command:null][tid:14][org.pf4j.DefaultExtensionFactory] Create instance for plugin 'com.facebook.buck.features.js.JsModuleAdapterPlugin'
[2019-04-26 00:18:21.784][info ][command:null][tid:14][org.pf4j.AbstractPluginManager] Start plugin 'com.facebook.buck.features.apple.project@0.0.1'
[2019-04-26 00:18:21.784][debug][command:null][tid:14][org.pf4j.DefaultExtensionFactory] Create instance for plugin 'com.facebook.buck.features.apple.project.XCodeBuckModuleAdapterPlugin'
[2019-04-26 00:18:21.785][info ][command:null][tid:14][org.pf4j.AbstractPluginManager] Start plugin 'com.facebook.buck.features.d@0.0.1'
[2019-04-26 00:18:21.785][debug][command:null][tid:14][org.pf4j.DefaultExtensionFactory] Create instance for plugin 'com.facebook.buck.features.d.DModuleAdapterPlugin'
[2019-04-26 00:18:21.785][info ][command:null][tid:14][org.pf4j.AbstractPluginManager] Start plugin 'com.facebook.buck.features.filegroup@0.0.1'
[2019-04-26 00:18:21.786][debug][command:null][tid:14][org.pf4j.DefaultExtensionFactory] Create instance for plugin 'com.facebook.buck.features.filegroup.FilegroupModuleAdapterPlugin'
[2019-04-26 00:18:21.786][info ][command:null][tid:14][org.pf4j.AbstractPluginManager] Start plugin 'com.facebook.buck.features.gwt@0.0.1'
[2019-04-26 00:18:21.786][debug][command:null][tid:14][org.pf4j.DefaultExtensionFactory] Create instance for plugin 'com.facebook.buck.features.gwt.GwtBuckModuleAdapterPlugin'
[2019-04-26 00:18:21.787][info ][command:null][tid:14][org.pf4j.AbstractPluginManager] Start plugin 'com.facebook.buck.features.project.intellij@0.0.1'
[2019-04-26 00:18:21.787][debug][command:null][tid:14][org.pf4j.DefaultExtensionFactory] Create instance for plugin 'com.facebook.buck.features.project.intellij.IjBuckModuleAdapterPlugin'
[2019-04-26 00:18:21.860][debug][command:null][tid:14][com.facebook.buck.cli.Main] Rotating log.
[2019-04-26 00:18:21.866][debug][command:null][tid:14][com.facebook.buck.cli.Main] Starting up (build date 1970-01-01 07:29:59 +0730, rev ad23befe7c1a36c999860af0af69e726f1c8e423), args: [build, //BuckTest:BuckTest]
[2019-04-26 00:18:21.873][debug][command:null][tid:14][com.facebook.buck.cli.Main] System properties: {java.vendor=Oracle Corporation, sun.java.launcher=SUN_STANDARD, sun.management.compiler=HotSpot 64-Bit Tiered Compilers, jnidispatch.path=/Users/stevenlee/Downloads/BuckTest 3/.buckd/tmp/buck_run.5IfpZb/jna-1522160945/jna6451217184566470867.tmp, os.name=Mac OS X, buck.enable_objc=true, sun.boot.class.path=/Library/Java/JavaVirtualMachines/jdk1.8.0_201.jdk/Contents/Home/jre/lib/resources.jar:/Library/Java/JavaVirtualMachines/jdk1.8.0_201.jdk/Contents/Home/jre/lib/rt.jar:/Library/Java/JavaVirtualMachines/jdk1.8.0_201.jdk/Contents/Home/jre/lib/sunrsasign.jar:/Library/Java/JavaVirtualMachines/jdk1.8.0_201.jdk/Contents/Home/jre/lib/jsse.jar:/Library/Java/JavaVirtualMachines/jdk1.8.0_201.jdk/Contents/Home/jre/lib/jce.jar:/Library/Java/JavaVirtualMachines/jdk1.8.0_201.jdk/Contents/Home/jre/lib/charsets.jar:/Library/Java/JavaVirtualMachines/jdk1.8.0_201.jdk/Contents/Home/jre/lib/jfr.jar:/Library/Java/JavaVirtualMachines/jdk1.8.0_201.jdk/Contents/Home/jre/classes, user.country.format=SG, buck.module.resources=/Users/stevenlee/Downloads/BuckTest 3/.buckd/resources/ad23befe7c1a36c999860af0af69e726f1c8e423/buck-modules-resources, pf4j.pluginsDir=/Users/stevenlee/Downloads/BuckTest 3/.buckd/resources/ad23befe7c1a36c999860af0af69e726f1c8e423/buck-modules, buck.resource_lock_path=/Users/stevenlee/Downloads/BuckTest 3/.buckd/resources/ad23befe7c1a36c999860af0af69e726f1c8e423/.buck_lock, buck.path_to_isolated_trampoline=/Users/stevenlee/Downloads/BuckTest 3/.buckd/resources/ad23befe7c1a36c999860af0af69e726f1c8e423/path_to_isolated_trampoline, java.vm.specification.vendor=Oracle Corporation, java.runtime.version=1.8.0_201-b09, jna.loaded=true, buck.testrunner_classes=/Users/stevenlee/Downloads/BuckTest 3/.buckd/resources/ad23befe7c1a36c999860af0af69e726f1c8e423/testrunner_classes, buck.logging_config_file=/Users/stevenlee/Downloads/BuckTest 3/.buckd/resources/ad23befe7c1a36c999860af0af69e726f1c8e423/logging_config_file, buck.path_to_sh_binary_template=/Users/stevenlee/Downloads/BuckTest 3/.buckd/resources/ad23befe7c1a36c999860af0af69e726f1c8e423/path_to_sh_binary_template, user.name=stevenlee, com.facebook.nailgun.NGServer.outputPath=/Users/stevenlee/Downloads/BuckTest 3/.buckd/tmp/buck_run.5IfpZb/ngserver-out, buck.path_to_pywatchman=/Users/stevenlee/Downloads/BuckTest 3/.buckd/resources/ad23befe7c1a36c999860af0af69e726f1c8e423/path_to_pywatchman, buck.report_generator_jar=/Users/stevenlee/Downloads/BuckTest 3/.buckd/resources/ad23befe7c1a36c999860af0af69e726f1c8e423/report_generator_jar, buck.git_commit=ad23befe7c1a36c999860af0af69e726f1c8e423, user.language=en, sun.boot.library.path=/Library/Java/JavaVirtualMachines/jdk1.8.0_201.jdk/Contents/Home/jre/lib, jna.nosys=true, java.version=1.8.0_201, user.timezone=Asia/Singapore, buck.test_util_no_tests_dir=true, sun.arch.data.model=64, http.nonProxyHosts=local|*.local|169.254/16|*.169.254/16, java.endorsed.dirs=/Library/Java/JavaVirtualMachines/jdk1.8.0_201.jdk/Contents/Home/jre/lib/endorsed, sun.cpu.isalist=, sun.jnu.encoding=UTF-8, file.encoding.pkg=sun.io, file.separator=/, java.specification.name=Java Platform API Specification, buck.jacoco_agent_jar=/Users/stevenlee/Downloads/BuckTest 3/.buckd/resources/ad23befe7c1a36c999860af0af69e726f1c8e423/jacoco_agent_jar, java.class.version=52.0, user.country=GB, buck.binary_hash=dbcee53f32f7fa760cef191b77064a13, java.home=/Library/Java/JavaVirtualMachines/jdk1.8.0_201.jdk/Contents/Home/jre, buck.fix_script=/Users/stevenlee/Downloads/BuckTest 3/.buckd/resources/ad23befe7c1a36c999860af0af69e726f1c8e423/fix_script, java.vm.info=mixed mode, os.version=10.14.4, buck.version_uid=ad23befe7c1a36c999860af0af69e726f1c8e423, org.eclipse.jetty.util.log.class=org.eclipse.jetty.util.log.JavaUtilLog, path.separator=:, java.vm.version=25.201-b09, java.awt.printerjob=sun.lwawt.macosx.CPrinterJob, sun.io.unicode.encoding=UnicodeBig, awt.toolkit=sun.lwawt.macosx.LWCToolkit, buck.mode=package, buck.buck_build_type_info=/Users/stevenlee/Downloads/BuckTest 3/.buckd/resources/ad23befe7c1a36c999860af0af69e726f1c8e423/buck_build_type_info, socksNonProxyHosts=local|*.local|169.254/16|*.169.254/16, ftp.nonProxyHosts=local|*.local|169.254/16|*.169.254/16, buck.dx=/Users/stevenlee/Downloads/BuckTest 3/.buckd/resources/ad23befe7c1a36c999860af0af69e726f1c8e423/dx, buck.git_commit_timestamp=-1, user.home=/Users/stevenlee, java.specification.vendor=Oracle Corporation, buck.git_dirty=0, java.library.path=/Users/stevenlee/Downloads/BuckTest 3/.buckd/resources/ad23befe7c1a36c999860af0af69e726f1c8e423, java.vendor.url=http://java.oracle.com/, java.vm.vendor=Oracle Corporation, gopherProxySet=false, java.runtime.name=Java(TM) SE Runtime Environment, sun.java.command=com.facebook.buck.cli.bootstrapper.ClassLoaderBootstrapper com.facebook.buck.cli.Main$DaemonBootstrap local:.buckd/sock 180000, java.class.path=/Users/stevenlee/Downloads/BuckTest 3/.buckd/resources/ad23befe7c1a36c999860af0af69e726f1c8e423/bootstrapper_jar, buck.buckd_dir=/Users/stevenlee/Downloads/BuckTest 3/.buckd, buck.path_to_pathlib_py=/Users/stevenlee/Downloads/BuckTest 3/.buckd/resources/ad23befe7c1a36c999860af0af69e726f1c8e423/pathlib.py, buck.buckd_launch_time_nanos=413527456058264, java.vm.specification.name=Java Virtual Machine Specification, java.vm.specification.version=1.8, sun.cpu.endian=little, sun.os.patch.level=unknown, java.awt.headless=true, java.io.tmpdir=/Users/stevenlee/Downloads/BuckTest 3/.buckd/tmp/buck_run.5IfpZb, buck.android_agent_path=/Users/stevenlee/Downloads/BuckTest 3/.buckd/resources/ad23befe7c1a36c999860af0af69e726f1c8e423/android_agent_path, java.vendor.url.bug=http://bugreport.sun.com/bugreport/, buck.path_to_python_dsl=, jna.platform.library.path=/usr/lib:/usr/lib, os.arch=x86_64, java.awt.graphicsenv=sun.awt.CGraphicsEnvironment, java.ext.dirs=/Users/stevenlee/Library/Java/Extensions:/Library/Java/JavaVirtualMachines/jdk1.8.0_201.jdk/Contents/Home/jre/lib/ext:/Library/Java/Extensions:/Network/Library/Java/Extensions:/System/Library/Java/Extensions:/usr/lib/java, java.util.logging.config.class=com.facebook.buck.cli.bootstrapper.LogConfig, buck.path_to_six_py=/Users/stevenlee/Downloads/BuckTest 3/.buckd/resources/ad23befe7c1a36c999860af0af69e726f1c8e423/six.py, user.dir=/Users/stevenlee/Downloads/BuckTest 3, java.nio.file.spi.DefaultFileSystemProvider=com.facebook.buck.cli.bootstrapper.filesystem.BuckFileSystemProvider, line.separator=
, java.vm.name=Java HotSpot(TM) 64-Bit Server VM, buck.path_to_typing=/Users/stevenlee/Downloads/BuckTest 3/.buckd/resources/ad23befe7c1a36c999860af0af69e726f1c8e423/path_to_typing, buck.native_exopackage_fake_path=/Users/stevenlee/Downloads/BuckTest 3/.buckd/resources/ad23befe7c1a36c999860af0af69e726f1c8e423/native_exopackage_fake_path, file.encoding=UTF-8, java.specification.version=1.8}
[2019-04-26 00:18:21.901][debug][command:null][tid:14][com.facebook.buck.util.config.Configs] Loading configuration for /Users/stevenlee/Downloads/BuckTest 3
[2019-04-26 00:18:21.903][debug][command:null][tid:14][com.facebook.buck.util.config.Configs] Loaded project configuration file /Users/stevenlee/Downloads/BuckTest 3/.buckconfig
[2019-04-26 00:18:21.903][debug][command:null][tid:14][com.facebook.buck.util.config.Configs] Adding configuration overrides RawConfig{values={}}
[2019-04-26 00:18:21.969][info ][command:null][tid:14][com.facebook.buck.io.watchman.WatchmanFactory] Creating for: [/Users/stevenlee/Downloads/BuckTest 3]
[2019-04-26 00:18:21.986][debug][command:null][tid:14][com.facebook.buck.io.ExecutableFinder] Executable 'watchman' mapped to 'Optional[/usr/local/bin/watchman]'
[2019-04-26 00:18:21.988][debug][command:null][tid:14][com.facebook.buck.util.ListeningProcessExecutor] Launching process with params ProcessExecutorParams{command=[/usr/local/bin/watchman, --output-encoding=bser, get-sockname]}
[2019-04-26 00:18:22.027][debug][command:null][tid:14][com.facebook.buck.util.ListeningProcessExecutor] Successfully launched process com.zaxxer.nuprocess.osx.OsxProcess@6d15601f
[2019-04-26 00:18:22.027][debug][command:null][tid:14][com.facebook.buck.util.ListeningProcessExecutor] Waiting for process com.facebook.buck.util.ListeningProcessExecutor$LaunchedProcessImpl@25812cbc timeout 1000000000 NANOSECONDS
[2019-04-26 00:18:22.043][debug][command:null][tid:14][com.facebook.buck.util.ListeningProcessExecutor] Wait for process returned 0
[2019-04-26 00:18:22.044][debug][command:null][tid:14][com.facebook.buck.io.watchman.WatchmanFactory] Waited 15 ms for Watchman command get-sockname, exit code 0
[2019-04-26 00:18:22.048][debug][command:null][tid:14][com.facebook.buck.io.watchman.WatchmanFactory] stdout of command: {sockname=/usr/local/var/run/watchman/stevenlee-state/sock, version=4.9.0}
[2019-04-26 00:18:22.049][info ][command:null][tid:14][com.facebook.buck.io.watchman.WatchmanFactory] Connecting to Watchman version 4.9.0 at /usr/local/var/run/watchman/stevenlee-state/sock
[2019-04-26 00:18:22.065][debug][command:null][tid:14][com.facebook.buck.io.watchman.WatchmanTransportClient] Query [version, {required=[cmd-watch-project], optional=[term-dirname, cmd-watch-project, wildmatch, wildmatch_multislash, glob_generator, clock-sync-timeout]}] returned in 1 ms
[2019-04-26 00:18:22.065][info ][command:null][tid:14][com.facebook.buck.io.watchman.WatchmanFactory] Took 4 ms to query capabilities {term-dirname=DIRNAME, cmd-watch-project=SUPPORTS_PROJECT_WATCH, wildmatch=WILDMATCH_GLOB, wildmatch_multislash=WILDMATCH_MULTISLASH, glob_generator=GLOB_GENERATOR, clock-sync-timeout=CLOCK_SYNC_TIMEOUT}
[2019-04-26 00:18:22.066][debug][command:null][tid:14][com.facebook.buck.io.watchman.WatchmanFactory] Got capabilities response: {clock-sync-timeout=true, glob_generator=true, wildmatch_multislash=false, cmd-watch-project=true, wildmatch=true, term-dirname=true}
[2019-04-26 00:18:22.066][debug][command:null][tid:14][com.facebook.buck.io.watchman.WatchmanFactory] Got Watchman capabilities: [CLOCK_SYNC_TIMEOUT, GLOB_GENERATOR, SUPPORTS_PROJECT_WATCH, WILDMATCH_GLOB, DIRNAME]
[2019-04-26 00:18:22.066][info ][command:null][tid:14][com.facebook.buck.io.watchman.WatchmanFactory] Adding watchman root: /Users/stevenlee/Downloads/BuckTest 3
[2019-04-26 00:18:22.066][debug][command:null][tid:14][com.facebook.buck.io.watchman.WatchmanTransportClient] Query [watch-project, /Users/stevenlee/Downloads/BuckTest 3] returned in 0 ms
[2019-04-26 00:18:22.067][debug][command:null][tid:14][com.facebook.buck.io.watchman.WatchmanTransportClient] Query [watch-project, /Users/stevenlee/Downloads/BuckTest 3] returned in 0 ms
[2019-04-26 00:18:22.067][info ][command:null][tid:14][com.facebook.buck.io.watchman.WatchmanFactory] Took 1 ms to add root /Users/stevenlee/Downloads/BuckTest 3
[2019-04-26 00:18:22.082][debug][command:null][tid:14][com.facebook.buck.io.watchman.WatchmanTransportClient] Query [clock, /Users/stevenlee/Downloads/BuckTest 3, {sync_timeout=100}] returned in 12 ms
[2019-04-26 00:18:22.082][info ][command:null][tid:14][com.facebook.buck.io.watchman.WatchmanFactory] Took 13 ms to query for initial clock id Optional[c:1555333328:392:1:12205]
[2019-04-26 00:18:22.083][debug][command:null][tid:14][com.facebook.buck.io.watchman.WatchmanFactory] Connected to Watchman
[2019-04-26 00:18:22.083][debug][command:null][tid:14][com.facebook.buck.io.watchman.WatchmanTransportClient] Closing Watchman transport.
[2019-04-26 00:18:22.085][debug][command:null][tid:14][com.facebook.buck.cli.Main] Watchman capabilities: [CLOCK_SYNC_TIMEOUT, GLOB_GENERATOR, SUPPORTS_PROJECT_WATCH, WILDMATCH_GLOB, DIRNAME] Project watches: {/Users/stevenlee/Downloads/BuckTest 3=ProjectWatch{watchRoot=/Users/stevenlee/Downloads/BuckTest 3}} Glob handler config: PYTHON Query timeout ms config: Optional.empty
[2019-04-26 00:18:22.101][warn ][command:null][tid:14][com.facebook.buck.core.plugin.impl.DefaultBuckPluginManager] Time to load instances of interface com.facebook.buck.core.rules.config.ConfigurationRuleDescriptionProvider: 15
[2019-04-26 00:18:22.127][warn ][command:null][tid:14][com.facebook.buck.core.plugin.impl.DefaultBuckPluginManager] Time to load instances of interface com.facebook.buck.core.toolchain.ToolchainSupplier: 18
[2019-04-26 00:18:22.148][warn ][command:null][tid:14][com.facebook.buck.core.plugin.impl.DefaultBuckPluginManager] Time to load instances of interface com.facebook.buck.event.listener.devspeed.DevspeedTelemetryPlugin: 1
[2019-04-26 00:18:22.148][debug][command:null][tid:14][com.facebook.buck.cli.DaemonLifecycleManager] Starting up daemon for project root [/Users/stevenlee/Downloads/BuckTest 3]
[2019-04-26 00:18:22.345][warn ][command:null][tid:14][com.facebook.buck.cli.Daemon] Can't start web server
[2019-04-26 00:18:22.346][debug][command:null][tid:14][com.facebook.buck.cli.Daemon] Using Watchman Cursor: {/Users/stevenlee/Downloads/BuckTest 3=c:1555333328:392:1:12205}
